---- [05/06/2023 18:18:28] Obteniendo todos los torneos pendientes a generar ----
---- [05/06/2023 18:18:29] Obteniendo todas las ligas pendientes a generar ----
---- [05/06/2023 18:18:29] Creado el hilo encargado de las tareas ----
---- [05/06/2023 18:18:29] Iniciado el hilo encargado de las tareas ----
No hay tareas en la cola. Esperando inserccion...
---- [05/06/2023 18:18:29] SERVIDOR INICIADO ----
---- [05/06/2023 18:21:13] Obteniendo todos los torneos pendientes a generar ----
---- [05/06/2023 18:21:13] Obteniendo todas las ligas pendientes a generar ----
---- [05/06/2023 18:21:13] Creado el hilo encargado de las tareas ----
---- [05/06/2023 18:21:13] Iniciado el hilo encargado de las tareas ----
Iniciando la tarea: GENERATE-FIGHT-TOURNAMENTS;25
---- [05/06/2023 18:21:13] SERVIDOR INICIADO ----
[05/06/2023 18:21:13] GENERATE-FIGHT-TOURNAMENTS;25: GENERANDO ENFRENTAMIENTO DEL TORNEO
[05/06/2023 18:21:13] GENERATE-FIGHT-TOURNAMENTS;25: EL ESTADO DEL TORNEO ES ESPERANDO
[05/06/2023 18:21:13] GENERATE-FIGHT-TOURNAMENTS;25: COMPROBANDO QUE CUMPLE LOS MINIMOS INSCRITOS
[05/06/2023 18:21:13] GENERATE-FIGHT-TOURNAMENTS;25: EL TORNEO NO HA OBTENIDO LAS INSCRIPCCIONES SUFICIENTES
[05/06/2023 18:21:13] GENERATE-FIGHT-TOURNAMENTS;25: FINALIZADA LA GENRACION DE ENFRENTAMIENTOS

Iniciando la tarea: GENERATE-FIGHT-TOURNAMENTS;26
[05/06/2023 18:21:13] GENERATE-FIGHT-TOURNAMENTS;26: GENERANDO ENFRENTAMIENTO DEL TORNEO
[05/06/2023 18:21:13] GENERATE-FIGHT-TOURNAMENTS;26: EL ESTADO DEL TORNEO ES ESPERANDO
[05/06/2023 18:21:13] GENERATE-FIGHT-TOURNAMENTS;26: COMPROBANDO QUE CUMPLE LOS MINIMOS INSCRITOS
[05/06/2023 18:21:13] GENERATE-FIGHT-TOURNAMENTS;26: EL TORNEO NO HA OBTENIDO LAS INSCRIPCCIONES SUFICIENTES
[05/06/2023 18:21:13] GENERATE-FIGHT-TOURNAMENTS;26: FINALIZADA LA GENRACION DE ENFRENTAMIENTOS

Iniciando la tarea: GENERATE-FIGHT-LEAGUES;10
[05/06/2023 18:21:13] GENERATE-FIGHT-LEAGUES;10: GENERANDO ENFRENTAMIENTO DE LA LIGA
[05/06/2023 18:21:13] GENERATE-FIGHT-LEAGUES;10: EL ESTADO DE LA LIGA ES ESPERANDO
[05/06/2023 18:21:13] GENERATE-FIGHT-LEAGUES;10: COMPROBANDO QUE CUMPLE LOS MINIMOS INSCRITOS
[05/06/2023 18:21:13] GENERATE-FIGHT-LEAGUES;10: LA LIGA NO HA OBTENIDO LAS INSCRIPCCIONES SUFICIENTES
[05/06/2023 18:21:13] GENERATE-FIGHT-LEAGUES;10: FINALIZADA LA GENRACION DE ENFRENTAMIENTOS

Esperando 279526 segundos hasta la próxima tarea en: 2023-06-09T00:00
[05/06/2023 18:23:36] Se ha conectado un cliente
[05/06/2023 18:23:39] 0-:CLI-LOGIN;x;1;USUARIO
[05/06/2023 18:23:39] 14-x:SEV-LOGIN-OK-USER;14;x
[05/06/2023 18:23:40] 14-x:CLI-GAMES-USER
[05/06/2023 18:23:40] 14-x:SEV-GAMES-USER-OK;36.625305172189016,-6.3505710661411285!2023-05-24!12:00!2023-05-22!05:00!5.6!Futbol 11!Esperando Jugadores!22!3!1;
[05/06/2023 18:23:43] 14-x:CLI-GAMES-AVAILABLE;36.6291411,-6.3701536;10
[05/06/2023 18:23:43] 14-x:SEV-GAMES-AVAILABLE-OK;36.625305172189016,-6.3505710661411285!2023-05-24!12:00!2023-05-22!05:00!5.6!Futbol 11!Esperando Jugadores!22!3!1;
[05/06/2023 18:23:43] 14-x:CLI-GAMES-AVAILABLE;36.6291411,-6.3701536;10
[05/06/2023 18:23:43] 14-x:SEV-GAMES-AVAILABLE-OK;36.625305172189016,-6.3505710661411285!2023-05-24!12:00!2023-05-22!05:00!5.6!Futbol 11!Esperando Jugadores!22!3!1;
[05/06/2023 18:23:45] 14-x:CLI-GAMES-AVAILABLE;36.6291411,-6.3701536;25
[05/06/2023 18:23:45] 14-x:SEV-GAMES-AVAILABLE-OK;36.625305172189016,-6.3505710661411285!2023-05-24!12:00!2023-05-22!05:00!5.6!Futbol 11!Esperando Jugadores!22!3!1;
[05/06/2023 18:23:50] 14-x:CLI-GAMES-AVAILABLE;36.6290732,-6.3702331;50
[05/06/2023 18:23:50] 14-x:SEV-GAMES-AVAILABLE-OK;36.625305172189016,-6.3505710661411285!2023-05-24!12:00!2023-05-22!05:00!5.6!Futbol 11!Esperando Jugadores!22!3!1;
[05/06/2023 18:23:51] 14-x:CLI-GAMES-AVAILABLE;36.6290732,-6.3702331;100
[05/06/2023 18:23:51] 14-x:SEV-GAMES-AVAILABLE-OK;36.625305172189016,-6.3505710661411285!2023-05-24!12:00!2023-05-22!05:00!5.6!Futbol 11!Esperando Jugadores!22!3!1;
[05/06/2023 18:23:51] 14-x:CLI-GAMES-AVAILABLE;36.6290732,-6.3702331;-1
[05/06/2023 18:23:51] 14-x:SEV-GAMES-AVAILABLE-OK;36.625305172189016,-6.3505710661411285!2023-05-24!12:00!2023-05-22!05:00!5.6!Futbol 11!Esperando Jugadores!22!3!1;
[05/06/2023 18:23:52] 14-x:CLI-LIGUES-USER
[05/06/2023 18:23:52] 14-x:SEV-LIGUES-USER-OK;2!Jere!36.6816936,-6.1377402!12.0!5!3!02:00!2023-04-12!06:00!2023-03-29!Futbol 11!12!12!04:00!07:00!Jugandose!4;7!Ademas!36.7761393,-6.3534794!3.0!4!2!00:00!2023-06-11!00:00!2023-06-09!Voleibol Playa!5!10!00:00!00:00!Esperando Jugadores!1;9!gratis!36.6228636,-6.3599595!0.0!4!2!00:00!2023-06-02!00:00!2023-06-10!Voleibol Playa!2!2!00:00!00:00!Esperando Jugadores!1;
[05/06/2023 18:23:55] 14-x:CLI-LIGUES-AVAILABLE;36.6290732,-6.3702331;10
[05/06/2023 18:23:55] 14-x:SEV-LIGUES-AVAILABLE-OK;8!Gratis!36.6228636,-6.3599595!0.0!4!2!00:00!2023-06-01!00:00!2023-06-09!Futbol 11!2!2!00:00!00:00!Esperando Jugadores!0;9!gratis!36.6228636,-6.3599595!0.0!4!2!00:00!2023-06-02!00:00!2023-06-10!Voleibol Playa!2!2!00:00!00:00!Esperando Jugadores!1;
[05/06/2023 18:23:55] 14-x:CLI-LIGUES-AVAILABLE;36.6290732,-6.3702331;10
[05/06/2023 18:23:55] 14-x:SEV-LIGUES-AVAILABLE-OK;8!Gratis!36.6228636,-6.3599595!0.0!4!2!00:00!2023-06-01!00:00!2023-06-09!Futbol 11!2!2!00:00!00:00!Esperando Jugadores!0;9!gratis!36.6228636,-6.3599595!0.0!4!2!00:00!2023-06-02!00:00!2023-06-10!Voleibol Playa!2!2!00:00!00:00!Esperando Jugadores!1;
[05/06/2023 18:24:01] 14-x:CLI-LIGUES-AVAILABLE;36.6290732,-6.3702331;100
[05/06/2023 18:24:01] 14-x:SEV-LIGUES-AVAILABLE-OK;8!Gratis!36.6228636,-6.3599595!0.0!4!2!00:00!2023-06-01!00:00!2023-06-09!Futbol 11!2!2!00:00!00:00!Esperando Jugadores!0;9!gratis!36.6228636,-6.3599595!0.0!4!2!00:00!2023-06-02!00:00!2023-06-10!Voleibol Playa!2!2!00:00!00:00!Esperando Jugadores!1;6!Liguilla!36.7355451,-6.4348221!2.0!4!2!00:00!2023-06-11!00:00!2023-06-09!Voleibol!7!10!00:00!04:00!Esperando Jugadores!0;7!Ademas!36.7761393,-6.3534794!3.0!4!2!00:00!2023-06-11!00:00!2023-06-09!Voleibol Playa!5!10!00:00!00:00!Esperando Jugadores!1;
[05/06/2023 18:24:03] 14-x:CLI-LIGUES-AVAILABLE;36.6290732,-6.3702331;25
[05/06/2023 18:24:03] 14-x:SEV-LIGUES-AVAILABLE-OK;8!Gratis!36.6228636,-6.3599595!0.0!4!2!00:00!2023-06-01!00:00!2023-06-09!Futbol 11!2!2!00:00!00:00!Esperando Jugadores!0;9!gratis!36.6228636,-6.3599595!0.0!4!2!00:00!2023-06-02!00:00!2023-06-10!Voleibol Playa!2!2!00:00!00:00!Esperando Jugadores!1;6!Liguilla!36.7355451,-6.4348221!2.0!4!2!00:00!2023-06-11!00:00!2023-06-09!Voleibol!7!10!00:00!04:00!Esperando Jugadores!0;7!Ademas!36.7761393,-6.3534794!3.0!4!2!00:00!2023-06-11!00:00!2023-06-09!Voleibol Playa!5!10!00:00!00:00!Esperando Jugadores!1;
[05/06/2023 18:24:06] 14-x:CLI-LIGUES-AVAILABLE;36.6290732,-6.3702331;10
[05/06/2023 18:24:06] 14-x:SEV-LIGUES-AVAILABLE-OK;8!Gratis!36.6228636,-6.3599595!0.0!4!2!00:00!2023-06-01!00:00!2023-06-09!Futbol 11!2!2!00:00!00:00!Esperando Jugadores!0;9!gratis!36.6228636,-6.3599595!0.0!4!2!00:00!2023-06-02!00:00!2023-06-10!Voleibol Playa!2!2!00:00!00:00!Esperando Jugadores!1;
[05/06/2023 18:24:08] 14-x:CLI-LIGUES-AVAILABLE;36.6290732,-6.3702331;25
[05/06/2023 18:24:08] 14-x:SEV-LIGUES-AVAILABLE-OK;8!Gratis!36.6228636,-6.3599595!0.0!4!2!00:00!2023-06-01!00:00!2023-06-09!Futbol 11!2!2!00:00!00:00!Esperando Jugadores!0;9!gratis!36.6228636,-6.3599595!0.0!4!2!00:00!2023-06-02!00:00!2023-06-10!Voleibol Playa!2!2!00:00!00:00!Esperando Jugadores!1;6!Liguilla!36.7355451,-6.4348221!2.0!4!2!00:00!2023-06-11!00:00!2023-06-09!Voleibol!7!10!00:00!04:00!Esperando Jugadores!0;7!Ademas!36.7761393,-6.3534794!3.0!4!2!00:00!2023-06-11!00:00!2023-06-09!Voleibol Playa!5!10!00:00!00:00!Esperando Jugadores!1;
[05/06/2023 18:24:08] 14-x:CLI-LIGUES-AVAILABLE;36.6290732,-6.3702331;50
[05/06/2023 18:24:09] 14-x:SEV-LIGUES-AVAILABLE-OK;8!Gratis!36.6228636,-6.3599595!0.0!4!2!00:00!2023-06-01!00:00!2023-06-09!Futbol 11!2!2!00:00!00:00!Esperando Jugadores!0;9!gratis!36.6228636,-6.3599595!0.0!4!2!00:00!2023-06-02!00:00!2023-06-10!Voleibol Playa!2!2!00:00!00:00!Esperando Jugadores!1;6!Liguilla!36.7355451,-6.4348221!2.0!4!2!00:00!2023-06-11!00:00!2023-06-09!Voleibol!7!10!00:00!04:00!Esperando Jugadores!0;7!Ademas!36.7761393,-6.3534794!3.0!4!2!00:00!2023-06-11!00:00!2023-06-09!Voleibol Playa!5!10!00:00!00:00!Esperando Jugadores!1;
[05/06/2023 18:24:10] 14-x:CLI-LIGUES-AVAILABLE;36.6290707,-6.3702389;100
[05/06/2023 18:24:10] 14-x:SEV-LIGUES-AVAILABLE-OK;8!Gratis!36.6228636,-6.3599595!0.0!4!2!00:00!2023-06-01!00:00!2023-06-09!Futbol 11!2!2!00:00!00:00!Esperando Jugadores!0;9!gratis!36.6228636,-6.3599595!0.0!4!2!00:00!2023-06-02!00:00!2023-06-10!Voleibol Playa!2!2!00:00!00:00!Esperando Jugadores!1;6!Liguilla!36.7355451,-6.4348221!2.0!4!2!00:00!2023-06-11!00:00!2023-06-09!Voleibol!7!10!00:00!04:00!Esperando Jugadores!0;7!Ademas!36.7761393,-6.3534794!3.0!4!2!00:00!2023-06-11!00:00!2023-06-09!Voleibol Playa!5!10!00:00!00:00!Esperando Jugadores!1;
[05/06/2023 18:24:12] 14-x:CLI-LIGUES-AVAILABLE;36.6290707,-6.3702389;-1
[05/06/2023 18:24:12] 14-x:SEV-LIGUES-AVAILABLE-OK;8!Gratis!36.6228636,-6.3599595!0.0!4!2!00:00!2023-06-01!00:00!2023-06-09!Futbol 11!2!2!00:00!00:00!Esperando Jugadores!0;9!gratis!36.6228636,-6.3599595!0.0!4!2!00:00!2023-06-02!00:00!2023-06-10!Voleibol Playa!2!2!00:00!00:00!Esperando Jugadores!1;6!Liguilla!36.7355451,-6.4348221!2.0!4!2!00:00!2023-06-11!00:00!2023-06-09!Voleibol!7!10!00:00!04:00!Esperando Jugadores!0;7!Ademas!36.7761393,-6.3534794!3.0!4!2!00:00!2023-06-11!00:00!2023-06-09!Voleibol Playa!5!10!00:00!00:00!Esperando Jugadores!1;
[05/06/2023 18:24:14] 14-x:CLI-LIGUES-AVAILABLE;36.6290707,-6.3702389;100
[05/06/2023 18:24:14] 14-x:SEV-LIGUES-AVAILABLE-OK;8!Gratis!36.6228636,-6.3599595!0.0!4!2!00:00!2023-06-01!00:00!2023-06-09!Futbol 11!2!2!00:00!00:00!Esperando Jugadores!0;9!gratis!36.6228636,-6.3599595!0.0!4!2!00:00!2023-06-02!00:00!2023-06-10!Voleibol Playa!2!2!00:00!00:00!Esperando Jugadores!1;6!Liguilla!36.7355451,-6.4348221!2.0!4!2!00:00!2023-06-11!00:00!2023-06-09!Voleibol!7!10!00:00!04:00!Esperando Jugadores!0;7!Ademas!36.7761393,-6.3534794!3.0!4!2!00:00!2023-06-11!00:00!2023-06-09!Voleibol Playa!5!10!00:00!00:00!Esperando Jugadores!1;
[05/06/2023 18:24:21] 14-x:CLI-LIGUES-AVAILABLE;36.6290707,-6.3702389;5
[05/06/2023 18:24:21] 14-x:SEV-LIGUES-AVAILABLE-OK;8!Gratis!36.6228636,-6.3599595!0.0!4!2!00:00!2023-06-01!00:00!2023-06-09!Futbol 11!2!2!00:00!00:00!Esperando Jugadores!0;9!gratis!36.6228636,-6.3599595!0.0!4!2!00:00!2023-06-02!00:00!2023-06-10!Voleibol Playa!2!2!00:00!00:00!Esperando Jugadores!1;
[05/06/2023 18:24:21] 14-x:CLI-LIGUES-AVAILABLE;36.6290677,-6.3702424;10
[05/06/2023 18:24:22] 14-x:SEV-LIGUES-AVAILABLE-OK;8!Gratis!36.6228636,-6.3599595!0.0!4!2!00:00!2023-06-01!00:00!2023-06-09!Futbol 11!2!2!00:00!00:00!Esperando Jugadores!0;9!gratis!36.6228636,-6.3599595!0.0!4!2!00:00!2023-06-02!00:00!2023-06-10!Voleibol Playa!2!2!00:00!00:00!Esperando Jugadores!1;
[05/06/2023 18:24:22] 14-x:CLI-LIGUES-AVAILABLE;36.6290677,-6.3702424;25
[05/06/2023 18:24:22] 14-x:SEV-LIGUES-AVAILABLE-OK;8!Gratis!36.6228636,-6.3599595!0.0!4!2!00:00!2023-06-01!00:00!2023-06-09!Futbol 11!2!2!00:00!00:00!Esperando Jugadores!0;9!gratis!36.6228636,-6.3599595!0.0!4!2!00:00!2023-06-02!00:00!2023-06-10!Voleibol Playa!2!2!00:00!00:00!Esperando Jugadores!1;6!Liguilla!36.7355451,-6.4348221!2.0!4!2!00:00!2023-06-11!00:00!2023-06-09!Voleibol!7!10!00:00!04:00!Esperando Jugadores!0;7!Ademas!36.7761393,-6.3534794!3.0!4!2!00:00!2023-06-11!00:00!2023-06-09!Voleibol Playa!5!10!00:00!00:00!Esperando Jugadores!1;
[05/06/2023 18:24:23] 14-x:CLI-LIGUES-AVAILABLE;36.6290677,-6.3702424;50
[05/06/2023 18:24:23] 14-x:SEV-LIGUES-AVAILABLE-OK;8!Gratis!36.6228636,-6.3599595!0.0!4!2!00:00!2023-06-01!00:00!2023-06-09!Futbol 11!2!2!00:00!00:00!Esperando Jugadores!0;9!gratis!36.6228636,-6.3599595!0.0!4!2!00:00!2023-06-02!00:00!2023-06-10!Voleibol Playa!2!2!00:00!00:00!Esperando Jugadores!1;6!Liguilla!36.7355451,-6.4348221!2.0!4!2!00:00!2023-06-11!00:00!2023-06-09!Voleibol!7!10!00:00!04:00!Esperando Jugadores!0;7!Ademas!36.7761393,-6.3534794!3.0!4!2!00:00!2023-06-11!00:00!2023-06-09!Voleibol Playa!5!10!00:00!00:00!Esperando Jugadores!1;
[05/06/2023 18:24:25] 14-x:CLI-TOURNAMENTS-USER
[05/06/2023 18:24:25] 14-x:SEV-TOURNAMENTS-USER-OK;Prueba!36.4210849486101,-6.13348387670698!15.0!4!2!15:00!2023-04-04!15:00!2023-04-19!Futbol 11!Jugandose!4!1;x!36.6228636,-6.3599595!0.0!4!2!00:00!2023-06-11!00:00!2023-06-11!Voleibol Playa!Esperando Jugadores!2!10;x!36.6228636,-6.3599595!0.0!4!2!00:00!2023-06-11!00:00!2023-06-11!Voleibol Playa!Esperando Jugadores!2!10;Pachangeo !36.6816936,-6.1377402!5.0!4!3!00:00!2023-06-30!00:00!2023-06-09!Voleibol Playa!Esperando Jugadores!1!23;Rota!36.6228636,-6.3599595!0.0!4!3!00:00!2023-06-01!00:00!2023-06-11!Voleibol Playa!Esperando Jugadores!1!24;
[05/06/2023 18:24:27] 14-x:CLI-TOURNAMENTS-AVAILABLE;36.6290677,-6.3702424;10
[05/06/2023 18:24:27] 14-x:SEV-TOURNAMENTS-AVAILABLE-OK;x!36.6228636,-6.3599595!0.0!4!2!00:00!2023-06-11!00:00!2023-06-11!Voleibol Playa!Esperando Jugadores!2!10;Rota!36.6228636,-6.3599595!0.0!4!3!00:00!2023-06-01!00:00!2023-06-11!Voleibol Playa!Esperando Jugadores!1!24;
[05/06/2023 18:24:27] 14-x:CLI-TOURNAMENTS-AVAILABLE;36.6290677,-6.3702424;10
[05/06/2023 18:24:27] 14-x:SEV-TOURNAMENTS-AVAILABLE-OK;x!36.6228636,-6.3599595!0.0!4!2!00:00!2023-06-11!00:00!2023-06-11!Voleibol Playa!Esperando Jugadores!2!10;Rota!36.6228636,-6.3599595!0.0!4!3!00:00!2023-06-01!00:00!2023-06-11!Voleibol Playa!Esperando Jugadores!1!24;
[05/06/2023 18:24:30] 14-x:CLI-TOURNAMENTS-AVAILABLE;36.6290677,-6.3702424;25
[05/06/2023 18:24:30] 14-x:SEV-TOURNAMENTS-AVAILABLE-OK;x!36.6228636,-6.3599595!0.0!4!2!00:00!2023-06-11!00:00!2023-06-11!Voleibol Playa!Esperando Jugadores!2!10;Rota!36.6228636,-6.3599595!0.0!4!3!00:00!2023-06-01!00:00!2023-06-11!Voleibol Playa!Esperando Jugadores!1!24;Pachangeo !36.6816936,-6.1377402!5.0!4!3!00:00!2023-06-30!00:00!2023-06-09!Voleibol Playa!Esperando Jugadores!1!23;
[05/06/2023 18:24:30] 14-x:CLI-TOURNAMENTS-AVAILABLE;36.6290677,-6.3702424;50
[05/06/2023 18:24:31] 14-x:SEV-TOURNAMENTS-AVAILABLE-OK;x!36.6228636,-6.3599595!0.0!4!2!00:00!2023-06-11!00:00!2023-06-11!Voleibol Playa!Esperando Jugadores!2!10;Rota!36.6228636,-6.3599595!0.0!4!3!00:00!2023-06-01!00:00!2023-06-11!Voleibol Playa!Esperando Jugadores!1!24;Pachangeo !36.6816936,-6.1377402!5.0!4!3!00:00!2023-06-30!00:00!2023-06-09!Voleibol Playa!Esperando Jugadores!1!23;
[05/06/2023 18:24:33] 14-x:CLI-TOURNAMENTS-AVAILABLE;36.6290677,-6.3702424;25
[05/06/2023 18:24:33] 14-x:SEV-TOURNAMENTS-AVAILABLE-OK;x!36.6228636,-6.3599595!0.0!4!2!00:00!2023-06-11!00:00!2023-06-11!Voleibol Playa!Esperando Jugadores!2!10;Rota!36.6228636,-6.3599595!0.0!4!3!00:00!2023-06-01!00:00!2023-06-11!Voleibol Playa!Esperando Jugadores!1!24;Pachangeo !36.6816936,-6.1377402!5.0!4!3!00:00!2023-06-30!00:00!2023-06-09!Voleibol Playa!Esperando Jugadores!1!23;
[05/06/2023 18:24:34] 14-x:CLI-TOURNAMENTS-AVAILABLE;36.6290677,-6.3702424;10
[05/06/2023 18:24:34] 14-x:SEV-TOURNAMENTS-AVAILABLE-OK;x!36.6228636,-6.3599595!0.0!4!2!00:00!2023-06-11!00:00!2023-06-11!Voleibol Playa!Esperando Jugadores!2!10;Rota!36.6228636,-6.3599595!0.0!4!3!00:00!2023-06-01!00:00!2023-06-11!Voleibol Playa!Esperando Jugadores!1!24;
[05/06/2023 18:24:35] 14-x:CLI-TOURNAMENTS-AVAILABLE;36.6290677,-6.3702424;25
[05/06/2023 18:24:35] 14-x:SEV-TOURNAMENTS-AVAILABLE-OK;x!36.6228636,-6.3599595!0.0!4!2!00:00!2023-06-11!00:00!2023-06-11!Voleibol Playa!Esperando Jugadores!2!10;Rota!36.6228636,-6.3599595!0.0!4!3!00:00!2023-06-01!00:00!2023-06-11!Voleibol Playa!Esperando Jugadores!1!24;Pachangeo !36.6816936,-6.1377402!5.0!4!3!00:00!2023-06-30!00:00!2023-06-09!Voleibol Playa!Esperando Jugadores!1!23;
[05/06/2023 18:24:36] 14-x:CLI-TOURNAMENTS-AVAILABLE;36.6290677,-6.3702424;50
[05/06/2023 18:24:36] 14-x:SEV-TOURNAMENTS-AVAILABLE-OK;x!36.6228636,-6.3599595!0.0!4!2!00:00!2023-06-11!00:00!2023-06-11!Voleibol Playa!Esperando Jugadores!2!10;Rota!36.6228636,-6.3599595!0.0!4!3!00:00!2023-06-01!00:00!2023-06-11!Voleibol Playa!Esperando Jugadores!1!24;Pachangeo !36.6816936,-6.1377402!5.0!4!3!00:00!2023-06-30!00:00!2023-06-09!Voleibol Playa!Esperando Jugadores!1!23;
[05/06/2023 18:24:37] 14-x:CLI-TOURNAMENTS-AVAILABLE;36.6290677,-6.3702424;100
[05/06/2023 18:24:37] 14-x:SEV-TOURNAMENTS-AVAILABLE-OK;x!36.6228636,-6.3599595!0.0!4!2!00:00!2023-06-11!00:00!2023-06-11!Voleibol Playa!Esperando Jugadores!2!10;Rota!36.6228636,-6.3599595!0.0!4!3!00:00!2023-06-01!00:00!2023-06-11!Voleibol Playa!Esperando Jugadores!1!24;Pachangeo !36.6816936,-6.1377402!5.0!4!3!00:00!2023-06-30!00:00!2023-06-09!Voleibol Playa!Esperando Jugadores!1!23;
[05/06/2023 18:24:38] 14-x:CLI-TOURNAMENTS-AVAILABLE;36.6290677,-6.3702424;-1
[05/06/2023 18:24:38] 14-x:SEV-TOURNAMENTS-AVAILABLE-OK;x!36.6228636,-6.3599595!0.0!4!2!00:00!2023-06-11!00:00!2023-06-11!Voleibol Playa!Esperando Jugadores!2!10;Rota!36.6228636,-6.3599595!0.0!4!3!00:00!2023-06-01!00:00!2023-06-11!Voleibol Playa!Esperando Jugadores!1!24;Pachangeo !36.6816936,-6.1377402!5.0!4!3!00:00!2023-06-30!00:00!2023-06-09!Voleibol Playa!Esperando Jugadores!1!23;
[05/06/2023 18:24:42] 14-x:CLI-USERTEAMS
[05/06/2023 18:24:42] 14-x:SEV-USERTEAMS_OK;122:Voleibol Playa:111:123!x!111!:36.508976,-4.88562:Publico;5:Futbol 11:x:x!miguel!:36.6292883,-6.3700189:Con Invitacion;x:Voleibol:x:123!x!:36.629294,-6.3700111:Publico;xa:Futbol Sala:x:x!:36.63436527684896,-6.367968209087849:Privado;playeo:Voleibol Playa:x:123!x!:36.6292917,-6.3700406:Publico;
[05/06/2023 18:24:45] 14-x:CLI-SEARCH-TEAMS;36.6290677,-6.3702424;5
[05/06/2023 18:24:45] 14-x:SEV-SEARCH-TEAMS-OK;playeo:Voleibol Playa:x:123!x!:36.6292917,-6.3700406:Publico;5:Futbol 11:x:x!miguel!:36.6292883,-6.3700189:Con Invitacion;x:Voleibol:x:123!x!:36.629294,-6.3700111:Publico;xa:Futbol Sala:x:x!:36.63436527684896,-6.367968209087849:Privado;
[05/06/2023 18:24:46] 14-x:CLI-SEARCH-TEAMS;36.6290677,-6.3702424;25
[05/06/2023 18:24:46] 14-x:SEV-SEARCH-TEAMS-OK;playeo:Voleibol Playa:x:123!x!:36.6292917,-6.3700406:Publico;5:Futbol 11:x:x!miguel!:36.6292883,-6.3700189:Con Invitacion;x:Voleibol:x:123!x!:36.629294,-6.3700111:Publico;xa:Futbol Sala:x:x!:36.63436527684896,-6.367968209087849:Privado;invitado:Futbol 11:123:123!:36.5009591,-6.2723304:Con Invitacion;
[05/06/2023 18:24:48] 14-x:CLI-SEARCH-TEAMS;36.6290677,-6.3702424;10
[05/06/2023 18:24:48] 14-x:SEV-SEARCH-TEAMS-OK;playeo:Voleibol Playa:x:123!x!:36.6292917,-6.3700406:Publico;5:Futbol 11:x:x!miguel!:36.6292883,-6.3700189:Con Invitacion;x:Voleibol:x:123!x!:36.629294,-6.3700111:Publico;xa:Futbol Sala:x:x!:36.63436527684896,-6.367968209087849:Privado;
[05/06/2023 18:24:49] 14-x:CLI-SEARCH-TEAMS;36.6290666,-6.3702325;25
[05/06/2023 18:24:49] 14-x:SEV-SEARCH-TEAMS-OK;playeo:Voleibol Playa:x:123!x!:36.6292917,-6.3700406:Publico;5:Futbol 11:x:x!miguel!:36.6292883,-6.3700189:Con Invitacion;x:Voleibol:x:123!x!:36.629294,-6.3700111:Publico;xa:Futbol Sala:x:x!:36.63436527684896,-6.367968209087849:Privado;invitado:Futbol 11:123:123!:36.5009591,-6.2723304:Con Invitacion;
[05/06/2023 18:24:50] 14-x:CLI-SEARCH-TEAMS;36.6290666,-6.3702325;50
[05/06/2023 18:24:50] 14-x:SEV-SEARCH-TEAMS-OK;playeo:Voleibol Playa:x:123!x!:36.6292917,-6.3700406:Publico;5:Futbol 11:x:x!miguel!:36.6292883,-6.3700189:Con Invitacion;x:Voleibol:x:123!x!:36.629294,-6.3700111:Publico;xa:Futbol Sala:x:x!:36.63436527684896,-6.367968209087849:Privado;invitado:Futbol 11:123:123!:36.5009591,-6.2723304:Con Invitacion;
[05/06/2023 18:24:51] 14-x:CLI-SEARCH-TEAMS;36.6290666,-6.3702325;100
[05/06/2023 18:24:51] 14-x:SEV-SEARCH-TEAMS-OK;playeo:Voleibol Playa:x:123!x!:36.6292917,-6.3700406:Publico;5:Futbol 11:x:x!miguel!:36.6292883,-6.3700189:Con Invitacion;x:Voleibol:x:123!x!:36.629294,-6.3700111:Publico;xa:Futbol Sala:x:x!:36.63436527684896,-6.367968209087849:Privado;invitado:Futbol 11:123:123!:36.5009591,-6.2723304:Con Invitacion;
[05/06/2023 18:24:53] 14-x:CLI-SEARCH-TEAMS;36.6290666,-6.3702325;-1
[05/06/2023 18:24:53] 14-x:SEV-SEARCH-TEAMS-OK;playeo:Voleibol Playa:x:123!x!:36.6292917,-6.3700406:Publico;5:Futbol 11:x:x!miguel!:36.6292883,-6.3700189:Con Invitacion;x:Voleibol:x:123!x!:36.629294,-6.3700111:Publico;xa:Futbol Sala:x:x!:36.63436527684896,-6.367968209087849:Privado;invitado:Futbol 11:123:123!:36.5009591,-6.2723304:Con Invitacion;122:Voleibol Playa:111:123!x!111!:36.508976,-4.88562:Publico;
[05/06/2023 18:25:01] 14-x:CLI-SEARCH-TEAMS;36.6290666,-6.3702325;-1
[05/06/2023 18:25:01] 14-x:SEV-SEARCH-TEAMS-OK;playeo:Voleibol Playa:x:123!x!:36.6292917,-6.3700406:Publico;5:Futbol 11:x:x!miguel!:36.6292883,-6.3700189:Con Invitacion;x:Voleibol:x:123!x!:36.629294,-6.3700111:Publico;xa:Futbol Sala:x:x!:36.63436527684896,-6.367968209087849:Privado;invitado:Futbol 11:123:123!:36.5009591,-6.2723304:Con Invitacion;122:Voleibol Playa:111:123!x!111!:36.508976,-4.88562:Publico;
[05/06/2023 18:25:04] 14-x:CLI-SEARCH-TEAMS;36.6290666,-6.3702325;100
[05/06/2023 18:25:04] 14-x:SEV-SEARCH-TEAMS-OK;playeo:Voleibol Playa:x:123!x!:36.6292917,-6.3700406:Publico;5:Futbol 11:x:x!miguel!:36.6292883,-6.3700189:Con Invitacion;x:Voleibol:x:123!x!:36.629294,-6.3700111:Publico;xa:Futbol Sala:x:x!:36.63436527684896,-6.367968209087849:Privado;invitado:Futbol 11:123:123!:36.5009591,-6.2723304:Con Invitacion;
[05/06/2023 18:25:06] 14-x:CLI-USER-IS-INVITE;invitado;x
[05/06/2023 18:25:06] 14-x:SEV-USER-IS-INVITE-ERROR
[05/06/2023 18:25:09] 14-x:CLI-SOLICTE-JOIN-TEAM;invitado;x
[05/06/2023 18:25:09] 14-x:SEV-SOLICTE-JOIN-TEAM-OK
[05/06/2023 18:25:10] 14-x:CLI-SEARCH-TEAMS;36.6290704,-6.3702409;100
[05/06/2023 18:25:10] 14-x:SEV-SEARCH-TEAMS-OK;playeo:Voleibol Playa:x:123!x!:36.6292917,-6.3700406:Publico;5:Futbol 11:x:x!miguel!:36.6292883,-6.3700189:Con Invitacion;x:Voleibol:x:123!x!:36.629294,-6.3700111:Publico;xa:Futbol Sala:x:x!:36.63436527684896,-6.367968209087849:Privado;invitado:Futbol 11:123:123!:36.5009591,-6.2723304:Con Invitacion;
[05/06/2023 18:25:13] 14-x:CLI-SEARCH-TEAMS;36.6290704,-6.3702409;-1
[05/06/2023 18:25:13] 14-x:SEV-SEARCH-TEAMS-OK;playeo:Voleibol Playa:x:123!x!:36.6292917,-6.3700406:Publico;5:Futbol 11:x:x!miguel!:36.6292883,-6.3700189:Con Invitacion;x:Voleibol:x:123!x!:36.629294,-6.3700111:Publico;xa:Futbol Sala:x:x!:36.63436527684896,-6.367968209087849:Privado;invitado:Futbol 11:123:123!:36.5009591,-6.2723304:Con Invitacion;122:Voleibol Playa:111:123!x!111!:36.508976,-4.88562:Publico;
[05/06/2023 18:25:16] 14-x:CLI-USER-IS-INVITE;invitado;x
[05/06/2023 18:25:16] 14-x:SEV-USER-IS-INVITE-OK
[05/06/2023 18:25:19] 14-x:CLI-SEARCH-TEAMS;36.6290704,-6.3702409;-1
[05/06/2023 18:25:19] 14-x:SEV-SEARCH-TEAMS-OK;playeo:Voleibol Playa:x:123!x!:36.6292917,-6.3700406:Publico;5:Futbol 11:x:x!miguel!:36.6292883,-6.3700189:Con Invitacion;x:Voleibol:x:123!x!:36.629294,-6.3700111:Publico;xa:Futbol Sala:x:x!:36.63436527684896,-6.367968209087849:Privado;invitado:Futbol 11:123:123!:36.5009591,-6.2723304:Con Invitacion;122:Voleibol Playa:111:123!x!111!:36.508976,-4.88562:Publico;
[05/06/2023 18:25:27] 14-x:CLI-LIGUES-USER
[05/06/2023 18:25:27] 14-x:SEV-LIGUES-USER-OK;2!Jere!36.6816936,-6.1377402!12.0!5!3!02:00!2023-04-12!06:00!2023-03-29!Futbol 11!12!12!04:00!07:00!Jugandose!4;7!Ademas!36.7761393,-6.3534794!3.0!4!2!00:00!2023-06-11!00:00!2023-06-09!Voleibol Playa!5!10!00:00!00:00!Esperando Jugadores!1;9!gratis!36.6228636,-6.3599595!0.0!4!2!00:00!2023-06-02!00:00!2023-06-10!Voleibol Playa!2!2!00:00!00:00!Esperando Jugadores!1;
[05/06/2023 18:25:27] 14-x:CLI-TOURNAMENTS-USER
[05/06/2023 18:25:27] 14-x:SEV-TOURNAMENTS-USER-OK;Prueba!36.4210849486101,-6.13348387670698!15.0!4!2!15:00!2023-04-04!15:00!2023-04-19!Futbol 11!Jugandose!4!1;x!36.6228636,-6.3599595!0.0!4!2!00:00!2023-06-11!00:00!2023-06-11!Voleibol Playa!Esperando Jugadores!2!10;x!36.6228636,-6.3599595!0.0!4!2!00:00!2023-06-11!00:00!2023-06-11!Voleibol Playa!Esperando Jugadores!2!10;Pachangeo !36.6816936,-6.1377402!5.0!4!3!00:00!2023-06-30!00:00!2023-06-09!Voleibol Playa!Esperando Jugadores!1!23;Rota!36.6228636,-6.3599595!0.0!4!3!00:00!2023-06-01!00:00!2023-06-11!Voleibol Playa!Esperando Jugadores!1!24;
[05/06/2023 18:25:28] 14-x:CLI-GAMES-USER
[05/06/2023 18:25:28] 14-x:SEV-GAMES-USER-OK;36.625305172189016,-6.3505710661411285!2023-05-24!12:00!2023-05-22!05:00!5.6!Futbol 11!Esperando Jugadores!22!3!1;
[05/06/2023 18:25:30] 14-x:CLI-USERTEAMS
[05/06/2023 18:25:30] 14-x:SEV-USERTEAMS_OK;122:Voleibol Playa:111:123!x!111!:36.508976,-4.88562:Publico;5:Futbol 11:x:x!miguel!:36.6292883,-6.3700189:Con Invitacion;x:Voleibol:x:123!x!:36.629294,-6.3700111:Publico;xa:Futbol Sala:x:x!:36.63436527684896,-6.367968209087849:Privado;playeo:Voleibol Playa:x:123!x!:36.6292917,-6.3700406:Publico;
[05/06/2023 18:25:31] 14-x:CLI-GAMES-USER
[05/06/2023 18:25:31] 14-x:SEV-GAMES-USER-OK;36.625305172189016,-6.3505710661411285!2023-05-24!12:00!2023-05-22!05:00!5.6!Futbol 11!Esperando Jugadores!22!3!1;
[05/06/2023 18:25:32] 14-x:CLI-GAMES-AVAILABLE;36.629074,-6.3702389;10
[05/06/2023 18:25:32] 14-x:SEV-GAMES-AVAILABLE-OK;36.625305172189016,-6.3505710661411285!2023-05-24!12:00!2023-05-22!05:00!5.6!Futbol 11!Esperando Jugadores!22!3!1;
[05/06/2023 18:25:32] 14-x:CLI-GAMES-AVAILABLE;36.629074,-6.3702389;10
[05/06/2023 18:25:32] 14-x:SEV-GAMES-AVAILABLE-OK;36.625305172189016,-6.3505710661411285!2023-05-24!12:00!2023-05-22!05:00!5.6!Futbol 11!Esperando Jugadores!22!3!1;
[05/06/2023 18:25:35] 14-x:CLI-GAMES-STATE-USER;1
[05/06/2023 18:25:35] 14-x:SEV-GAMES-STATE-USER-OK;INSCRITO
[05/06/2023 18:25:37] 14-x:CLI-GAMES-AVAILABLE;36.6290742,-6.3702389;10
[05/06/2023 18:25:37] 14-x:SEV-GAMES-AVAILABLE-OK;36.625305172189016,-6.3505710661411285!2023-05-24!12:00!2023-05-22!05:00!5.6!Futbol 11!Esperando Jugadores!22!3!1;
[05/06/2023 18:25:38] 14-x:CLI-GAMES-AVAILABLE;36.6290742,-6.3702389;10
[05/06/2023 18:25:38] 14-x:SEV-GAMES-AVAILABLE-OK;36.625305172189016,-6.3505710661411285!2023-05-24!12:00!2023-05-22!05:00!5.6!Futbol 11!Esperando Jugadores!22!3!1;
[05/06/2023 18:25:39] 14-x:CLI-LIGUES-USER
[05/06/2023 18:25:39] 14-x:SEV-LIGUES-USER-OK;2!Jere!36.6816936,-6.1377402!12.0!5!3!02:00!2023-04-12!06:00!2023-03-29!Futbol 11!12!12!04:00!07:00!Jugandose!4;7!Ademas!36.7761393,-6.3534794!3.0!4!2!00:00!2023-06-11!00:00!2023-06-09!Voleibol Playa!5!10!00:00!00:00!Esperando Jugadores!1;9!gratis!36.6228636,-6.3599595!0.0!4!2!00:00!2023-06-02!00:00!2023-06-10!Voleibol Playa!2!2!00:00!00:00!Esperando Jugadores!1;
[05/06/2023 18:25:40] 14-x:CLI-USERTEAMS
[05/06/2023 18:25:40] 14-x:SEV-USERTEAMS_OK;122:Voleibol Playa:111:123!x!111!:36.508976,-4.88562:Publico;5:Futbol 11:x:x!miguel!:36.6292883,-6.3700189:Con Invitacion;x:Voleibol:x:123!x!:36.629294,-6.3700111:Publico;xa:Futbol Sala:x:x!:36.63436527684896,-6.367968209087849:Privado;playeo:Voleibol Playa:x:123!x!:36.6292917,-6.3700406:Publico;
[05/06/2023 18:25:41] 14-x:CLI-USER-INVITES
[05/06/2023 18:25:41] 14-x:SEV-USER-INVITES-OK;
[05/06/2023 18:25:42] 14-x:CLI-USERTEAMS
[05/06/2023 18:25:42] 14-x:SEV-USERTEAMS_OK;122:Voleibol Playa:111:123!x!111!:36.508976,-4.88562:Publico;5:Futbol 11:x:x!miguel!:36.6292883,-6.3700189:Con Invitacion;x:Voleibol:x:123!x!:36.629294,-6.3700111:Publico;xa:Futbol Sala:x:x!:36.63436527684896,-6.367968209087849:Privado;playeo:Voleibol Playa:x:123!x!:36.6292917,-6.3700406:Publico;
[05/06/2023 18:25:44] 14-x:CLI-TOURNAMENTS-USER
[05/06/2023 18:25:44] 14-x:SEV-TOURNAMENTS-USER-OK;Prueba!36.4210849486101,-6.13348387670698!15.0!4!2!15:00!2023-04-04!15:00!2023-04-19!Futbol 11!Jugandose!4!1;x!36.6228636,-6.3599595!0.0!4!2!00:00!2023-06-11!00:00!2023-06-11!Voleibol Playa!Esperando Jugadores!2!10;x!36.6228636,-6.3599595!0.0!4!2!00:00!2023-06-11!00:00!2023-06-11!Voleibol Playa!Esperando Jugadores!2!10;Pachangeo !36.6816936,-6.1377402!5.0!4!3!00:00!2023-06-30!00:00!2023-06-09!Voleibol Playa!Esperando Jugadores!1!23;Rota!36.6228636,-6.3599595!0.0!4!3!00:00!2023-06-01!00:00!2023-06-11!Voleibol Playa!Esperando Jugadores!1!24;
[05/06/2023 18:25:45] 14-x:CLI-GAMES-USER
[05/06/2023 18:25:45] 14-x:SEV-GAMES-USER-OK;36.625305172189016,-6.3505710661411285!2023-05-24!12:00!2023-05-22!05:00!5.6!Futbol 11!Esperando Jugadores!22!3!1;
[05/06/2023 18:25:46] 14-x:CLI-USERTEAMS
[05/06/2023 18:25:46] 14-x:SEV-USERTEAMS_OK;122:Voleibol Playa:111:123!x!111!:36.508976,-4.88562:Publico;5:Futbol 11:x:x!miguel!:36.6292883,-6.3700189:Con Invitacion;x:Voleibol:x:123!x!:36.629294,-6.3700111:Publico;xa:Futbol Sala:x:x!:36.63436527684896,-6.367968209087849:Privado;playeo:Voleibol Playa:x:123!x!:36.6292917,-6.3700406:Publico;
[05/06/2023 18:25:47] 14-x:CLI-LIGUES-USER
[05/06/2023 18:25:47] 14-x:SEV-LIGUES-USER-OK;2!Jere!36.6816936,-6.1377402!12.0!5!3!02:00!2023-04-12!06:00!2023-03-29!Futbol 11!12!12!04:00!07:00!Jugandose!4;7!Ademas!36.7761393,-6.3534794!3.0!4!2!00:00!2023-06-11!00:00!2023-06-09!Voleibol Playa!5!10!00:00!00:00!Esperando Jugadores!1;9!gratis!36.6228636,-6.3599595!0.0!4!2!00:00!2023-06-02!00:00!2023-06-10!Voleibol Playa!2!2!00:00!00:00!Esperando Jugadores!1;
[05/06/2023 18:25:47] 14-x:CLI-TOURNAMENTS-USER
[05/06/2023 18:25:47] 14-x:SEV-TOURNAMENTS-USER-OK;Prueba!36.4210849486101,-6.13348387670698!15.0!4!2!15:00!2023-04-04!15:00!2023-04-19!Futbol 11!Jugandose!4!1;x!36.6228636,-6.3599595!0.0!4!2!00:00!2023-06-11!00:00!2023-06-11!Voleibol Playa!Esperando Jugadores!2!10;x!36.6228636,-6.3599595!0.0!4!2!00:00!2023-06-11!00:00!2023-06-11!Voleibol Playa!Esperando Jugadores!2!10;Pachangeo !36.6816936,-6.1377402!5.0!4!3!00:00!2023-06-30!00:00!2023-06-09!Voleibol Playa!Esperando Jugadores!1!23;Rota!36.6228636,-6.3599595!0.0!4!3!00:00!2023-06-01!00:00!2023-06-11!Voleibol Playa!Esperando Jugadores!1!24;
[05/06/2023 18:25:50] 14-x:CLI-USERTEAMS
[05/06/2023 18:25:50] 14-x:SEV-USERTEAMS_OK;122:Voleibol Playa:111:123!x!111!:36.508976,-4.88562:Publico;5:Futbol 11:x:x!miguel!:36.6292883,-6.3700189:Con Invitacion;x:Voleibol:x:123!x!:36.629294,-6.3700111:Publico;xa:Futbol Sala:x:x!:36.63436527684896,-6.367968209087849:Privado;playeo:Voleibol Playa:x:123!x!:36.6292917,-6.3700406:Publico;
[05/06/2023 18:25:51] 14-x:CLI-GAMES-USER
[05/06/2023 18:25:51] 14-x:SEV-GAMES-USER-OK;36.625305172189016,-6.3505710661411285!2023-05-24!12:00!2023-05-22!05:00!5.6!Futbol 11!Esperando Jugadores!22!3!1;
[05/06/2023 18:25:52] 14-x:CLI-GAMES-USER
[05/06/2023 18:25:52] 14-x:SEV-GAMES-USER-OK;36.625305172189016,-6.3505710661411285!2023-05-24!12:00!2023-05-22!05:00!5.6!Futbol 11!Esperando Jugadores!22!3!1;
[05/06/2023 18:25:53] 14-x:CLI-USERTEAMS
[05/06/2023 18:25:53] 14-x:SEV-USERTEAMS_OK;122:Voleibol Playa:111:123!x!111!:36.508976,-4.88562:Publico;5:Futbol 11:x:x!miguel!:36.6292883,-6.3700189:Con Invitacion;x:Voleibol:x:123!x!:36.629294,-6.3700111:Publico;xa:Futbol Sala:x:x!:36.63436527684896,-6.367968209087849:Privado;playeo:Voleibol Playa:x:123!x!:36.6292917,-6.3700406:Publico;
[05/06/2023 18:25:53] 14-x:CLI-TOURNAMENTS-USER
[05/06/2023 18:25:53] 14-x:SEV-TOURNAMENTS-USER-OK;Prueba!36.4210849486101,-6.13348387670698!15.0!4!2!15:00!2023-04-04!15:00!2023-04-19!Futbol 11!Jugandose!4!1;x!36.6228636,-6.3599595!0.0!4!2!00:00!2023-06-11!00:00!2023-06-11!Voleibol Playa!Esperando Jugadores!2!10;x!36.6228636,-6.3599595!0.0!4!2!00:00!2023-06-11!00:00!2023-06-11!Voleibol Playa!Esperando Jugadores!2!10;Pachangeo !36.6816936,-6.1377402!5.0!4!3!00:00!2023-06-30!00:00!2023-06-09!Voleibol Playa!Esperando Jugadores!1!23;Rota!36.6228636,-6.3599595!0.0!4!3!00:00!2023-06-01!00:00!2023-06-11!Voleibol Playa!Esperando Jugadores!1!24;
[05/06/2023 18:25:54] 14-x:CLI-GAMES-USER
[05/06/2023 18:25:54] 14-x:SEV-GAMES-USER-OK;36.625305172189016,-6.3505710661411285!2023-05-24!12:00!2023-05-22!05:00!5.6!Futbol 11!Esperando Jugadores!22!3!1;
[05/06/2023 18:25:54] 14-x:CLI-GAMES-USER
[05/06/2023 18:25:54] 14-x:SEV-GAMES-USER-OK;36.625305172189016,-6.3505710661411285!2023-05-24!12:00!2023-05-22!05:00!5.6!Futbol 11!Esperando Jugadores!22!3!1;
[05/06/2023 18:25:55] 14-x:CLI-GAMES-USER
[05/06/2023 18:25:55] 14-x:SEV-GAMES-USER-OK;36.625305172189016,-6.3505710661411285!2023-05-24!12:00!2023-05-22!05:00!5.6!Futbol 11!Esperando Jugadores!22!3!1;
[05/06/2023 18:25:55] 14-x:CLI-GAMES-USER
[05/06/2023 18:25:55] 14-x:SEV-GAMES-USER-OK;36.625305172189016,-6.3505710661411285!2023-05-24!12:00!2023-05-22!05:00!5.6!Futbol 11!Esperando Jugadores!22!3!1;
[05/06/2023 18:25:55] 14-x:CLI-LIGUES-USER
[05/06/2023 18:25:55] 14-x:SEV-LIGUES-USER-OK;2!Jere!36.6816936,-6.1377402!12.0!5!3!02:00!2023-04-12!06:00!2023-03-29!Futbol 11!12!12!04:00!07:00!Jugandose!4;7!Ademas!36.7761393,-6.3534794!3.0!4!2!00:00!2023-06-11!00:00!2023-06-09!Voleibol Playa!5!10!00:00!00:00!Esperando Jugadores!1;9!gratis!36.6228636,-6.3599595!0.0!4!2!00:00!2023-06-02!00:00!2023-06-10!Voleibol Playa!2!2!00:00!00:00!Esperando Jugadores!1;
[05/06/2023 18:25:56] 14-x:CLI-GAMES-USER
[05/06/2023 18:25:56] 14-x:SEV-GAMES-USER-OK;36.625305172189016,-6.3505710661411285!2023-05-24!12:00!2023-05-22!05:00!5.6!Futbol 11!Esperando Jugadores!22!3!1;
[05/06/2023 18:25:57] 14-x:CLI-LOGOUT
[05/06/2023 18:25:57] 0-:SEV-LOGOUT-OK
---- [05/06/2023 19:57:42] Obteniendo todos los torneos pendientes a generar ----
---- [05/06/2023 19:57:44] Obteniendo todas las ligas pendientes a generar ----
---- [05/06/2023 19:57:44] Creado el hilo encargado de las tareas ----
---- [05/06/2023 19:57:44] Iniciado el hilo encargado de las tareas ----
---- [05/06/2023 19:57:44] SERVIDOR INICIADO ----
Esperando 273735 segundos hasta la próxima tarea en: 2023-06-09T00:00
[05/06/2023 19:57:49] Se ha conectado un cliente
[05/06/2023 19:57:55] 0-:CLI-LOGIN;123;123;ORGANIZADOR
[05/06/2023 19:57:55] 1-123:SEV-LOGIN-OK-ADMIN;1;123
[05/06/2023 19:57:57] 1-123:CLI-GIVETOURNAMENTS-ORGANIZER
[05/06/2023 19:57:57] 1-123:SEV-SEND-YOUR-TOURNAMENTS;Prueba!36.4210849486101,-6.13348387670698!15.0!4!2!15:00!2023-04-04!15:00!2023-04-19!Futbol 11!Jugandose!4!1;Pachangeo !36.6816936,-6.1377402!5.0!4!3!00:00!2023-06-30!00:00!2023-06-09!Voleibol Playa!Esperando Jugadores!1!23;Rota!36.6228636,-6.3599595!0.0!4!3!00:00!2023-06-01!00:00!2023-06-11!Voleibol Playa!Esperando Jugadores!1!24;ADADA!36.7355451,-6.4348221!123.0!4!2!15:00!2023-04-12!21:07!2023-04-21!Futbol 11!Cancelado!0!6;21!36.294487399999994,-6.092790754888084!0.0!4!2!00:00!2023-05-19!00:00!2023-05-28!Futbol Sala!Cancelado!0!11;123!36.6228636,-6.3599595!2.0!4!2!15:00!2023-03-28!00:00!2023-04-21!Futbol 11!Cancelado!0!7;123!36.63479325,-6.38725705210204!10.0!4!3!00:00!2023-05-22!00:00!2023-05-26!Futbol Sala!Cancelado!0!20;prueba!36.67826185,-6.110059436817895!0.0!4!2!00:00!2023-05-15!19:34!2023-05-14!Futbol 11!Cancelado!0!14;123!36.63479325,-6.38725705210204!0.0!4!2!19:20!2023-05-16!19:20!2023-05-15!Voleibol!Cancelado!0!12;13!36.6228636,-6.3599595!0.0!4!2!00:00!2023-05-27!19:00!2023-05-14!Futbol 11!Cancelado!0!15;DE LOCOS!36.63479325,-6.38725705210204!0.0!4!2!08:00!2023-05-21!19:20!2023-05-14!Voleibol!Cancelado!0!13;123!36.67826185,-6.110059436817895!0.0!4!2!00:00!2023-05-21!19:28!2023-05-14!Futbol 11!Cancelado!0!17;x!36.6228636,-6.3599595!0.0!4!2!00:00!2023-06-11!00:00!2023-06-11!Voleibol Playa!Cancelado!1!9;123!36.6228636,-6.3599595!0.0!4!2!00:00!2023-05-20!19:29!2023-05-14!Futbol 11!Cancelado!0!18;Pachangeo!36.6816936,-6.1377402!5.0!4!3!00:00!2023-05-31!00:00!2023-05-24!Voleibol Playa!Cancelado!0!22;213!36.6228636,-6.3599595!0.0!4!3!00:00!2023-05-03!00:00!2023-05-25!Futbol 11!Cancelado!0!19;Prueba!36.4210849486101, -6.13348387670698!15.2!4!2!15:00!2023-04-04!15:00!2023-04-19!Futbol 11!Cancelado!0!2;Prueba!36.7355451,-6.4348221!0.0!4!3!00:00!2023-05-31!00:00!2023-05-29!Futbol 11!Cancelado!0!21;213!36.4210849486101, -6.13348387670698!123.0!4!2!15:00!2023-04-07!12:34!2023-04-13!Futbol 11!Cancelado!0!3;123!36.6204069,-6.3620778!123.3!4!3!00:00!2023-06-04!00:00!2023-06-03!Futbol 11!Cancelado!0!25;123!36.63479325,-6.38725705210204!123.0!4!2!15:00!2023-04-01!11:15!2023-04-05!Futbol 11!Cancelado!0!4;nose!36.6228636,-6.3599595!25.0!4!3!00:00!2023-06-04!00:00!2023-06-03!Futbol 11!Cancelado!0!26;Prueba!36.63479325,-6.38725705210204!12.0!4!2!14:28!2023-04-05!17:28!2023-04-12!Futbol 11!Cancelado!0!5;23!36.67826185,-6.110059436817895!0.0!4!2!18:00!2023-05-16!19:28!2023-05-14!Futbol 7!Cancelado!0!16;
[05/06/2023 19:57:58] 1-123:CLI-USER-MAIL
[05/06/2023 19:57:58] 1-123:SEV-USER-MAIL-OK;adafa@gmail.com
[05/06/2023 19:58:13] 1-123:CLI-EXIT
[05/06/2023 19:58:13] 1-123:SE HA DESCONECTADO
[05/06/2023 19:58:41] Se ha conectado un cliente
[05/06/2023 19:58:45] 0-:CLI-LOGIN;123;123;ORGANIZADOR
[05/06/2023 19:58:45] 1-123:SEV-LOGIN-OK-ADMIN;1;123
[05/06/2023 19:58:46] 1-123:CLI-GIVETOURNAMENTS-ORGANIZER
[05/06/2023 19:58:46] 1-123:SEV-SEND-YOUR-TOURNAMENTS;Prueba!36.4210849486101,-6.13348387670698!15.0!4!2!15:00!2023-04-04!15:00!2023-04-19!Futbol 11!Jugandose!4!1;Pachangeo !36.6816936,-6.1377402!5.0!4!3!00:00!2023-06-30!00:00!2023-06-09!Voleibol Playa!Esperando Jugadores!1!23;Rota!36.6228636,-6.3599595!0.0!4!3!00:00!2023-06-01!00:00!2023-06-11!Voleibol Playa!Esperando Jugadores!1!24;ADADA!36.7355451,-6.4348221!123.0!4!2!15:00!2023-04-12!21:07!2023-04-21!Futbol 11!Cancelado!0!6;21!36.294487399999994,-6.092790754888084!0.0!4!2!00:00!2023-05-19!00:00!2023-05-28!Futbol Sala!Cancelado!0!11;123!36.6228636,-6.3599595!2.0!4!2!15:00!2023-03-28!00:00!2023-04-21!Futbol 11!Cancelado!0!7;123!36.63479325,-6.38725705210204!10.0!4!3!00:00!2023-05-22!00:00!2023-05-26!Futbol Sala!Cancelado!0!20;prueba!36.67826185,-6.110059436817895!0.0!4!2!00:00!2023-05-15!19:34!2023-05-14!Futbol 11!Cancelado!0!14;123!36.63479325,-6.38725705210204!0.0!4!2!19:20!2023-05-16!19:20!2023-05-15!Voleibol!Cancelado!0!12;13!36.6228636,-6.3599595!0.0!4!2!00:00!2023-05-27!19:00!2023-05-14!Futbol 11!Cancelado!0!15;DE LOCOS!36.63479325,-6.38725705210204!0.0!4!2!08:00!2023-05-21!19:20!2023-05-14!Voleibol!Cancelado!0!13;123!36.67826185,-6.110059436817895!0.0!4!2!00:00!2023-05-21!19:28!2023-05-14!Futbol 11!Cancelado!0!17;x!36.6228636,-6.3599595!0.0!4!2!00:00!2023-06-11!00:00!2023-06-11!Voleibol Playa!Cancelado!1!9;123!36.6228636,-6.3599595!0.0!4!2!00:00!2023-05-20!19:29!2023-05-14!Futbol 11!Cancelado!0!18;Pachangeo!36.6816936,-6.1377402!5.0!4!3!00:00!2023-05-31!00:00!2023-05-24!Voleibol Playa!Cancelado!0!22;213!36.6228636,-6.3599595!0.0!4!3!00:00!2023-05-03!00:00!2023-05-25!Futbol 11!Cancelado!0!19;Prueba!36.4210849486101, -6.13348387670698!15.2!4!2!15:00!2023-04-04!15:00!2023-04-19!Futbol 11!Cancelado!0!2;Prueba!36.7355451,-6.4348221!0.0!4!3!00:00!2023-05-31!00:00!2023-05-29!Futbol 11!Cancelado!0!21;213!36.4210849486101, -6.13348387670698!123.0!4!2!15:00!2023-04-07!12:34!2023-04-13!Futbol 11!Cancelado!0!3;123!36.6204069,-6.3620778!123.3!4!3!00:00!2023-06-04!00:00!2023-06-03!Futbol 11!Cancelado!0!25;123!36.63479325,-6.38725705210204!123.0!4!2!15:00!2023-04-01!11:15!2023-04-05!Futbol 11!Cancelado!0!4;nose!36.6228636,-6.3599595!25.0!4!3!00:00!2023-06-04!00:00!2023-06-03!Futbol 11!Cancelado!0!26;Prueba!36.63479325,-6.38725705210204!12.0!4!2!14:28!2023-04-05!17:28!2023-04-12!Futbol 11!Cancelado!0!5;23!36.67826185,-6.110059436817895!0.0!4!2!18:00!2023-05-16!19:28!2023-05-14!Futbol 7!Cancelado!0!16;
[05/06/2023 19:58:47] 1-123:CLI-USER-MAIL
[05/06/2023 19:58:47] 1-123:SEV-USER-MAIL-OK;adafa@gmail.com
[05/06/2023 19:58:51] 1-123:CLI-CHANGE-DATA;adafa@gmail.comm;
[05/06/2023 19:58:51] 1-123:CLI-CHANGE-DATA
[05/06/2023 19:59:16] 1-123:CLI-USER-MAIL
[05/06/2023 19:59:16] 1-123:SEV-USER-MAIL-OK;adafa@gmail.comm
[05/06/2023 19:59:20] 1-123:CLI-CHANGE-DATA;adafa@gmail.comm;1234
[05/06/2023 19:59:20] 1-123:CLI-CHANGE-DATA
[05/06/2023 19:59:26] 1-123:CLI-USER-MAIL
[05/06/2023 19:59:26] 1-123:SEV-USER-MAIL-OK;adafa@gmail.comm
[05/06/2023 19:59:31] 1-123:CLI-CHANGE-DATA;adafa@gmail.com;123
[05/06/2023 19:59:31] 1-123:CLI-CHANGE-DATA
[05/06/2023 19:59:39] 1-123:CLI-GIVELIGUES-ORGANIZER
[05/06/2023 19:59:39] 1-123:SEV-SEND-YOUR-LIGUES;2!Jere!36.6816936,-6.1377402!12.0!5!3!02:00!2023-04-12!06:00!2023-03-29!Futbol 11!12!12!04:00!07:00!Jugandose!4;7!Ademas!36.7761393,-6.3534794!3.0!4!2!00:00!2023-06-11!00:00!2023-06-09!Voleibol Playa!5!10!00:00!00:00!Esperando Jugadores!1;9!gratis!36.6228636,-6.3599595!0.0!4!2!00:00!2023-06-02!00:00!2023-06-10!Voleibol Playa!2!2!00:00!00:00!Esperando Jugadores!1;6!Liguilla!36.7355451,-6.4348221!2.0!4!2!00:00!2023-06-11!00:00!2023-06-09!Voleibol!7!10!00:00!04:00!Esperando Jugadores!0;8!Gratis!36.6228636,-6.3599595!0.0!4!2!00:00!2023-06-01!00:00!2023-06-09!Futbol 11!2!2!00:00!00:00!Esperando Jugadores!0;3!Liguilla!36.5286856,-6.1902161!0.0!4!2!00:00!2023-05-28!00:00!2023-05-27!Futbol 11!7!15!00:00!00:00!Cancelado!0;1!qed!36.6228636,-6.3599595!123.0!23!17!20:12!2023-04-05!07:03!2023-04-28!Voleibol!1!1!2:3!3:3!Cancelado!0;5!Playa!36.67826185,-6.110059436817895!0.0!4!2!00:00!2023-05-28!00:00!2023-05-27!Futbol 11!2!2!00:00!00:00!Cancelado!0;4!Volei!36.7355451,-6.4348221!0.0!4!2!00:00!2023-05-28!00:00!2023-05-27!Voleibol Playa!5!5!00:00!00:00!Cancelado!1;10!Prueba liga!36.6228636,-6.3599595!157.5!4!2!00:00!2023-06-11!00:00!2023-06-04!Futbol 11!10!5!00:00!00:00!Cancelado!0;
[05/06/2023 19:59:42] 1-123:CLI-GIVE-SPORTS
[05/06/2023 19:59:42] 1-123:SEV-SEND-SPORTS;Futbol 11:22;Futbol 7:14;Futbol Sala:10;Voleibol:12;Voleibol Playa:4;
[05/06/2023 19:59:49] 1-123:CLI-GIVELIGUES-ORGANIZER
[05/06/2023 19:59:49] 1-123:SEV-SEND-YOUR-LIGUES;2!Jere!36.6816936,-6.1377402!12.0!5!3!02:00!2023-04-12!06:00!2023-03-29!Futbol 11!12!12!04:00!07:00!Jugandose!4;7!Ademas!36.7761393,-6.3534794!3.0!4!2!00:00!2023-06-11!00:00!2023-06-09!Voleibol Playa!5!10!00:00!00:00!Esperando Jugadores!1;9!gratis!36.6228636,-6.3599595!0.0!4!2!00:00!2023-06-02!00:00!2023-06-10!Voleibol Playa!2!2!00:00!00:00!Esperando Jugadores!1;6!Liguilla!36.7355451,-6.4348221!2.0!4!2!00:00!2023-06-11!00:00!2023-06-09!Voleibol!7!10!00:00!04:00!Esperando Jugadores!0;8!Gratis!36.6228636,-6.3599595!0.0!4!2!00:00!2023-06-01!00:00!2023-06-09!Futbol 11!2!2!00:00!00:00!Esperando Jugadores!0;3!Liguilla!36.5286856,-6.1902161!0.0!4!2!00:00!2023-05-28!00:00!2023-05-27!Futbol 11!7!15!00:00!00:00!Cancelado!0;1!qed!36.6228636,-6.3599595!123.0!23!17!20:12!2023-04-05!07:03!2023-04-28!Voleibol!1!1!2:3!3:3!Cancelado!0;5!Playa!36.67826185,-6.110059436817895!0.0!4!2!00:00!2023-05-28!00:00!2023-05-27!Futbol 11!2!2!00:00!00:00!Cancelado!0;4!Volei!36.7355451,-6.4348221!0.0!4!2!00:00!2023-05-28!00:00!2023-05-27!Voleibol Playa!5!5!00:00!00:00!Cancelado!1;10!Prueba liga!36.6228636,-6.3599595!157.5!4!2!00:00!2023-06-11!00:00!2023-06-04!Futbol 11!10!5!00:00!00:00!Cancelado!0;
[05/06/2023 19:59:56] 1-123:CLI-EXIT
[05/06/2023 19:59:56] 1-123:SE HA DESCONECTADO
[05/06/2023 20:08:00] Se ha conectado un cliente
[05/06/2023 20:08:05] 0-:CLI-LOGIN;123;123;ORGANIZADOR
[05/06/2023 20:08:05] 1-123:SEV-LOGIN-OK-ADMIN;1;123
[05/06/2023 20:08:06] 1-123:CLI-GIVETOURNAMENTS-ORGANIZER
[05/06/2023 20:08:06] 1-123:SEV-SEND-YOUR-TOURNAMENTS;Prueba!36.4210849486101,-6.13348387670698!15.0!4!2!15:00!2023-04-04!15:00!2023-04-19!Futbol 11!Jugandose!4!1;Pachangeo !36.6816936,-6.1377402!5.0!4!3!00:00!2023-06-30!00:00!2023-06-09!Voleibol Playa!Esperando Jugadores!1!23;Rota!36.6228636,-6.3599595!0.0!4!3!00:00!2023-06-01!00:00!2023-06-11!Voleibol Playa!Esperando Jugadores!1!24;123!36.63479325,-6.38725705210204!10.0!4!3!00:00!2023-05-22!00:00!2023-05-26!Futbol Sala!Cancelado!0!20;prueba!36.67826185,-6.110059436817895!0.0!4!2!00:00!2023-05-15!19:34!2023-05-14!Futbol 11!Cancelado!0!14;123!36.63479325,-6.38725705210204!0.0!4!2!19:20!2023-05-16!19:20!2023-05-15!Voleibol!Cancelado!0!12;13!36.6228636,-6.3599595!0.0!4!2!00:00!2023-05-27!19:00!2023-05-14!Futbol 11!Cancelado!0!15;DE LOCOS!36.63479325,-6.38725705210204!0.0!4!2!08:00!2023-05-21!19:20!2023-05-14!Voleibol!Cancelado!0!13;123!36.67826185,-6.110059436817895!0.0!4!2!00:00!2023-05-21!19:28!2023-05-14!Futbol 11!Cancelado!0!17;x!36.6228636,-6.3599595!0.0!4!2!00:00!2023-06-11!00:00!2023-06-11!Voleibol Playa!Cancelado!1!9;123!36.6228636,-6.3599595!0.0!4!2!00:00!2023-05-20!19:29!2023-05-14!Futbol 11!Cancelado!0!18;Pachangeo!36.6816936,-6.1377402!5.0!4!3!00:00!2023-05-31!00:00!2023-05-24!Voleibol Playa!Cancelado!0!22;213!36.6228636,-6.3599595!0.0!4!3!00:00!2023-05-03!00:00!2023-05-25!Futbol 11!Cancelado!0!19;Prueba!36.4210849486101, -6.13348387670698!15.2!4!2!15:00!2023-04-04!15:00!2023-04-19!Futbol 11!Cancelado!0!2;Prueba!36.7355451,-6.4348221!0.0!4!3!00:00!2023-05-31!00:00!2023-05-29!Futbol 11!Cancelado!0!21;213!36.4210849486101, -6.13348387670698!123.0!4!2!15:00!2023-04-07!12:34!2023-04-13!Futbol 11!Cancelado!0!3;123!36.6204069,-6.3620778!123.3!4!3!00:00!2023-06-04!00:00!2023-06-03!Futbol 11!Cancelado!0!25;123!36.63479325,-6.38725705210204!123.0!4!2!15:00!2023-04-01!11:15!2023-04-05!Futbol 11!Cancelado!0!4;nose!36.6228636,-6.3599595!25.0!4!3!00:00!2023-06-04!00:00!2023-06-03!Futbol 11!Cancelado!0!26;Prueba!36.63479325,-6.38725705210204!12.0!4!2!14:28!2023-04-05!17:28!2023-04-12!Futbol 11!Cancelado!0!5;23!36.67826185,-6.110059436817895!0.0!4!2!18:00!2023-05-16!19:28!2023-05-14!Futbol 7!Cancelado!0!16;ADADA!36.7355451,-6.4348221!123.0!4!2!15:00!2023-04-12!21:07!2023-04-21!Futbol 11!Cancelado!0!6;21!36.294487399999994,-6.092790754888084!0.0!4!2!00:00!2023-05-19!00:00!2023-05-28!Futbol Sala!Cancelado!0!11;123!36.6228636,-6.3599595!2.0!4!2!15:00!2023-03-28!00:00!2023-04-21!Futbol 11!Cancelado!0!7;
[05/06/2023 20:08:07] 1-123:CLI-USER-MAIL
[05/06/2023 20:08:07] 1-123:SEV-USER-MAIL-OK;adafa@gmail.com
[05/06/2023 20:08:09] 1-123:CLI-CHANGE-DATA;adafa@gmail.com;1234
[05/06/2023 20:08:09] 1-123:CLI-CHANGE-DATA
[05/06/2023 20:08:11] 1-123:CLI-EXIT
[05/06/2023 20:08:11] 1-123:SE HA DESCONECTADO
[05/06/2023 20:08:20] Se ha conectado un cliente
[05/06/2023 20:08:28] 0-:CLI-LOGIN;123;123;ORGANIZADOR
[05/06/2023 20:08:28] 0-:SER-LOGIN-ERROR-ORGANIZER
[05/06/2023 20:08:30] 0-:CLI-LOGIN;123;1234;ORGANIZADOR
[05/06/2023 20:08:30] 1-123:SEV-LOGIN-OK-ADMIN;1;123
[05/06/2023 20:08:32] 1-123:CLI-GIVETOURNAMENTS-ORGANIZER
[05/06/2023 20:08:32] 1-123:SEV-SEND-YOUR-TOURNAMENTS;Prueba!36.4210849486101,-6.13348387670698!15.0!4!2!15:00!2023-04-04!15:00!2023-04-19!Futbol 11!Jugandose!4!1;Pachangeo !36.6816936,-6.1377402!5.0!4!3!00:00!2023-06-30!00:00!2023-06-09!Voleibol Playa!Esperando Jugadores!1!23;Rota!36.6228636,-6.3599595!0.0!4!3!00:00!2023-06-01!00:00!2023-06-11!Voleibol Playa!Esperando Jugadores!1!24;23!36.67826185,-6.110059436817895!0.0!4!2!18:00!2023-05-16!19:28!2023-05-14!Futbol 7!Cancelado!0!16;ADADA!36.7355451,-6.4348221!123.0!4!2!15:00!2023-04-12!21:07!2023-04-21!Futbol 11!Cancelado!0!6;21!36.294487399999994,-6.092790754888084!0.0!4!2!00:00!2023-05-19!00:00!2023-05-28!Futbol Sala!Cancelado!0!11;123!36.6228636,-6.3599595!2.0!4!2!15:00!2023-03-28!00:00!2023-04-21!Futbol 11!Cancelado!0!7;123!36.63479325,-6.38725705210204!10.0!4!3!00:00!2023-05-22!00:00!2023-05-26!Futbol Sala!Cancelado!0!20;prueba!36.67826185,-6.110059436817895!0.0!4!2!00:00!2023-05-15!19:34!2023-05-14!Futbol 11!Cancelado!0!14;123!36.63479325,-6.38725705210204!0.0!4!2!19:20!2023-05-16!19:20!2023-05-15!Voleibol!Cancelado!0!12;13!36.6228636,-6.3599595!0.0!4!2!00:00!2023-05-27!19:00!2023-05-14!Futbol 11!Cancelado!0!15;DE LOCOS!36.63479325,-6.38725705210204!0.0!4!2!08:00!2023-05-21!19:20!2023-05-14!Voleibol!Cancelado!0!13;123!36.67826185,-6.110059436817895!0.0!4!2!00:00!2023-05-21!19:28!2023-05-14!Futbol 11!Cancelado!0!17;x!36.6228636,-6.3599595!0.0!4!2!00:00!2023-06-11!00:00!2023-06-11!Voleibol Playa!Cancelado!1!9;123!36.6228636,-6.3599595!0.0!4!2!00:00!2023-05-20!19:29!2023-05-14!Futbol 11!Cancelado!0!18;Pachangeo!36.6816936,-6.1377402!5.0!4!3!00:00!2023-05-31!00:00!2023-05-24!Voleibol Playa!Cancelado!0!22;213!36.6228636,-6.3599595!0.0!4!3!00:00!2023-05-03!00:00!2023-05-25!Futbol 11!Cancelado!0!19;Prueba!36.4210849486101, -6.13348387670698!15.2!4!2!15:00!2023-04-04!15:00!2023-04-19!Futbol 11!Cancelado!0!2;Prueba!36.7355451,-6.4348221!0.0!4!3!00:00!2023-05-31!00:00!2023-05-29!Futbol 11!Cancelado!0!21;213!36.4210849486101, -6.13348387670698!123.0!4!2!15:00!2023-04-07!12:34!2023-04-13!Futbol 11!Cancelado!0!3;123!36.6204069,-6.3620778!123.3!4!3!00:00!2023-06-04!00:00!2023-06-03!Futbol 11!Cancelado!0!25;123!36.63479325,-6.38725705210204!123.0!4!2!15:00!2023-04-01!11:15!2023-04-05!Futbol 11!Cancelado!0!4;nose!36.6228636,-6.3599595!25.0!4!3!00:00!2023-06-04!00:00!2023-06-03!Futbol 11!Cancelado!0!26;Prueba!36.63479325,-6.38725705210204!12.0!4!2!14:28!2023-04-05!17:28!2023-04-12!Futbol 11!Cancelado!0!5;
[05/06/2023 20:08:33] 1-123:CLI-USER-MAIL
[05/06/2023 20:08:33] 1-123:SEV-USER-MAIL-OK;adafa@gmail.com
[05/06/2023 20:08:35] 1-123:CLI-CHANGE-DATA;adafa@gmail.com;123
[05/06/2023 20:08:35] 1-123:CLI-CHANGE-DATA
[05/06/2023 20:08:53] 1-123:CLI-GIVELIGUES-ORGANIZER
[05/06/2023 20:08:53] 1-123:SEV-SEND-YOUR-LIGUES;2!Jere!36.6816936,-6.1377402!12.0!5!3!02:00!2023-04-12!06:00!2023-03-29!Futbol 11!12!12!04:00!07:00!Jugandose!4;9!gratis!36.6228636,-6.3599595!0.0!4!2!00:00!2023-06-02!00:00!2023-06-10!Voleibol Playa!2!2!00:00!00:00!Esperando Jugadores!1;6!Liguilla!36.7355451,-6.4348221!2.0!4!2!00:00!2023-06-11!00:00!2023-06-09!Voleibol!7!10!00:00!04:00!Esperando Jugadores!0;8!Gratis!36.6228636,-6.3599595!0.0!4!2!00:00!2023-06-01!00:00!2023-06-09!Futbol 11!2!2!00:00!00:00!Esperando Jugadores!0;7!Ademas!36.7761393,-6.3534794!3.0!4!2!00:00!2023-06-11!00:00!2023-06-09!Voleibol Playa!5!10!00:00!00:00!Esperando Jugadores!1;1!qed!36.6228636,-6.3599595!123.0!23!17!20:12!2023-04-05!07:03!2023-04-28!Voleibol!1!1!2:3!3:3!Cancelado!0;5!Playa!36.67826185,-6.110059436817895!0.0!4!2!00:00!2023-05-28!00:00!2023-05-27!Futbol 11!2!2!00:00!00:00!Cancelado!0;4!Volei!36.7355451,-6.4348221!0.0!4!2!00:00!2023-05-28!00:00!2023-05-27!Voleibol Playa!5!5!00:00!00:00!Cancelado!1;10!Prueba liga!36.6228636,-6.3599595!157.5!4!2!00:00!2023-06-11!00:00!2023-06-04!Futbol 11!10!5!00:00!00:00!Cancelado!0;3!Liguilla!36.5286856,-6.1902161!0.0!4!2!00:00!2023-05-28!00:00!2023-05-27!Futbol 11!7!15!00:00!00:00!Cancelado!0;
[05/06/2023 20:08:54] 1-123:CLI-GIVETOURNAMENTS-ORGANIZER
[05/06/2023 20:08:54] 1-123:SEV-SEND-YOUR-TOURNAMENTS;Prueba!36.4210849486101,-6.13348387670698!15.0!4!2!15:00!2023-04-04!15:00!2023-04-19!Futbol 11!Jugandose!4!1;Pachangeo !36.6816936,-6.1377402!5.0!4!3!00:00!2023-06-30!00:00!2023-06-09!Voleibol Playa!Esperando Jugadores!1!23;Rota!36.6228636,-6.3599595!0.0!4!3!00:00!2023-06-01!00:00!2023-06-11!Voleibol Playa!Esperando Jugadores!1!24;Prueba!36.63479325,-6.38725705210204!12.0!4!2!14:28!2023-04-05!17:28!2023-04-12!Futbol 11!Cancelado!0!5;23!36.67826185,-6.110059436817895!0.0!4!2!18:00!2023-05-16!19:28!2023-05-14!Futbol 7!Cancelado!0!16;ADADA!36.7355451,-6.4348221!123.0!4!2!15:00!2023-04-12!21:07!2023-04-21!Futbol 11!Cancelado!0!6;21!36.294487399999994,-6.092790754888084!0.0!4!2!00:00!2023-05-19!00:00!2023-05-28!Futbol Sala!Cancelado!0!11;123!36.6228636,-6.3599595!2.0!4!2!15:00!2023-03-28!00:00!2023-04-21!Futbol 11!Cancelado!0!7;123!36.63479325,-6.38725705210204!10.0!4!3!00:00!2023-05-22!00:00!2023-05-26!Futbol Sala!Cancelado!0!20;prueba!36.67826185,-6.110059436817895!0.0!4!2!00:00!2023-05-15!19:34!2023-05-14!Futbol 11!Cancelado!0!14;123!36.63479325,-6.38725705210204!0.0!4!2!19:20!2023-05-16!19:20!2023-05-15!Voleibol!Cancelado!0!12;13!36.6228636,-6.3599595!0.0!4!2!00:00!2023-05-27!19:00!2023-05-14!Futbol 11!Cancelado!0!15;DE LOCOS!36.63479325,-6.38725705210204!0.0!4!2!08:00!2023-05-21!19:20!2023-05-14!Voleibol!Cancelado!0!13;123!36.67826185,-6.110059436817895!0.0!4!2!00:00!2023-05-21!19:28!2023-05-14!Futbol 11!Cancelado!0!17;x!36.6228636,-6.3599595!0.0!4!2!00:00!2023-06-11!00:00!2023-06-11!Voleibol Playa!Cancelado!1!9;123!36.6228636,-6.3599595!0.0!4!2!00:00!2023-05-20!19:29!2023-05-14!Futbol 11!Cancelado!0!18;Pachangeo!36.6816936,-6.1377402!5.0!4!3!00:00!2023-05-31!00:00!2023-05-24!Voleibol Playa!Cancelado!0!22;213!36.6228636,-6.3599595!0.0!4!3!00:00!2023-05-03!00:00!2023-05-25!Futbol 11!Cancelado!0!19;Prueba!36.4210849486101, -6.13348387670698!15.2!4!2!15:00!2023-04-04!15:00!2023-04-19!Futbol 11!Cancelado!0!2;Prueba!36.7355451,-6.4348221!0.0!4!3!00:00!2023-05-31!00:00!2023-05-29!Futbol 11!Cancelado!0!21;213!36.4210849486101, -6.13348387670698!123.0!4!2!15:00!2023-04-07!12:34!2023-04-13!Futbol 11!Cancelado!0!3;123!36.6204069,-6.3620778!123.3!4!3!00:00!2023-06-04!00:00!2023-06-03!Futbol 11!Cancelado!0!25;123!36.63479325,-6.38725705210204!123.0!4!2!15:00!2023-04-01!11:15!2023-04-05!Futbol 11!Cancelado!0!4;nose!36.6228636,-6.3599595!25.0!4!3!00:00!2023-06-04!00:00!2023-06-03!Futbol 11!Cancelado!0!26;
[05/06/2023 20:08:57] 1-123:CLI-GIVELIGUES-ORGANIZER
[05/06/2023 20:08:57] 1-123:SEV-SEND-YOUR-LIGUES;2!Jere!36.6816936,-6.1377402!12.0!5!3!02:00!2023-04-12!06:00!2023-03-29!Futbol 11!12!12!04:00!07:00!Jugandose!4;9!gratis!36.6228636,-6.3599595!0.0!4!2!00:00!2023-06-02!00:00!2023-06-10!Voleibol Playa!2!2!00:00!00:00!Esperando Jugadores!1;6!Liguilla!36.7355451,-6.4348221!2.0!4!2!00:00!2023-06-11!00:00!2023-06-09!Voleibol!7!10!00:00!04:00!Esperando Jugadores!0;8!Gratis!36.6228636,-6.3599595!0.0!4!2!00:00!2023-06-01!00:00!2023-06-09!Futbol 11!2!2!00:00!00:00!Esperando Jugadores!0;7!Ademas!36.7761393,-6.3534794!3.0!4!2!00:00!2023-06-11!00:00!2023-06-09!Voleibol Playa!5!10!00:00!00:00!Esperando Jugadores!1;1!qed!36.6228636,-6.3599595!123.0!23!17!20:12!2023-04-05!07:03!2023-04-28!Voleibol!1!1!2:3!3:3!Cancelado!0;5!Playa!36.67826185,-6.110059436817895!0.0!4!2!00:00!2023-05-28!00:00!2023-05-27!Futbol 11!2!2!00:00!00:00!Cancelado!0;4!Volei!36.7355451,-6.4348221!0.0!4!2!00:00!2023-05-28!00:00!2023-05-27!Voleibol Playa!5!5!00:00!00:00!Cancelado!1;10!Prueba liga!36.6228636,-6.3599595!157.5!4!2!00:00!2023-06-11!00:00!2023-06-04!Futbol 11!10!5!00:00!00:00!Cancelado!0;3!Liguilla!36.5286856,-6.1902161!0.0!4!2!00:00!2023-05-28!00:00!2023-05-27!Futbol 11!7!15!00:00!00:00!Cancelado!0;
[05/06/2023 20:08:58] 1-123:CLI-GIVETOURNAMENTS-ORGANIZER
[05/06/2023 20:08:58] 1-123:SEV-SEND-YOUR-TOURNAMENTS;Prueba!36.4210849486101,-6.13348387670698!15.0!4!2!15:00!2023-04-04!15:00!2023-04-19!Futbol 11!Jugandose!4!1;Pachangeo !36.6816936,-6.1377402!5.0!4!3!00:00!2023-06-30!00:00!2023-06-09!Voleibol Playa!Esperando Jugadores!1!23;Rota!36.6228636,-6.3599595!0.0!4!3!00:00!2023-06-01!00:00!2023-06-11!Voleibol Playa!Esperando Jugadores!1!24;Prueba!36.63479325,-6.38725705210204!12.0!4!2!14:28!2023-04-05!17:28!2023-04-12!Futbol 11!Cancelado!0!5;23!36.67826185,-6.110059436817895!0.0!4!2!18:00!2023-05-16!19:28!2023-05-14!Futbol 7!Cancelado!0!16;ADADA!36.7355451,-6.4348221!123.0!4!2!15:00!2023-04-12!21:07!2023-04-21!Futbol 11!Cancelado!0!6;21!36.294487399999994,-6.092790754888084!0.0!4!2!00:00!2023-05-19!00:00!2023-05-28!Futbol Sala!Cancelado!0!11;123!36.6228636,-6.3599595!2.0!4!2!15:00!2023-03-28!00:00!2023-04-21!Futbol 11!Cancelado!0!7;123!36.63479325,-6.38725705210204!10.0!4!3!00:00!2023-05-22!00:00!2023-05-26!Futbol Sala!Cancelado!0!20;prueba!36.67826185,-6.110059436817895!0.0!4!2!00:00!2023-05-15!19:34!2023-05-14!Futbol 11!Cancelado!0!14;123!36.63479325,-6.38725705210204!0.0!4!2!19:20!2023-05-16!19:20!2023-05-15!Voleibol!Cancelado!0!12;13!36.6228636,-6.3599595!0.0!4!2!00:00!2023-05-27!19:00!2023-05-14!Futbol 11!Cancelado!0!15;DE LOCOS!36.63479325,-6.38725705210204!0.0!4!2!08:00!2023-05-21!19:20!2023-05-14!Voleibol!Cancelado!0!13;123!36.67826185,-6.110059436817895!0.0!4!2!00:00!2023-05-21!19:28!2023-05-14!Futbol 11!Cancelado!0!17;x!36.6228636,-6.3599595!0.0!4!2!00:00!2023-06-11!00:00!2023-06-11!Voleibol Playa!Cancelado!1!9;123!36.6228636,-6.3599595!0.0!4!2!00:00!2023-05-20!19:29!2023-05-14!Futbol 11!Cancelado!0!18;Pachangeo!36.6816936,-6.1377402!5.0!4!3!00:00!2023-05-31!00:00!2023-05-24!Voleibol Playa!Cancelado!0!22;213!36.6228636,-6.3599595!0.0!4!3!00:00!2023-05-03!00:00!2023-05-25!Futbol 11!Cancelado!0!19;Prueba!36.4210849486101, -6.13348387670698!15.2!4!2!15:00!2023-04-04!15:00!2023-04-19!Futbol 11!Cancelado!0!2;Prueba!36.7355451,-6.4348221!0.0!4!3!00:00!2023-05-31!00:00!2023-05-29!Futbol 11!Cancelado!0!21;213!36.4210849486101, -6.13348387670698!123.0!4!2!15:00!2023-04-07!12:34!2023-04-13!Futbol 11!Cancelado!0!3;123!36.6204069,-6.3620778!123.3!4!3!00:00!2023-06-04!00:00!2023-06-03!Futbol 11!Cancelado!0!25;123!36.63479325,-6.38725705210204!123.0!4!2!15:00!2023-04-01!11:15!2023-04-05!Futbol 11!Cancelado!0!4;nose!36.6228636,-6.3599595!25.0!4!3!00:00!2023-06-04!00:00!2023-06-03!Futbol 11!Cancelado!0!26;
[05/06/2023 20:09:05] 1-123:CLI-EXIT
[05/06/2023 20:09:05] 1-123:SE HA DESCONECTADO
[05/06/2023 20:11:00] Se ha conectado un cliente
[05/06/2023 20:11:07] 0-:CLI-LOGIN;123;123;ORGANIZADOR
[05/06/2023 20:11:07] 1-123:SEV-LOGIN-OK-ADMIN;1;123
[05/06/2023 20:11:08] 1-123:CLI-GIVETOURNAMENTS-ORGANIZER
[05/06/2023 20:11:09] 1-123:SEV-SEND-YOUR-TOURNAMENTS;Prueba!36.4210849486101,-6.13348387670698!15.0!4!2!15:00!2023-04-04!15:00!2023-04-19!Futbol 11!Jugandose!4!1;Pachangeo !36.6816936,-6.1377402!5.0!4!3!00:00!2023-06-30!00:00!2023-06-09!Voleibol Playa!Esperando Jugadores!1!23;Rota!36.6228636,-6.3599595!0.0!4!3!00:00!2023-06-01!00:00!2023-06-11!Voleibol Playa!Esperando Jugadores!1!24;Prueba!36.63479325,-6.38725705210204!12.0!4!2!14:28!2023-04-05!17:28!2023-04-12!Futbol 11!Cancelado!0!5;23!36.67826185,-6.110059436817895!0.0!4!2!18:00!2023-05-16!19:28!2023-05-14!Futbol 7!Cancelado!0!16;ADADA!36.7355451,-6.4348221!123.0!4!2!15:00!2023-04-12!21:07!2023-04-21!Futbol 11!Cancelado!0!6;21!36.294487399999994,-6.092790754888084!0.0!4!2!00:00!2023-05-19!00:00!2023-05-28!Futbol Sala!Cancelado!0!11;123!36.6228636,-6.3599595!2.0!4!2!15:00!2023-03-28!00:00!2023-04-21!Futbol 11!Cancelado!0!7;123!36.63479325,-6.38725705210204!10.0!4!3!00:00!2023-05-22!00:00!2023-05-26!Futbol Sala!Cancelado!0!20;prueba!36.67826185,-6.110059436817895!0.0!4!2!00:00!2023-05-15!19:34!2023-05-14!Futbol 11!Cancelado!0!14;123!36.63479325,-6.38725705210204!0.0!4!2!19:20!2023-05-16!19:20!2023-05-15!Voleibol!Cancelado!0!12;13!36.6228636,-6.3599595!0.0!4!2!00:00!2023-05-27!19:00!2023-05-14!Futbol 11!Cancelado!0!15;DE LOCOS!36.63479325,-6.38725705210204!0.0!4!2!08:00!2023-05-21!19:20!2023-05-14!Voleibol!Cancelado!0!13;123!36.67826185,-6.110059436817895!0.0!4!2!00:00!2023-05-21!19:28!2023-05-14!Futbol 11!Cancelado!0!17;x!36.6228636,-6.3599595!0.0!4!2!00:00!2023-06-11!00:00!2023-06-11!Voleibol Playa!Cancelado!1!9;123!36.6228636,-6.3599595!0.0!4!2!00:00!2023-05-20!19:29!2023-05-14!Futbol 11!Cancelado!0!18;Pachangeo!36.6816936,-6.1377402!5.0!4!3!00:00!2023-05-31!00:00!2023-05-24!Voleibol Playa!Cancelado!0!22;213!36.6228636,-6.3599595!0.0!4!3!00:00!2023-05-03!00:00!2023-05-25!Futbol 11!Cancelado!0!19;Prueba!36.4210849486101, -6.13348387670698!15.2!4!2!15:00!2023-04-04!15:00!2023-04-19!Futbol 11!Cancelado!0!2;Prueba!36.7355451,-6.4348221!0.0!4!3!00:00!2023-05-31!00:00!2023-05-29!Futbol 11!Cancelado!0!21;213!36.4210849486101, -6.13348387670698!123.0!4!2!15:00!2023-04-07!12:34!2023-04-13!Futbol 11!Cancelado!0!3;123!36.6204069,-6.3620778!123.3!4!3!00:00!2023-06-04!00:00!2023-06-03!Futbol 11!Cancelado!0!25;123!36.63479325,-6.38725705210204!123.0!4!2!15:00!2023-04-01!11:15!2023-04-05!Futbol 11!Cancelado!0!4;nose!36.6228636,-6.3599595!25.0!4!3!00:00!2023-06-04!00:00!2023-06-03!Futbol 11!Cancelado!0!26;
[05/06/2023 20:11:10] 1-123:CLI-GIVELIGUES-ORGANIZER
[05/06/2023 20:11:10] 1-123:SEV-SEND-YOUR-LIGUES;2!Jere!36.6816936,-6.1377402!12.0!5!3!02:00!2023-04-12!06:00!2023-03-29!Futbol 11!12!12!04:00!07:00!Jugandose!4;9!gratis!36.6228636,-6.3599595!0.0!4!2!00:00!2023-06-02!00:00!2023-06-10!Voleibol Playa!2!2!00:00!00:00!Esperando Jugadores!1;6!Liguilla!36.7355451,-6.4348221!2.0!4!2!00:00!2023-06-11!00:00!2023-06-09!Voleibol!7!10!00:00!04:00!Esperando Jugadores!0;8!Gratis!36.6228636,-6.3599595!0.0!4!2!00:00!2023-06-01!00:00!2023-06-09!Futbol 11!2!2!00:00!00:00!Esperando Jugadores!0;7!Ademas!36.7761393,-6.3534794!3.0!4!2!00:00!2023-06-11!00:00!2023-06-09!Voleibol Playa!5!10!00:00!00:00!Esperando Jugadores!1;1!qed!36.6228636,-6.3599595!123.0!23!17!20:12!2023-04-05!07:03!2023-04-28!Voleibol!1!1!2:3!3:3!Cancelado!0;5!Playa!36.67826185,-6.110059436817895!0.0!4!2!00:00!2023-05-28!00:00!2023-05-27!Futbol 11!2!2!00:00!00:00!Cancelado!0;4!Volei!36.7355451,-6.4348221!0.0!4!2!00:00!2023-05-28!00:00!2023-05-27!Voleibol Playa!5!5!00:00!00:00!Cancelado!1;10!Prueba liga!36.6228636,-6.3599595!157.5!4!2!00:00!2023-06-11!00:00!2023-06-04!Futbol 11!10!5!00:00!00:00!Cancelado!0;3!Liguilla!36.5286856,-6.1902161!0.0!4!2!00:00!2023-05-28!00:00!2023-05-27!Futbol 11!7!15!00:00!00:00!Cancelado!0;
[05/06/2023 20:11:11] 1-123:CLI-GIVETOURNAMENTS-ORGANIZER
[05/06/2023 20:11:11] 1-123:SEV-SEND-YOUR-TOURNAMENTS;Prueba!36.4210849486101,-6.13348387670698!15.0!4!2!15:00!2023-04-04!15:00!2023-04-19!Futbol 11!Jugandose!4!1;Pachangeo !36.6816936,-6.1377402!5.0!4!3!00:00!2023-06-30!00:00!2023-06-09!Voleibol Playa!Esperando Jugadores!1!23;Rota!36.6228636,-6.3599595!0.0!4!3!00:00!2023-06-01!00:00!2023-06-11!Voleibol Playa!Esperando Jugadores!1!24;Prueba!36.63479325,-6.38725705210204!12.0!4!2!14:28!2023-04-05!17:28!2023-04-12!Futbol 11!Cancelado!0!5;23!36.67826185,-6.110059436817895!0.0!4!2!18:00!2023-05-16!19:28!2023-05-14!Futbol 7!Cancelado!0!16;ADADA!36.7355451,-6.4348221!123.0!4!2!15:00!2023-04-12!21:07!2023-04-21!Futbol 11!Cancelado!0!6;21!36.294487399999994,-6.092790754888084!0.0!4!2!00:00!2023-05-19!00:00!2023-05-28!Futbol Sala!Cancelado!0!11;123!36.6228636,-6.3599595!2.0!4!2!15:00!2023-03-28!00:00!2023-04-21!Futbol 11!Cancelado!0!7;123!36.63479325,-6.38725705210204!10.0!4!3!00:00!2023-05-22!00:00!2023-05-26!Futbol Sala!Cancelado!0!20;prueba!36.67826185,-6.110059436817895!0.0!4!2!00:00!2023-05-15!19:34!2023-05-14!Futbol 11!Cancelado!0!14;123!36.63479325,-6.38725705210204!0.0!4!2!19:20!2023-05-16!19:20!2023-05-15!Voleibol!Cancelado!0!12;13!36.6228636,-6.3599595!0.0!4!2!00:00!2023-05-27!19:00!2023-05-14!Futbol 11!Cancelado!0!15;DE LOCOS!36.63479325,-6.38725705210204!0.0!4!2!08:00!2023-05-21!19:20!2023-05-14!Voleibol!Cancelado!0!13;123!36.67826185,-6.110059436817895!0.0!4!2!00:00!2023-05-21!19:28!2023-05-14!Futbol 11!Cancelado!0!17;x!36.6228636,-6.3599595!0.0!4!2!00:00!2023-06-11!00:00!2023-06-11!Voleibol Playa!Cancelado!1!9;123!36.6228636,-6.3599595!0.0!4!2!00:00!2023-05-20!19:29!2023-05-14!Futbol 11!Cancelado!0!18;Pachangeo!36.6816936,-6.1377402!5.0!4!3!00:00!2023-05-31!00:00!2023-05-24!Voleibol Playa!Cancelado!0!22;213!36.6228636,-6.3599595!0.0!4!3!00:00!2023-05-03!00:00!2023-05-25!Futbol 11!Cancelado!0!19;Prueba!36.4210849486101, -6.13348387670698!15.2!4!2!15:00!2023-04-04!15:00!2023-04-19!Futbol 11!Cancelado!0!2;Prueba!36.7355451,-6.4348221!0.0!4!3!00:00!2023-05-31!00:00!2023-05-29!Futbol 11!Cancelado!0!21;213!36.4210849486101, -6.13348387670698!123.0!4!2!15:00!2023-04-07!12:34!2023-04-13!Futbol 11!Cancelado!0!3;123!36.6204069,-6.3620778!123.3!4!3!00:00!2023-06-04!00:00!2023-06-03!Futbol 11!Cancelado!0!25;123!36.63479325,-6.38725705210204!123.0!4!2!15:00!2023-04-01!11:15!2023-04-05!Futbol 11!Cancelado!0!4;nose!36.6228636,-6.3599595!25.0!4!3!00:00!2023-06-04!00:00!2023-06-03!Futbol 11!Cancelado!0!26;
[05/06/2023 20:11:13] 1-123:CLI-GIVELIGUES-ORGANIZER
[05/06/2023 20:11:13] 1-123:SEV-SEND-YOUR-LIGUES;2!Jere!36.6816936,-6.1377402!12.0!5!3!02:00!2023-04-12!06:00!2023-03-29!Futbol 11!12!12!04:00!07:00!Jugandose!4;9!gratis!36.6228636,-6.3599595!0.0!4!2!00:00!2023-06-02!00:00!2023-06-10!Voleibol Playa!2!2!00:00!00:00!Esperando Jugadores!1;6!Liguilla!36.7355451,-6.4348221!2.0!4!2!00:00!2023-06-11!00:00!2023-06-09!Voleibol!7!10!00:00!04:00!Esperando Jugadores!0;8!Gratis!36.6228636,-6.3599595!0.0!4!2!00:00!2023-06-01!00:00!2023-06-09!Futbol 11!2!2!00:00!00:00!Esperando Jugadores!0;7!Ademas!36.7761393,-6.3534794!3.0!4!2!00:00!2023-06-11!00:00!2023-06-09!Voleibol Playa!5!10!00:00!00:00!Esperando Jugadores!1;1!qed!36.6228636,-6.3599595!123.0!23!17!20:12!2023-04-05!07:03!2023-04-28!Voleibol!1!1!2:3!3:3!Cancelado!0;5!Playa!36.67826185,-6.110059436817895!0.0!4!2!00:00!2023-05-28!00:00!2023-05-27!Futbol 11!2!2!00:00!00:00!Cancelado!0;4!Volei!36.7355451,-6.4348221!0.0!4!2!00:00!2023-05-28!00:00!2023-05-27!Voleibol Playa!5!5!00:00!00:00!Cancelado!1;10!Prueba liga!36.6228636,-6.3599595!157.5!4!2!00:00!2023-06-11!00:00!2023-06-04!Futbol 11!10!5!00:00!00:00!Cancelado!0;3!Liguilla!36.5286856,-6.1902161!0.0!4!2!00:00!2023-05-28!00:00!2023-05-27!Futbol 11!7!15!00:00!00:00!Cancelado!0;
[05/06/2023 20:11:15] 1-123:CLI-GIVETOURNAMENTS-ORGANIZER
[05/06/2023 20:11:15] 1-123:SEV-SEND-YOUR-TOURNAMENTS;Prueba!36.4210849486101,-6.13348387670698!15.0!4!2!15:00!2023-04-04!15:00!2023-04-19!Futbol 11!Jugandose!4!1;Pachangeo !36.6816936,-6.1377402!5.0!4!3!00:00!2023-06-30!00:00!2023-06-09!Voleibol Playa!Esperando Jugadores!1!23;Rota!36.6228636,-6.3599595!0.0!4!3!00:00!2023-06-01!00:00!2023-06-11!Voleibol Playa!Esperando Jugadores!1!24;Prueba!36.63479325,-6.38725705210204!12.0!4!2!14:28!2023-04-05!17:28!2023-04-12!Futbol 11!Cancelado!0!5;23!36.67826185,-6.110059436817895!0.0!4!2!18:00!2023-05-16!19:28!2023-05-14!Futbol 7!Cancelado!0!16;ADADA!36.7355451,-6.4348221!123.0!4!2!15:00!2023-04-12!21:07!2023-04-21!Futbol 11!Cancelado!0!6;21!36.294487399999994,-6.092790754888084!0.0!4!2!00:00!2023-05-19!00:00!2023-05-28!Futbol Sala!Cancelado!0!11;123!36.6228636,-6.3599595!2.0!4!2!15:00!2023-03-28!00:00!2023-04-21!Futbol 11!Cancelado!0!7;123!36.63479325,-6.38725705210204!10.0!4!3!00:00!2023-05-22!00:00!2023-05-26!Futbol Sala!Cancelado!0!20;prueba!36.67826185,-6.110059436817895!0.0!4!2!00:00!2023-05-15!19:34!2023-05-14!Futbol 11!Cancelado!0!14;123!36.63479325,-6.38725705210204!0.0!4!2!19:20!2023-05-16!19:20!2023-05-15!Voleibol!Cancelado!0!12;13!36.6228636,-6.3599595!0.0!4!2!00:00!2023-05-27!19:00!2023-05-14!Futbol 11!Cancelado!0!15;DE LOCOS!36.63479325,-6.38725705210204!0.0!4!2!08:00!2023-05-21!19:20!2023-05-14!Voleibol!Cancelado!0!13;123!36.67826185,-6.110059436817895!0.0!4!2!00:00!2023-05-21!19:28!2023-05-14!Futbol 11!Cancelado!0!17;x!36.6228636,-6.3599595!0.0!4!2!00:00!2023-06-11!00:00!2023-06-11!Voleibol Playa!Cancelado!1!9;123!36.6228636,-6.3599595!0.0!4!2!00:00!2023-05-20!19:29!2023-05-14!Futbol 11!Cancelado!0!18;Pachangeo!36.6816936,-6.1377402!5.0!4!3!00:00!2023-05-31!00:00!2023-05-24!Voleibol Playa!Cancelado!0!22;213!36.6228636,-6.3599595!0.0!4!3!00:00!2023-05-03!00:00!2023-05-25!Futbol 11!Cancelado!0!19;Prueba!36.4210849486101, -6.13348387670698!15.2!4!2!15:00!2023-04-04!15:00!2023-04-19!Futbol 11!Cancelado!0!2;Prueba!36.7355451,-6.4348221!0.0!4!3!00:00!2023-05-31!00:00!2023-05-29!Futbol 11!Cancelado!0!21;213!36.4210849486101, -6.13348387670698!123.0!4!2!15:00!2023-04-07!12:34!2023-04-13!Futbol 11!Cancelado!0!3;123!36.6204069,-6.3620778!123.3!4!3!00:00!2023-06-04!00:00!2023-06-03!Futbol 11!Cancelado!0!25;123!36.63479325,-6.38725705210204!123.0!4!2!15:00!2023-04-01!11:15!2023-04-05!Futbol 11!Cancelado!0!4;nose!36.6228636,-6.3599595!25.0!4!3!00:00!2023-06-04!00:00!2023-06-03!Futbol 11!Cancelado!0!26;
[05/06/2023 20:11:17] 1-123:CLI-GIVELIGUES-ORGANIZER
[05/06/2023 20:11:17] 1-123:SEV-SEND-YOUR-LIGUES;2!Jere!36.6816936,-6.1377402!12.0!5!3!02:00!2023-04-12!06:00!2023-03-29!Futbol 11!12!12!04:00!07:00!Jugandose!4;9!gratis!36.6228636,-6.3599595!0.0!4!2!00:00!2023-06-02!00:00!2023-06-10!Voleibol Playa!2!2!00:00!00:00!Esperando Jugadores!1;6!Liguilla!36.7355451,-6.4348221!2.0!4!2!00:00!2023-06-11!00:00!2023-06-09!Voleibol!7!10!00:00!04:00!Esperando Jugadores!0;8!Gratis!36.6228636,-6.3599595!0.0!4!2!00:00!2023-06-01!00:00!2023-06-09!Futbol 11!2!2!00:00!00:00!Esperando Jugadores!0;7!Ademas!36.7761393,-6.3534794!3.0!4!2!00:00!2023-06-11!00:00!2023-06-09!Voleibol Playa!5!10!00:00!00:00!Esperando Jugadores!1;1!qed!36.6228636,-6.3599595!123.0!23!17!20:12!2023-04-05!07:03!2023-04-28!Voleibol!1!1!2:3!3:3!Cancelado!0;5!Playa!36.67826185,-6.110059436817895!0.0!4!2!00:00!2023-05-28!00:00!2023-05-27!Futbol 11!2!2!00:00!00:00!Cancelado!0;4!Volei!36.7355451,-6.4348221!0.0!4!2!00:00!2023-05-28!00:00!2023-05-27!Voleibol Playa!5!5!00:00!00:00!Cancelado!1;10!Prueba liga!36.6228636,-6.3599595!157.5!4!2!00:00!2023-06-11!00:00!2023-06-04!Futbol 11!10!5!00:00!00:00!Cancelado!0;3!Liguilla!36.5286856,-6.1902161!0.0!4!2!00:00!2023-05-28!00:00!2023-05-27!Futbol 11!7!15!00:00!00:00!Cancelado!0;
[05/06/2023 20:11:18] 1-123:CLI-USER-MAIL
[05/06/2023 20:11:18] 1-123:SEV-USER-MAIL-OK;adafa@gmail.com
[05/06/2023 20:11:20] 1-123:CLI-GIVETOURNAMENTS-ORGANIZER
[05/06/2023 20:11:20] 1-123:SEV-SEND-YOUR-TOURNAMENTS;Prueba!36.4210849486101,-6.13348387670698!15.0!4!2!15:00!2023-04-04!15:00!2023-04-19!Futbol 11!Jugandose!4!1;Pachangeo !36.6816936,-6.1377402!5.0!4!3!00:00!2023-06-30!00:00!2023-06-09!Voleibol Playa!Esperando Jugadores!1!23;Rota!36.6228636,-6.3599595!0.0!4!3!00:00!2023-06-01!00:00!2023-06-11!Voleibol Playa!Esperando Jugadores!1!24;Prueba!36.63479325,-6.38725705210204!12.0!4!2!14:28!2023-04-05!17:28!2023-04-12!Futbol 11!Cancelado!0!5;23!36.67826185,-6.110059436817895!0.0!4!2!18:00!2023-05-16!19:28!2023-05-14!Futbol 7!Cancelado!0!16;ADADA!36.7355451,-6.4348221!123.0!4!2!15:00!2023-04-12!21:07!2023-04-21!Futbol 11!Cancelado!0!6;21!36.294487399999994,-6.092790754888084!0.0!4!2!00:00!2023-05-19!00:00!2023-05-28!Futbol Sala!Cancelado!0!11;123!36.6228636,-6.3599595!2.0!4!2!15:00!2023-03-28!00:00!2023-04-21!Futbol 11!Cancelado!0!7;123!36.63479325,-6.38725705210204!10.0!4!3!00:00!2023-05-22!00:00!2023-05-26!Futbol Sala!Cancelado!0!20;prueba!36.67826185,-6.110059436817895!0.0!4!2!00:00!2023-05-15!19:34!2023-05-14!Futbol 11!Cancelado!0!14;123!36.63479325,-6.38725705210204!0.0!4!2!19:20!2023-05-16!19:20!2023-05-15!Voleibol!Cancelado!0!12;13!36.6228636,-6.3599595!0.0!4!2!00:00!2023-05-27!19:00!2023-05-14!Futbol 11!Cancelado!0!15;DE LOCOS!36.63479325,-6.38725705210204!0.0!4!2!08:00!2023-05-21!19:20!2023-05-14!Voleibol!Cancelado!0!13;123!36.67826185,-6.110059436817895!0.0!4!2!00:00!2023-05-21!19:28!2023-05-14!Futbol 11!Cancelado!0!17;x!36.6228636,-6.3599595!0.0!4!2!00:00!2023-06-11!00:00!2023-06-11!Voleibol Playa!Cancelado!1!9;123!36.6228636,-6.3599595!0.0!4!2!00:00!2023-05-20!19:29!2023-05-14!Futbol 11!Cancelado!0!18;Pachangeo!36.6816936,-6.1377402!5.0!4!3!00:00!2023-05-31!00:00!2023-05-24!Voleibol Playa!Cancelado!0!22;213!36.6228636,-6.3599595!0.0!4!3!00:00!2023-05-03!00:00!2023-05-25!Futbol 11!Cancelado!0!19;Prueba!36.4210849486101, -6.13348387670698!15.2!4!2!15:00!2023-04-04!15:00!2023-04-19!Futbol 11!Cancelado!0!2;Prueba!36.7355451,-6.4348221!0.0!4!3!00:00!2023-05-31!00:00!2023-05-29!Futbol 11!Cancelado!0!21;213!36.4210849486101, -6.13348387670698!123.0!4!2!15:00!2023-04-07!12:34!2023-04-13!Futbol 11!Cancelado!0!3;123!36.6204069,-6.3620778!123.3!4!3!00:00!2023-06-04!00:00!2023-06-03!Futbol 11!Cancelado!0!25;123!36.63479325,-6.38725705210204!123.0!4!2!15:00!2023-04-01!11:15!2023-04-05!Futbol 11!Cancelado!0!4;nose!36.6228636,-6.3599595!25.0!4!3!00:00!2023-06-04!00:00!2023-06-03!Futbol 11!Cancelado!0!26;
[05/06/2023 20:11:21] 1-123:CLI-USER-MAIL
[05/06/2023 20:11:21] 1-123:SEV-USER-MAIL-OK;adafa@gmail.com
[05/06/2023 20:11:22] 1-123:CLI-GIVELIGUES-ORGANIZER
[05/06/2023 20:11:22] 1-123:SEV-SEND-YOUR-LIGUES;2!Jere!36.6816936,-6.1377402!12.0!5!3!02:00!2023-04-12!06:00!2023-03-29!Futbol 11!12!12!04:00!07:00!Jugandose!4;9!gratis!36.6228636,-6.3599595!0.0!4!2!00:00!2023-06-02!00:00!2023-06-10!Voleibol Playa!2!2!00:00!00:00!Esperando Jugadores!1;6!Liguilla!36.7355451,-6.4348221!2.0!4!2!00:00!2023-06-11!00:00!2023-06-09!Voleibol!7!10!00:00!04:00!Esperando Jugadores!0;8!Gratis!36.6228636,-6.3599595!0.0!4!2!00:00!2023-06-01!00:00!2023-06-09!Futbol 11!2!2!00:00!00:00!Esperando Jugadores!0;7!Ademas!36.7761393,-6.3534794!3.0!4!2!00:00!2023-06-11!00:00!2023-06-09!Voleibol Playa!5!10!00:00!00:00!Esperando Jugadores!1;1!qed!36.6228636,-6.3599595!123.0!23!17!20:12!2023-04-05!07:03!2023-04-28!Voleibol!1!1!2:3!3:3!Cancelado!0;5!Playa!36.67826185,-6.110059436817895!0.0!4!2!00:00!2023-05-28!00:00!2023-05-27!Futbol 11!2!2!00:00!00:00!Cancelado!0;4!Volei!36.7355451,-6.4348221!0.0!4!2!00:00!2023-05-28!00:00!2023-05-27!Voleibol Playa!5!5!00:00!00:00!Cancelado!1;10!Prueba liga!36.6228636,-6.3599595!157.5!4!2!00:00!2023-06-11!00:00!2023-06-04!Futbol 11!10!5!00:00!00:00!Cancelado!0;3!Liguilla!36.5286856,-6.1902161!0.0!4!2!00:00!2023-05-28!00:00!2023-05-27!Futbol 11!7!15!00:00!00:00!Cancelado!0;
[05/06/2023 20:11:23] 1-123:CLI-USER-MAIL
[05/06/2023 20:11:23] 1-123:SEV-USER-MAIL-OK;adafa@gmail.com
[05/06/2023 20:11:36] 1-123:CLI-TEAMSLIGUE;6
[05/06/2023 20:11:36] 1-123:SEV-YOURTEAMSLIGUE;
[05/06/2023 20:11:41] 1-123:CLI-GIVELIGUES-ORGANIZER
[05/06/2023 20:11:42] 1-123:SEV-SEND-YOUR-LIGUES;2!Jere!36.6816936,-6.1377402!12.0!5!3!02:00!2023-04-12!06:00!2023-03-29!Futbol 11!12!12!04:00!07:00!Jugandose!4;9!gratis!36.6228636,-6.3599595!0.0!4!2!00:00!2023-06-02!00:00!2023-06-10!Voleibol Playa!2!2!00:00!00:00!Esperando Jugadores!1;6!Liguilla!36.7355451,-6.4348221!2.0!4!2!00:00!2023-06-11!00:00!2023-06-09!Voleibol!7!10!00:00!04:00!Esperando Jugadores!0;8!Gratis!36.6228636,-6.3599595!0.0!4!2!00:00!2023-06-01!00:00!2023-06-09!Futbol 11!2!2!00:00!00:00!Esperando Jugadores!0;7!Ademas!36.7761393,-6.3534794!3.0!4!2!00:00!2023-06-11!00:00!2023-06-09!Voleibol Playa!5!10!00:00!00:00!Esperando Jugadores!1;1!qed!36.6228636,-6.3599595!123.0!23!17!20:12!2023-04-05!07:03!2023-04-28!Voleibol!1!1!2:3!3:3!Cancelado!0;5!Playa!36.67826185,-6.110059436817895!0.0!4!2!00:00!2023-05-28!00:00!2023-05-27!Futbol 11!2!2!00:00!00:00!Cancelado!0;4!Volei!36.7355451,-6.4348221!0.0!4!2!00:00!2023-05-28!00:00!2023-05-27!Voleibol Playa!5!5!00:00!00:00!Cancelado!1;10!Prueba liga!36.6228636,-6.3599595!157.5!4!2!00:00!2023-06-11!00:00!2023-06-04!Futbol 11!10!5!00:00!00:00!Cancelado!0;3!Liguilla!36.5286856,-6.1902161!0.0!4!2!00:00!2023-05-28!00:00!2023-05-27!Futbol 11!7!15!00:00!00:00!Cancelado!0;
[05/06/2023 20:11:44] 1-123:CLI-TEAMSLIGUE;2
[05/06/2023 20:11:44] 1-123:SEV-YOURTEAMSLIGUE;ELIMINADO:123:123!;ELIMINADO:124:;ELIMINADO:124:;122:111:123!x!111!;
[05/06/2023 20:11:46] 1-123:CLI-LIGUES-NUMBER-ROUND;2
[05/06/2023 20:11:46] 1-123:SEV-LIGUES-NUMBER-ROUND-OK;6
[05/06/2023 20:11:46] 1-123:CLI-LIGUES-ROUND-DATE;2;1
[05/06/2023 20:11:46] 1-123:SEV-LIGUES-ROUND-DATE-OK;1/122/3/ELIMINADO/1/2023-04-12/04:00!2/ELIMINADO/?/ELIMINADO/?/2023-04-12/04:12!
[05/06/2023 20:11:47] 1-123:CLI-LIGUES-SCORE;2
[05/06/2023 20:11:47] 1-123:SEV-LIGUES-SCORE-OK;ELIMINADO:3:3:6:9:-3;ELIMINADO:4:7:15:10:5;ELIMINADO:2:3:25:9:16;122:4:7:10:28:-18;
[05/06/2023 20:11:54] 1-123:CLI-LIGUES-NUMBER-ROUND;2
[05/06/2023 20:11:54] 1-123:SEV-LIGUES-NUMBER-ROUND-OK;6
[05/06/2023 20:11:54] 1-123:CLI-LIGUES-ROUND-DATE;2;1
[05/06/2023 20:11:54] 1-123:SEV-LIGUES-ROUND-DATE-OK;1/122/3/ELIMINADO/1/2023-04-12/04:00!2/ELIMINADO/?/ELIMINADO/?/2023-04-12/04:12!
[05/06/2023 20:11:54] 1-123:CLI-TEAMSLIGUE;2
[05/06/2023 20:11:54] 1-123:SEV-YOURTEAMSLIGUE;ELIMINADO:123:123!;ELIMINADO:124:;ELIMINADO:124:;122:111:123!x!111!;
[05/06/2023 20:11:56] 1-123:CLI-EXIT
[05/06/2023 20:11:56] 1-123:SE HA DESCONECTADO
[05/06/2023 20:15:13] Se ha conectado un cliente
[05/06/2023 20:15:17] 0-:CLI-LOGIN;123;123;ORGANIZADOR
[05/06/2023 20:15:17] 1-123:SEV-LOGIN-OK-ADMIN;1;123
[05/06/2023 20:15:31] 1-123:CLI-EXIT
[05/06/2023 20:15:31] 1-123:SE HA DESCONECTADO
[05/06/2023 20:24:00] Se ha conectado un cliente
[05/06/2023 20:24:04] 0-:CLI-LOGIN;x;1;USUARIO
[05/06/2023 20:24:04] 14-x:SEV-LOGIN-OK-USER;14;x
[05/06/2023 20:24:04] 14-x:CLI-GAMES-USER
[05/06/2023 20:24:04] 14-x:SEV-GAMES-USER-OK;36.625305172189016,-6.3505710661411285!2023-05-24!12:00!2023-05-22!05:00!5.6!Futbol 11!Esperando Jugadores!22!3!1;
[05/06/2023 20:24:06] 14-x:CLI-GIVE-SPORTS
[05/06/2023 20:24:06] 14-x:SEV-SEND-SPORTS;Futbol 11:22;Futbol 7:14;Futbol Sala:10;Voleibol:12;Voleibol Playa:4;
[05/06/2023 20:24:44] 14-x:CLI-GAME-CREATE;36.73606212449951,-6.433982066810131;2023/06/28;01:00;2023/06/07;02:00;2;Voleibol
[05/06/2023 20:24:44] 14-x:SEV-GAME-CREATE-OK;2
[05/06/2023 20:24:44] 14-x:CLI-GAMES-USER
[05/06/2023 20:24:44] 14-x:SEV-GAMES-USER-OK;36.625305172189016,-6.3505710661411285!2023-05-24!12:00!2023-05-22!05:00!5.6!Futbol 11!Esperando Jugadores!22!3!1;36.73606212449951,-6.433982066810131!2023-06-28!01:00!2023-06-07!02:00!2.0!Voleibol!Esperando Jugadores!12!1!2;
[05/06/2023 20:24:49] 14-x:CLI-GAMES-AVAILABLE;36.6291107,-6.3701806;10
[05/06/2023 20:24:49] 14-x:SEV-GAMES-AVAILABLE-OK;36.625305172189016,-6.3505710661411285!2023-05-24!12:00!2023-05-22!05:00!5.6!Futbol 11!Esperando Jugadores!22!3!1;
[05/06/2023 20:24:49] 14-x:CLI-GAMES-AVAILABLE;36.6291107,-6.3701806;10
[05/06/2023 20:24:49] 14-x:SEV-GAMES-AVAILABLE-OK;36.625305172189016,-6.3505710661411285!2023-05-24!12:00!2023-05-22!05:00!5.6!Futbol 11!Esperando Jugadores!22!3!1;
[05/06/2023 20:24:51] 14-x:CLI-GAMES-AVAILABLE;36.6290645,-6.3702367;25
[05/06/2023 20:24:52] 14-x:SEV-GAMES-AVAILABLE-OK;36.625305172189016,-6.3505710661411285!2023-05-24!12:00!2023-05-22!05:00!5.6!Futbol 11!Esperando Jugadores!22!3!1;36.73606212449951,-6.433982066810131!2023-06-28!01:00!2023-06-07!02:00!2.0!Voleibol!Esperando Jugadores!12!1!2;
[05/06/2023 20:24:53] 14-x:CLI-GAMES-AVAILABLE;36.6290645,-6.3702367;10
[05/06/2023 20:24:53] 14-x:SEV-GAMES-AVAILABLE-OK;36.625305172189016,-6.3505710661411285!2023-05-24!12:00!2023-05-22!05:00!5.6!Futbol 11!Esperando Jugadores!22!3!1;
[05/06/2023 20:24:54] 14-x:CLI-GAMES-AVAILABLE;36.6290645,-6.3702367;5
[05/06/2023 20:24:54] 14-x:SEV-GAMES-AVAILABLE-OK;36.625305172189016,-6.3505710661411285!2023-05-24!12:00!2023-05-22!05:00!5.6!Futbol 11!Esperando Jugadores!22!3!1;
[05/06/2023 20:24:58] 14-x:CLI-GAMES-AVAILABLE;36.6290645,-6.3702367;10
[05/06/2023 20:24:58] 14-x:SEV-GAMES-AVAILABLE-OK;36.625305172189016,-6.3505710661411285!2023-05-24!12:00!2023-05-22!05:00!5.6!Futbol 11!Esperando Jugadores!22!3!1;
[05/06/2023 20:24:58] 14-x:CLI-GAMES-AVAILABLE;36.6290645,-6.3702367;25
[05/06/2023 20:24:58] 14-x:SEV-GAMES-AVAILABLE-OK;36.625305172189016,-6.3505710661411285!2023-05-24!12:00!2023-05-22!05:00!5.6!Futbol 11!Esperando Jugadores!22!3!1;36.73606212449951,-6.433982066810131!2023-06-28!01:00!2023-06-07!02:00!2.0!Voleibol!Esperando Jugadores!12!1!2;
[05/06/2023 20:25:00] 14-x:CLI-GAMES-AVAILABLE;36.6290645,-6.3702367;50
[05/06/2023 20:25:00] 14-x:SEV-GAMES-AVAILABLE-OK;36.625305172189016,-6.3505710661411285!2023-05-24!12:00!2023-05-22!05:00!5.6!Futbol 11!Esperando Jugadores!22!3!1;36.73606212449951,-6.433982066810131!2023-06-28!01:00!2023-06-07!02:00!2.0!Voleibol!Esperando Jugadores!12!1!2;
[05/06/2023 20:25:03] 14-x:CLI-GAMES-AVAILABLE;36.6290659,-6.3702313;25
[05/06/2023 20:25:03] 14-x:SEV-GAMES-AVAILABLE-OK;36.625305172189016,-6.3505710661411285!2023-05-24!12:00!2023-05-22!05:00!5.6!Futbol 11!Esperando Jugadores!22!3!1;36.73606212449951,-6.433982066810131!2023-06-28!01:00!2023-06-07!02:00!2.0!Voleibol!Esperando Jugadores!12!1!2;
[05/06/2023 20:25:03] 14-x:CLI-GAMES-AVAILABLE;36.6290659,-6.3702313;10
[05/06/2023 20:25:03] 14-x:SEV-GAMES-AVAILABLE-OK;36.625305172189016,-6.3505710661411285!2023-05-24!12:00!2023-05-22!05:00!5.6!Futbol 11!Esperando Jugadores!22!3!1;
[05/06/2023 20:26:38] 14-x:CLI-LIGUES-USER
[05/06/2023 20:26:38] 14-x:SEV-LIGUES-USER-OK;2!Jere!36.6816936,-6.1377402!12.0!5!3!02:00!2023-04-12!06:00!2023-03-29!Futbol 11!12!12!04:00!07:00!Jugandose!4;7!Ademas!36.7761393,-6.3534794!3.0!4!2!00:00!2023-06-11!00:00!2023-06-09!Voleibol Playa!5!10!00:00!00:00!Esperando Jugadores!1;9!gratis!36.6228636,-6.3599595!0.0!4!2!00:00!2023-06-02!00:00!2023-06-10!Voleibol Playa!2!2!00:00!00:00!Esperando Jugadores!1;
[05/06/2023 20:26:41] 14-x:CLI-LIGUES-AVAILABLE;36.6292618,-6.3700449;10
[05/06/2023 20:26:41] 14-x:SEV-LIGUES-AVAILABLE-OK;8!Gratis!36.6228636,-6.3599595!0.0!4!2!00:00!2023-06-01!00:00!2023-06-09!Futbol 11!2!2!00:00!00:00!Esperando Jugadores!0;9!gratis!36.6228636,-6.3599595!0.0!4!2!00:00!2023-06-02!00:00!2023-06-10!Voleibol Playa!2!2!00:00!00:00!Esperando Jugadores!1;
[05/06/2023 20:26:42] 14-x:CLI-LIGUES-AVAILABLE;36.6292618,-6.3700449;10
[05/06/2023 20:26:42] 14-x:SEV-LIGUES-AVAILABLE-OK;8!Gratis!36.6228636,-6.3599595!0.0!4!2!00:00!2023-06-01!00:00!2023-06-09!Futbol 11!2!2!00:00!00:00!Esperando Jugadores!0;9!gratis!36.6228636,-6.3599595!0.0!4!2!00:00!2023-06-02!00:00!2023-06-10!Voleibol Playa!2!2!00:00!00:00!Esperando Jugadores!1;
[05/06/2023 20:26:42] 14-x:CLI-LIGUES-AVAILABLE;36.6292618,-6.3700449;25
[05/06/2023 20:26:42] 14-x:SEV-LIGUES-AVAILABLE-OK;8!Gratis!36.6228636,-6.3599595!0.0!4!2!00:00!2023-06-01!00:00!2023-06-09!Futbol 11!2!2!00:00!00:00!Esperando Jugadores!0;9!gratis!36.6228636,-6.3599595!0.0!4!2!00:00!2023-06-02!00:00!2023-06-10!Voleibol Playa!2!2!00:00!00:00!Esperando Jugadores!1;6!Liguilla!36.7355451,-6.4348221!2.0!4!2!00:00!2023-06-11!00:00!2023-06-09!Voleibol!7!10!00:00!04:00!Esperando Jugadores!0;7!Ademas!36.7761393,-6.3534794!3.0!4!2!00:00!2023-06-11!00:00!2023-06-09!Voleibol Playa!5!10!00:00!00:00!Esperando Jugadores!1;
[05/06/2023 20:26:46] 14-x:CLI-LIGUES-AVAILABLE;36.6290805,-6.3702313;10
[05/06/2023 20:26:46] 14-x:SEV-LIGUES-AVAILABLE-OK;8!Gratis!36.6228636,-6.3599595!0.0!4!2!00:00!2023-06-01!00:00!2023-06-09!Futbol 11!2!2!00:00!00:00!Esperando Jugadores!0;9!gratis!36.6228636,-6.3599595!0.0!4!2!00:00!2023-06-02!00:00!2023-06-10!Voleibol Playa!2!2!00:00!00:00!Esperando Jugadores!1;
[05/06/2023 20:26:48] 14-x:CLI-LIGUES-AVAILABLE;36.6290805,-6.3702313;25
[05/06/2023 20:26:48] 14-x:SEV-LIGUES-AVAILABLE-OK;8!Gratis!36.6228636,-6.3599595!0.0!4!2!00:00!2023-06-01!00:00!2023-06-09!Futbol 11!2!2!00:00!00:00!Esperando Jugadores!0;9!gratis!36.6228636,-6.3599595!0.0!4!2!00:00!2023-06-02!00:00!2023-06-10!Voleibol Playa!2!2!00:00!00:00!Esperando Jugadores!1;6!Liguilla!36.7355451,-6.4348221!2.0!4!2!00:00!2023-06-11!00:00!2023-06-09!Voleibol!7!10!00:00!04:00!Esperando Jugadores!0;7!Ademas!36.7761393,-6.3534794!3.0!4!2!00:00!2023-06-11!00:00!2023-06-09!Voleibol Playa!5!10!00:00!00:00!Esperando Jugadores!1;
[05/06/2023 20:26:49] 14-x:CLI-LIGUES-AVAILABLE;36.6290558,-6.3702594;10
[05/06/2023 20:26:49] 14-x:SEV-LIGUES-AVAILABLE-OK;8!Gratis!36.6228636,-6.3599595!0.0!4!2!00:00!2023-06-01!00:00!2023-06-09!Futbol 11!2!2!00:00!00:00!Esperando Jugadores!0;9!gratis!36.6228636,-6.3599595!0.0!4!2!00:00!2023-06-02!00:00!2023-06-10!Voleibol Playa!2!2!00:00!00:00!Esperando Jugadores!1;
[05/06/2023 20:26:50] 14-x:CLI-LIGUES-AVAILABLE;36.6290558,-6.3702594;25
[05/06/2023 20:26:50] 14-x:SEV-LIGUES-AVAILABLE-OK;8!Gratis!36.6228636,-6.3599595!0.0!4!2!00:00!2023-06-01!00:00!2023-06-09!Futbol 11!2!2!00:00!00:00!Esperando Jugadores!0;9!gratis!36.6228636,-6.3599595!0.0!4!2!00:00!2023-06-02!00:00!2023-06-10!Voleibol Playa!2!2!00:00!00:00!Esperando Jugadores!1;6!Liguilla!36.7355451,-6.4348221!2.0!4!2!00:00!2023-06-11!00:00!2023-06-09!Voleibol!7!10!00:00!04:00!Esperando Jugadores!0;7!Ademas!36.7761393,-6.3534794!3.0!4!2!00:00!2023-06-11!00:00!2023-06-09!Voleibol Playa!5!10!00:00!00:00!Esperando Jugadores!1;
[05/06/2023 20:26:54] 14-x:CLI-LIGUES-AVAILABLE;36.6290558,-6.3702594;10
[05/06/2023 20:26:54] 14-x:SEV-LIGUES-AVAILABLE-OK;8!Gratis!36.6228636,-6.3599595!0.0!4!2!00:00!2023-06-01!00:00!2023-06-09!Futbol 11!2!2!00:00!00:00!Esperando Jugadores!0;9!gratis!36.6228636,-6.3599595!0.0!4!2!00:00!2023-06-02!00:00!2023-06-10!Voleibol Playa!2!2!00:00!00:00!Esperando Jugadores!1;
[05/06/2023 20:26:55] 14-x:CLI-LIGUES-AVAILABLE;36.6290558,-6.3702594;5
[05/06/2023 20:26:55] 14-x:SEV-LIGUES-AVAILABLE-OK;8!Gratis!36.6228636,-6.3599595!0.0!4!2!00:00!2023-06-01!00:00!2023-06-09!Futbol 11!2!2!00:00!00:00!Esperando Jugadores!0;9!gratis!36.6228636,-6.3599595!0.0!4!2!00:00!2023-06-02!00:00!2023-06-10!Voleibol Playa!2!2!00:00!00:00!Esperando Jugadores!1;
[05/06/2023 20:26:55] 14-x:CLI-LIGUES-AVAILABLE;36.6290558,-6.3702594;25
[05/06/2023 20:26:56] 14-x:SEV-LIGUES-AVAILABLE-OK;8!Gratis!36.6228636,-6.3599595!0.0!4!2!00:00!2023-06-01!00:00!2023-06-09!Futbol 11!2!2!00:00!00:00!Esperando Jugadores!0;9!gratis!36.6228636,-6.3599595!0.0!4!2!00:00!2023-06-02!00:00!2023-06-10!Voleibol Playa!2!2!00:00!00:00!Esperando Jugadores!1;6!Liguilla!36.7355451,-6.4348221!2.0!4!2!00:00!2023-06-11!00:00!2023-06-09!Voleibol!7!10!00:00!04:00!Esperando Jugadores!0;7!Ademas!36.7761393,-6.3534794!3.0!4!2!00:00!2023-06-11!00:00!2023-06-09!Voleibol Playa!5!10!00:00!00:00!Esperando Jugadores!1;
[05/06/2023 20:26:58] 14-x:CLI-LIGUES-AVAILABLE;36.6290558,-6.3702594;50
[05/06/2023 20:26:58] 14-x:SEV-LIGUES-AVAILABLE-OK;8!Gratis!36.6228636,-6.3599595!0.0!4!2!00:00!2023-06-01!00:00!2023-06-09!Futbol 11!2!2!00:00!00:00!Esperando Jugadores!0;9!gratis!36.6228636,-6.3599595!0.0!4!2!00:00!2023-06-02!00:00!2023-06-10!Voleibol Playa!2!2!00:00!00:00!Esperando Jugadores!1;6!Liguilla!36.7355451,-6.4348221!2.0!4!2!00:00!2023-06-11!00:00!2023-06-09!Voleibol!7!10!00:00!04:00!Esperando Jugadores!0;7!Ademas!36.7761393,-6.3534794!3.0!4!2!00:00!2023-06-11!00:00!2023-06-09!Voleibol Playa!5!10!00:00!00:00!Esperando Jugadores!1;
[05/06/2023 20:27:00] 14-x:CLI-LIGUES-AVAILABLE;36.6290558,-6.3702594;100
[05/06/2023 20:27:00] 14-x:SEV-LIGUES-AVAILABLE-OK;8!Gratis!36.6228636,-6.3599595!0.0!4!2!00:00!2023-06-01!00:00!2023-06-09!Futbol 11!2!2!00:00!00:00!Esperando Jugadores!0;9!gratis!36.6228636,-6.3599595!0.0!4!2!00:00!2023-06-02!00:00!2023-06-10!Voleibol Playa!2!2!00:00!00:00!Esperando Jugadores!1;6!Liguilla!36.7355451,-6.4348221!2.0!4!2!00:00!2023-06-11!00:00!2023-06-09!Voleibol!7!10!00:00!04:00!Esperando Jugadores!0;7!Ademas!36.7761393,-6.3534794!3.0!4!2!00:00!2023-06-11!00:00!2023-06-09!Voleibol Playa!5!10!00:00!00:00!Esperando Jugadores!1;
[05/06/2023 20:27:01] 14-x:CLI-GAMES-USER
[05/06/2023 20:27:01] 14-x:SEV-GAMES-USER-OK;36.625305172189016,-6.3505710661411285!2023-05-24!12:00!2023-05-22!05:00!5.6!Futbol 11!Esperando Jugadores!22!3!1;36.73606212449951,-6.433982066810131!2023-06-28!01:00!2023-06-07!02:00!2.0!Voleibol!Esperando Jugadores!12!1!2;
[05/06/2023 20:27:02] 14-x:CLI-GAMES-AVAILABLE;36.6290558,-6.3702594;10
[05/06/2023 20:27:02] 14-x:SEV-GAMES-AVAILABLE-OK;36.625305172189016,-6.3505710661411285!2023-05-24!12:00!2023-05-22!05:00!5.6!Futbol 11!Esperando Jugadores!22!3!1;
[05/06/2023 20:27:02] 14-x:CLI-GAMES-AVAILABLE;36.6290558,-6.3702594;10
[05/06/2023 20:27:02] 14-x:SEV-GAMES-AVAILABLE-OK;36.625305172189016,-6.3505710661411285!2023-05-24!12:00!2023-05-22!05:00!5.6!Futbol 11!Esperando Jugadores!22!3!1;
[05/06/2023 20:27:03] 14-x:CLI-GAMES-AVAILABLE;36.6290558,-6.3702594;25
[05/06/2023 20:27:03] 14-x:SEV-GAMES-AVAILABLE-OK;36.625305172189016,-6.3505710661411285!2023-05-24!12:00!2023-05-22!05:00!5.6!Futbol 11!Esperando Jugadores!22!3!1;36.73606212449951,-6.433982066810131!2023-06-28!01:00!2023-06-07!02:00!2.0!Voleibol!Esperando Jugadores!12!1!2;
[05/06/2023 20:27:05] 14-x:CLI-GAMES-AVAILABLE;36.6290558,-6.3702594;10
[05/06/2023 20:27:05] 14-x:SEV-GAMES-AVAILABLE-OK;36.625305172189016,-6.3505710661411285!2023-05-24!12:00!2023-05-22!05:00!5.6!Futbol 11!Esperando Jugadores!22!3!1;
[05/06/2023 20:27:08] 14-x:CLI-GAMES-AVAILABLE;36.6290558,-6.3702594;25
[05/06/2023 20:27:08] 14-x:SEV-GAMES-AVAILABLE-OK;36.625305172189016,-6.3505710661411285!2023-05-24!12:00!2023-05-22!05:00!5.6!Futbol 11!Esperando Jugadores!22!3!1;36.73606212449951,-6.433982066810131!2023-06-28!01:00!2023-06-07!02:00!2.0!Voleibol!Esperando Jugadores!12!1!2;
[05/06/2023 20:27:09] 14-x:CLI-GAMES-AVAILABLE;36.6290558,-6.3702594;10
[05/06/2023 20:27:09] 14-x:SEV-GAMES-AVAILABLE-OK;36.625305172189016,-6.3505710661411285!2023-05-24!12:00!2023-05-22!05:00!5.6!Futbol 11!Esperando Jugadores!22!3!1;
[05/06/2023 20:27:11] 14-x:CLI-GAMES-AVAILABLE;36.6290558,-6.3702594;5
[05/06/2023 20:27:11] 14-x:SEV-GAMES-AVAILABLE-OK;36.625305172189016,-6.3505710661411285!2023-05-24!12:00!2023-05-22!05:00!5.6!Futbol 11!Esperando Jugadores!22!3!1;
[05/06/2023 20:27:11] 14-x:CLI-GAMES-AVAILABLE;36.6290558,-6.3702594;10
[05/06/2023 20:27:11] 14-x:SEV-GAMES-AVAILABLE-OK;36.625305172189016,-6.3505710661411285!2023-05-24!12:00!2023-05-22!05:00!5.6!Futbol 11!Esperando Jugadores!22!3!1;
[05/06/2023 20:27:12] 14-x:CLI-GAMES-AVAILABLE;36.6290558,-6.3702594;25
[05/06/2023 20:27:12] 14-x:SEV-GAMES-AVAILABLE-OK;36.625305172189016,-6.3505710661411285!2023-05-24!12:00!2023-05-22!05:00!5.6!Futbol 11!Esperando Jugadores!22!3!1;36.73606212449951,-6.433982066810131!2023-06-28!01:00!2023-06-07!02:00!2.0!Voleibol!Esperando Jugadores!12!1!2;
[05/06/2023 20:27:13] 14-x:CLI-GAMES-AVAILABLE;36.6290558,-6.3702594;50
[05/06/2023 20:27:13] 14-x:SEV-GAMES-AVAILABLE-OK;36.625305172189016,-6.3505710661411285!2023-05-24!12:00!2023-05-22!05:00!5.6!Futbol 11!Esperando Jugadores!22!3!1;36.73606212449951,-6.433982066810131!2023-06-28!01:00!2023-06-07!02:00!2.0!Voleibol!Esperando Jugadores!12!1!2;
[05/06/2023 20:27:16] 14-x:CLI-TOURNAMENTS-USER
[05/06/2023 20:27:16] 14-x:SEV-TOURNAMENTS-USER-OK;Prueba!36.4210849486101,-6.13348387670698!15.0!4!2!15:00!2023-04-04!15:00!2023-04-19!Futbol 11!Jugandose!4!1;x!36.6228636,-6.3599595!0.0!4!2!00:00!2023-06-11!00:00!2023-06-11!Voleibol Playa!Esperando Jugadores!2!10;x!36.6228636,-6.3599595!0.0!4!2!00:00!2023-06-11!00:00!2023-06-11!Voleibol Playa!Esperando Jugadores!2!10;Pachangeo !36.6816936,-6.1377402!5.0!4!3!00:00!2023-06-30!00:00!2023-06-09!Voleibol Playa!Esperando Jugadores!1!23;Rota!36.6228636,-6.3599595!0.0!4!3!00:00!2023-06-01!00:00!2023-06-11!Voleibol Playa!Esperando Jugadores!1!24;
[05/06/2023 20:27:17] 14-x:CLI-TOURNAMENTS-AVAILABLE;36.6290558,-6.3702594;10
[05/06/2023 20:27:17] 14-x:SEV-TOURNAMENTS-AVAILABLE-OK;x!36.6228636,-6.3599595!0.0!4!2!00:00!2023-06-11!00:00!2023-06-11!Voleibol Playa!Esperando Jugadores!2!10;Rota!36.6228636,-6.3599595!0.0!4!3!00:00!2023-06-01!00:00!2023-06-11!Voleibol Playa!Esperando Jugadores!1!24;
[05/06/2023 20:27:17] 14-x:CLI-TOURNAMENTS-AVAILABLE;36.6290558,-6.3702594;10
[05/06/2023 20:27:17] 14-x:SEV-TOURNAMENTS-AVAILABLE-OK;x!36.6228636,-6.3599595!0.0!4!2!00:00!2023-06-11!00:00!2023-06-11!Voleibol Playa!Esperando Jugadores!2!10;Rota!36.6228636,-6.3599595!0.0!4!3!00:00!2023-06-01!00:00!2023-06-11!Voleibol Playa!Esperando Jugadores!1!24;
[05/06/2023 20:27:18] 14-x:CLI-TOURNAMENTS-AVAILABLE;36.6290558,-6.3702594;100
[05/06/2023 20:27:18] 14-x:SEV-TOURNAMENTS-AVAILABLE-OK;x!36.6228636,-6.3599595!0.0!4!2!00:00!2023-06-11!00:00!2023-06-11!Voleibol Playa!Esperando Jugadores!2!10;Rota!36.6228636,-6.3599595!0.0!4!3!00:00!2023-06-01!00:00!2023-06-11!Voleibol Playa!Esperando Jugadores!1!24;Pachangeo !36.6816936,-6.1377402!5.0!4!3!00:00!2023-06-30!00:00!2023-06-09!Voleibol Playa!Esperando Jugadores!1!23;
[05/06/2023 20:27:23] 14-x:CLI-TOURNAMENTS-AVAILABLE;36.6290558,-6.3702594;50
[05/06/2023 20:27:23] 14-x:SEV-TOURNAMENTS-AVAILABLE-OK;x!36.6228636,-6.3599595!0.0!4!2!00:00!2023-06-11!00:00!2023-06-11!Voleibol Playa!Esperando Jugadores!2!10;Rota!36.6228636,-6.3599595!0.0!4!3!00:00!2023-06-01!00:00!2023-06-11!Voleibol Playa!Esperando Jugadores!1!24;Pachangeo !36.6816936,-6.1377402!5.0!4!3!00:00!2023-06-30!00:00!2023-06-09!Voleibol Playa!Esperando Jugadores!1!23;
[05/06/2023 20:27:24] 14-x:CLI-TOURNAMENTS-AVAILABLE;36.6290558,-6.3702594;25
[05/06/2023 20:27:24] 14-x:SEV-TOURNAMENTS-AVAILABLE-OK;x!36.6228636,-6.3599595!0.0!4!2!00:00!2023-06-11!00:00!2023-06-11!Voleibol Playa!Esperando Jugadores!2!10;Rota!36.6228636,-6.3599595!0.0!4!3!00:00!2023-06-01!00:00!2023-06-11!Voleibol Playa!Esperando Jugadores!1!24;Pachangeo !36.6816936,-6.1377402!5.0!4!3!00:00!2023-06-30!00:00!2023-06-09!Voleibol Playa!Esperando Jugadores!1!23;
[05/06/2023 20:27:27] 14-x:CLI-TOURNAMENTS-AVAILABLE;36.6290558,-6.3702594;10
[05/06/2023 20:27:27] 14-x:SEV-TOURNAMENTS-AVAILABLE-OK;x!36.6228636,-6.3599595!0.0!4!2!00:00!2023-06-11!00:00!2023-06-11!Voleibol Playa!Esperando Jugadores!2!10;Rota!36.6228636,-6.3599595!0.0!4!3!00:00!2023-06-01!00:00!2023-06-11!Voleibol Playa!Esperando Jugadores!1!24;
[05/06/2023 20:27:28] 14-x:CLI-TOURNAMENTS-AVAILABLE;36.6290558,-6.3702594;25
[05/06/2023 20:27:28] 14-x:SEV-TOURNAMENTS-AVAILABLE-OK;x!36.6228636,-6.3599595!0.0!4!2!00:00!2023-06-11!00:00!2023-06-11!Voleibol Playa!Esperando Jugadores!2!10;Rota!36.6228636,-6.3599595!0.0!4!3!00:00!2023-06-01!00:00!2023-06-11!Voleibol Playa!Esperando Jugadores!1!24;Pachangeo !36.6816936,-6.1377402!5.0!4!3!00:00!2023-06-30!00:00!2023-06-09!Voleibol Playa!Esperando Jugadores!1!23;
[05/06/2023 20:27:29] 14-x:CLI-GAMES-USER
[05/06/2023 20:27:29] 14-x:SEV-GAMES-USER-OK;36.625305172189016,-6.3505710661411285!2023-05-24!12:00!2023-05-22!05:00!5.6!Futbol 11!Esperando Jugadores!22!3!1;36.73606212449951,-6.433982066810131!2023-06-28!01:00!2023-06-07!02:00!2.0!Voleibol!Esperando Jugadores!12!1!2;
[05/06/2023 20:29:13] 14-x:CLI-LIGUES-USER
[05/06/2023 20:29:13] 14-x:SEV-LIGUES-USER-OK;2!Jere!36.6816936,-6.1377402!12.0!5!3!02:00!2023-04-12!06:00!2023-03-29!Futbol 11!12!12!04:00!07:00!Jugandose!4;7!Ademas!36.7761393,-6.3534794!3.0!4!2!00:00!2023-06-11!00:00!2023-06-09!Voleibol Playa!5!10!00:00!00:00!Esperando Jugadores!1;9!gratis!36.6228636,-6.3599595!0.0!4!2!00:00!2023-06-02!00:00!2023-06-10!Voleibol Playa!2!2!00:00!00:00!Esperando Jugadores!1;
[05/06/2023 20:29:14] 14-x:CLI-TOURNAMENTS-USER
[05/06/2023 20:29:14] 14-x:SEV-TOURNAMENTS-USER-OK;Prueba!36.4210849486101,-6.13348387670698!15.0!4!2!15:00!2023-04-04!15:00!2023-04-19!Futbol 11!Jugandose!4!1;x!36.6228636,-6.3599595!0.0!4!2!00:00!2023-06-11!00:00!2023-06-11!Voleibol Playa!Esperando Jugadores!2!10;x!36.6228636,-6.3599595!0.0!4!2!00:00!2023-06-11!00:00!2023-06-11!Voleibol Playa!Esperando Jugadores!2!10;Pachangeo !36.6816936,-6.1377402!5.0!4!3!00:00!2023-06-30!00:00!2023-06-09!Voleibol Playa!Esperando Jugadores!1!23;Rota!36.6228636,-6.3599595!0.0!4!3!00:00!2023-06-01!00:00!2023-06-11!Voleibol Playa!Esperando Jugadores!1!24;
[05/06/2023 20:29:15] 14-x:CLI-TOURNAMENTS-STATE-USER;1
[05/06/2023 20:29:15] 14-x:SEV-TOURNAMENTS-STATE-USER-OK;INSCRITO
[05/06/2023 20:29:17] 14-x:CLI-TOURNAMENTS-ROUNDS;1
[05/06/2023 20:29:17] 14-x:SEV-TOURNAMENTS-ROUNDS;3/1/122/2/ELIMINADO/3/1!4/1/ELIMINADO/3/ELIMINADO/2/1!:5/2/ELIMINADO/5/ELIMINADO/2/1!
[05/06/2023 20:31:36] 14-x:SE HA DESCONECTADO
[05/06/2023 20:31:45] Se ha conectado un cliente
[05/06/2023 20:31:48] 0-:CLI-LOGIN;x;1;USUARIO
[05/06/2023 20:31:48] 14-x:SEV-LOGIN-OK-USER;14;x
[05/06/2023 20:31:48] 14-x:CLI-GAMES-USER
[05/06/2023 20:31:48] 14-x:SEV-GAMES-USER-OK;36.625305172189016,-6.3505710661411285!2023-05-24!12:00!2023-05-22!05:00!5.6!Futbol 11!Esperando Jugadores!22!3!1;36.73606212449951,-6.433982066810131!2023-06-28!01:00!2023-06-07!02:00!2.0!Voleibol!Esperando Jugadores!12!1!2;
[05/06/2023 20:31:49] 14-x:CLI-GAMES-USER
[05/06/2023 20:31:49] 14-x:SEV-GAMES-USER-OK;36.625305172189016,-6.3505710661411285!2023-05-24!12:00!2023-05-22!05:00!5.6!Futbol 11!Esperando Jugadores!22!3!1;36.73606212449951,-6.433982066810131!2023-06-28!01:00!2023-06-07!02:00!2.0!Voleibol!Esperando Jugadores!12!1!2;
[05/06/2023 20:31:51] 14-x:CLI-GAMES-AVAILABLE;36.6290678,-6.3702501;10
[05/06/2023 20:31:51] 14-x:SEV-GAMES-AVAILABLE-OK;36.625305172189016,-6.3505710661411285!2023-05-24!12:00!2023-05-22!05:00!5.6!Futbol 11!Esperando Jugadores!22!3!1;
[05/06/2023 20:31:51] 14-x:CLI-GAMES-AVAILABLE;36.6290678,-6.3702501;10
[05/06/2023 20:31:51] 14-x:SEV-GAMES-AVAILABLE-OK;36.625305172189016,-6.3505710661411285!2023-05-24!12:00!2023-05-22!05:00!5.6!Futbol 11!Esperando Jugadores!22!3!1;
[05/06/2023 20:31:55] 14-x:CLI-GAMES-AVAILABLE;36.6291176,-6.3701913;25
[05/06/2023 20:31:55] 14-x:SEV-GAMES-AVAILABLE-OK;36.625305172189016,-6.3505710661411285!2023-05-24!12:00!2023-05-22!05:00!5.6!Futbol 11!Esperando Jugadores!22!3!1;36.73606212449951,-6.433982066810131!2023-06-28!01:00!2023-06-07!02:00!2.0!Voleibol!Esperando Jugadores!12!1!2;
[05/06/2023 20:31:56] 14-x:CLI-GAMES-AVAILABLE;36.6291176,-6.3701913;10
[05/06/2023 20:31:56] 14-x:SEV-GAMES-AVAILABLE-OK;36.625305172189016,-6.3505710661411285!2023-05-24!12:00!2023-05-22!05:00!5.6!Futbol 11!Esperando Jugadores!22!3!1;
[05/06/2023 20:31:58] 14-x:CLI-GAMES-AVAILABLE;36.6291176,-6.3701913;5
[05/06/2023 20:31:58] 14-x:SEV-GAMES-AVAILABLE-OK;36.625305172189016,-6.3505710661411285!2023-05-24!12:00!2023-05-22!05:00!5.6!Futbol 11!Esperando Jugadores!22!3!1;
[05/06/2023 20:31:59] 14-x:CLI-TOURNAMENTS-USER
[05/06/2023 20:31:59] 14-x:SEV-TOURNAMENTS-USER-OK;Prueba!36.4210849486101,-6.13348387670698!15.0!4!2!15:00!2023-04-04!15:00!2023-04-19!Futbol 11!Jugandose!4!1;x!36.6228636,-6.3599595!0.0!4!2!00:00!2023-06-11!00:00!2023-06-11!Voleibol Playa!Esperando Jugadores!2!10;x!36.6228636,-6.3599595!0.0!4!2!00:00!2023-06-11!00:00!2023-06-11!Voleibol Playa!Esperando Jugadores!2!10;Pachangeo !36.6816936,-6.1377402!5.0!4!3!00:00!2023-06-30!00:00!2023-06-09!Voleibol Playa!Esperando Jugadores!1!23;Rota!36.6228636,-6.3599595!0.0!4!3!00:00!2023-06-01!00:00!2023-06-11!Voleibol Playa!Esperando Jugadores!1!24;
[05/06/2023 20:32:01] 14-x:CLI-TOURNAMENTS-STATE-USER;1
[05/06/2023 20:32:01] 14-x:SEV-TOURNAMENTS-STATE-USER-OK;INSCRITO
[05/06/2023 20:32:02] 14-x:CLI-TOURNAMENTS-ROUNDS;1
[05/06/2023 20:32:02] 14-x:SEV-TOURNAMENTS-ROUNDS;3/1/122/2/ELIMINADO/3/1!4/1/ELIMINADO/3/ELIMINADO/2/1!:5/2/ELIMINADO/5/ELIMINADO/2/1!
[05/06/2023 20:32:08] 14-x:CLI-GAMES-USER
[05/06/2023 20:32:08] 14-x:SEV-GAMES-USER-OK;36.625305172189016,-6.3505710661411285!2023-05-24!12:00!2023-05-22!05:00!5.6!Futbol 11!Esperando Jugadores!22!3!1;36.73606212449951,-6.433982066810131!2023-06-28!01:00!2023-06-07!02:00!2.0!Voleibol!Esperando Jugadores!12!1!2;
[05/06/2023 20:32:08] 14-x:CLI-GAMES-USER
[05/06/2023 20:32:08] 14-x:SEV-GAMES-USER-OK;36.625305172189016,-6.3505710661411285!2023-05-24!12:00!2023-05-22!05:00!5.6!Futbol 11!Esperando Jugadores!22!3!1;36.73606212449951,-6.433982066810131!2023-06-28!01:00!2023-06-07!02:00!2.0!Voleibol!Esperando Jugadores!12!1!2;
[05/06/2023 20:32:10] 14-x:SE HA DESCONECTADO
---- [05/06/2023 21:06:10] Obteniendo todos los torneos pendientes a generar ----
---- [05/06/2023 21:06:10] Obteniendo todas las ligas pendientes a generar ----
---- [05/06/2023 21:06:10] Obteniendo los partidos por jugarse ----
---- [05/06/2023 21:06:10] Creado el hilo encargado de las tareas ----
---- [05/06/2023 21:06:10] Iniciado el hilo encargado de las tareas ----
---- [05/06/2023 21:06:10] SERVIDOR INICIADO ----
Esperando 269629 segundos hasta la próxima tarea en: 2023-06-09T00:00
---- [05/06/2023 21:07:28] Obteniendo todos los torneos pendientes a generar ----
---- [05/06/2023 21:07:28] Obteniendo todas las ligas pendientes a generar ----
---- [05/06/2023 21:07:28] Obteniendo los partidos por jugarse ----
---- [05/06/2023 21:07:28] Creado el hilo encargado de las tareas ----
---- [05/06/2023 21:07:28] Iniciado el hilo encargado de las tareas ----
Iniciando la tarea: CHECK-MATCH;1
---- [05/06/2023 21:07:28] SERVIDOR INICIADO ----
[05/06/2023 21:07:28] CHECK-MATCH;1: COMPROBANDO INTEGRANTES DEL PARTIDO
[05/06/2023 21:07:28] CHECK-MATCH;1: EL PARTIDO NO HA OBTENIDO LAS INSCRIPCCIONES SUFICIENTES

Esperando 103951 segundos hasta la próxima tarea en: 2023-06-07T02:00
---- [05/06/2023 21:08:41] Obteniendo todos los torneos pendientes a generar ----
---- [05/06/2023 21:08:41] Obteniendo todas las ligas pendientes a generar ----
---- [05/06/2023 21:08:41] Obteniendo los partidos por jugarse ----
---- [05/06/2023 21:08:41] Creado el hilo encargado de las tareas ----
---- [05/06/2023 21:08:41] Iniciado el hilo encargado de las tareas ----
---- [05/06/2023 21:08:41] SERVIDOR INICIADO ----
Iniciando la tarea: CHECK-MATCH;1
[05/06/2023 21:08:41] CHECK-MATCH;1: COMPROBANDO INTEGRANTES DEL PARTIDO
[05/06/2023 21:08:42] CHECK-MATCH;1: EL PARTIDO HA OBTENIDO LAS INSCRIPCCIONES SUFICIENTES
[05/06/2023 21:08:42] CHECK-MATCH;1: CREANDO TAREA PARA FINALIZAR PARTIDO
Añadida la tarea: END-MATCH;1

Iniciando la tarea: END-MATCH;1
[05/06/2023 21:08:42] END-MATCH;1: EL PARTIDO HA FINALIZADO

Esperando 103877 segundos hasta la próxima tarea en: 2023-06-07T02:00
