---- [18/05/2023 09:12:07] Obteniendo todos los torneos pendientes a generar ----
---- [18/05/2023 09:12:08] Creado el hilo encargado de las tareas ----
---- [18/05/2023 09:12:09] Iniciado el hilo encargado de las tareas ----
---- [18/05/2023 09:12:09] SERVIDOR INICIADO ----
No hay tareas en la cola. Esperando inserccion...
[18/05/2023 09:12:24] Se ha conectado un cliente
[18/05/2023 09:12:26] Se ha conectado un cliente
[18/05/2023 09:12:34] 0-:CLI-EXIT
[18/05/2023 09:12:34] 0-:SE HA DESCONECTADO
[18/05/2023 09:12:37] 0-:CLI-LOGIN;123;123;ORGANIZADOR
[18/05/2023 09:12:38] 1-123:SEV-LOGIN-OK-ORGANIZER;1;123
[18/05/2023 09:12:38] 1-123:CLI-GIVETOURNAMENTS-ORGANIZER
[18/05/2023 09:12:39] 1-123:SEV-SEND-YOUR-TOURNAMENTS;Prueba!36.4210849486101,-6.13348387670698!15.0!4!2!15:00!2023-04-04!15:00!2023-04-19!Futbol 11!Jugandose!4!1;x!36.6228636,-6.3599595!0.0!4!2!00:00!2023-06-11!00:00!2023-06-11!Voleibol Playa!Esperando Jugadores!1!9;Prueba!36.4210849486101, -6.13348387670698!15.2!4!2!15:00!2023-04-04!15:00!2023-04-19!Futbol 11!Cancelado!0!2;21!36.294487399999994,-6.092790754888084!0.0!4!2!00:00!2023-05-19!00:00!2023-05-28!Futbol Sala!Cancelado!0!11;213!36.4210849486101, -6.13348387670698!123.0!4!2!15:00!2023-04-07!12:34!2023-04-13!Futbol 11!Cancelado!0!3;123!36.63479325,-6.38725705210204!0.0!4!2!19:20!2023-05-16!19:20!2023-05-15!Voleibol!Cancelado!0!12;123!36.63479325,-6.38725705210204!123.0!4!2!15:00!2023-04-01!11:15!2023-04-05!Futbol 11!Cancelado!0!4;DE LOCOS!36.63479325,-6.38725705210204!0.0!4!2!08:00!2023-05-21!19:20!2023-05-14!Voleibol!Cancelado!0!13;Prueba!36.63479325,-6.38725705210204!12.0!4!2!14:28!2023-04-05!17:28!2023-04-12!Futbol 11!Cancelado!0!5;ADADA!36.7355451,-6.4348221!123.0!4!2!15:00!2023-04-12!21:07!2023-04-21!Futbol 11!Cancelado!0!6;123!36.6228636,-6.3599595!2.0!4!2!15:00!2023-03-28!00:00!2023-04-21!Futbol 11!Cancelado!0!7;prueba!36.67826185,-6.110059436817895!0.0!4!2!00:00!2023-05-15!19:34!2023-05-14!Futbol 11!Cancelado!0!14;13!36.6228636,-6.3599595!0.0!4!2!00:00!2023-05-27!19:00!2023-05-14!Futbol 11!Cancelado!0!15;123!36.67826185,-6.110059436817895!0.0!4!2!00:00!2023-05-21!19:28!2023-05-14!Futbol 11!Cancelado!0!17;123!36.6228636,-6.3599595!0.0!4!2!00:00!2023-05-20!19:29!2023-05-14!Futbol 11!Cancelado!0!18;23!36.67826185,-6.110059436817895!0.0!4!2!18:00!2023-05-16!19:28!2023-05-14!Futbol 7!Cancelado!0!16;
[18/05/2023 09:12:48] 1-123:CLI-TOURNAMENTS-ROUNDS;1
[18/05/2023 09:12:48] 1-123:SEV-TOURNAMENTS-ROUNDS;3/1/122/2/xa/3/1!4/1/Pa/5/Prueba/2/1!:5/2/Pa/5/xa/2/1!
[18/05/2023 09:12:57] 1-123:CLI-TOURNAMENTS-ROUNDS;1
[18/05/2023 09:12:57] 1-123:SEV-TOURNAMENTS-ROUNDS;3/1/122/2/xa/3/1!4/1/Pa/5/Prueba/2/1!:5/2/Pa/5/xa/2/1!
[18/05/2023 09:13:01] 1-123:CLI-TOURNAMENTS-END;1
[18/05/2023 09:13:01] 1-123:SEV-TOURNAMENTS-END-OK
[18/05/2023 09:13:04] 1-123:CLI-GIVETOURNAMENTS-ORGANIZER
[18/05/2023 09:13:04] 1-123:SEV-SEND-YOUR-TOURNAMENTS;x!36.6228636,-6.3599595!0.0!4!2!00:00!2023-06-11!00:00!2023-06-11!Voleibol Playa!Esperando Jugadores!1!9;123!36.63479325,-6.38725705210204!0.0!4!2!19:20!2023-05-16!19:20!2023-05-15!Voleibol!Cancelado!0!12;123!36.63479325,-6.38725705210204!123.0!4!2!15:00!2023-04-01!11:15!2023-04-05!Futbol 11!Cancelado!0!4;DE LOCOS!36.63479325,-6.38725705210204!0.0!4!2!08:00!2023-05-21!19:20!2023-05-14!Voleibol!Cancelado!0!13;Prueba!36.63479325,-6.38725705210204!12.0!4!2!14:28!2023-04-05!17:28!2023-04-12!Futbol 11!Cancelado!0!5;ADADA!36.7355451,-6.4348221!123.0!4!2!15:00!2023-04-12!21:07!2023-04-21!Futbol 11!Cancelado!0!6;123!36.6228636,-6.3599595!2.0!4!2!15:00!2023-03-28!00:00!2023-04-21!Futbol 11!Cancelado!0!7;prueba!36.67826185,-6.110059436817895!0.0!4!2!00:00!2023-05-15!19:34!2023-05-14!Futbol 11!Cancelado!0!14;13!36.6228636,-6.3599595!0.0!4!2!00:00!2023-05-27!19:00!2023-05-14!Futbol 11!Cancelado!0!15;123!36.67826185,-6.110059436817895!0.0!4!2!00:00!2023-05-21!19:28!2023-05-14!Futbol 11!Cancelado!0!17;123!36.6228636,-6.3599595!0.0!4!2!00:00!2023-05-20!19:29!2023-05-14!Futbol 11!Cancelado!0!18;23!36.67826185,-6.110059436817895!0.0!4!2!18:00!2023-05-16!19:28!2023-05-14!Futbol 7!Cancelado!0!16;Prueba!36.4210849486101, -6.13348387670698!15.2!4!2!15:00!2023-04-04!15:00!2023-04-19!Futbol 11!Cancelado!0!2;21!36.294487399999994,-6.092790754888084!0.0!4!2!00:00!2023-05-19!00:00!2023-05-28!Futbol Sala!Cancelado!0!11;213!36.4210849486101, -6.13348387670698!123.0!4!2!15:00!2023-04-07!12:34!2023-04-13!Futbol 11!Cancelado!0!3;Prueba!36.4210849486101,-6.13348387670698!15.0!4!2!15:00!2023-04-04!15:00!2023-04-19!Futbol 11!Finalizado!4!1;
[18/05/2023 09:13:16] 1-123:CLI-GIVETOURNAMENTS-ORGANIZER
[18/05/2023 09:13:16] 1-123:SEV-SEND-YOUR-TOURNAMENTS;x!36.6228636,-6.3599595!0.0!4!2!00:00!2023-06-11!00:00!2023-06-11!Voleibol Playa!Esperando Jugadores!1!9;ADADA!36.7355451,-6.4348221!123.0!4!2!15:00!2023-04-12!21:07!2023-04-21!Futbol 11!Cancelado!0!6;123!36.6228636,-6.3599595!2.0!4!2!15:00!2023-03-28!00:00!2023-04-21!Futbol 11!Cancelado!0!7;prueba!36.67826185,-6.110059436817895!0.0!4!2!00:00!2023-05-15!19:34!2023-05-14!Futbol 11!Cancelado!0!14;13!36.6228636,-6.3599595!0.0!4!2!00:00!2023-05-27!19:00!2023-05-14!Futbol 11!Cancelado!0!15;123!36.67826185,-6.110059436817895!0.0!4!2!00:00!2023-05-21!19:28!2023-05-14!Futbol 11!Cancelado!0!17;123!36.6228636,-6.3599595!0.0!4!2!00:00!2023-05-20!19:29!2023-05-14!Futbol 11!Cancelado!0!18;23!36.67826185,-6.110059436817895!0.0!4!2!18:00!2023-05-16!19:28!2023-05-14!Futbol 7!Cancelado!0!16;Prueba!36.4210849486101, -6.13348387670698!15.2!4!2!15:00!2023-04-04!15:00!2023-04-19!Futbol 11!Cancelado!0!2;21!36.294487399999994,-6.092790754888084!0.0!4!2!00:00!2023-05-19!00:00!2023-05-28!Futbol Sala!Cancelado!0!11;213!36.4210849486101, -6.13348387670698!123.0!4!2!15:00!2023-04-07!12:34!2023-04-13!Futbol 11!Cancelado!0!3;123!36.63479325,-6.38725705210204!0.0!4!2!19:20!2023-05-16!19:20!2023-05-15!Voleibol!Cancelado!0!12;123!36.63479325,-6.38725705210204!123.0!4!2!15:00!2023-04-01!11:15!2023-04-05!Futbol 11!Cancelado!0!4;DE LOCOS!36.63479325,-6.38725705210204!0.0!4!2!08:00!2023-05-21!19:20!2023-05-14!Voleibol!Cancelado!0!13;Prueba!36.63479325,-6.38725705210204!12.0!4!2!14:28!2023-04-05!17:28!2023-04-12!Futbol 11!Cancelado!0!5;Prueba!36.4210849486101,-6.13348387670698!15.0!4!2!15:00!2023-04-04!15:00!2023-04-19!Futbol 11!Finalizado!4!1;
[18/05/2023 09:14:37] 1-123:CLI-EXIT
[18/05/2023 09:14:37] 1-123:SE HA DESCONECTADO
