---- [02/06/2023 13:28:57] Obteniendo todos los torneos pendientes a generar ----
---- [02/06/2023 13:28:57] Obteniendo todas las ligas pendientes a generar ----
---- [02/06/2023 13:28:58] Creado el hilo encargado de las tareas ----
---- [02/06/2023 13:28:58] Iniciado el hilo encargado de las tareas ----
---- [02/06/2023 13:28:58] SERVIDOR INICIADO ----
No hay tareas en la cola. Esperando inserccion...
---- [02/06/2023 13:29:17] Obteniendo todos los torneos pendientes a generar ----
---- [02/06/2023 13:29:18] Obteniendo todas las ligas pendientes a generar ----
---- [02/06/2023 13:29:18] Creado el hilo encargado de las tareas ----
---- [02/06/2023 13:29:18] Iniciado el hilo encargado de las tareas ----
---- [02/06/2023 13:29:18] SERVIDOR INICIADO ----
Esperando 37841 segundos hasta la próxima tarea en: 2023-06-03T00:00
[02/06/2023 13:29:37] Se ha conectado un cliente
[02/06/2023 13:29:40] 0-:CLI-LOGIN;x;1;USUARIO
[02/06/2023 13:29:40] 14-x:SEV-LOGIN-OK-USER;14;x
[02/06/2023 13:29:40] 14-x:CLI-GAMES-USER
[02/06/2023 13:29:40] 14-x:SEV-GAMES-USER-OK;36.625305172189016,-6.3505710661411285!2023-05-24!12:00!2023-05-22!05:00!5.6!Futbol 11!Esperando Jugadores!22!3!1;
[02/06/2023 13:29:41] 14-x:SE HA DESCONECTADO
[02/06/2023 13:30:34] Se ha conectado un cliente
[02/06/2023 13:30:36] 0-:CLI-LOGIN;x;1;USUARIO
[02/06/2023 13:30:36] 14-x:SEV-LOGIN-OK-USER;14;x
[02/06/2023 13:30:37] 14-x:CLI-GAMES-USER
[02/06/2023 13:30:37] 14-x:SEV-GAMES-USER-OK;36.625305172189016,-6.3505710661411285!2023-05-24!12:00!2023-05-22!05:00!5.6!Futbol 11!Esperando Jugadores!22!3!1;
[02/06/2023 13:30:38] 14-x:CLI-USERTEAMS
[02/06/2023 13:30:38] 14-x:SEV-USERTEAMS_OK;122:Voleibol Playa:111:123!x!111!:36.508976,-4.88562:Publico;5:Futbol 11:x:x!miguel!:36.6292883,-6.3700189:Con Invitacion;x:Voleibol:x:123!x!:36.629294,-6.3700111:Publico;xa:Futbol Sala:x:x!:36.63436527684896,-6.367968209087849:Privado;playeo:Voleibol Playa:x:123!x!:36.6292917,-6.3700406:Publico;invitado:Futbol 11:123:123!x!:36.5009591,-6.2723304:Con Invitacion;
[02/06/2023 13:32:39] 14-x:CLI-LOGOUT
[02/06/2023 13:32:39] 0-:SEV-LOGOUT-OK
[02/06/2023 13:32:39] Un usuario se ha desconectado de forma abrupta
[02/06/2023 13:34:24] Se ha conectado un cliente
[02/06/2023 13:34:29] 0-:CLI-LOGIN;x;1;USUARIO
[02/06/2023 13:34:29] 14-x:SEV-LOGIN-OK-USER;14;x
[02/06/2023 13:34:30] 14-x:CLI-GAMES-USER
[02/06/2023 13:34:30] 14-x:SEV-GAMES-USER-OK;36.625305172189016,-6.3505710661411285!2023-05-24!12:00!2023-05-22!05:00!5.6!Futbol 11!Esperando Jugadores!22!3!1;
[02/06/2023 13:34:31] 14-x:CLI-USERTEAMS
[02/06/2023 13:34:31] 14-x:SEV-USERTEAMS_OK;122:Voleibol Playa:111:123!x!111!:36.508976,-4.88562:Publico;5:Futbol 11:x:x!miguel!:36.6292883,-6.3700189:Con Invitacion;x:Voleibol:x:123!x!:36.629294,-6.3700111:Publico;xa:Futbol Sala:x:x!:36.63436527684896,-6.367968209087849:Privado;playeo:Voleibol Playa:x:123!x!:36.6292917,-6.3700406:Publico;invitado:Futbol 11:123:123!x!:36.5009591,-6.2723304:Con Invitacion;
[02/06/2023 13:34:33] 14-x:CLI-SEARCH-TEAMS;36.6290761,-6.3702304;5
[02/06/2023 13:34:34] 14-x:SEV-SEARCH-TEAMS-OK;playeo:Voleibol Playa:x:123!x!:36.6292917,-6.3700406:Publico;5:Futbol 11:x:x!miguel!:36.6292883,-6.3700189:Con Invitacion;x:Voleibol:x:123!x!:36.629294,-6.3700111:Publico;xa:Futbol Sala:x:x!:36.63436527684896,-6.367968209087849:Privado;
[02/06/2023 13:34:34] 14-x:CLI-USERTEAMS
[02/06/2023 13:34:34] 14-x:SEV-USERTEAMS_OK;122:Voleibol Playa:111:123!x!111!:36.508976,-4.88562:Publico;5:Futbol 11:x:x!miguel!:36.6292883,-6.3700189:Con Invitacion;x:Voleibol:x:123!x!:36.629294,-6.3700111:Publico;xa:Futbol Sala:x:x!:36.63436527684896,-6.367968209087849:Privado;playeo:Voleibol Playa:x:123!x!:36.6292917,-6.3700406:Publico;invitado:Futbol 11:123:123!x!:36.5009591,-6.2723304:Con Invitacion;
[02/06/2023 13:34:35] 14-x:CLI-USERTEAMS
[02/06/2023 13:34:35] 14-x:SEV-USERTEAMS_OK;122:Voleibol Playa:111:123!x!111!:36.508976,-4.88562:Publico;5:Futbol 11:x:x!miguel!:36.6292883,-6.3700189:Con Invitacion;x:Voleibol:x:123!x!:36.629294,-6.3700111:Publico;xa:Futbol Sala:x:x!:36.63436527684896,-6.367968209087849:Privado;playeo:Voleibol Playa:x:123!x!:36.6292917,-6.3700406:Publico;invitado:Futbol 11:123:123!x!:36.5009591,-6.2723304:Con Invitacion;
[02/06/2023 13:34:36] 14-x:CLI-USERTEAMS
[02/06/2023 13:34:36] 14-x:SEV-USERTEAMS_OK;122:Voleibol Playa:111:123!x!111!:36.508976,-4.88562:Publico;5:Futbol 11:x:x!miguel!:36.6292883,-6.3700189:Con Invitacion;x:Voleibol:x:123!x!:36.629294,-6.3700111:Publico;xa:Futbol Sala:x:x!:36.63436527684896,-6.367968209087849:Privado;playeo:Voleibol Playa:x:123!x!:36.6292917,-6.3700406:Publico;invitado:Futbol 11:123:123!x!:36.5009591,-6.2723304:Con Invitacion;
[02/06/2023 13:34:37] 14-x:CLI-USERTEAMS
[02/06/2023 13:34:37] 14-x:SEV-USERTEAMS_OK;122:Voleibol Playa:111:123!x!111!:36.508976,-4.88562:Publico;5:Futbol 11:x:x!miguel!:36.6292883,-6.3700189:Con Invitacion;x:Voleibol:x:123!x!:36.629294,-6.3700111:Publico;xa:Futbol Sala:x:x!:36.63436527684896,-6.367968209087849:Privado;playeo:Voleibol Playa:x:123!x!:36.6292917,-6.3700406:Publico;invitado:Futbol 11:123:123!x!:36.5009591,-6.2723304:Con Invitacion;
[02/06/2023 13:34:38] 14-x:CLI-USERTEAMS
[02/06/2023 13:34:38] 14-x:SEV-USERTEAMS_OK;122:Voleibol Playa:111:123!x!111!:36.508976,-4.88562:Publico;5:Futbol 11:x:x!miguel!:36.6292883,-6.3700189:Con Invitacion;x:Voleibol:x:123!x!:36.629294,-6.3700111:Publico;xa:Futbol Sala:x:x!:36.63436527684896,-6.367968209087849:Privado;playeo:Voleibol Playa:x:123!x!:36.6292917,-6.3700406:Publico;invitado:Futbol 11:123:123!x!:36.5009591,-6.2723304:Con Invitacion;
[02/06/2023 13:36:40] 14-x:SE HA DESCONECTADO
[02/06/2023 13:36:46] Se ha conectado un cliente
[02/06/2023 13:36:49] 0-:CLI-LOGIN;x;1;USUARIO
[02/06/2023 13:36:49] 14-x:SEV-LOGIN-OK-USER;14;x
[02/06/2023 13:36:49] 14-x:CLI-GAMES-USER
[02/06/2023 13:36:49] 14-x:SEV-GAMES-USER-OK;36.625305172189016,-6.3505710661411285!2023-05-24!12:00!2023-05-22!05:00!5.6!Futbol 11!Esperando Jugadores!22!3!1;
[02/06/2023 13:36:50] 14-x:CLI-USERTEAMS
[02/06/2023 13:36:50] 14-x:SEV-USERTEAMS_OK;122:Voleibol Playa:111:123!x!111!:36.508976,-4.88562:Publico;5:Futbol 11:x:x!miguel!:36.6292883,-6.3700189:Con Invitacion;x:Voleibol:x:123!x!:36.629294,-6.3700111:Publico;xa:Futbol Sala:x:x!:36.63436527684896,-6.367968209087849:Privado;playeo:Voleibol Playa:x:123!x!:36.6292917,-6.3700406:Publico;invitado:Futbol 11:123:123!x!:36.5009591,-6.2723304:Con Invitacion;
[02/06/2023 13:37:05] 14-x:SE HA DESCONECTADO
[02/06/2023 13:37:11] Se ha conectado un cliente
[02/06/2023 13:37:15] 0-:CLI-LOGIN;x;1;USUARIO
[02/06/2023 13:37:15] 14-x:SEV-LOGIN-OK-USER;14;x
[02/06/2023 13:37:15] 14-x:CLI-GAMES-USER
[02/06/2023 13:37:15] 14-x:SEV-GAMES-USER-OK;36.625305172189016,-6.3505710661411285!2023-05-24!12:00!2023-05-22!05:00!5.6!Futbol 11!Esperando Jugadores!22!3!1;
[02/06/2023 13:37:17] 14-x:CLI-USERTEAMS
[02/06/2023 13:37:17] 14-x:SEV-USERTEAMS_OK;122:Voleibol Playa:111:123!x!111!:36.508976,-4.88562:Publico;5:Futbol 11:x:x!miguel!:36.6292883,-6.3700189:Con Invitacion;x:Voleibol:x:123!x!:36.629294,-6.3700111:Publico;xa:Futbol Sala:x:x!:36.63436527684896,-6.367968209087849:Privado;playeo:Voleibol Playa:x:123!x!:36.6292917,-6.3700406:Publico;invitado:Futbol 11:123:123!x!:36.5009591,-6.2723304:Con Invitacion;
[02/06/2023 13:37:18] 14-x:CLI-USERTEAMS
[02/06/2023 13:37:18] 14-x:SEV-USERTEAMS_OK;122:Voleibol Playa:111:123!x!111!:36.508976,-4.88562:Publico;5:Futbol 11:x:x!miguel!:36.6292883,-6.3700189:Con Invitacion;x:Voleibol:x:123!x!:36.629294,-6.3700111:Publico;xa:Futbol Sala:x:x!:36.63436527684896,-6.367968209087849:Privado;playeo:Voleibol Playa:x:123!x!:36.6292917,-6.3700406:Publico;invitado:Futbol 11:123:123!x!:36.5009591,-6.2723304:Con Invitacion;
[02/06/2023 13:37:19] 14-x:CLI-USERTEAMS
[02/06/2023 13:37:19] 14-x:SEV-USERTEAMS_OK;122:Voleibol Playa:111:123!x!111!:36.508976,-4.88562:Publico;5:Futbol 11:x:x!miguel!:36.6292883,-6.3700189:Con Invitacion;x:Voleibol:x:123!x!:36.629294,-6.3700111:Publico;xa:Futbol Sala:x:x!:36.63436527684896,-6.367968209087849:Privado;playeo:Voleibol Playa:x:123!x!:36.6292917,-6.3700406:Publico;invitado:Futbol 11:123:123!x!:36.5009591,-6.2723304:Con Invitacion;
[02/06/2023 13:37:20] 14-x:CLI-USERTEAMS
[02/06/2023 13:37:20] 14-x:SEV-USERTEAMS_OK;122:Voleibol Playa:111:123!x!111!:36.508976,-4.88562:Publico;5:Futbol 11:x:x!miguel!:36.6292883,-6.3700189:Con Invitacion;x:Voleibol:x:123!x!:36.629294,-6.3700111:Publico;xa:Futbol Sala:x:x!:36.63436527684896,-6.367968209087849:Privado;playeo:Voleibol Playa:x:123!x!:36.6292917,-6.3700406:Publico;invitado:Futbol 11:123:123!x!:36.5009591,-6.2723304:Con Invitacion;
[02/06/2023 13:37:20] 14-x:CLI-USERTEAMS
[02/06/2023 13:37:20] 14-x:SEV-USERTEAMS_OK;122:Voleibol Playa:111:123!x!111!:36.508976,-4.88562:Publico;5:Futbol 11:x:x!miguel!:36.6292883,-6.3700189:Con Invitacion;x:Voleibol:x:123!x!:36.629294,-6.3700111:Publico;xa:Futbol Sala:x:x!:36.63436527684896,-6.367968209087849:Privado;playeo:Voleibol Playa:x:123!x!:36.6292917,-6.3700406:Publico;invitado:Futbol 11:123:123!x!:36.5009591,-6.2723304:Con Invitacion;
[02/06/2023 13:37:20] 14-x:CLI-USERTEAMS
[02/06/2023 13:37:20] 14-x:SEV-USERTEAMS_OK;122:Voleibol Playa:111:123!x!111!:36.508976,-4.88562:Publico;5:Futbol 11:x:x!miguel!:36.6292883,-6.3700189:Con Invitacion;x:Voleibol:x:123!x!:36.629294,-6.3700111:Publico;xa:Futbol Sala:x:x!:36.63436527684896,-6.367968209087849:Privado;playeo:Voleibol Playa:x:123!x!:36.6292917,-6.3700406:Publico;invitado:Futbol 11:123:123!x!:36.5009591,-6.2723304:Con Invitacion;
[02/06/2023 13:37:21] 14-x:CLI-USERTEAMS
[02/06/2023 13:37:21] 14-x:SEV-USERTEAMS_OK;122:Voleibol Playa:111:123!x!111!:36.508976,-4.88562:Publico;5:Futbol 11:x:x!miguel!:36.6292883,-6.3700189:Con Invitacion;x:Voleibol:x:123!x!:36.629294,-6.3700111:Publico;xa:Futbol Sala:x:x!:36.63436527684896,-6.367968209087849:Privado;playeo:Voleibol Playa:x:123!x!:36.6292917,-6.3700406:Publico;invitado:Futbol 11:123:123!x!:36.5009591,-6.2723304:Con Invitacion;
[02/06/2023 13:38:14] 14-x:SE HA DESCONECTADO
[02/06/2023 13:38:21] Se ha conectado un cliente
[02/06/2023 13:38:23] 0-:CLI-LOGIN;x;1;USUARIO
[02/06/2023 13:38:23] 14-x:SEV-LOGIN-OK-USER;14;x
[02/06/2023 13:38:24] 14-x:CLI-GAMES-USER
[02/06/2023 13:38:24] 14-x:SEV-GAMES-USER-OK;36.625305172189016,-6.3505710661411285!2023-05-24!12:00!2023-05-22!05:00!5.6!Futbol 11!Esperando Jugadores!22!3!1;
[02/06/2023 13:38:25] 14-x:CLI-USERTEAMS
[02/06/2023 13:38:25] 14-x:SEV-USERTEAMS_OK;122:Voleibol Playa:111:123!x!111!:36.508976,-4.88562:Publico;5:Futbol 11:x:x!miguel!:36.6292883,-6.3700189:Con Invitacion;x:Voleibol:x:123!x!:36.629294,-6.3700111:Publico;xa:Futbol Sala:x:x!:36.63436527684896,-6.367968209087849:Privado;playeo:Voleibol Playa:x:123!x!:36.6292917,-6.3700406:Publico;invitado:Futbol 11:123:123!x!:36.5009591,-6.2723304:Con Invitacion;
[02/06/2023 13:38:26] 14-x:CLI-GAMES-USER
[02/06/2023 13:38:26] 14-x:SEV-GAMES-USER-OK;36.625305172189016,-6.3505710661411285!2023-05-24!12:00!2023-05-22!05:00!5.6!Futbol 11!Esperando Jugadores!22!3!1;
[02/06/2023 13:38:27] 14-x:CLI-USERTEAMS
[02/06/2023 13:38:27] 14-x:SEV-USERTEAMS_OK;122:Voleibol Playa:111:123!x!111!:36.508976,-4.88562:Publico;5:Futbol 11:x:x!miguel!:36.6292883,-6.3700189:Con Invitacion;x:Voleibol:x:123!x!:36.629294,-6.3700111:Publico;xa:Futbol Sala:x:x!:36.63436527684896,-6.367968209087849:Privado;playeo:Voleibol Playa:x:123!x!:36.6292917,-6.3700406:Publico;invitado:Futbol 11:123:123!x!:36.5009591,-6.2723304:Con Invitacion;
[02/06/2023 13:38:28] 14-x:CLI-GAMES-USER
[02/06/2023 13:38:28] 14-x:SEV-GAMES-USER-OK;36.625305172189016,-6.3505710661411285!2023-05-24!12:00!2023-05-22!05:00!5.6!Futbol 11!Esperando Jugadores!22!3!1;
[02/06/2023 13:38:28] 14-x:CLI-USERTEAMS
[02/06/2023 13:38:28] 14-x:SEV-USERTEAMS_OK;122:Voleibol Playa:111:123!x!111!:36.508976,-4.88562:Publico;5:Futbol 11:x:x!miguel!:36.6292883,-6.3700189:Con Invitacion;x:Voleibol:x:123!x!:36.629294,-6.3700111:Publico;xa:Futbol Sala:x:x!:36.63436527684896,-6.367968209087849:Privado;playeo:Voleibol Playa:x:123!x!:36.6292917,-6.3700406:Publico;invitado:Futbol 11:123:123!x!:36.5009591,-6.2723304:Con Invitacion;
[02/06/2023 13:38:29] 14-x:CLI-LIGUES-USER
[02/06/2023 13:38:29] 14-x:SEV-LIGUES-USER-OK;2!Jere!36.6816936,-6.1377402!12.0!5!3!02:00!2023-04-12!06:00!2023-03-29!Futbol 11!12!12!04:00!07:00!Jugandose!4;7!Ademas!36.7761393,-6.3534794!3.0!4!2!00:00!2023-06-11!00:00!2023-06-09!Voleibol Playa!5!10!00:00!00:00!Esperando Jugadores!1;9!gratis!36.6228636,-6.3599595!0.0!4!2!00:00!2023-06-02!00:00!2023-06-10!Voleibol Playa!2!2!00:00!00:00!Esperando Jugadores!1;
[02/06/2023 13:38:31] 14-x:CLI-TOURNAMENTS-USER
[02/06/2023 13:38:31] 14-x:SEV-TOURNAMENTS-USER-OK;Prueba!36.4210849486101,-6.13348387670698!15.0!4!2!15:00!2023-04-04!15:00!2023-04-19!Futbol 11!Jugandose!4!1;x!36.6228636,-6.3599595!0.0!4!2!00:00!2023-06-11!00:00!2023-06-11!Voleibol Playa!Esperando Jugadores!2!10;x!36.6228636,-6.3599595!0.0!4!2!00:00!2023-06-11!00:00!2023-06-11!Voleibol Playa!Esperando Jugadores!2!10;Pachangeo !36.6816936,-6.1377402!5.0!4!3!00:00!2023-06-30!00:00!2023-06-09!Voleibol Playa!Esperando Jugadores!1!23;Rota!36.6228636,-6.3599595!0.0!4!3!00:00!2023-06-01!00:00!2023-06-11!Voleibol Playa!Esperando Jugadores!1!24;
[02/06/2023 13:38:31] 14-x:CLI-USERTEAMS
[02/06/2023 13:38:31] 14-x:SEV-USERTEAMS_OK;122:Voleibol Playa:111:123!x!111!:36.508976,-4.88562:Publico;5:Futbol 11:x:x!miguel!:36.6292883,-6.3700189:Con Invitacion;x:Voleibol:x:123!x!:36.629294,-6.3700111:Publico;xa:Futbol Sala:x:x!:36.63436527684896,-6.367968209087849:Privado;playeo:Voleibol Playa:x:123!x!:36.6292917,-6.3700406:Publico;invitado:Futbol 11:123:123!x!:36.5009591,-6.2723304:Con Invitacion;
[02/06/2023 13:38:46] 14-x:CLI-USERTEAMS
[02/06/2023 13:38:46] 14-x:SEV-USERTEAMS_OK;122:Voleibol Playa:111:123!x!111!:36.508976,-4.88562:Publico;5:Futbol 11:x:x!miguel!:36.6292883,-6.3700189:Con Invitacion;x:Voleibol:x:123!x!:36.629294,-6.3700111:Publico;xa:Futbol Sala:x:x!:36.63436527684896,-6.367968209087849:Privado;playeo:Voleibol Playa:x:123!x!:36.6292917,-6.3700406:Publico;invitado:Futbol 11:123:123!x!:36.5009591,-6.2723304:Con Invitacion;
[02/06/2023 13:38:47] 14-x:SE HA DESCONECTADO
[02/06/2023 13:38:53] Se ha conectado un cliente
[02/06/2023 13:38:57] 0-:CLI-LOGIN;x;1;USUARIO
[02/06/2023 13:38:57] 14-x:SEV-LOGIN-OK-USER;14;x
[02/06/2023 13:38:57] 14-x:CLI-GAMES-USER
[02/06/2023 13:38:57] 14-x:SEV-GAMES-USER-OK;36.625305172189016,-6.3505710661411285!2023-05-24!12:00!2023-05-22!05:00!5.6!Futbol 11!Esperando Jugadores!22!3!1;
[02/06/2023 13:39:00] 14-x:CLI-GAMES-AVAILABLE;36.6292919,-6.3700289;10
[02/06/2023 13:39:00] 14-x:SEV-GAMES-AVAILABLE-OK;36.625305172189016,-6.3505710661411285!2023-05-24!12:00!2023-05-22!05:00!5.6!Futbol 11!Esperando Jugadores!22!3!1;
[02/06/2023 13:39:00] 14-x:CLI-GAMES-AVAILABLE;36.6292919,-6.3700289;10
[02/06/2023 13:39:00] 14-x:SEV-GAMES-AVAILABLE-OK;36.625305172189016,-6.3505710661411285!2023-05-24!12:00!2023-05-22!05:00!5.6!Futbol 11!Esperando Jugadores!22!3!1;
[02/06/2023 13:39:00] 14-x:CLI-USERTEAMS
[02/06/2023 13:39:01] 14-x:SEV-USERTEAMS_OK;122:Voleibol Playa:111:123!x!111!:36.508976,-4.88562:Publico;5:Futbol 11:x:x!miguel!:36.6292883,-6.3700189:Con Invitacion;x:Voleibol:x:123!x!:36.629294,-6.3700111:Publico;xa:Futbol Sala:x:x!:36.63436527684896,-6.367968209087849:Privado;playeo:Voleibol Playa:x:123!x!:36.6292917,-6.3700406:Publico;invitado:Futbol 11:123:123!x!:36.5009591,-6.2723304:Con Invitacion;
[02/06/2023 13:39:02] 14-x:CLI-LIGUES-USER
[02/06/2023 13:39:02] 14-x:SEV-LIGUES-USER-OK;2!Jere!36.6816936,-6.1377402!12.0!5!3!02:00!2023-04-12!06:00!2023-03-29!Futbol 11!12!12!04:00!07:00!Jugandose!4;7!Ademas!36.7761393,-6.3534794!3.0!4!2!00:00!2023-06-11!00:00!2023-06-09!Voleibol Playa!5!10!00:00!00:00!Esperando Jugadores!1;9!gratis!36.6228636,-6.3599595!0.0!4!2!00:00!2023-06-02!00:00!2023-06-10!Voleibol Playa!2!2!00:00!00:00!Esperando Jugadores!1;
[02/06/2023 13:39:02] 14-x:CLI-USERTEAMS
[02/06/2023 13:39:02] 14-x:SEV-USERTEAMS_OK;122:Voleibol Playa:111:123!x!111!:36.508976,-4.88562:Publico;5:Futbol 11:x:x!miguel!:36.6292883,-6.3700189:Con Invitacion;x:Voleibol:x:123!x!:36.629294,-6.3700111:Publico;xa:Futbol Sala:x:x!:36.63436527684896,-6.367968209087849:Privado;playeo:Voleibol Playa:x:123!x!:36.6292917,-6.3700406:Publico;invitado:Futbol 11:123:123!x!:36.5009591,-6.2723304:Con Invitacion;
[02/06/2023 13:39:03] 14-x:CLI-USERTEAMS
[02/06/2023 13:39:03] 14-x:SEV-USERTEAMS_OK;122:Voleibol Playa:111:123!x!111!:36.508976,-4.88562:Publico;5:Futbol 11:x:x!miguel!:36.6292883,-6.3700189:Con Invitacion;x:Voleibol:x:123!x!:36.629294,-6.3700111:Publico;xa:Futbol Sala:x:x!:36.63436527684896,-6.367968209087849:Privado;playeo:Voleibol Playa:x:123!x!:36.6292917,-6.3700406:Publico;invitado:Futbol 11:123:123!x!:36.5009591,-6.2723304:Con Invitacion;
[02/06/2023 13:39:03] 14-x:CLI-USERTEAMS
[02/06/2023 13:39:04] 14-x:SEV-USERTEAMS_OK;122:Voleibol Playa:111:123!x!111!:36.508976,-4.88562:Publico;5:Futbol 11:x:x!miguel!:36.6292883,-6.3700189:Con Invitacion;x:Voleibol:x:123!x!:36.629294,-6.3700111:Publico;xa:Futbol Sala:x:x!:36.63436527684896,-6.367968209087849:Privado;playeo:Voleibol Playa:x:123!x!:36.6292917,-6.3700406:Publico;invitado:Futbol 11:123:123!x!:36.5009591,-6.2723304:Con Invitacion;
[02/06/2023 13:39:04] 14-x:CLI-USERTEAMS
[02/06/2023 13:39:04] 14-x:SEV-USERTEAMS_OK;122:Voleibol Playa:111:123!x!111!:36.508976,-4.88562:Publico;5:Futbol 11:x:x!miguel!:36.6292883,-6.3700189:Con Invitacion;x:Voleibol:x:123!x!:36.629294,-6.3700111:Publico;xa:Futbol Sala:x:x!:36.63436527684896,-6.367968209087849:Privado;playeo:Voleibol Playa:x:123!x!:36.6292917,-6.3700406:Publico;invitado:Futbol 11:123:123!x!:36.5009591,-6.2723304:Con Invitacion;
[02/06/2023 13:39:58] 14-x:SE HA DESCONECTADO
[02/06/2023 13:40:05] Se ha conectado un cliente
[02/06/2023 13:40:07] 0-:CLI-LOGIN;x;1;USUARIO
[02/06/2023 13:40:07] 14-x:SEV-LOGIN-OK-USER;14;x
[02/06/2023 13:40:08] 14-x:CLI-GAMES-USER
[02/06/2023 13:40:08] 14-x:SEV-GAMES-USER-OK;36.625305172189016,-6.3505710661411285!2023-05-24!12:00!2023-05-22!05:00!5.6!Futbol 11!Esperando Jugadores!22!3!1;
[02/06/2023 13:40:09] 14-x:CLI-USERTEAMS
[02/06/2023 13:40:09] 14-x:SEV-USERTEAMS_OK;122:Voleibol Playa:111:123!x!111!:36.508976,-4.88562:Publico;5:Futbol 11:x:x!miguel!:36.6292883,-6.3700189:Con Invitacion;x:Voleibol:x:123!x!:36.629294,-6.3700111:Publico;xa:Futbol Sala:x:x!:36.63436527684896,-6.367968209087849:Privado;playeo:Voleibol Playa:x:123!x!:36.6292917,-6.3700406:Publico;invitado:Futbol 11:123:123!x!:36.5009591,-6.2723304:Con Invitacion;
[02/06/2023 13:42:43] 14-x:SE HA DESCONECTADO
[02/06/2023 13:42:51] Se ha conectado un cliente
[02/06/2023 13:42:54] 0-:CLI-LOGIN;x;1;USUARIO
[02/06/2023 13:42:54] 14-x:SEV-LOGIN-OK-USER;14;x
[02/06/2023 13:42:54] 14-x:CLI-GAMES-USER
[02/06/2023 13:42:54] 14-x:SEV-GAMES-USER-OK;36.625305172189016,-6.3505710661411285!2023-05-24!12:00!2023-05-22!05:00!5.6!Futbol 11!Esperando Jugadores!22!3!1;
[02/06/2023 13:42:56] 14-x:CLI-USERTEAMS
[02/06/2023 13:42:56] 14-x:SEV-USERTEAMS_OK;122:Voleibol Playa:111:123!x!111!:36.508976,-4.88562:Publico;5:Futbol 11:x:x!miguel!:36.6292883,-6.3700189:Con Invitacion;x:Voleibol:x:123!x!:36.629294,-6.3700111:Publico;xa:Futbol Sala:x:x!:36.63436527684896,-6.367968209087849:Privado;playeo:Voleibol Playa:x:123!x!:36.6292917,-6.3700406:Publico;invitado:Futbol 11:123:123!x!:36.5009591,-6.2723304:Con Invitacion;
[02/06/2023 13:43:42] 14-x:CLI-LOGOUT
[02/06/2023 13:43:42] 0-:SEV-LOGOUT-OK
[02/06/2023 13:43:42] Un usuario se ha desconectado de forma abrupta
[02/06/2023 13:43:47] Se ha conectado un cliente
[02/06/2023 13:43:50] 0-:CLI-LOGIN;x;1;USUARIO
[02/06/2023 13:43:50] 14-x:SEV-LOGIN-OK-USER;14;x
[02/06/2023 13:43:50] 14-x:CLI-GAMES-USER
[02/06/2023 13:43:50] 14-x:SEV-GAMES-USER-OK;36.625305172189016,-6.3505710661411285!2023-05-24!12:00!2023-05-22!05:00!5.6!Futbol 11!Esperando Jugadores!22!3!1;
[02/06/2023 13:43:52] 14-x:CLI-USERTEAMS
[02/06/2023 13:43:52] 14-x:SEV-USERTEAMS_OK;122:Voleibol Playa:111:123!x!111!:36.508976,-4.88562:Publico;5:Futbol 11:x:x!miguel!:36.6292883,-6.3700189:Con Invitacion;x:Voleibol:x:123!x!:36.629294,-6.3700111:Publico;xa:Futbol Sala:x:x!:36.63436527684896,-6.367968209087849:Privado;playeo:Voleibol Playa:x:123!x!:36.6292917,-6.3700406:Publico;invitado:Futbol 11:123:123!x!:36.5009591,-6.2723304:Con Invitacion;
[02/06/2023 13:43:53] 14-x:CLI-GAMES-USER
[02/06/2023 13:43:53] 14-x:SEV-GAMES-USER-OK;36.625305172189016,-6.3505710661411285!2023-05-24!12:00!2023-05-22!05:00!5.6!Futbol 11!Esperando Jugadores!22!3!1;
[02/06/2023 13:43:53] 14-x:CLI-USERTEAMS
[02/06/2023 13:43:54] 14-x:SEV-USERTEAMS_OK;122:Voleibol Playa:111:123!x!111!:36.508976,-4.88562:Publico;5:Futbol 11:x:x!miguel!:36.6292883,-6.3700189:Con Invitacion;x:Voleibol:x:123!x!:36.629294,-6.3700111:Publico;xa:Futbol Sala:x:x!:36.63436527684896,-6.367968209087849:Privado;playeo:Voleibol Playa:x:123!x!:36.6292917,-6.3700406:Publico;invitado:Futbol 11:123:123!x!:36.5009591,-6.2723304:Con Invitacion;
[02/06/2023 13:43:56] 14-x:CLI-LIGUES-USER
[02/06/2023 13:43:56] 14-x:SEV-LIGUES-USER-OK;2!Jere!36.6816936,-6.1377402!12.0!5!3!02:00!2023-04-12!06:00!2023-03-29!Futbol 11!12!12!04:00!07:00!Jugandose!4;7!Ademas!36.7761393,-6.3534794!3.0!4!2!00:00!2023-06-11!00:00!2023-06-09!Voleibol Playa!5!10!00:00!00:00!Esperando Jugadores!1;9!gratis!36.6228636,-6.3599595!0.0!4!2!00:00!2023-06-02!00:00!2023-06-10!Voleibol Playa!2!2!00:00!00:00!Esperando Jugadores!1;
[02/06/2023 13:43:56] 14-x:CLI-USERTEAMS
[02/06/2023 13:43:56] 14-x:SEV-USERTEAMS_OK;122:Voleibol Playa:111:123!x!111!:36.508976,-4.88562:Publico;5:Futbol 11:x:x!miguel!:36.6292883,-6.3700189:Con Invitacion;x:Voleibol:x:123!x!:36.629294,-6.3700111:Publico;xa:Futbol Sala:x:x!:36.63436527684896,-6.367968209087849:Privado;playeo:Voleibol Playa:x:123!x!:36.6292917,-6.3700406:Publico;invitado:Futbol 11:123:123!x!:36.5009591,-6.2723304:Con Invitacion;
[02/06/2023 13:43:57] 14-x:CLI-LIGUES-USER
[02/06/2023 13:43:57] 14-x:SEV-LIGUES-USER-OK;2!Jere!36.6816936,-6.1377402!12.0!5!3!02:00!2023-04-12!06:00!2023-03-29!Futbol 11!12!12!04:00!07:00!Jugandose!4;7!Ademas!36.7761393,-6.3534794!3.0!4!2!00:00!2023-06-11!00:00!2023-06-09!Voleibol Playa!5!10!00:00!00:00!Esperando Jugadores!1;9!gratis!36.6228636,-6.3599595!0.0!4!2!00:00!2023-06-02!00:00!2023-06-10!Voleibol Playa!2!2!00:00!00:00!Esperando Jugadores!1;
[02/06/2023 13:43:57] 14-x:CLI-USERTEAMS
[02/06/2023 13:43:57] 14-x:SEV-USERTEAMS_OK;122:Voleibol Playa:111:123!x!111!:36.508976,-4.88562:Publico;5:Futbol 11:x:x!miguel!:36.6292883,-6.3700189:Con Invitacion;x:Voleibol:x:123!x!:36.629294,-6.3700111:Publico;xa:Futbol Sala:x:x!:36.63436527684896,-6.367968209087849:Privado;playeo:Voleibol Playa:x:123!x!:36.6292917,-6.3700406:Publico;invitado:Futbol 11:123:123!x!:36.5009591,-6.2723304:Con Invitacion;
[02/06/2023 13:43:58] 14-x:CLI-USERTEAMS
[02/06/2023 13:43:58] 14-x:SEV-USERTEAMS_OK;122:Voleibol Playa:111:123!x!111!:36.508976,-4.88562:Publico;5:Futbol 11:x:x!miguel!:36.6292883,-6.3700189:Con Invitacion;x:Voleibol:x:123!x!:36.629294,-6.3700111:Publico;xa:Futbol Sala:x:x!:36.63436527684896,-6.367968209087849:Privado;playeo:Voleibol Playa:x:123!x!:36.6292917,-6.3700406:Publico;invitado:Futbol 11:123:123!x!:36.5009591,-6.2723304:Con Invitacion;
[02/06/2023 13:43:58] 14-x:CLI-LIGUES-USER
[02/06/2023 13:43:58] 14-x:SEV-LIGUES-USER-OK;2!Jere!36.6816936,-6.1377402!12.0!5!3!02:00!2023-04-12!06:00!2023-03-29!Futbol 11!12!12!04:00!07:00!Jugandose!4;7!Ademas!36.7761393,-6.3534794!3.0!4!2!00:00!2023-06-11!00:00!2023-06-09!Voleibol Playa!5!10!00:00!00:00!Esperando Jugadores!1;9!gratis!36.6228636,-6.3599595!0.0!4!2!00:00!2023-06-02!00:00!2023-06-10!Voleibol Playa!2!2!00:00!00:00!Esperando Jugadores!1;
[02/06/2023 13:43:59] 14-x:CLI-USERTEAMS
[02/06/2023 13:43:59] 14-x:SEV-USERTEAMS_OK;122:Voleibol Playa:111:123!x!111!:36.508976,-4.88562:Publico;5:Futbol 11:x:x!miguel!:36.6292883,-6.3700189:Con Invitacion;x:Voleibol:x:123!x!:36.629294,-6.3700111:Publico;xa:Futbol Sala:x:x!:36.63436527684896,-6.367968209087849:Privado;playeo:Voleibol Playa:x:123!x!:36.6292917,-6.3700406:Publico;invitado:Futbol 11:123:123!x!:36.5009591,-6.2723304:Con Invitacion;
[02/06/2023 13:43:59] 14-x:CLI-USERTEAMS
[02/06/2023 13:43:59] 14-x:SEV-USERTEAMS_OK;122:Voleibol Playa:111:123!x!111!:36.508976,-4.88562:Publico;5:Futbol 11:x:x!miguel!:36.6292883,-6.3700189:Con Invitacion;x:Voleibol:x:123!x!:36.629294,-6.3700111:Publico;xa:Futbol Sala:x:x!:36.63436527684896,-6.367968209087849:Privado;playeo:Voleibol Playa:x:123!x!:36.6292917,-6.3700406:Publico;invitado:Futbol 11:123:123!x!:36.5009591,-6.2723304:Con Invitacion;
[02/06/2023 13:43:59] 14-x:CLI-LIGUES-USER
[02/06/2023 13:43:59] 14-x:SEV-LIGUES-USER-OK;2!Jere!36.6816936,-6.1377402!12.0!5!3!02:00!2023-04-12!06:00!2023-03-29!Futbol 11!12!12!04:00!07:00!Jugandose!4;7!Ademas!36.7761393,-6.3534794!3.0!4!2!00:00!2023-06-11!00:00!2023-06-09!Voleibol Playa!5!10!00:00!00:00!Esperando Jugadores!1;9!gratis!36.6228636,-6.3599595!0.0!4!2!00:00!2023-06-02!00:00!2023-06-10!Voleibol Playa!2!2!00:00!00:00!Esperando Jugadores!1;
[02/06/2023 13:43:59] 14-x:CLI-USERTEAMS
[02/06/2023 13:43:59] 14-x:SEV-USERTEAMS_OK;122:Voleibol Playa:111:123!x!111!:36.508976,-4.88562:Publico;5:Futbol 11:x:x!miguel!:36.6292883,-6.3700189:Con Invitacion;x:Voleibol:x:123!x!:36.629294,-6.3700111:Publico;xa:Futbol Sala:x:x!:36.63436527684896,-6.367968209087849:Privado;playeo:Voleibol Playa:x:123!x!:36.6292917,-6.3700406:Publico;invitado:Futbol 11:123:123!x!:36.5009591,-6.2723304:Con Invitacion;
[02/06/2023 13:43:59] 14-x:CLI-LIGUES-USER
[02/06/2023 13:43:59] 14-x:SEV-LIGUES-USER-OK;2!Jere!36.6816936,-6.1377402!12.0!5!3!02:00!2023-04-12!06:00!2023-03-29!Futbol 11!12!12!04:00!07:00!Jugandose!4;7!Ademas!36.7761393,-6.3534794!3.0!4!2!00:00!2023-06-11!00:00!2023-06-09!Voleibol Playa!5!10!00:00!00:00!Esperando Jugadores!1;9!gratis!36.6228636,-6.3599595!0.0!4!2!00:00!2023-06-02!00:00!2023-06-10!Voleibol Playa!2!2!00:00!00:00!Esperando Jugadores!1;
[02/06/2023 13:44:00] 14-x:CLI-USERTEAMS
[02/06/2023 13:44:00] 14-x:SEV-USERTEAMS_OK;122:Voleibol Playa:111:123!x!111!:36.508976,-4.88562:Publico;5:Futbol 11:x:x!miguel!:36.6292883,-6.3700189:Con Invitacion;x:Voleibol:x:123!x!:36.629294,-6.3700111:Publico;xa:Futbol Sala:x:x!:36.63436527684896,-6.367968209087849:Privado;playeo:Voleibol Playa:x:123!x!:36.6292917,-6.3700406:Publico;invitado:Futbol 11:123:123!x!:36.5009591,-6.2723304:Con Invitacion;
[02/06/2023 13:44:02] 14-x:CLI-LIGUES-USER
[02/06/2023 13:44:02] 14-x:SEV-LIGUES-USER-OK;2!Jere!36.6816936,-6.1377402!12.0!5!3!02:00!2023-04-12!06:00!2023-03-29!Futbol 11!12!12!04:00!07:00!Jugandose!4;7!Ademas!36.7761393,-6.3534794!3.0!4!2!00:00!2023-06-11!00:00!2023-06-09!Voleibol Playa!5!10!00:00!00:00!Esperando Jugadores!1;9!gratis!36.6228636,-6.3599595!0.0!4!2!00:00!2023-06-02!00:00!2023-06-10!Voleibol Playa!2!2!00:00!00:00!Esperando Jugadores!1;
[02/06/2023 13:44:02] 14-x:CLI-USERTEAMS
[02/06/2023 13:44:02] 14-x:SEV-USERTEAMS_OK;122:Voleibol Playa:111:123!x!111!:36.508976,-4.88562:Publico;5:Futbol 11:x:x!miguel!:36.6292883,-6.3700189:Con Invitacion;x:Voleibol:x:123!x!:36.629294,-6.3700111:Publico;xa:Futbol Sala:x:x!:36.63436527684896,-6.367968209087849:Privado;playeo:Voleibol Playa:x:123!x!:36.6292917,-6.3700406:Publico;invitado:Futbol 11:123:123!x!:36.5009591,-6.2723304:Con Invitacion;
[02/06/2023 13:44:03] 14-x:CLI-LIGUES-USER
[02/06/2023 13:44:03] 14-x:SEV-LIGUES-USER-OK;2!Jere!36.6816936,-6.1377402!12.0!5!3!02:00!2023-04-12!06:00!2023-03-29!Futbol 11!12!12!04:00!07:00!Jugandose!4;7!Ademas!36.7761393,-6.3534794!3.0!4!2!00:00!2023-06-11!00:00!2023-06-09!Voleibol Playa!5!10!00:00!00:00!Esperando Jugadores!1;9!gratis!36.6228636,-6.3599595!0.0!4!2!00:00!2023-06-02!00:00!2023-06-10!Voleibol Playa!2!2!00:00!00:00!Esperando Jugadores!1;
[02/06/2023 13:44:03] 14-x:CLI-USERTEAMS
[02/06/2023 13:44:03] 14-x:SEV-USERTEAMS_OK;122:Voleibol Playa:111:123!x!111!:36.508976,-4.88562:Publico;5:Futbol 11:x:x!miguel!:36.6292883,-6.3700189:Con Invitacion;x:Voleibol:x:123!x!:36.629294,-6.3700111:Publico;xa:Futbol Sala:x:x!:36.63436527684896,-6.367968209087849:Privado;playeo:Voleibol Playa:x:123!x!:36.6292917,-6.3700406:Publico;invitado:Futbol 11:123:123!x!:36.5009591,-6.2723304:Con Invitacion;
[02/06/2023 13:44:05] 14-x:CLI-USERTEAMS
[02/06/2023 13:44:05] 14-x:SEV-USERTEAMS_OK;122:Voleibol Playa:111:123!x!111!:36.508976,-4.88562:Publico;5:Futbol 11:x:x!miguel!:36.6292883,-6.3700189:Con Invitacion;x:Voleibol:x:123!x!:36.629294,-6.3700111:Publico;xa:Futbol Sala:x:x!:36.63436527684896,-6.367968209087849:Privado;playeo:Voleibol Playa:x:123!x!:36.6292917,-6.3700406:Publico;invitado:Futbol 11:123:123!x!:36.5009591,-6.2723304:Con Invitacion;
[02/06/2023 13:44:05] 14-x:CLI-GAMES-USER
[02/06/2023 13:44:05] 14-x:SEV-GAMES-USER-OK;36.625305172189016,-6.3505710661411285!2023-05-24!12:00!2023-05-22!05:00!5.6!Futbol 11!Esperando Jugadores!22!3!1;
[02/06/2023 13:44:05] 14-x:CLI-USERTEAMS
[02/06/2023 13:44:05] 14-x:SEV-USERTEAMS_OK;122:Voleibol Playa:111:123!x!111!:36.508976,-4.88562:Publico;5:Futbol 11:x:x!miguel!:36.6292883,-6.3700189:Con Invitacion;x:Voleibol:x:123!x!:36.629294,-6.3700111:Publico;xa:Futbol Sala:x:x!:36.63436527684896,-6.367968209087849:Privado;playeo:Voleibol Playa:x:123!x!:36.6292917,-6.3700406:Publico;invitado:Futbol 11:123:123!x!:36.5009591,-6.2723304:Con Invitacion;
[02/06/2023 13:44:05] 14-x:CLI-GAMES-USER
[02/06/2023 13:44:05] 14-x:SEV-GAMES-USER-OK;36.625305172189016,-6.3505710661411285!2023-05-24!12:00!2023-05-22!05:00!5.6!Futbol 11!Esperando Jugadores!22!3!1;
[02/06/2023 13:44:05] 14-x:CLI-GAMES-USER
[02/06/2023 13:44:05] 14-x:SEV-GAMES-USER-OK;36.625305172189016,-6.3505710661411285!2023-05-24!12:00!2023-05-22!05:00!5.6!Futbol 11!Esperando Jugadores!22!3!1;
[02/06/2023 13:44:05] 14-x:CLI-GAMES-USER
[02/06/2023 13:44:05] 14-x:SEV-GAMES-USER-OK;36.625305172189016,-6.3505710661411285!2023-05-24!12:00!2023-05-22!05:00!5.6!Futbol 11!Esperando Jugadores!22!3!1;
[02/06/2023 13:44:06] 14-x:CLI-USERTEAMS
[02/06/2023 13:44:06] 14-x:SEV-USERTEAMS_OK;122:Voleibol Playa:111:123!x!111!:36.508976,-4.88562:Publico;5:Futbol 11:x:x!miguel!:36.6292883,-6.3700189:Con Invitacion;x:Voleibol:x:123!x!:36.629294,-6.3700111:Publico;xa:Futbol Sala:x:x!:36.63436527684896,-6.367968209087849:Privado;playeo:Voleibol Playa:x:123!x!:36.6292917,-6.3700406:Publico;invitado:Futbol 11:123:123!x!:36.5009591,-6.2723304:Con Invitacion;
[02/06/2023 13:44:06] 14-x:CLI-GAMES-USER
[02/06/2023 13:44:06] 14-x:SEV-GAMES-USER-OK;36.625305172189016,-6.3505710661411285!2023-05-24!12:00!2023-05-22!05:00!5.6!Futbol 11!Esperando Jugadores!22!3!1;
[02/06/2023 13:44:06] 14-x:CLI-USERTEAMS
[02/06/2023 13:44:06] 14-x:SEV-USERTEAMS_OK;122:Voleibol Playa:111:123!x!111!:36.508976,-4.88562:Publico;5:Futbol 11:x:x!miguel!:36.6292883,-6.3700189:Con Invitacion;x:Voleibol:x:123!x!:36.629294,-6.3700111:Publico;xa:Futbol Sala:x:x!:36.63436527684896,-6.367968209087849:Privado;playeo:Voleibol Playa:x:123!x!:36.6292917,-6.3700406:Publico;invitado:Futbol 11:123:123!x!:36.5009591,-6.2723304:Con Invitacion;
[02/06/2023 13:44:07] 14-x:CLI-LIGUES-USER
[02/06/2023 13:44:07] 14-x:SEV-LIGUES-USER-OK;2!Jere!36.6816936,-6.1377402!12.0!5!3!02:00!2023-04-12!06:00!2023-03-29!Futbol 11!12!12!04:00!07:00!Jugandose!4;7!Ademas!36.7761393,-6.3534794!3.0!4!2!00:00!2023-06-11!00:00!2023-06-09!Voleibol Playa!5!10!00:00!00:00!Esperando Jugadores!1;9!gratis!36.6228636,-6.3599595!0.0!4!2!00:00!2023-06-02!00:00!2023-06-10!Voleibol Playa!2!2!00:00!00:00!Esperando Jugadores!1;
[02/06/2023 13:44:08] 14-x:CLI-TOURNAMENTS-USER
[02/06/2023 13:44:08] 14-x:SEV-TOURNAMENTS-USER-OK;Prueba!36.4210849486101,-6.13348387670698!15.0!4!2!15:00!2023-04-04!15:00!2023-04-19!Futbol 11!Jugandose!4!1;x!36.6228636,-6.3599595!0.0!4!2!00:00!2023-06-11!00:00!2023-06-11!Voleibol Playa!Esperando Jugadores!2!10;x!36.6228636,-6.3599595!0.0!4!2!00:00!2023-06-11!00:00!2023-06-11!Voleibol Playa!Esperando Jugadores!2!10;Pachangeo !36.6816936,-6.1377402!5.0!4!3!00:00!2023-06-30!00:00!2023-06-09!Voleibol Playa!Esperando Jugadores!1!23;Rota!36.6228636,-6.3599595!0.0!4!3!00:00!2023-06-01!00:00!2023-06-11!Voleibol Playa!Esperando Jugadores!1!24;
[02/06/2023 13:44:08] 14-x:CLI-USERTEAMS
[02/06/2023 13:44:08] 14-x:SEV-USERTEAMS_OK;122:Voleibol Playa:111:123!x!111!:36.508976,-4.88562:Publico;5:Futbol 11:x:x!miguel!:36.6292883,-6.3700189:Con Invitacion;x:Voleibol:x:123!x!:36.629294,-6.3700111:Publico;xa:Futbol Sala:x:x!:36.63436527684896,-6.367968209087849:Privado;playeo:Voleibol Playa:x:123!x!:36.6292917,-6.3700406:Publico;invitado:Futbol 11:123:123!x!:36.5009591,-6.2723304:Con Invitacion;
[02/06/2023 13:44:11] 14-x:CLI-TOURNAMENTS-USER
[02/06/2023 13:44:11] 14-x:SEV-TOURNAMENTS-USER-OK;Prueba!36.4210849486101,-6.13348387670698!15.0!4!2!15:00!2023-04-04!15:00!2023-04-19!Futbol 11!Jugandose!4!1;x!36.6228636,-6.3599595!0.0!4!2!00:00!2023-06-11!00:00!2023-06-11!Voleibol Playa!Esperando Jugadores!2!10;x!36.6228636,-6.3599595!0.0!4!2!00:00!2023-06-11!00:00!2023-06-11!Voleibol Playa!Esperando Jugadores!2!10;Pachangeo !36.6816936,-6.1377402!5.0!4!3!00:00!2023-06-30!00:00!2023-06-09!Voleibol Playa!Esperando Jugadores!1!23;Rota!36.6228636,-6.3599595!0.0!4!3!00:00!2023-06-01!00:00!2023-06-11!Voleibol Playa!Esperando Jugadores!1!24;
[02/06/2023 13:44:12] 14-x:CLI-TOURNAMENTS-AVAILABLE;36.6292989,-6.3700238;10
[02/06/2023 13:44:12] 14-x:SEV-TOURNAMENTS-AVAILABLE-OK;x!36.6228636,-6.3599595!0.0!4!2!00:00!2023-06-11!00:00!2023-06-11!Voleibol Playa!Esperando Jugadores!2!10;Rota!36.6228636,-6.3599595!0.0!4!3!00:00!2023-06-01!00:00!2023-06-11!Voleibol Playa!Esperando Jugadores!1!24;nose!36.6228636,-6.3599595!25.0!4!3!00:00!2023-06-04!00:00!2023-06-03!Futbol 11!Esperando Jugadores!0!26;123!36.6204069,-6.3620778!123.3!4!3!00:00!2023-06-04!00:00!2023-06-03!Futbol 11!Esperando Jugadores!0!25;
[02/06/2023 13:44:12] 14-x:CLI-TOURNAMENTS-AVAILABLE;36.6292989,-6.3700238;10
[02/06/2023 13:44:12] 14-x:SEV-TOURNAMENTS-AVAILABLE-OK;x!36.6228636,-6.3599595!0.0!4!2!00:00!2023-06-11!00:00!2023-06-11!Voleibol Playa!Esperando Jugadores!2!10;Rota!36.6228636,-6.3599595!0.0!4!3!00:00!2023-06-01!00:00!2023-06-11!Voleibol Playa!Esperando Jugadores!1!24;nose!36.6228636,-6.3599595!25.0!4!3!00:00!2023-06-04!00:00!2023-06-03!Futbol 11!Esperando Jugadores!0!26;123!36.6204069,-6.3620778!123.3!4!3!00:00!2023-06-04!00:00!2023-06-03!Futbol 11!Esperando Jugadores!0!25;
[02/06/2023 13:44:18] 14-x:CLI-TOURNAMENTS-STATE-USER;10
[02/06/2023 13:44:18] 14-x:SEV-TOURNAMENTS-STATE-USER-OK;INSCRITO
[02/06/2023 13:44:20] 14-x:CLI-TEAMSTOURNAMENT;10
[02/06/2023 13:44:20] 14-x:SEV-YOURTEAMSTOURNAMENT;122:111:Voleibol Playa;playeo:x:Voleibol Playa;
[02/06/2023 13:44:22] 14-x:CLI-TOURNAMENTS-USER
[02/06/2023 13:44:22] 14-x:SEV-TOURNAMENTS-USER-OK;Prueba!36.4210849486101,-6.13348387670698!15.0!4!2!15:00!2023-04-04!15:00!2023-04-19!Futbol 11!Jugandose!4!1;x!36.6228636,-6.3599595!0.0!4!2!00:00!2023-06-11!00:00!2023-06-11!Voleibol Playa!Esperando Jugadores!2!10;x!36.6228636,-6.3599595!0.0!4!2!00:00!2023-06-11!00:00!2023-06-11!Voleibol Playa!Esperando Jugadores!2!10;Pachangeo !36.6816936,-6.1377402!5.0!4!3!00:00!2023-06-30!00:00!2023-06-09!Voleibol Playa!Esperando Jugadores!1!23;Rota!36.6228636,-6.3599595!0.0!4!3!00:00!2023-06-01!00:00!2023-06-11!Voleibol Playa!Esperando Jugadores!1!24;
[02/06/2023 13:44:22] 14-x:CLI-TOURNAMENTS-STATE-USER;1
[02/06/2023 13:44:22] 14-x:SEV-TOURNAMENTS-STATE-USER-OK;INSCRITO
[02/06/2023 13:44:24] 14-x:CLI-TOURNAMENTS-ROUNDS;1
[02/06/2023 13:44:24] 14-x:SEV-TOURNAMENTS-ROUNDS;3/1/122/2/ELIMINADO/3/1!4/1/ELIMINADO/3/ELIMINADO/2/1!:5/2/ELIMINADO/5/ELIMINADO/2/1!
[02/06/2023 13:44:29] 14-x:CLI-TEAMSTOURNAMENT;1
[02/06/2023 13:44:29] 14-x:SEV-YOURTEAMSTOURNAMENT;ELIMINADO:123:Futbol 7;ELIMINADO:124:Futbol 11;ELIMINADO:124:Futbol Sala;122:111:Voleibol Playa;
[02/06/2023 13:44:30] 14-x:CLI-LIGUES-USER
[02/06/2023 13:44:30] 14-x:SEV-LIGUES-USER-OK;2!Jere!36.6816936,-6.1377402!12.0!5!3!02:00!2023-04-12!06:00!2023-03-29!Futbol 11!12!12!04:00!07:00!Jugandose!4;7!Ademas!36.7761393,-6.3534794!3.0!4!2!00:00!2023-06-11!00:00!2023-06-09!Voleibol Playa!5!10!00:00!00:00!Esperando Jugadores!1;9!gratis!36.6228636,-6.3599595!0.0!4!2!00:00!2023-06-02!00:00!2023-06-10!Voleibol Playa!2!2!00:00!00:00!Esperando Jugadores!1;
[02/06/2023 13:44:31] 14-x:CLI-LIGUES-STATE-USER;2
[02/06/2023 13:44:31] 14-x:SEV-LIGUES-STATE-USER-OK;INSCRITO
[02/06/2023 13:44:33] 14-x:CLI-TEAMSLIGUE;2
[02/06/2023 13:44:33] 14-x:SEV-YOURTEAMSLIGUE;ELIMINADO:123:Futbol 7;ELIMINADO:124:Futbol 11;ELIMINADO:124:Futbol Sala;122:111:Voleibol Playa;
[02/06/2023 13:44:34] 14-x:CLI-LIGUES-NUMBER-ROUND;2
[02/06/2023 13:44:34] 14-x:SEV-LIGUES-NUMBER-ROUND-OK;6
[02/06/2023 13:44:34] 14-x:CLI-LIGUES-ROUND-DATE;2;1
[02/06/2023 13:44:34] 14-x:SEV-LIGUES-ROUND-DATE-OK;1/122/3/ELIMINADO/1/2023-04-12/04:00!2/ELIMINADO/?/ELIMINADO/?/2023-04-12/04:12!
[02/06/2023 13:44:36] 14-x:CLI-LIGUES-SCORE;2
[02/06/2023 13:44:36] 14-x:SEV-LIGUES-SCORE-OK;ELIMINADO:3:3:6:9:-3;ELIMINADO:4:7:15:10:5;ELIMINADO:2:3:25:9:16;122:4:7:10:28:-18;
[02/06/2023 13:44:39] 14-x:CLI-GAMES-USER
[02/06/2023 13:44:39] 14-x:SEV-GAMES-USER-OK;36.625305172189016,-6.3505710661411285!2023-05-24!12:00!2023-05-22!05:00!5.6!Futbol 11!Esperando Jugadores!22!3!1;
[02/06/2023 13:44:40] 14-x:CLI-GAMES-STATE-USER;1
[02/06/2023 13:44:40] 14-x:SEV-GAMES-STATE-USER-OK;INSCRITO
[02/06/2023 13:44:42] 14-x:CLI-GAMES-USER
[02/06/2023 13:44:42] 14-x:SEV-GAMES-USER-OK;36.625305172189016,-6.3505710661411285!2023-05-24!12:00!2023-05-22!05:00!5.6!Futbol 11!Esperando Jugadores!22!3!1;
[02/06/2023 13:44:42] 14-x:CLI-GIVE-SPORTS
[02/06/2023 13:44:42] 14-x:SEV-SEND-SPORTS;Futbol 11:22;Futbol 7:14;Futbol Sala:10;Voleibol:12;Voleibol Playa:4;
[02/06/2023 13:44:53] 14-x:CLI-GAMES-USER
[02/06/2023 13:44:53] 14-x:SEV-GAMES-USER-OK;36.625305172189016,-6.3505710661411285!2023-05-24!12:00!2023-05-22!05:00!5.6!Futbol 11!Esperando Jugadores!22!3!1;
[02/06/2023 13:44:55] 14-x:CLI-USERTEAMS
[02/06/2023 13:44:55] 14-x:SEV-USERTEAMS_OK;122:Voleibol Playa:111:123!x!111!:36.508976,-4.88562:Publico;5:Futbol 11:x:x!miguel!:36.6292883,-6.3700189:Con Invitacion;x:Voleibol:x:123!x!:36.629294,-6.3700111:Publico;xa:Futbol Sala:x:x!:36.63436527684896,-6.367968209087849:Privado;playeo:Voleibol Playa:x:123!x!:36.6292917,-6.3700406:Publico;invitado:Futbol 11:123:123!x!:36.5009591,-6.2723304:Con Invitacion;
[02/06/2023 13:44:56] 14-x:CLI-USER-INVITES
[02/06/2023 13:44:56] 14-x:SEV-USER-INVITES-OK;
[02/06/2023 13:44:57] 14-x:CLI-USERTEAMS
[02/06/2023 13:44:57] 14-x:SEV-USERTEAMS_OK;122:Voleibol Playa:111:123!x!111!:36.508976,-4.88562:Publico;5:Futbol 11:x:x!miguel!:36.6292883,-6.3700189:Con Invitacion;x:Voleibol:x:123!x!:36.629294,-6.3700111:Publico;xa:Futbol Sala:x:x!:36.63436527684896,-6.367968209087849:Privado;playeo:Voleibol Playa:x:123!x!:36.6292917,-6.3700406:Publico;invitado:Futbol 11:123:123!x!:36.5009591,-6.2723304:Con Invitacion;
[02/06/2023 13:45:01] 14-x:CLI-TEAM-LEAVE;invitado
[02/06/2023 13:45:01] 14-x:SEV-TEAM-LEAVE-OK
[02/06/2023 13:45:01] 14-x:CLI-USERTEAMS
[02/06/2023 13:45:01] 14-x:SEV-USERTEAMS_OK;122:Voleibol Playa:111:123!x!111!:36.508976,-4.88562:Publico;5:Futbol 11:x:x!miguel!:36.6292883,-6.3700189:Con Invitacion;x:Voleibol:x:123!x!:36.629294,-6.3700111:Publico;xa:Futbol Sala:x:x!:36.63436527684896,-6.367968209087849:Privado;playeo:Voleibol Playa:x:123!x!:36.6292917,-6.3700406:Publico;
[02/06/2023 13:45:04] 14-x:CLI-GAMES-USER
[02/06/2023 13:45:04] 14-x:SEV-GAMES-USER-OK;36.625305172189016,-6.3505710661411285!2023-05-24!12:00!2023-05-22!05:00!5.6!Futbol 11!Esperando Jugadores!22!3!1;
[02/06/2023 13:45:10] 14-x:CLI-GAMES-AVAILABLE;36.6292936,-6.3700274;10
[02/06/2023 13:45:10] 14-x:SEV-GAMES-AVAILABLE-OK;36.625305172189016,-6.3505710661411285!2023-05-24!12:00!2023-05-22!05:00!5.6!Futbol 11!Esperando Jugadores!22!3!1;
[02/06/2023 13:45:10] 14-x:CLI-GAMES-AVAILABLE;36.6292936,-6.3700274;10
[02/06/2023 13:45:10] 14-x:SEV-GAMES-AVAILABLE-OK;36.625305172189016,-6.3505710661411285!2023-05-24!12:00!2023-05-22!05:00!5.6!Futbol 11!Esperando Jugadores!22!3!1;
[02/06/2023 13:45:12] 14-x:CLI-GIVE-SPORTS
[02/06/2023 13:45:12] 14-x:SEV-SEND-SPORTS;Futbol 11:22;Futbol 7:14;Futbol Sala:10;Voleibol:12;Voleibol Playa:4;
[02/06/2023 13:45:19] 14-x:CLI-GAMES-AVAILABLE;36.6292503,-6.3700393;5
[02/06/2023 13:45:19] 14-x:SEV-GAMES-AVAILABLE-OK;36.625305172189016,-6.3505710661411285!2023-05-24!12:00!2023-05-22!05:00!5.6!Futbol 11!Esperando Jugadores!22!3!1;
[02/06/2023 13:45:23] 14-x:CLI-GAMES-AVAILABLE;36.6292503,-6.3700393;10
[02/06/2023 13:45:23] 14-x:SEV-GAMES-AVAILABLE-OK;36.625305172189016,-6.3505710661411285!2023-05-24!12:00!2023-05-22!05:00!5.6!Futbol 11!Esperando Jugadores!22!3!1;
[02/06/2023 13:45:25] 14-x:CLI-USERTEAMS
[02/06/2023 13:45:25] 14-x:SEV-USERTEAMS_OK;122:Voleibol Playa:111:123!x!111!:36.508976,-4.88562:Publico;5:Futbol 11:x:x!miguel!:36.6292883,-6.3700189:Con Invitacion;x:Voleibol:x:123!x!:36.629294,-6.3700111:Publico;xa:Futbol Sala:x:x!:36.63436527684896,-6.367968209087849:Privado;playeo:Voleibol Playa:x:123!x!:36.6292917,-6.3700406:Publico;
[02/06/2023 13:45:26] 14-x:CLI-LIGUES-USER
[02/06/2023 13:45:26] 14-x:SEV-LIGUES-USER-OK;2!Jere!36.6816936,-6.1377402!12.0!5!3!02:00!2023-04-12!06:00!2023-03-29!Futbol 11!12!12!04:00!07:00!Jugandose!4;7!Ademas!36.7761393,-6.3534794!3.0!4!2!00:00!2023-06-11!00:00!2023-06-09!Voleibol Playa!5!10!00:00!00:00!Esperando Jugadores!1;9!gratis!36.6228636,-6.3599595!0.0!4!2!00:00!2023-06-02!00:00!2023-06-10!Voleibol Playa!2!2!00:00!00:00!Esperando Jugadores!1;
[02/06/2023 13:45:27] 14-x:CLI-LIGUES-AVAILABLE;36.6292503,-6.3700393;10
[02/06/2023 13:45:27] 14-x:SEV-LIGUES-AVAILABLE-OK;8!Gratis!36.6228636,-6.3599595!0.0!4!2!00:00!2023-06-01!00:00!2023-06-09!Futbol 11!2!2!00:00!00:00!Esperando Jugadores!0;9!gratis!36.6228636,-6.3599595!0.0!4!2!00:00!2023-06-02!00:00!2023-06-10!Voleibol Playa!2!2!00:00!00:00!Esperando Jugadores!1;10!Prueba liga!36.6228636,-6.3599595!157.5!4!2!00:00!2023-06-11!00:00!2023-06-04!Futbol 11!10!5!00:00!00:00!Esperando Jugadores!0;
[02/06/2023 13:45:27] 14-x:CLI-LIGUES-AVAILABLE;36.6292503,-6.3700393;10
[02/06/2023 13:45:27] 14-x:SEV-LIGUES-AVAILABLE-OK;8!Gratis!36.6228636,-6.3599595!0.0!4!2!00:00!2023-06-01!00:00!2023-06-09!Futbol 11!2!2!00:00!00:00!Esperando Jugadores!0;9!gratis!36.6228636,-6.3599595!0.0!4!2!00:00!2023-06-02!00:00!2023-06-10!Voleibol Playa!2!2!00:00!00:00!Esperando Jugadores!1;10!Prueba liga!36.6228636,-6.3599595!157.5!4!2!00:00!2023-06-11!00:00!2023-06-04!Futbol 11!10!5!00:00!00:00!Esperando Jugadores!0;
[02/06/2023 13:45:31] 14-x:CLI-LIGUES-AVAILABLE;36.6292503,-6.3700393;25
[02/06/2023 13:45:31] 14-x:SEV-LIGUES-AVAILABLE-OK;8!Gratis!36.6228636,-6.3599595!0.0!4!2!00:00!2023-06-01!00:00!2023-06-09!Futbol 11!2!2!00:00!00:00!Esperando Jugadores!0;9!gratis!36.6228636,-6.3599595!0.0!4!2!00:00!2023-06-02!00:00!2023-06-10!Voleibol Playa!2!2!00:00!00:00!Esperando Jugadores!1;10!Prueba liga!36.6228636,-6.3599595!157.5!4!2!00:00!2023-06-11!00:00!2023-06-04!Futbol 11!10!5!00:00!00:00!Esperando Jugadores!0;6!Liguilla!36.7355451,-6.4348221!2.0!4!2!00:00!2023-06-11!00:00!2023-06-09!Voleibol!7!10!00:00!04:00!Esperando Jugadores!0;7!Ademas!36.7761393,-6.3534794!3.0!4!2!00:00!2023-06-11!00:00!2023-06-09!Voleibol Playa!5!10!00:00!00:00!Esperando Jugadores!1;
[02/06/2023 13:45:31] 14-x:CLI-LIGUES-AVAILABLE;36.6292503,-6.3700393;50
[02/06/2023 13:45:31] 14-x:SEV-LIGUES-AVAILABLE-OK;8!Gratis!36.6228636,-6.3599595!0.0!4!2!00:00!2023-06-01!00:00!2023-06-09!Futbol 11!2!2!00:00!00:00!Esperando Jugadores!0;9!gratis!36.6228636,-6.3599595!0.0!4!2!00:00!2023-06-02!00:00!2023-06-10!Voleibol Playa!2!2!00:00!00:00!Esperando Jugadores!1;10!Prueba liga!36.6228636,-6.3599595!157.5!4!2!00:00!2023-06-11!00:00!2023-06-04!Futbol 11!10!5!00:00!00:00!Esperando Jugadores!0;6!Liguilla!36.7355451,-6.4348221!2.0!4!2!00:00!2023-06-11!00:00!2023-06-09!Voleibol!7!10!00:00!04:00!Esperando Jugadores!0;7!Ademas!36.7761393,-6.3534794!3.0!4!2!00:00!2023-06-11!00:00!2023-06-09!Voleibol Playa!5!10!00:00!00:00!Esperando Jugadores!1;
[02/06/2023 13:45:32] 14-x:CLI-LIGUES-AVAILABLE;36.6292503,-6.3700393;100
[02/06/2023 13:45:32] 14-x:SEV-LIGUES-AVAILABLE-OK;8!Gratis!36.6228636,-6.3599595!0.0!4!2!00:00!2023-06-01!00:00!2023-06-09!Futbol 11!2!2!00:00!00:00!Esperando Jugadores!0;9!gratis!36.6228636,-6.3599595!0.0!4!2!00:00!2023-06-02!00:00!2023-06-10!Voleibol Playa!2!2!00:00!00:00!Esperando Jugadores!1;10!Prueba liga!36.6228636,-6.3599595!157.5!4!2!00:00!2023-06-11!00:00!2023-06-04!Futbol 11!10!5!00:00!00:00!Esperando Jugadores!0;6!Liguilla!36.7355451,-6.4348221!2.0!4!2!00:00!2023-06-11!00:00!2023-06-09!Voleibol!7!10!00:00!04:00!Esperando Jugadores!0;7!Ademas!36.7761393,-6.3534794!3.0!4!2!00:00!2023-06-11!00:00!2023-06-09!Voleibol Playa!5!10!00:00!00:00!Esperando Jugadores!1;
[02/06/2023 13:45:34] 14-x:CLI-LIGUES-AVAILABLE;36.6292503,-6.3700393;-1
[02/06/2023 13:45:34] 14-x:SEV-LIGUES-AVAILABLE-OK;8!Gratis!36.6228636,-6.3599595!0.0!4!2!00:00!2023-06-01!00:00!2023-06-09!Futbol 11!2!2!00:00!00:00!Esperando Jugadores!0;9!gratis!36.6228636,-6.3599595!0.0!4!2!00:00!2023-06-02!00:00!2023-06-10!Voleibol Playa!2!2!00:00!00:00!Esperando Jugadores!1;10!Prueba liga!36.6228636,-6.3599595!157.5!4!2!00:00!2023-06-11!00:00!2023-06-04!Futbol 11!10!5!00:00!00:00!Esperando Jugadores!0;6!Liguilla!36.7355451,-6.4348221!2.0!4!2!00:00!2023-06-11!00:00!2023-06-09!Voleibol!7!10!00:00!04:00!Esperando Jugadores!0;7!Ademas!36.7761393,-6.3534794!3.0!4!2!00:00!2023-06-11!00:00!2023-06-09!Voleibol Playa!5!10!00:00!00:00!Esperando Jugadores!1;
[02/06/2023 13:45:38] 14-x:CLI-LIGUES-AVAILABLE;36.6292503,-6.3700393;100
[02/06/2023 13:45:38] 14-x:SEV-LIGUES-AVAILABLE-OK;8!Gratis!36.6228636,-6.3599595!0.0!4!2!00:00!2023-06-01!00:00!2023-06-09!Futbol 11!2!2!00:00!00:00!Esperando Jugadores!0;9!gratis!36.6228636,-6.3599595!0.0!4!2!00:00!2023-06-02!00:00!2023-06-10!Voleibol Playa!2!2!00:00!00:00!Esperando Jugadores!1;10!Prueba liga!36.6228636,-6.3599595!157.5!4!2!00:00!2023-06-11!00:00!2023-06-04!Futbol 11!10!5!00:00!00:00!Esperando Jugadores!0;6!Liguilla!36.7355451,-6.4348221!2.0!4!2!00:00!2023-06-11!00:00!2023-06-09!Voleibol!7!10!00:00!04:00!Esperando Jugadores!0;7!Ademas!36.7761393,-6.3534794!3.0!4!2!00:00!2023-06-11!00:00!2023-06-09!Voleibol Playa!5!10!00:00!00:00!Esperando Jugadores!1;
[02/06/2023 13:45:39] 14-x:CLI-LIGUES-AVAILABLE;36.6292503,-6.3700393;25
[02/06/2023 13:45:39] 14-x:SEV-LIGUES-AVAILABLE-OK;8!Gratis!36.6228636,-6.3599595!0.0!4!2!00:00!2023-06-01!00:00!2023-06-09!Futbol 11!2!2!00:00!00:00!Esperando Jugadores!0;9!gratis!36.6228636,-6.3599595!0.0!4!2!00:00!2023-06-02!00:00!2023-06-10!Voleibol Playa!2!2!00:00!00:00!Esperando Jugadores!1;10!Prueba liga!36.6228636,-6.3599595!157.5!4!2!00:00!2023-06-11!00:00!2023-06-04!Futbol 11!10!5!00:00!00:00!Esperando Jugadores!0;6!Liguilla!36.7355451,-6.4348221!2.0!4!2!00:00!2023-06-11!00:00!2023-06-09!Voleibol!7!10!00:00!04:00!Esperando Jugadores!0;7!Ademas!36.7761393,-6.3534794!3.0!4!2!00:00!2023-06-11!00:00!2023-06-09!Voleibol Playa!5!10!00:00!00:00!Esperando Jugadores!1;
[02/06/2023 13:45:40] 14-x:CLI-LIGUES-AVAILABLE;36.6292503,-6.3700393;10
[02/06/2023 13:45:40] 14-x:SEV-LIGUES-AVAILABLE-OK;8!Gratis!36.6228636,-6.3599595!0.0!4!2!00:00!2023-06-01!00:00!2023-06-09!Futbol 11!2!2!00:00!00:00!Esperando Jugadores!0;9!gratis!36.6228636,-6.3599595!0.0!4!2!00:00!2023-06-02!00:00!2023-06-10!Voleibol Playa!2!2!00:00!00:00!Esperando Jugadores!1;10!Prueba liga!36.6228636,-6.3599595!157.5!4!2!00:00!2023-06-11!00:00!2023-06-04!Futbol 11!10!5!00:00!00:00!Esperando Jugadores!0;
[02/06/2023 13:45:40] 14-x:CLI-LIGUES-AVAILABLE;36.6292503,-6.3700393;5
[02/06/2023 13:45:40] 14-x:SEV-LIGUES-AVAILABLE-OK;8!Gratis!36.6228636,-6.3599595!0.0!4!2!00:00!2023-06-01!00:00!2023-06-09!Futbol 11!2!2!00:00!00:00!Esperando Jugadores!0;9!gratis!36.6228636,-6.3599595!0.0!4!2!00:00!2023-06-02!00:00!2023-06-10!Voleibol Playa!2!2!00:00!00:00!Esperando Jugadores!1;10!Prueba liga!36.6228636,-6.3599595!157.5!4!2!00:00!2023-06-11!00:00!2023-06-04!Futbol 11!10!5!00:00!00:00!Esperando Jugadores!0;
[02/06/2023 14:20:58] Se ha conectado un cliente
[02/06/2023 14:21:01] 0-:CLI-LOGIN;x;1;USUARIO
[02/06/2023 14:21:01] 14-x:SEV-LOGIN-OK-USER;14;x
[02/06/2023 14:21:01] 14-x:CLI-GAMES-USER
[02/06/2023 14:21:01] 14-x:SEV-GAMES-USER-OK;36.625305172189016,-6.3505710661411285!2023-05-24!12:00!2023-05-22!05:00!5.6!Futbol 11!Esperando Jugadores!22!3!1;
[02/06/2023 14:21:02] 14-x:CLI-USERTEAMS
[02/06/2023 14:21:02] 14-x:SEV-USERTEAMS_OK;122:Voleibol Playa:111:123!x!111!:36.508976,-4.88562:Publico;5:Futbol 11:x:x!miguel!:36.6292883,-6.3700189:Con Invitacion;x:Voleibol:x:123!x!:36.629294,-6.3700111:Publico;xa:Futbol Sala:x:x!:36.63436527684896,-6.367968209087849:Privado;playeo:Voleibol Playa:x:123!x!:36.6292917,-6.3700406:Publico;
[02/06/2023 14:21:04] 14-x:CLI-LIGUES-USER
[02/06/2023 14:21:04] 14-x:SEV-LIGUES-USER-OK;2!Jere!36.6816936,-6.1377402!12.0!5!3!02:00!2023-04-12!06:00!2023-03-29!Futbol 11!12!12!04:00!07:00!Jugandose!4;7!Ademas!36.7761393,-6.3534794!3.0!4!2!00:00!2023-06-11!00:00!2023-06-09!Voleibol Playa!5!10!00:00!00:00!Esperando Jugadores!1;9!gratis!36.6228636,-6.3599595!0.0!4!2!00:00!2023-06-02!00:00!2023-06-10!Voleibol Playa!2!2!00:00!00:00!Esperando Jugadores!1;
[02/06/2023 14:21:04] 14-x:CLI-USERTEAMS
[02/06/2023 14:21:04] 14-x:SEV-USERTEAMS_OK;122:Voleibol Playa:111:123!x!111!:36.508976,-4.88562:Publico;5:Futbol 11:x:x!miguel!:36.6292883,-6.3700189:Con Invitacion;x:Voleibol:x:123!x!:36.629294,-6.3700111:Publico;xa:Futbol Sala:x:x!:36.63436527684896,-6.367968209087849:Privado;playeo:Voleibol Playa:x:123!x!:36.6292917,-6.3700406:Publico;
[02/06/2023 14:21:06] 14-x:SE HA DESCONECTADO
[02/06/2023 14:23:31] Se ha conectado un cliente
[02/06/2023 14:24:00] 0-:SE HA DESCONECTADO
[02/06/2023 14:27:50] Se ha conectado un cliente
[02/06/2023 14:29:37] 0-:SE HA DESCONECTADO
[02/06/2023 14:35:07] Se ha conectado un cliente
[02/06/2023 14:36:11] 0-:SE HA DESCONECTADO
[02/06/2023 14:39:00] Se ha conectado un cliente
[02/06/2023 14:41:06] 0-:SE HA DESCONECTADO
[02/06/2023 14:41:49] Se ha conectado un cliente
[02/06/2023 14:43:28] 0-:SE HA DESCONECTADO
---- [02/06/2023 15:04:38] Obteniendo todos los torneos pendientes a generar ----
---- [02/06/2023 15:04:38] Obteniendo todas las ligas pendientes a generar ----
---- [02/06/2023 15:04:39] Creado el hilo encargado de las tareas ----
---- [02/06/2023 15:04:39] Iniciado el hilo encargado de las tareas ----
No hay tareas en la cola. Esperando inserccion...
---- [02/06/2023 15:04:39] SERVIDOR INICIADO ----
---- [02/06/2023 15:05:07] Obteniendo todos los torneos pendientes a generar ----
---- [02/06/2023 15:05:08] Obteniendo todas las ligas pendientes a generar ----
---- [02/06/2023 15:05:08] Creado el hilo encargado de las tareas ----
---- [02/06/2023 15:05:08] Iniciado el hilo encargado de las tareas ----
---- [02/06/2023 15:05:08] SERVIDOR INICIADO ----
Esperando 32091 segundos hasta la próxima tarea en: 2023-06-03T00:00
