---- [26/05/2023 10:25:43] Obteniendo todos los torneos pendientes a generar ----
---- [26/05/2023 10:25:43] Obteniendo todas las ligas pendientes a generar ----
---- [26/05/2023 10:25:43] Creado el hilo encargado de las tareas ----
---- [26/05/2023 10:25:43] Iniciado el hilo encargado de las tareas ----
Iniciando la tarea: GENERATE-FIGHT-TOURNAMENTS;1
---- [26/05/2023 10:25:43] SERVIDOR INICIADO ----
[26/05/2023 10:25:43] GENERATE-FIGHT-TOURNAMENTS;1: GENERANDO ENFRENTAMIENTO DEL TORNEO
[26/05/2023 10:25:43] GENERATE-FIGHT-TOURNAMENTS;1: EL ESTADO DEL TORNEO ES ESPERANDO
[26/05/2023 10:25:43] GENERATE-FIGHT-TOURNAMENTS;1: COMPROBANDO QUE CUMPLE LOS MINIMOS INSCRITOS
[26/05/2023 10:25:43] GENERATE-FIGHT-TOURNAMENTS;1: OBTENIENDO LOS EQUIPOS INSCRITOS
[26/05/2023 10:25:43] GENERATE-FIGHT-TOURNAMENTS;1: GENERANDO LAS RONDAS
[26/05/2023 10:25:43] GENERATE-FIGHT-TOURNAMENTS;1: Ronda 1:9-7
[26/05/2023 10:25:43] GENERATE-FIGHT-TOURNAMENTS;1: Ronda 1:6-1
[26/05/2023 10:25:43] GENERATE-FIGHT-TOURNAMENTS;1: Ronda 2:-
[26/05/2023 10:25:43] GENERATE-FIGHT-TOURNAMENTS;1: ALMACENANDO LAS RONDAS EN LA BASE DE DATOS
[26/05/2023 10:25:43] GENERATE-FIGHT-TOURNAMENTS;1: INSERTADO LA RONDA: 1! 9-7
[26/05/2023 10:25:43] GENERATE-FIGHT-TOURNAMENTS;1: INSERTADO LA RONDA: 1! 6-1
[26/05/2023 10:25:43] GENERATE-FIGHT-TOURNAMENTS;1: INSERTADO LA RONDA: 2! -1--1
[26/05/2023 10:25:43] GENERATE-FIGHT-TOURNAMENTS;1: ESTADO DEL TORNEO ESTABLECIDO EN JUGANDOSE
[26/05/2023 10:25:43] GENERATE-FIGHT-TOURNAMENTS;1: FINALIZADA LA GENRACION DE ENFRENTAMIENTOS

Esperando 48856 segundos hasta la próxima tarea en: 2023-05-27T00:00
---- [26/05/2023 10:30:14] Obteniendo todos los torneos pendientes a generar ----
---- [26/05/2023 10:30:15] Obteniendo todas las ligas pendientes a generar ----
---- [26/05/2023 10:30:15] Creado el hilo encargado de las tareas ----
---- [26/05/2023 10:30:15] Iniciado el hilo encargado de las tareas ----
---- [26/05/2023 10:30:15] SERVIDOR INICIADO ----
Esperando 48584 segundos hasta la próxima tarea en: 2023-05-27T00:00
[26/05/2023 10:30:33] Se ha conectado un cliente
[26/05/2023 10:30:40] 0-:CLI-LOGIN;x;1;USUARIO
[26/05/2023 10:30:41] 14-x:SEV-LOGIN-OK-USER;14;x
[26/05/2023 10:30:41] 14-x:CLI-GAMES-USER
[26/05/2023 10:30:41] 14-x:SEV-GAMES-USER-OK;36.625305172189016,-6.3505710661411285!2023-05-24!12:00!2023-05-22!05:00!5.6!Futbol 11!Esperando Jugadores!22!2!1;
[26/05/2023 10:30:44] 14-x:CLI-GAMES-STATE-USER;1
[26/05/2023 10:30:44] 14-x:SEV-GAMES-STATE-USER-OK;INSCRITO
[26/05/2023 10:30:52] 14-x:CLI-GAMES-USER
[26/05/2023 10:30:52] 14-x:SEV-GAMES-USER-OK;36.625305172189016,-6.3505710661411285!2023-05-24!12:00!2023-05-22!05:00!5.6!Futbol 11!Esperando Jugadores!22!2!1;
[26/05/2023 10:30:53] 14-x:CLI-GAMES-AVAILABLE;36.629294,-6.3700111;10
[26/05/2023 10:30:53] 14-x:SEV-GAMES-AVAILABLE-OK;36.625305172189016,-6.3505710661411285!2023-05-24!12:00!2023-05-22!05:00!5.6!Futbol 11!Esperando Jugadores!22!2!1;
[26/05/2023 10:30:55] 14-x:CLI-GAMES-AVAILABLE;36.629294,-6.3700111;25
[26/05/2023 10:30:55] 14-x:SEV-GAMES-AVAILABLE-OK;36.625305172189016,-6.3505710661411285!2023-05-24!12:00!2023-05-22!05:00!5.6!Futbol 11!Esperando Jugadores!22!2!1;
[26/05/2023 10:30:55] 14-x:CLI-GAMES-AVAILABLE;36.629294,-6.3700111;50
[26/05/2023 10:30:55] 14-x:SEV-GAMES-AVAILABLE-OK;36.625305172189016,-6.3505710661411285!2023-05-24!12:00!2023-05-22!05:00!5.6!Futbol 11!Esperando Jugadores!22!2!1;
[26/05/2023 10:30:55] 14-x:CLI-GAMES-AVAILABLE;36.629294,-6.3700111;100
[26/05/2023 10:30:55] 14-x:SEV-GAMES-AVAILABLE-OK;36.625305172189016,-6.3505710661411285!2023-05-24!12:00!2023-05-22!05:00!5.6!Futbol 11!Esperando Jugadores!22!2!1;
[26/05/2023 10:30:55] 14-x:CLI-GAMES-AVAILABLE;36.629294,-6.3700111;-1
[26/05/2023 10:30:56] 14-x:SEV-GAMES-AVAILABLE-OK;36.625305172189016,-6.3505710661411285!2023-05-24!12:00!2023-05-22!05:00!5.6!Futbol 11!Esperando Jugadores!22!2!1;
[26/05/2023 10:30:57] 14-x:CLI-USERTEAMS
[26/05/2023 10:30:57] 14-x:SEV-USERTEAMS_OK;Prueba:Futbol 7:x:124!x!;Pa:Futbol 11:x:x!;xa:Futbol Sala:x:124!x!111!;122:Voleibol Playa:111:x!111!;:Futbol 11:x:x!;
[26/05/2023 10:30:58] 14-x:CLI-GIVE-SPORTS
[26/05/2023 10:30:58] 14-x:SEV-SEND-SPORTS;Futbol 11:22;Futbol 7:14;Futbol Sala:10;Voleibol:12;Voleibol Playa:4;
[26/05/2023 10:31:09] 14-x:CLI-USERTEAMS
[26/05/2023 10:31:09] 14-x:SEV-USERTEAMS_OK;Prueba:Futbol 7:x:124!x!;Pa:Futbol 11:x:x!;xa:Futbol Sala:x:124!x!111!;122:Voleibol Playa:111:x!111!;:Futbol 11:x:x!;
[26/05/2023 10:31:10] 14-x:CLI-LIGUES-USER
[26/05/2023 10:31:10] 14-x:SEV-LIGUES-USER-OK;2!Jere!36.6816936,-6.1377402!12.0!5!3!02:00!2023-04-12!06:00!2023-03-29!Futbol 11!12!12!04:00!07:00!Jugandose!4;2!Jere!36.6816936,-6.1377402!12.0!5!3!02:00!2023-04-12!06:00!2023-03-29!Futbol 11!12!12!04:00!07:00!Jugandose!4;2!Jere!36.6816936,-6.1377402!12.0!5!3!02:00!2023-04-12!06:00!2023-03-29!Futbol 11!12!12!04:00!07:00!Jugandose!4;2!Jere!36.6816936,-6.1377402!12.0!5!3!02:00!2023-04-12!06:00!2023-03-29!Futbol 11!12!12!04:00!07:00!Jugandose!4;4!Volei!36.7355451,-6.4348221!0.0!4!2!00:00!2023-05-28!00:00!2023-05-27!Voleibol Playa!5!5!00:00!00:00!Esperando Jugadores!1;
[26/05/2023 10:31:14] 14-x:CLI-LIGUES-STATE-USER;2
[26/05/2023 10:31:14] 14-x:SEV-LIGUES-STATE-USER-OK;INSCRITO
[26/05/2023 10:31:18] 14-x:CLI-TEAMSLIGUE;2
[26/05/2023 10:31:18] 14-x:SEV-YOURTEAMSLIGUE;Prueba:x:Futbol 7;Pa:x:Futbol 11;xa:x:Futbol Sala;122:111:Voleibol Playa;
[26/05/2023 10:31:20] 14-x:CLI-LIGUES-NUMBER-ROUND;2
[26/05/2023 10:31:20] 14-x:SEV-LIGUES-NUMBER-ROUND-OK;6
[26/05/2023 10:31:20] 14-x:CLI-LIGUES-ROUND-DATE;2;1
[26/05/2023 10:31:20] 14-x:SEV-LIGUES-ROUND-DATE-OK;1/122/?/Prueba/?/2023-04-12/04:00!2/xa/?/Pa/?/2023-04-12/04:12!
[26/05/2023 10:31:22] 14-x:CLI-LIGUES-ROUND-DATE;2;4
[26/05/2023 10:31:22] 14-x:SEV-LIGUES-ROUND-DATE-OK;7/122/?/Prueba/?/2023-05-18/04:00!8/xa/2/Pa/8/2023-05-18/04:12!
[26/05/2023 10:31:26] 14-x:CLI-LIGUES-SCORE;2
[26/05/2023 10:31:26] 14-x:SEV-LIGUES-SCORE-OK;Prueba:1:0:2:3:-1;Pa:4:7:15:10:5;xa:2:3:25:9:16;122:3:4:7:27:-20;
[26/05/2023 10:31:31] 14-x:CLI-TOURNAMENTS-USER
[26/05/2023 10:31:31] 14-x:SEV-TOURNAMENTS-USER-OK;Prueba!36.4210849486101,-6.13348387670698!15.0!4!2!15:00!2023-04-04!15:00!2023-04-19!Futbol 11!Jugandose!4!1;Prueba!36.4210849486101,-6.13348387670698!15.0!4!2!15:00!2023-04-04!15:00!2023-04-19!Futbol 11!Jugandose!4!1;Prueba!36.4210849486101,-6.13348387670698!15.0!4!2!15:00!2023-04-04!15:00!2023-04-19!Futbol 11!Jugandose!4!1;Prueba!36.4210849486101,-6.13348387670698!15.0!4!2!15:00!2023-04-04!15:00!2023-04-19!Futbol 11!Jugandose!4!1;x!36.6228636,-6.3599595!0.0!4!2!00:00!2023-06-11!00:00!2023-06-11!Voleibol Playa!Esperando Jugadores!1!10;
[26/05/2023 10:31:33] 14-x:CLI-TOURNAMENTS-STATE-USER;1
[26/05/2023 10:31:33] 14-x:SEV-TOURNAMENTS-STATE-USER-OK;INSCRITO
[26/05/2023 10:31:34] 14-x:CLI-TOURNAMENTS-ROUNDS;1
[26/05/2023 10:31:34] 14-x:SEV-TOURNAMENTS-ROUNDS;3/1/122/2/xa/3/1!4/1/xa/3/Prueba/2/1!:5/2/Pa/5/xa/2/1!:6/1/122/?/xa/?/1!:7/1/Pa/?/Prueba/?/1!:8/2/?/?/?/?/1!
[26/05/2023 10:31:51] 14-x:CLI-TEAMSTOURNAMENT;1
[26/05/2023 10:31:51] 14-x:SEV-YOURTEAMSTOURNAMENT;Prueba:x:Futbol 7;Pa:x:Futbol 11;xa:x:Futbol Sala;122:111:Voleibol Playa;
[26/05/2023 10:31:52] 14-x:CLI-LIGUES-USER
[26/05/2023 10:31:52] 14-x:SEV-LIGUES-USER-OK;2!Jere!36.6816936,-6.1377402!12.0!5!3!02:00!2023-04-12!06:00!2023-03-29!Futbol 11!12!12!04:00!07:00!Jugandose!4;2!Jere!36.6816936,-6.1377402!12.0!5!3!02:00!2023-04-12!06:00!2023-03-29!Futbol 11!12!12!04:00!07:00!Jugandose!4;2!Jere!36.6816936,-6.1377402!12.0!5!3!02:00!2023-04-12!06:00!2023-03-29!Futbol 11!12!12!04:00!07:00!Jugandose!4;2!Jere!36.6816936,-6.1377402!12.0!5!3!02:00!2023-04-12!06:00!2023-03-29!Futbol 11!12!12!04:00!07:00!Jugandose!4;4!Volei!36.7355451,-6.4348221!0.0!4!2!00:00!2023-05-28!00:00!2023-05-27!Voleibol Playa!5!5!00:00!00:00!Esperando Jugadores!1;
[26/05/2023 10:31:52] 14-x:CLI-USERTEAMS
[26/05/2023 10:31:52] 14-x:SEV-USERTEAMS_OK;Prueba:Futbol 7:x:124!x!;Pa:Futbol 11:x:x!;xa:Futbol Sala:x:124!x!111!;122:Voleibol Playa:111:x!111!;:Futbol 11:x:x!;
[26/05/2023 10:32:07] 14-x:CLI-ADDUSERTEAM;Prueba;123
[26/05/2023 10:32:07] 14-x:SEV-ADDUSERTEAM-OK;123
[26/05/2023 10:32:09] 14-x:CLI-USERTEAMS
[26/05/2023 10:32:09] 14-x:SEV-USERTEAMS_OK;Prueba:Futbol 7:x:123!124!x!;Pa:Futbol 11:x:x!;xa:Futbol Sala:x:124!x!111!;122:Voleibol Playa:111:x!111!;:Futbol 11:x:x!;
[26/05/2023 10:32:10] 14-x:CLI-USERTEAMS
[26/05/2023 10:32:10] 14-x:SEV-USERTEAMS_OK;Prueba:Futbol 7:x:123!124!x!;Pa:Futbol 11:x:x!;xa:Futbol Sala:x:124!x!111!;122:Voleibol Playa:111:x!111!;:Futbol 11:x:x!;
[26/05/2023 10:32:10] 14-x:CLI-GAMES-USER
[26/05/2023 10:32:10] 14-x:SEV-GAMES-USER-OK;36.625305172189016,-6.3505710661411285!2023-05-24!12:00!2023-05-22!05:00!5.6!Futbol 11!Esperando Jugadores!22!2!1;
[26/05/2023 10:32:11] 14-x:CLI-GAMES-USER
[26/05/2023 10:32:11] 14-x:SEV-GAMES-USER-OK;36.625305172189016,-6.3505710661411285!2023-05-24!12:00!2023-05-22!05:00!5.6!Futbol 11!Esperando Jugadores!22!2!1;
[26/05/2023 10:32:14] 14-x:CLI-USERTEAMS
[26/05/2023 10:32:14] 14-x:SEV-USERTEAMS_OK;Prueba:Futbol 7:x:123!124!x!;Pa:Futbol 11:x:x!;xa:Futbol Sala:x:124!x!111!;122:Voleibol Playa:111:x!111!;:Futbol 11:x:x!;
[26/05/2023 10:32:14] 14-x:CLI-TOURNAMENTS-USER
[26/05/2023 10:32:14] 14-x:SEV-TOURNAMENTS-USER-OK;Prueba!36.4210849486101,-6.13348387670698!15.0!4!2!15:00!2023-04-04!15:00!2023-04-19!Futbol 11!Jugandose!4!1;Prueba!36.4210849486101,-6.13348387670698!15.0!4!2!15:00!2023-04-04!15:00!2023-04-19!Futbol 11!Jugandose!4!1;Prueba!36.4210849486101,-6.13348387670698!15.0!4!2!15:00!2023-04-04!15:00!2023-04-19!Futbol 11!Jugandose!4!1;Prueba!36.4210849486101,-6.13348387670698!15.0!4!2!15:00!2023-04-04!15:00!2023-04-19!Futbol 11!Jugandose!4!1;x!36.6228636,-6.3599595!0.0!4!2!00:00!2023-06-11!00:00!2023-06-11!Voleibol Playa!Esperando Jugadores!1!10;
[26/05/2023 10:32:15] 14-x:CLI-TOURNAMENTS-AVAILABLE;36.629294,-6.3700111;10
[26/05/2023 10:32:15] 14-x:SEV-TOURNAMENTS-AVAILABLE-OK;x!36.6228636,-6.3599595!0.0!4!2!00:00!2023-06-11!00:00!2023-06-11!Voleibol Playa!Esperando Jugadores!1!10;
[26/05/2023 10:32:16] 14-x:CLI-TOURNAMENTS-AVAILABLE;36.629294,-6.3700111;25
[26/05/2023 10:32:16] 14-x:SEV-TOURNAMENTS-AVAILABLE-OK;x!36.6228636,-6.3599595!0.0!4!2!00:00!2023-06-11!00:00!2023-06-11!Voleibol Playa!Esperando Jugadores!1!10;
[26/05/2023 10:32:16] 14-x:CLI-TOURNAMENTS-AVAILABLE;36.629294,-6.3700111;50
[26/05/2023 10:32:16] 14-x:SEV-TOURNAMENTS-AVAILABLE-OK;x!36.6228636,-6.3599595!0.0!4!2!00:00!2023-06-11!00:00!2023-06-11!Voleibol Playa!Esperando Jugadores!1!10;
[26/05/2023 10:32:16] 14-x:CLI-TOURNAMENTS-AVAILABLE;36.629294,-6.3700111;100
[26/05/2023 10:32:16] 14-x:SEV-TOURNAMENTS-AVAILABLE-OK;x!36.6228636,-6.3599595!0.0!4!2!00:00!2023-06-11!00:00!2023-06-11!Voleibol Playa!Esperando Jugadores!1!10;
[26/05/2023 10:32:16] 14-x:CLI-TOURNAMENTS-AVAILABLE;36.629294,-6.3700111;-1
[26/05/2023 10:32:16] 14-x:SEV-TOURNAMENTS-AVAILABLE-OK;x!36.6228636,-6.3599595!0.0!4!2!00:00!2023-06-11!00:00!2023-06-11!Voleibol Playa!Esperando Jugadores!1!10;
[26/05/2023 10:32:18] 14-x:CLI-TOURNAMENTS-AVAILABLE;36.629294,-6.3700111;100
[26/05/2023 10:32:18] 14-x:SEV-TOURNAMENTS-AVAILABLE-OK;x!36.6228636,-6.3599595!0.0!4!2!00:00!2023-06-11!00:00!2023-06-11!Voleibol Playa!Esperando Jugadores!1!10;
[26/05/2023 10:32:18] 14-x:CLI-TOURNAMENTS-AVAILABLE;36.629294,-6.3700111;50
[26/05/2023 10:32:18] 14-x:SEV-TOURNAMENTS-AVAILABLE-OK;x!36.6228636,-6.3599595!0.0!4!2!00:00!2023-06-11!00:00!2023-06-11!Voleibol Playa!Esperando Jugadores!1!10;
[26/05/2023 10:32:19] 14-x:CLI-TOURNAMENTS-AVAILABLE;36.629294,-6.3700111;25
[26/05/2023 10:32:19] 14-x:SEV-TOURNAMENTS-AVAILABLE-OK;x!36.6228636,-6.3599595!0.0!4!2!00:00!2023-06-11!00:00!2023-06-11!Voleibol Playa!Esperando Jugadores!1!10;
[26/05/2023 10:32:20] 14-x:CLI-TOURNAMENTS-AVAILABLE;36.629294,-6.3700111;10
[26/05/2023 10:32:20] 14-x:SEV-TOURNAMENTS-AVAILABLE-OK;x!36.6228636,-6.3599595!0.0!4!2!00:00!2023-06-11!00:00!2023-06-11!Voleibol Playa!Esperando Jugadores!1!10;
[26/05/2023 10:32:20] 14-x:CLI-TOURNAMENTS-AVAILABLE;36.629294,-6.3700111;5
[26/05/2023 10:32:20] 14-x:SEV-TOURNAMENTS-AVAILABLE-OK;x!36.6228636,-6.3599595!0.0!4!2!00:00!2023-06-11!00:00!2023-06-11!Voleibol Playa!Esperando Jugadores!1!10;
[26/05/2023 10:32:22] 14-x:CLI-TOURNAMENTS-AVAILABLE;36.629294,-6.3700111;2
[26/05/2023 10:32:22] 14-x:SEV-TOURNAMENTS-AVAILABLE-OK;x!36.6228636,-6.3599595!0.0!4!2!00:00!2023-06-11!00:00!2023-06-11!Voleibol Playa!Esperando Jugadores!1!10;
[26/05/2023 10:32:23] 14-x:CLI-GAMES-USER
[26/05/2023 10:32:23] 14-x:SEV-GAMES-USER-OK;36.625305172189016,-6.3505710661411285!2023-05-24!12:00!2023-05-22!05:00!5.6!Futbol 11!Esperando Jugadores!22!2!1;
[26/05/2023 10:32:23] 14-x:CLI-GAMES-USER
[26/05/2023 10:32:23] 14-x:SEV-GAMES-USER-OK;36.625305172189016,-6.3505710661411285!2023-05-24!12:00!2023-05-22!05:00!5.6!Futbol 11!Esperando Jugadores!22!2!1;
[26/05/2023 10:32:24] 14-x:CLI-USERTEAMS
[26/05/2023 10:32:24] 14-x:SEV-USERTEAMS_OK;Prueba:Futbol 7:x:123!124!x!;Pa:Futbol 11:x:x!;xa:Futbol Sala:x:124!x!111!;122:Voleibol Playa:111:x!111!;:Futbol 11:x:x!;
[26/05/2023 10:32:32] 14-x:CLI-TOURNAMENTS-USER
[26/05/2023 10:32:32] 14-x:SEV-TOURNAMENTS-USER-OK;Prueba!36.4210849486101,-6.13348387670698!15.0!4!2!15:00!2023-04-04!15:00!2023-04-19!Futbol 11!Jugandose!4!1;Prueba!36.4210849486101,-6.13348387670698!15.0!4!2!15:00!2023-04-04!15:00!2023-04-19!Futbol 11!Jugandose!4!1;Prueba!36.4210849486101,-6.13348387670698!15.0!4!2!15:00!2023-04-04!15:00!2023-04-19!Futbol 11!Jugandose!4!1;Prueba!36.4210849486101,-6.13348387670698!15.0!4!2!15:00!2023-04-04!15:00!2023-04-19!Futbol 11!Jugandose!4!1;x!36.6228636,-6.3599595!0.0!4!2!00:00!2023-06-11!00:00!2023-06-11!Voleibol Playa!Esperando Jugadores!1!10;
[26/05/2023 10:32:32] 14-x:CLI-USERTEAMS
[26/05/2023 10:32:32] 14-x:SEV-USERTEAMS_OK;Prueba:Futbol 7:x:123!124!x!;Pa:Futbol 11:x:x!;xa:Futbol Sala:x:124!x!111!;122:Voleibol Playa:111:x!111!;:Futbol 11:x:x!;
[26/05/2023 10:32:33] 14-x:CLI-TOURNAMENTS-USER
[26/05/2023 10:32:33] 14-x:SEV-TOURNAMENTS-USER-OK;Prueba!36.4210849486101,-6.13348387670698!15.0!4!2!15:00!2023-04-04!15:00!2023-04-19!Futbol 11!Jugandose!4!1;Prueba!36.4210849486101,-6.13348387670698!15.0!4!2!15:00!2023-04-04!15:00!2023-04-19!Futbol 11!Jugandose!4!1;Prueba!36.4210849486101,-6.13348387670698!15.0!4!2!15:00!2023-04-04!15:00!2023-04-19!Futbol 11!Jugandose!4!1;Prueba!36.4210849486101,-6.13348387670698!15.0!4!2!15:00!2023-04-04!15:00!2023-04-19!Futbol 11!Jugandose!4!1;x!36.6228636,-6.3599595!0.0!4!2!00:00!2023-06-11!00:00!2023-06-11!Voleibol Playa!Esperando Jugadores!1!10;
[26/05/2023 10:32:33] 14-x:CLI-LIGUES-USER
[26/05/2023 10:32:33] 14-x:SEV-LIGUES-USER-OK;2!Jere!36.6816936,-6.1377402!12.0!5!3!02:00!2023-04-12!06:00!2023-03-29!Futbol 11!12!12!04:00!07:00!Jugandose!4;2!Jere!36.6816936,-6.1377402!12.0!5!3!02:00!2023-04-12!06:00!2023-03-29!Futbol 11!12!12!04:00!07:00!Jugandose!4;2!Jere!36.6816936,-6.1377402!12.0!5!3!02:00!2023-04-12!06:00!2023-03-29!Futbol 11!12!12!04:00!07:00!Jugandose!4;2!Jere!36.6816936,-6.1377402!12.0!5!3!02:00!2023-04-12!06:00!2023-03-29!Futbol 11!12!12!04:00!07:00!Jugandose!4;4!Volei!36.7355451,-6.4348221!0.0!4!2!00:00!2023-05-28!00:00!2023-05-27!Voleibol Playa!5!5!00:00!00:00!Esperando Jugadores!1;
[26/05/2023 10:32:34] 14-x:CLI-GAMES-USER
[26/05/2023 10:32:34] 14-x:SEV-GAMES-USER-OK;36.625305172189016,-6.3505710661411285!2023-05-24!12:00!2023-05-22!05:00!5.6!Futbol 11!Esperando Jugadores!22!2!1;
[26/05/2023 10:32:34] 14-x:CLI-USERTEAMS
[26/05/2023 10:32:35] 14-x:SEV-USERTEAMS_OK;Prueba:Futbol 7:x:123!124!x!;Pa:Futbol 11:x:x!;xa:Futbol Sala:x:124!x!111!;122:Voleibol Playa:111:x!111!;:Futbol 11:x:x!;
[26/05/2023 10:32:35] 14-x:CLI-GAMES-USER
[26/05/2023 10:32:35] 14-x:SEV-GAMES-USER-OK;36.625305172189016,-6.3505710661411285!2023-05-24!12:00!2023-05-22!05:00!5.6!Futbol 11!Esperando Jugadores!22!2!1;
[26/05/2023 10:32:35] 14-x:CLI-GAMES-USER
[26/05/2023 10:32:35] 14-x:SEV-GAMES-USER-OK;36.625305172189016,-6.3505710661411285!2023-05-24!12:00!2023-05-22!05:00!5.6!Futbol 11!Esperando Jugadores!22!2!1;
[26/05/2023 10:32:35] 14-x:CLI-GAMES-USER
[26/05/2023 10:32:36] 14-x:SEV-GAMES-USER-OK;36.625305172189016,-6.3505710661411285!2023-05-24!12:00!2023-05-22!05:00!5.6!Futbol 11!Esperando Jugadores!22!2!1;
[26/05/2023 10:32:36] 14-x:CLI-GAMES-USER
[26/05/2023 10:32:36] 14-x:SEV-GAMES-USER-OK;36.625305172189016,-6.3505710661411285!2023-05-24!12:00!2023-05-22!05:00!5.6!Futbol 11!Esperando Jugadores!22!2!1;
[26/05/2023 10:32:36] 14-x:CLI-GAMES-USER
[26/05/2023 10:32:36] 14-x:SEV-GAMES-USER-OK;36.625305172189016,-6.3505710661411285!2023-05-24!12:00!2023-05-22!05:00!5.6!Futbol 11!Esperando Jugadores!22!2!1;
[26/05/2023 10:32:36] 14-x:CLI-GAMES-USER
[26/05/2023 10:32:36] 14-x:SEV-GAMES-USER-OK;36.625305172189016,-6.3505710661411285!2023-05-24!12:00!2023-05-22!05:00!5.6!Futbol 11!Esperando Jugadores!22!2!1;
[26/05/2023 10:32:37] 14-x:CLI-GAMES-USER
[26/05/2023 10:32:37] 14-x:SEV-GAMES-USER-OK;36.625305172189016,-6.3505710661411285!2023-05-24!12:00!2023-05-22!05:00!5.6!Futbol 11!Esperando Jugadores!22!2!1;
[26/05/2023 10:32:39] 14-x:CLI-LOGOUT
[26/05/2023 10:32:39] 0-:SEV-LOGOUT-OK
[26/05/2023 10:32:43] 0-:SE HA DESCONECTADO
---- [26/05/2023 10:49:32] Obteniendo todos los torneos pendientes a generar ----
---- [26/05/2023 10:49:32] Obteniendo todas las ligas pendientes a generar ----
---- [26/05/2023 10:49:32] Creado el hilo encargado de las tareas ----
---- [26/05/2023 10:49:32] Iniciado el hilo encargado de las tareas ----
---- [26/05/2023 10:49:32] SERVIDOR INICIADO ----
Esperando 47427 segundos hasta la próxima tarea en: 2023-05-27T00:00
[26/05/2023 10:49:38] Se ha conectado un cliente
[26/05/2023 10:49:40] Se ha conectado un cliente
[26/05/2023 10:49:44] 0-:CLI-LOGIN;x;1;USUARIO
[26/05/2023 10:49:44] 14-x:SEV-LOGIN-OK-USER;14;x
[26/05/2023 10:49:45] 14-x:CLI-GAMES-USER
[26/05/2023 10:49:45] 14-x:SEV-GAMES-USER-OK;36.625305172189016,-6.3505710661411285!2023-05-24!12:00!2023-05-22!05:00!5.6!Futbol 11!Esperando Jugadores!22!2!1;
[26/05/2023 10:49:50] 14-x:CLI-USERTEAMS
[26/05/2023 10:49:50] 14-x:SEV-USERTEAMS_OK;Prueba:Futbol 7:x:123!124!x!:36.7355451,-6.4348221;Pa:Futbol 11:x:x!:36.63479325,-6.38725705210204;xa:Futbol Sala:x:124!x!111!:36.4210849486101, -6.13348387670698;122:Voleibol Playa:111:x!111!:36.508976,-4.88562;:Futbol 11:x:x!:36.67826185,-6.110059436817895;
[26/05/2023 10:49:51] 0-:SE HA DESCONECTADO
[26/05/2023 10:49:51] 14-x:SE HA DESCONECTADO
[26/05/2023 10:50:27] Se ha conectado un cliente
[26/05/2023 10:50:30] 0-:CLI-LOGIN;x;1;USUARIO
[26/05/2023 10:50:30] 14-x:SEV-LOGIN-OK-USER;14;x
[26/05/2023 10:50:31] 14-x:CLI-GAMES-USER
[26/05/2023 10:50:31] 14-x:SEV-GAMES-USER-OK;36.625305172189016,-6.3505710661411285!2023-05-24!12:00!2023-05-22!05:00!5.6!Futbol 11!Esperando Jugadores!22!2!1;
[26/05/2023 10:50:32] 14-x:CLI-LIGUES-USER
[26/05/2023 10:50:32] 14-x:SEV-LIGUES-USER-OK;2!Jere!36.6816936,-6.1377402!12.0!5!3!02:00!2023-04-12!06:00!2023-03-29!Futbol 11!12!12!04:00!07:00!Jugandose!4;2!Jere!36.6816936,-6.1377402!12.0!5!3!02:00!2023-04-12!06:00!2023-03-29!Futbol 11!12!12!04:00!07:00!Jugandose!4;2!Jere!36.6816936,-6.1377402!12.0!5!3!02:00!2023-04-12!06:00!2023-03-29!Futbol 11!12!12!04:00!07:00!Jugandose!4;2!Jere!36.6816936,-6.1377402!12.0!5!3!02:00!2023-04-12!06:00!2023-03-29!Futbol 11!12!12!04:00!07:00!Jugandose!4;4!Volei!36.7355451,-6.4348221!0.0!4!2!00:00!2023-05-28!00:00!2023-05-27!Voleibol Playa!5!5!00:00!00:00!Esperando Jugadores!1;
[26/05/2023 10:50:33] 14-x:CLI-USERTEAMS
[26/05/2023 10:50:33] 14-x:SEV-USERTEAMS_OK;Prueba:Futbol 7:x:123!124!x!:36.7355451,-6.4348221;Pa:Futbol 11:x:x!:36.63479325,-6.38725705210204;xa:Futbol Sala:x:124!x!111!:36.4210849486101, -6.13348387670698;122:Voleibol Playa:111:x!111!:36.508976,-4.88562;:Futbol 11:x:x!:36.67826185,-6.110059436817895;
[26/05/2023 10:50:47] 14-x:CLI-USERTEAMS
[26/05/2023 10:50:47] 14-x:SEV-USERTEAMS_OK;Prueba:Futbol 7:x:123!124!x!:36.7355451,-6.4348221;Pa:Futbol 11:x:x!:36.63479325,-6.38725705210204;xa:Futbol Sala:x:124!x!111!:36.4210849486101, -6.13348387670698;122:Voleibol Playa:111:x!111!:36.508976,-4.88562;:Futbol 11:x:x!:36.67826185,-6.110059436817895;
[26/05/2023 10:50:49] 14-x:CLI-USERTEAMS
[26/05/2023 10:50:49] 14-x:SEV-USERTEAMS_OK;Prueba:Futbol 7:x:123!124!x!:36.7355451,-6.4348221;Pa:Futbol 11:x:x!:36.63479325,-6.38725705210204;xa:Futbol Sala:x:124!x!111!:36.4210849486101, -6.13348387670698;122:Voleibol Playa:111:x!111!:36.508976,-4.88562;:Futbol 11:x:x!:36.67826185,-6.110059436817895;
[26/05/2023 10:50:51] 14-x:CLI-USERTEAMS
[26/05/2023 10:50:51] 14-x:SEV-USERTEAMS_OK;Prueba:Futbol 7:x:123!124!x!:36.7355451,-6.4348221;Pa:Futbol 11:x:x!:36.63479325,-6.38725705210204;xa:Futbol Sala:x:124!x!111!:36.4210849486101, -6.13348387670698;122:Voleibol Playa:111:x!111!:36.508976,-4.88562;:Futbol 11:x:x!:36.67826185,-6.110059436817895;
[26/05/2023 10:52:38] 14-x:SE HA DESCONECTADO
[26/05/2023 10:52:57] Se ha conectado un cliente
[26/05/2023 10:53:00] 0-:CLI-LOGIN;x;1;USUARIO
[26/05/2023 10:53:00] 14-x:SEV-LOGIN-OK-USER;14;x
[26/05/2023 10:53:01] 14-x:CLI-GAMES-USER
[26/05/2023 10:53:01] 14-x:SEV-GAMES-USER-OK;36.625305172189016,-6.3505710661411285!2023-05-24!12:00!2023-05-22!05:00!5.6!Futbol 11!Esperando Jugadores!22!2!1;
[26/05/2023 10:53:02] 14-x:CLI-USERTEAMS
[26/05/2023 10:53:02] 14-x:SEV-USERTEAMS_OK;Prueba:Futbol 7:x:123!124!x!:36.7355451,-6.4348221;Pa:Futbol 11:x:x!:36.63479325,-6.38725705210204;xa:Futbol Sala:x:124!x!111!:36.4210849486101, -6.13348387670698;122:Voleibol Playa:111:x!111!:36.508976,-4.88562;:Futbol 11:x:x!:36.67826185,-6.110059436817895;
[26/05/2023 10:53:11] 14-x:CLI-TOURNAMENTS-USER
[26/05/2023 10:53:11] 14-x:SEV-TOURNAMENTS-USER-OK;Prueba!36.4210849486101,-6.13348387670698!15.0!4!2!15:00!2023-04-04!15:00!2023-04-19!Futbol 11!Jugandose!4!1;Prueba!36.4210849486101,-6.13348387670698!15.0!4!2!15:00!2023-04-04!15:00!2023-04-19!Futbol 11!Jugandose!4!1;Prueba!36.4210849486101,-6.13348387670698!15.0!4!2!15:00!2023-04-04!15:00!2023-04-19!Futbol 11!Jugandose!4!1;Prueba!36.4210849486101,-6.13348387670698!15.0!4!2!15:00!2023-04-04!15:00!2023-04-19!Futbol 11!Jugandose!4!1;x!36.6228636,-6.3599595!0.0!4!2!00:00!2023-06-11!00:00!2023-06-11!Voleibol Playa!Esperando Jugadores!1!10;
[26/05/2023 10:53:13] 14-x:CLI-LIGUES-USER
[26/05/2023 10:53:13] 14-x:SEV-LIGUES-USER-OK;2!Jere!36.6816936,-6.1377402!12.0!5!3!02:00!2023-04-12!06:00!2023-03-29!Futbol 11!12!12!04:00!07:00!Jugandose!4;2!Jere!36.6816936,-6.1377402!12.0!5!3!02:00!2023-04-12!06:00!2023-03-29!Futbol 11!12!12!04:00!07:00!Jugandose!4;2!Jere!36.6816936,-6.1377402!12.0!5!3!02:00!2023-04-12!06:00!2023-03-29!Futbol 11!12!12!04:00!07:00!Jugandose!4;2!Jere!36.6816936,-6.1377402!12.0!5!3!02:00!2023-04-12!06:00!2023-03-29!Futbol 11!12!12!04:00!07:00!Jugandose!4;4!Volei!36.7355451,-6.4348221!0.0!4!2!00:00!2023-05-28!00:00!2023-05-27!Voleibol Playa!5!5!00:00!00:00!Esperando Jugadores!1;
[26/05/2023 10:53:15] 14-x:CLI-USERTEAMS
[26/05/2023 10:53:15] 14-x:SEV-USERTEAMS_OK;Prueba:Futbol 7:x:123!124!x!:36.7355451,-6.4348221;Pa:Futbol 11:x:x!:36.63479325,-6.38725705210204;xa:Futbol Sala:x:124!x!111!:36.4210849486101, -6.13348387670698;122:Voleibol Playa:111:x!111!:36.508976,-4.88562;:Futbol 11:x:x!:36.67826185,-6.110059436817895;
[26/05/2023 10:53:18] 14-x:CLI-GIVE-SPORTS
[26/05/2023 10:53:18] 14-x:SEV-SEND-SPORTS;Futbol 11:22;Futbol 7:14;Futbol Sala:10;Voleibol:12;Voleibol Playa:4;
[26/05/2023 10:54:11] 14-x:SE HA DESCONECTADO
[26/05/2023 10:54:26] Se ha conectado un cliente
[26/05/2023 10:54:37] 0-:CLI-LOGIN;x;1;USUARIO
[26/05/2023 10:54:37] 14-x:SEV-LOGIN-OK-USER;14;x
[26/05/2023 10:54:38] 14-x:CLI-GAMES-USER
[26/05/2023 10:54:38] 14-x:SEV-GAMES-USER-OK;36.625305172189016,-6.3505710661411285!2023-05-24!12:00!2023-05-22!05:00!5.6!Futbol 11!Esperando Jugadores!22!2!1;
[26/05/2023 10:54:40] 14-x:CLI-GAMES-AVAILABLE;36.629294,-6.3700111;10
[26/05/2023 10:54:40] 14-x:SEV-GAMES-AVAILABLE-OK;36.625305172189016,-6.3505710661411285!2023-05-24!12:00!2023-05-22!05:00!5.6!Futbol 11!Esperando Jugadores!22!2!1;
[26/05/2023 10:54:41] 14-x:CLI-USERTEAMS
[26/05/2023 10:54:41] 14-x:SEV-USERTEAMS_OK;Prueba:Futbol 7:x:123!124!x!:36.7355451,-6.4348221;Pa:Futbol 11:x:x!:36.63479325,-6.38725705210204;xa:Futbol Sala:x:124!x!111!:36.4210849486101, -6.13348387670698;122:Voleibol Playa:111:x!111!:36.508976,-4.88562;:Futbol 11:x:x!:36.67826185,-6.110059436817895;
[26/05/2023 10:54:42] 14-x:CLI-GIVE-SPORTS
[26/05/2023 10:54:42] 14-x:SEV-SEND-SPORTS;Futbol 11:22;Futbol 7:14;Futbol Sala:10;Voleibol:12;Voleibol Playa:4;
[26/05/2023 10:54:54] 14-x:CLI-CREATETEAM;x;Voleibol;36.629294,-6.3700111
[26/05/2023 10:54:54] 14-x:SEV-CREATETEAM-OK
[26/05/2023 10:54:54] 14-x:CLI-USERTEAMS
[26/05/2023 10:54:54] 14-x:SEV-USERTEAMS_OK;Prueba:Futbol 7:x:123!124!x!:36.7355451,-6.4348221;Pa:Futbol 11:x:x!:36.63479325,-6.38725705210204;xa:Futbol Sala:x:124!x!111!:36.4210849486101, -6.13348387670698;122:Voleibol Playa:111:x!111!:36.508976,-4.88562;:Futbol 11:x:x!:36.67826185,-6.110059436817895;x:Voleibol:x:x!:36.629294,-6.3700111;
[26/05/2023 10:55:00] 14-x:CLI-USERTEAMS
[26/05/2023 10:55:00] 14-x:SEV-USERTEAMS_OK;Prueba:Futbol 7:x:123!124!x!:36.7355451,-6.4348221;Pa:Futbol 11:x:x!:36.63479325,-6.38725705210204;xa:Futbol Sala:x:124!x!111!:36.4210849486101, -6.13348387670698;122:Voleibol Playa:111:x!111!:36.508976,-4.88562;:Futbol 11:x:x!:36.67826185,-6.110059436817895;x:Voleibol:x:x!:36.629294,-6.3700111;
[26/05/2023 10:55:07] 14-x:CLI-LIGUES-USER
[26/05/2023 10:55:07] 14-x:SEV-LIGUES-USER-OK;2!Jere!36.6816936,-6.1377402!12.0!5!3!02:00!2023-04-12!06:00!2023-03-29!Futbol 11!12!12!04:00!07:00!Jugandose!4;2!Jere!36.6816936,-6.1377402!12.0!5!3!02:00!2023-04-12!06:00!2023-03-29!Futbol 11!12!12!04:00!07:00!Jugandose!4;2!Jere!36.6816936,-6.1377402!12.0!5!3!02:00!2023-04-12!06:00!2023-03-29!Futbol 11!12!12!04:00!07:00!Jugandose!4;2!Jere!36.6816936,-6.1377402!12.0!5!3!02:00!2023-04-12!06:00!2023-03-29!Futbol 11!12!12!04:00!07:00!Jugandose!4;4!Volei!36.7355451,-6.4348221!0.0!4!2!00:00!2023-05-28!00:00!2023-05-27!Voleibol Playa!5!5!00:00!00:00!Esperando Jugadores!1;
[26/05/2023 10:55:07] 14-x:CLI-TOURNAMENTS-USER
[26/05/2023 10:55:07] 14-x:SEV-TOURNAMENTS-USER-OK;Prueba!36.4210849486101,-6.13348387670698!15.0!4!2!15:00!2023-04-04!15:00!2023-04-19!Futbol 11!Jugandose!4!1;Prueba!36.4210849486101,-6.13348387670698!15.0!4!2!15:00!2023-04-04!15:00!2023-04-19!Futbol 11!Jugandose!4!1;Prueba!36.4210849486101,-6.13348387670698!15.0!4!2!15:00!2023-04-04!15:00!2023-04-19!Futbol 11!Jugandose!4!1;Prueba!36.4210849486101,-6.13348387670698!15.0!4!2!15:00!2023-04-04!15:00!2023-04-19!Futbol 11!Jugandose!4!1;x!36.6228636,-6.3599595!0.0!4!2!00:00!2023-06-11!00:00!2023-06-11!Voleibol Playa!Esperando Jugadores!1!10;
[26/05/2023 10:55:10] 14-x:CLI-TOURNAMENTS-STATE-USER;1
[26/05/2023 10:55:10] 14-x:SEV-TOURNAMENTS-STATE-USER-OK;INSCRITO
[26/05/2023 10:55:11] 14-x:CLI-TOURNAMENTS-ROUNDS;1
[26/05/2023 10:55:11] 14-x:SEV-TOURNAMENTS-ROUNDS;3/1/122/2/xa/3/1!4/1/xa/3/Prueba/2/1!:5/2/Pa/5/xa/2/1!:6/1/122/?/xa/?/1!:7/1/Pa/?/Prueba/?/1!:8/2/?/?/?/?/1!
[26/05/2023 10:55:20] 14-x:CLI-LIGUES-USER
[26/05/2023 10:55:20] 14-x:SEV-LIGUES-USER-OK;2!Jere!36.6816936,-6.1377402!12.0!5!3!02:00!2023-04-12!06:00!2023-03-29!Futbol 11!12!12!04:00!07:00!Jugandose!4;2!Jere!36.6816936,-6.1377402!12.0!5!3!02:00!2023-04-12!06:00!2023-03-29!Futbol 11!12!12!04:00!07:00!Jugandose!4;2!Jere!36.6816936,-6.1377402!12.0!5!3!02:00!2023-04-12!06:00!2023-03-29!Futbol 11!12!12!04:00!07:00!Jugandose!4;2!Jere!36.6816936,-6.1377402!12.0!5!3!02:00!2023-04-12!06:00!2023-03-29!Futbol 11!12!12!04:00!07:00!Jugandose!4;4!Volei!36.7355451,-6.4348221!0.0!4!2!00:00!2023-05-28!00:00!2023-05-27!Voleibol Playa!5!5!00:00!00:00!Esperando Jugadores!1;
[26/05/2023 10:55:21] 14-x:CLI-LIGUES-STATE-USER;2
[26/05/2023 10:55:21] 14-x:SEV-LIGUES-STATE-USER-OK;INSCRITO
[26/05/2023 10:55:22] 14-x:CLI-TOURNAMENTS-USER
[26/05/2023 10:55:22] 14-x:SEV-TOURNAMENTS-USER-OK;Prueba!36.4210849486101,-6.13348387670698!15.0!4!2!15:00!2023-04-04!15:00!2023-04-19!Futbol 11!Jugandose!4!1;Prueba!36.4210849486101,-6.13348387670698!15.0!4!2!15:00!2023-04-04!15:00!2023-04-19!Futbol 11!Jugandose!4!1;Prueba!36.4210849486101,-6.13348387670698!15.0!4!2!15:00!2023-04-04!15:00!2023-04-19!Futbol 11!Jugandose!4!1;Prueba!36.4210849486101,-6.13348387670698!15.0!4!2!15:00!2023-04-04!15:00!2023-04-19!Futbol 11!Jugandose!4!1;x!36.6228636,-6.3599595!0.0!4!2!00:00!2023-06-11!00:00!2023-06-11!Voleibol Playa!Esperando Jugadores!1!10;
[26/05/2023 10:55:23] 14-x:CLI-TOURNAMENTS-STATE-USER;1
[26/05/2023 10:55:23] 14-x:SEV-TOURNAMENTS-STATE-USER-OK;INSCRITO
[26/05/2023 10:55:24] 14-x:CLI-TOURNAMENTS-ROUNDS;1
[26/05/2023 10:55:24] 14-x:SEV-TOURNAMENTS-ROUNDS;3/1/122/2/xa/3/1!4/1/xa/3/Prueba/2/1!:5/2/Pa/5/xa/2/1!:6/1/122/?/xa/?/1!:7/1/Pa/?/Prueba/?/1!:8/2/?/?/?/?/1!
[26/05/2023 10:55:29] 14-x:CLI-TOURNAMENTS-USER
[26/05/2023 10:55:29] 14-x:SEV-TOURNAMENTS-USER-OK;Prueba!36.4210849486101,-6.13348387670698!15.0!4!2!15:00!2023-04-04!15:00!2023-04-19!Futbol 11!Jugandose!4!1;Prueba!36.4210849486101,-6.13348387670698!15.0!4!2!15:00!2023-04-04!15:00!2023-04-19!Futbol 11!Jugandose!4!1;Prueba!36.4210849486101,-6.13348387670698!15.0!4!2!15:00!2023-04-04!15:00!2023-04-19!Futbol 11!Jugandose!4!1;Prueba!36.4210849486101,-6.13348387670698!15.0!4!2!15:00!2023-04-04!15:00!2023-04-19!Futbol 11!Jugandose!4!1;x!36.6228636,-6.3599595!0.0!4!2!00:00!2023-06-11!00:00!2023-06-11!Voleibol Playa!Esperando Jugadores!1!10;
[26/05/2023 10:55:33] 14-x:CLI-TOURNAMENTS-STATE-USER;1
[26/05/2023 10:55:33] 14-x:SEV-TOURNAMENTS-STATE-USER-OK;INSCRITO
[26/05/2023 10:55:35] 14-x:CLI-TOURNAMENTS-ROUNDS;1
[26/05/2023 10:55:35] 14-x:SEV-TOURNAMENTS-ROUNDS;3/1/122/2/xa/3/1!4/1/xa/3/Prueba/2/1!:5/2/Pa/5/xa/2/1!:6/1/122/?/xa/?/1!:7/1/Pa/?/Prueba/?/1!:8/2/?/?/?/?/1!
---- [26/05/2023 11:09:59] Obteniendo todos los torneos pendientes a generar ----
---- [26/05/2023 11:10:00] Obteniendo todas las ligas pendientes a generar ----
---- [26/05/2023 11:10:00] Creado el hilo encargado de las tareas ----
---- [26/05/2023 11:10:00] Iniciado el hilo encargado de las tareas ----
Iniciando la tarea: GENERATE-FIGHT-TOURNAMENTS;1
---- [26/05/2023 11:10:00] SERVIDOR INICIADO ----
[26/05/2023 11:10:00] GENERATE-FIGHT-TOURNAMENTS;1: GENERANDO ENFRENTAMIENTO DEL TORNEO
[26/05/2023 11:10:00] GENERATE-FIGHT-TOURNAMENTS;1: EL ESTADO DEL TORNEO ES ESPERANDO
[26/05/2023 11:10:00] GENERATE-FIGHT-TOURNAMENTS;1: COMPROBANDO QUE CUMPLE LOS MINIMOS INSCRITOS
[26/05/2023 11:10:00] GENERATE-FIGHT-TOURNAMENTS;1: OBTENIENDO LOS EQUIPOS INSCRITOS
[26/05/2023 11:10:00] GENERATE-FIGHT-TOURNAMENTS;1: GENERANDO LAS RONDAS
[26/05/2023 11:10:00] GENERATE-FIGHT-TOURNAMENTS;1: Ronda 1:9-7
[26/05/2023 11:10:00] GENERATE-FIGHT-TOURNAMENTS;1: Ronda 1:6-1
[26/05/2023 11:10:00] GENERATE-FIGHT-TOURNAMENTS;1: Ronda 2:-
[26/05/2023 11:10:00] GENERATE-FIGHT-TOURNAMENTS;1: ALMACENANDO LAS RONDAS EN LA BASE DE DATOS
[26/05/2023 11:10:00] GENERATE-FIGHT-TOURNAMENTS;1: INSERTADO LA RONDA: 1! 9-7
[26/05/2023 11:10:00] GENERATE-FIGHT-TOURNAMENTS;1: INSERTADO LA RONDA: 1! 6-1
[26/05/2023 11:10:00] GENERATE-FIGHT-TOURNAMENTS;1: INSERTADO LA RONDA: 2! -1--1
[26/05/2023 11:10:00] GENERATE-FIGHT-TOURNAMENTS;1: ESTADO DEL TORNEO ESTABLECIDO EN JUGANDOSE
[26/05/2023 11:10:00] GENERATE-FIGHT-TOURNAMENTS;1: FINALIZADA LA GENRACION DE ENFRENTAMIENTOS

Esperando 46199 segundos hasta la próxima tarea en: 2023-05-27T00:00
---- [26/05/2023 11:10:51] Obteniendo todos los torneos pendientes a generar ----
---- [26/05/2023 11:10:51] Obteniendo todas las ligas pendientes a generar ----
---- [26/05/2023 11:10:51] Creado el hilo encargado de las tareas ----
---- [26/05/2023 11:10:51] Iniciado el hilo encargado de las tareas ----
---- [26/05/2023 11:10:51] SERVIDOR INICIADO ----
Esperando 46148 segundos hasta la próxima tarea en: 2023-05-27T00:00
---- [26/05/2023 11:11:18] Obteniendo todos los torneos pendientes a generar ----
---- [26/05/2023 11:11:19] Obteniendo todas las ligas pendientes a generar ----
---- [26/05/2023 11:11:19] Creado el hilo encargado de las tareas ----
---- [26/05/2023 11:11:19] Iniciado el hilo encargado de las tareas ----
Iniciando la tarea: GENERATE-FIGHT-TOURNAMENTS;1
---- [26/05/2023 11:11:19] SERVIDOR INICIADO ----
[26/05/2023 11:11:19] GENERATE-FIGHT-TOURNAMENTS;1: GENERANDO ENFRENTAMIENTO DEL TORNEO
[26/05/2023 11:11:19] GENERATE-FIGHT-TOURNAMENTS;1: EL ESTADO DEL TORNEO ES ESPERANDO
[26/05/2023 11:11:19] GENERATE-FIGHT-TOURNAMENTS;1: COMPROBANDO QUE CUMPLE LOS MINIMOS INSCRITOS
[26/05/2023 11:11:19] GENERATE-FIGHT-TOURNAMENTS;1: OBTENIENDO LOS EQUIPOS INSCRITOS
[26/05/2023 11:11:19] GENERATE-FIGHT-TOURNAMENTS;1: GENERANDO LAS RONDAS
[26/05/2023 11:11:19] GENERATE-FIGHT-TOURNAMENTS;1: Ronda 1:9-7
[26/05/2023 11:11:19] GENERATE-FIGHT-TOURNAMENTS;1: Ronda 1:6-1
[26/05/2023 11:11:19] GENERATE-FIGHT-TOURNAMENTS;1: Ronda 2:-
[26/05/2023 11:11:19] GENERATE-FIGHT-TOURNAMENTS;1: ALMACENANDO LAS RONDAS EN LA BASE DE DATOS
[26/05/2023 11:11:19] GENERATE-FIGHT-TOURNAMENTS;1: INSERTADO LA RONDA: 1! 9-7
[26/05/2023 11:11:19] GENERATE-FIGHT-TOURNAMENTS;1: INSERTADO LA RONDA: 1! 6-1
[26/05/2023 11:11:19] GENERATE-FIGHT-TOURNAMENTS;1: INSERTADO LA RONDA: 2! -1--1
[26/05/2023 11:11:19] GENERATE-FIGHT-TOURNAMENTS;1: ESTADO DEL TORNEO ESTABLECIDO EN JUGANDOSE
[26/05/2023 11:11:19] GENERATE-FIGHT-TOURNAMENTS;1: FINALIZADA LA GENRACION DE ENFRENTAMIENTOS

Esperando 46120 segundos hasta la próxima tarea en: 2023-05-27T00:00
---- [26/05/2023 11:12:47] Obteniendo todos los torneos pendientes a generar ----
---- [26/05/2023 11:12:47] Obteniendo todas las ligas pendientes a generar ----
---- [26/05/2023 11:12:47] Creado el hilo encargado de las tareas ----
---- [26/05/2023 11:12:47] Iniciado el hilo encargado de las tareas ----
Iniciando la tarea: GENERATE-FIGHT-TOURNAMENTS;1
---- [26/05/2023 11:12:47] SERVIDOR INICIADO ----
[26/05/2023 11:12:47] GENERATE-FIGHT-TOURNAMENTS;1: GENERANDO ENFRENTAMIENTO DEL TORNEO
[26/05/2023 11:12:47] GENERATE-FIGHT-TOURNAMENTS;1: LOS ENFRENTAMIENTOS YA ESTABAN GENERADOS -
[26/05/2023 11:12:47] GENERATE-FIGHT-TOURNAMENTS;1: FINALIZADA LA GENRACION DE ENFRENTAMIENTOS

Esperando 46032 segundos hasta la próxima tarea en: 2023-05-27T00:00
---- [26/05/2023 11:13:36] Obteniendo todos los torneos pendientes a generar ----
---- [26/05/2023 11:13:36] Obteniendo todas las ligas pendientes a generar ----
---- [26/05/2023 11:13:36] Creado el hilo encargado de las tareas ----
---- [26/05/2023 11:13:36] Iniciado el hilo encargado de las tareas ----
Iniciando la tarea: GENERATE-FIGHT-TOURNAMENTS;1
---- [26/05/2023 11:13:36] SERVIDOR INICIADO ----
[26/05/2023 11:13:36] GENERATE-FIGHT-TOURNAMENTS;1: GENERANDO ENFRENTAMIENTO DEL TORNEO
[26/05/2023 11:13:36] GENERATE-FIGHT-TOURNAMENTS;1: EL ESTADO DEL TORNEO ES ESPERANDO
[26/05/2023 11:13:36] GENERATE-FIGHT-TOURNAMENTS;1: COMPROBANDO QUE CUMPLE LOS MINIMOS INSCRITOS
[26/05/2023 11:13:36] GENERATE-FIGHT-TOURNAMENTS;1: OBTENIENDO LOS EQUIPOS INSCRITOS
[26/05/2023 11:13:36] GENERATE-FIGHT-TOURNAMENTS;1: GENERANDO LAS RONDAS
[26/05/2023 11:13:36] GENERATE-FIGHT-TOURNAMENTS;1: Ronda 1:9-7
[26/05/2023 11:13:36] GENERATE-FIGHT-TOURNAMENTS;1: Ronda 1:6-1
[26/05/2023 11:13:36] GENERATE-FIGHT-TOURNAMENTS;1: Ronda 2:-
[26/05/2023 11:13:36] GENERATE-FIGHT-TOURNAMENTS;1: ALMACENANDO LAS RONDAS EN LA BASE DE DATOS
[26/05/2023 11:13:36] GENERATE-FIGHT-TOURNAMENTS;1: INSERTADO LA RONDA: 1! 9-7
[26/05/2023 11:13:36] GENERATE-FIGHT-TOURNAMENTS;1: INSERTADO LA RONDA: 1! 6-1
[26/05/2023 11:13:36] GENERATE-FIGHT-TOURNAMENTS;1: INSERTADO LA RONDA: 2! -1--1
[26/05/2023 11:13:36] GENERATE-FIGHT-TOURNAMENTS;1: ESTADO DEL TORNEO ESTABLECIDO EN JUGANDOSE
[26/05/2023 11:13:36] GENERATE-FIGHT-TOURNAMENTS;1: FINALIZADA LA GENRACION DE ENFRENTAMIENTOS

Esperando 45983 segundos hasta la próxima tarea en: 2023-05-27T00:00
---- [26/05/2023 11:13:55] Obteniendo todos los torneos pendientes a generar ----
---- [26/05/2023 11:13:55] Obteniendo todas las ligas pendientes a generar ----
---- [26/05/2023 11:13:55] Creado el hilo encargado de las tareas ----
---- [26/05/2023 11:13:55] Iniciado el hilo encargado de las tareas ----
Iniciando la tarea: GENERATE-FIGHT-TOURNAMENTS;1
---- [26/05/2023 11:13:55] SERVIDOR INICIADO ----
[26/05/2023 11:13:55] GENERATE-FIGHT-TOURNAMENTS;1: GENERANDO ENFRENTAMIENTO DEL TORNEO
[26/05/2023 11:13:55] GENERATE-FIGHT-TOURNAMENTS;1: LOS ENFRENTAMIENTOS YA ESTABAN GENERADOS -
[26/05/2023 11:13:56] GENERATE-FIGHT-TOURNAMENTS;1: FINALIZADA LA GENRACION DE ENFRENTAMIENTOS

Esperando 45963 segundos hasta la próxima tarea en: 2023-05-27T00:00
[26/05/2023 11:14:57] Se ha conectado un cliente
[26/05/2023 11:15:01] 0-:CLI-LOGIN;x;1;USUARIO
[26/05/2023 11:15:01] 14-x:SEV-LOGIN-OK-USER;14;x
[26/05/2023 11:15:02] 14-x:CLI-GAMES-USER
[26/05/2023 11:15:02] 14-x:SEV-GAMES-USER-OK;36.625305172189016,-6.3505710661411285!2023-05-24!12:00!2023-05-22!05:00!5.6!Futbol 11!Esperando Jugadores!22!2!1;
[26/05/2023 11:15:04] 14-x:CLI-USERTEAMS
[26/05/2023 11:15:04] 14-x:SEV-USERTEAMS_OK;Prueba:Futbol 7:x:123!124!x!:36.7355451,-6.4348221;Pa:Futbol 11:x:x!:36.63479325,-6.38725705210204;xa:Futbol Sala:x:124!x!111!:36.4210849486101, -6.13348387670698;122:Voleibol Playa:111:x!111!:36.508976,-4.88562;:Futbol 11:x:x!:36.67826185,-6.110059436817895;x:Voleibol:x:x!:36.629294,-6.3700111;
[26/05/2023 11:15:13] 14-x:CLI-USERTEAMS
[26/05/2023 11:15:13] 14-x:SEV-USERTEAMS_OK;Prueba:Futbol 7:x:123!124!x!:36.7355451,-6.4348221;Pa:Futbol 11:x:x!:36.63479325,-6.38725705210204;xa:Futbol Sala:x:124!x!111!:36.4210849486101, -6.13348387670698;122:Voleibol Playa:111:x!111!:36.508976,-4.88562;:Futbol 11:x:x!:36.67826185,-6.110059436817895;x:Voleibol:x:x!:36.629294,-6.3700111;
[26/05/2023 11:15:17] 14-x:CLI-USERTEAMS
[26/05/2023 11:15:17] 14-x:SEV-USERTEAMS_OK;Prueba:Futbol 7:x:123!124!x!:36.7355451,-6.4348221;Pa:Futbol 11:x:x!:36.63479325,-6.38725705210204;xa:Futbol Sala:x:124!x!111!:36.4210849486101, -6.13348387670698;122:Voleibol Playa:111:x!111!:36.508976,-4.88562;:Futbol 11:x:x!:36.67826185,-6.110059436817895;x:Voleibol:x:x!:36.629294,-6.3700111;
[26/05/2023 11:15:31] 14-x:CLI-GAMES-USER
[26/05/2023 11:15:31] 14-x:SEV-GAMES-USER-OK;36.625305172189016,-6.3505710661411285!2023-05-24!12:00!2023-05-22!05:00!5.6!Futbol 11!Esperando Jugadores!22!2!1;
[26/05/2023 11:15:32] 14-x:CLI-LIGUES-USER
[26/05/2023 11:15:32] 14-x:SEV-LIGUES-USER-OK;2!Jere!36.6816936,-6.1377402!12.0!5!3!02:00!2023-04-12!06:00!2023-03-29!Futbol 11!12!12!04:00!07:00!Jugandose!4;2!Jere!36.6816936,-6.1377402!12.0!5!3!02:00!2023-04-12!06:00!2023-03-29!Futbol 11!12!12!04:00!07:00!Jugandose!4;2!Jere!36.6816936,-6.1377402!12.0!5!3!02:00!2023-04-12!06:00!2023-03-29!Futbol 11!12!12!04:00!07:00!Jugandose!4;2!Jere!36.6816936,-6.1377402!12.0!5!3!02:00!2023-04-12!06:00!2023-03-29!Futbol 11!12!12!04:00!07:00!Jugandose!4;4!Volei!36.7355451,-6.4348221!0.0!4!2!00:00!2023-05-28!00:00!2023-05-27!Voleibol Playa!5!5!00:00!00:00!Esperando Jugadores!1;
[26/05/2023 11:15:33] 14-x:CLI-USERTEAMS
[26/05/2023 11:15:33] 14-x:SEV-USERTEAMS_OK;Prueba:Futbol 7:x:123!124!x!:36.7355451,-6.4348221;Pa:Futbol 11:x:x!:36.63479325,-6.38725705210204;xa:Futbol Sala:x:124!x!111!:36.4210849486101, -6.13348387670698;122:Voleibol Playa:111:x!111!:36.508976,-4.88562;:Futbol 11:x:x!:36.67826185,-6.110059436817895;x:Voleibol:x:x!:36.629294,-6.3700111;
[26/05/2023 11:15:58] 14-x:SE HA DESCONECTADO
---- [26/05/2023 12:11:28] Obteniendo todos los torneos pendientes a generar ----
---- [26/05/2023 12:11:29] Obteniendo todas las ligas pendientes a generar ----
---- [26/05/2023 12:11:29] Creado el hilo encargado de las tareas ----
---- [26/05/2023 12:11:29] Iniciado el hilo encargado de las tareas ----
---- [26/05/2023 12:11:29] SERVIDOR INICIADO ----
Esperando 42510 segundos hasta la próxima tarea en: 2023-05-27T00:00
[26/05/2023 12:11:34] Se ha conectado un cliente
[26/05/2023 12:11:37] 0-:CLI-LOGIN;x;1;USUARIO
[26/05/2023 12:11:37] 14-x:SEV-LOGIN-OK-USER;14;x
[26/05/2023 12:11:38] 14-x:CLI-GAMES-USER
[26/05/2023 12:11:38] 14-x:SEV-GAMES-USER-OK;36.625305172189016,-6.3505710661411285!2023-05-24!12:00!2023-05-22!05:00!5.6!Futbol 11!Esperando Jugadores!22!2!1;
[26/05/2023 12:11:40] 14-x:CLI-USERTEAMS
[26/05/2023 12:11:40] 14-x:SEV-USERTEAMS_OK;Prueba:Futbol 7:x:123!124!x!:36.7355451,-6.4348221:Publico;Pa:Futbol 11:x:x!:36.63479325,-6.38725705210204:Publico;xa:Futbol Sala:x:124!x!111!:36.4210849486101, -6.13348387670698:Publico;122:Voleibol Playa:111:x!111!:36.508976,-4.88562:Publico;:Futbol 11:x:x!:36.67826185,-6.110059436817895:Publico;x:Voleibol:x:x!:36.629294,-6.3700111:Publico;
[26/05/2023 12:11:49] 14-x:CLI-GIVE-SPORTS
[26/05/2023 12:11:49] 14-x:SEV-SEND-SPORTS;Futbol 11:22;Futbol 7:14;Futbol Sala:10;Voleibol:12;Voleibol Playa:4;
[26/05/2023 12:12:25] 14-x:CLI-USERTEAMS
[26/05/2023 12:12:25] 14-x:SEV-USERTEAMS_OK;Prueba:Futbol 7:x:123!124!x!:36.7355451,-6.4348221:Publico;Pa:Futbol 11:x:x!:36.63479325,-6.38725705210204:Publico;xa:Futbol Sala:x:124!x!111!:36.4210849486101, -6.13348387670698:Publico;122:Voleibol Playa:111:x!111!:36.508976,-4.88562:Publico;:Futbol 11:x:x!:36.67826185,-6.110059436817895:Publico;x:Voleibol:x:x!:36.629294,-6.3700111:Publico;
[26/05/2023 12:12:38] 14-x:SE HA DESCONECTADO
[26/05/2023 12:12:51] Se ha conectado un cliente
[26/05/2023 12:12:54] 0-:CLI-LOGIN;x;1;USUARIO
[26/05/2023 12:12:54] 14-x:SEV-LOGIN-OK-USER;14;x
[26/05/2023 12:12:54] 14-x:CLI-GAMES-USER
[26/05/2023 12:12:54] 14-x:SEV-GAMES-USER-OK;36.625305172189016,-6.3505710661411285!2023-05-24!12:00!2023-05-22!05:00!5.6!Futbol 11!Esperando Jugadores!22!2!1;
[26/05/2023 12:12:55] 14-x:CLI-LIGUES-USER
[26/05/2023 12:12:56] 14-x:SEV-LIGUES-USER-OK;2!Jere!36.6816936,-6.1377402!12.0!5!3!02:00!2023-04-12!06:00!2023-03-29!Futbol 11!12!12!04:00!07:00!Jugandose!4;2!Jere!36.6816936,-6.1377402!12.0!5!3!02:00!2023-04-12!06:00!2023-03-29!Futbol 11!12!12!04:00!07:00!Jugandose!4;2!Jere!36.6816936,-6.1377402!12.0!5!3!02:00!2023-04-12!06:00!2023-03-29!Futbol 11!12!12!04:00!07:00!Jugandose!4;2!Jere!36.6816936,-6.1377402!12.0!5!3!02:00!2023-04-12!06:00!2023-03-29!Futbol 11!12!12!04:00!07:00!Jugandose!4;4!Volei!36.7355451,-6.4348221!0.0!4!2!00:00!2023-05-28!00:00!2023-05-27!Voleibol Playa!5!5!00:00!00:00!Esperando Jugadores!1;
[26/05/2023 12:12:58] 14-x:CLI-TOURNAMENTS-USER
[26/05/2023 12:12:58] 14-x:SEV-TOURNAMENTS-USER-OK;Prueba!36.4210849486101,-6.13348387670698!15.0!4!2!15:00!2023-04-04!15:00!2023-04-19!Futbol 11!Jugandose!4!1;Prueba!36.4210849486101,-6.13348387670698!15.0!4!2!15:00!2023-04-04!15:00!2023-04-19!Futbol 11!Jugandose!4!1;Prueba!36.4210849486101,-6.13348387670698!15.0!4!2!15:00!2023-04-04!15:00!2023-04-19!Futbol 11!Jugandose!4!1;Prueba!36.4210849486101,-6.13348387670698!15.0!4!2!15:00!2023-04-04!15:00!2023-04-19!Futbol 11!Jugandose!4!1;x!36.6228636,-6.3599595!0.0!4!2!00:00!2023-06-11!00:00!2023-06-11!Voleibol Playa!Esperando Jugadores!1!10;
[26/05/2023 12:12:59] 14-x:CLI-USERTEAMS
[26/05/2023 12:12:59] 14-x:SEV-USERTEAMS_OK;Prueba:Futbol 7:x:123!124!x!:36.7355451,-6.4348221:Publico;Pa:Futbol 11:x:x!:36.63479325,-6.38725705210204:Publico;xa:Futbol Sala:x:124!x!111!:36.4210849486101, -6.13348387670698:Publico;122:Voleibol Playa:111:x!111!:36.508976,-4.88562:Publico;:Futbol 11:x:x!:36.67826185,-6.110059436817895:Publico;x:Voleibol:x:x!:36.629294,-6.3700111:Publico;
[26/05/2023 12:13:01] 14-x:CLI-GIVE-SPORTS
[26/05/2023 12:13:01] 14-x:SEV-SEND-SPORTS;Futbol 11:22;Futbol 7:14;Futbol Sala:10;Voleibol:12;Voleibol Playa:4;
---- [26/05/2023 12:13:34] Obteniendo todos los torneos pendientes a generar ----
---- [26/05/2023 12:13:35] Obteniendo todas las ligas pendientes a generar ----
---- [26/05/2023 12:13:35] Creado el hilo encargado de las tareas ----
---- [26/05/2023 12:13:35] Iniciado el hilo encargado de las tareas ----
---- [26/05/2023 12:13:35] SERVIDOR INICIADO ----
Esperando 42384 segundos hasta la próxima tarea en: 2023-05-27T00:00
[26/05/2023 12:13:44] Se ha conectado un cliente
[26/05/2023 12:13:47] 0-:CLI-LOGIN;x;1;USUARIO
[26/05/2023 12:13:47] 14-x:SEV-LOGIN-OK-USER;14;x
[26/05/2023 12:13:47] 14-x:CLI-GAMES-USER
[26/05/2023 12:13:47] 14-x:SEV-GAMES-USER-OK;36.625305172189016,-6.3505710661411285!2023-05-24!12:00!2023-05-22!05:00!5.6!Futbol 11!Esperando Jugadores!22!2!1;
[26/05/2023 12:13:49] 14-x:CLI-LIGUES-USER
[26/05/2023 12:13:49] 14-x:SEV-LIGUES-USER-OK;2!Jere!36.6816936,-6.1377402!12.0!5!3!02:00!2023-04-12!06:00!2023-03-29!Futbol 11!12!12!04:00!07:00!Jugandose!4;2!Jere!36.6816936,-6.1377402!12.0!5!3!02:00!2023-04-12!06:00!2023-03-29!Futbol 11!12!12!04:00!07:00!Jugandose!4;2!Jere!36.6816936,-6.1377402!12.0!5!3!02:00!2023-04-12!06:00!2023-03-29!Futbol 11!12!12!04:00!07:00!Jugandose!4;2!Jere!36.6816936,-6.1377402!12.0!5!3!02:00!2023-04-12!06:00!2023-03-29!Futbol 11!12!12!04:00!07:00!Jugandose!4;4!Volei!36.7355451,-6.4348221!0.0!4!2!00:00!2023-05-28!00:00!2023-05-27!Voleibol Playa!5!5!00:00!00:00!Esperando Jugadores!1;
[26/05/2023 12:13:49] 14-x:CLI-USERTEAMS
[26/05/2023 12:13:50] 14-x:SEV-USERTEAMS_OK;Prueba:Futbol 7:x:123!124!x!:36.7355451,-6.4348221:Publico;Pa:Futbol 11:x:x!:36.63479325,-6.38725705210204:Publico;xa:Futbol Sala:x:124!x!111!:36.4210849486101, -6.13348387670698:Publico;122:Voleibol Playa:111:x!111!:36.508976,-4.88562:Publico;:Futbol 11:x:x!:36.67826185,-6.110059436817895:Publico;x:Voleibol:x:x!:36.629294,-6.3700111:Publico;
[26/05/2023 12:13:52] 14-x:CLI-GIVE-SPORTS
[26/05/2023 12:13:52] 14-x:SEV-SEND-SPORTS;Futbol 11:22;Futbol 7:14;Futbol Sala:10;Voleibol:12;Voleibol Playa:4;
[26/05/2023 12:14:27] 14-x:SE HA DESCONECTADO
[26/05/2023 12:14:46] Se ha conectado un cliente
[26/05/2023 12:14:53] 0-:CLI-LOGIN;x;1;USUARIO
[26/05/2023 12:14:53] 14-x:SEV-LOGIN-OK-USER;14;x
[26/05/2023 12:14:54] 14-x:CLI-GAMES-USER
[26/05/2023 12:14:54] 14-x:SEV-GAMES-USER-OK;36.625305172189016,-6.3505710661411285!2023-05-24!12:00!2023-05-22!05:00!5.6!Futbol 11!Esperando Jugadores!22!2!1;
[26/05/2023 12:14:56] 14-x:CLI-USERTEAMS
[26/05/2023 12:14:56] 14-x:SEV-USERTEAMS_OK;Prueba:Futbol 7:x:123!124!x!:36.7355451,-6.4348221:Publico;Pa:Futbol 11:x:x!:36.63479325,-6.38725705210204:Publico;xa:Futbol Sala:x:124!x!111!:36.4210849486101, -6.13348387670698:Publico;122:Voleibol Playa:111:x!111!:36.508976,-4.88562:Publico;:Futbol 11:x:x!:36.67826185,-6.110059436817895:Publico;x:Voleibol:x:x!:36.629294,-6.3700111:Publico;
[26/05/2023 12:15:01] 14-x:CLI-GIVE-SPORTS
[26/05/2023 12:15:01] 14-x:SEV-SEND-SPORTS;Futbol 11:22;Futbol 7:14;Futbol Sala:10;Voleibol:12;Voleibol Playa:4;
[26/05/2023 12:15:01] 14-x:CLI-TEAMS-PRIVACITY
[26/05/2023 12:15:01] 14-x:SEV-TEAMS-PRIVACITY-OK;Publico;Con Invitacion;Privado;
[26/05/2023 12:15:21] 14-x:CLI-GAMES-USER
[26/05/2023 12:15:21] 14-x:SEV-GAMES-USER-OK;36.625305172189016,-6.3505710661411285!2023-05-24!12:00!2023-05-22!05:00!5.6!Futbol 11!Esperando Jugadores!22!2!1;
[26/05/2023 12:15:22] 14-x:CLI-GAMES-STATE-USER;1
[26/05/2023 12:15:22] 14-x:SEV-GAMES-STATE-USER-OK;INSCRITO
[26/05/2023 12:15:24] 14-x:CLI-TOURNAMENTS-USER
[26/05/2023 12:15:24] 14-x:SEV-TOURNAMENTS-USER-OK;Prueba!36.4210849486101,-6.13348387670698!15.0!4!2!15:00!2023-04-04!15:00!2023-04-19!Futbol 11!Jugandose!4!1;Prueba!36.4210849486101,-6.13348387670698!15.0!4!2!15:00!2023-04-04!15:00!2023-04-19!Futbol 11!Jugandose!4!1;Prueba!36.4210849486101,-6.13348387670698!15.0!4!2!15:00!2023-04-04!15:00!2023-04-19!Futbol 11!Jugandose!4!1;Prueba!36.4210849486101,-6.13348387670698!15.0!4!2!15:00!2023-04-04!15:00!2023-04-19!Futbol 11!Jugandose!4!1;x!36.6228636,-6.3599595!0.0!4!2!00:00!2023-06-11!00:00!2023-06-11!Voleibol Playa!Esperando Jugadores!1!10;
[26/05/2023 12:15:26] 14-x:CLI-LIGUES-USER
[26/05/2023 12:15:26] 14-x:SEV-LIGUES-USER-OK;2!Jere!36.6816936,-6.1377402!12.0!5!3!02:00!2023-04-12!06:00!2023-03-29!Futbol 11!12!12!04:00!07:00!Jugandose!4;2!Jere!36.6816936,-6.1377402!12.0!5!3!02:00!2023-04-12!06:00!2023-03-29!Futbol 11!12!12!04:00!07:00!Jugandose!4;2!Jere!36.6816936,-6.1377402!12.0!5!3!02:00!2023-04-12!06:00!2023-03-29!Futbol 11!12!12!04:00!07:00!Jugandose!4;2!Jere!36.6816936,-6.1377402!12.0!5!3!02:00!2023-04-12!06:00!2023-03-29!Futbol 11!12!12!04:00!07:00!Jugandose!4;4!Volei!36.7355451,-6.4348221!0.0!4!2!00:00!2023-05-28!00:00!2023-05-27!Voleibol Playa!5!5!00:00!00:00!Esperando Jugadores!1;
[26/05/2023 12:15:27] 14-x:CLI-LIGUES-STATE-USER;4
[26/05/2023 12:15:27] 14-x:SEV-LIGUES-STATE-USER-OK;INSCRITO
[26/05/2023 12:15:29] 14-x:CLI-USERTEAMS
[26/05/2023 12:15:29] 14-x:SEV-USERTEAMS_OK;Prueba:Futbol 7:x:123!124!x!:36.7355451,-6.4348221:Publico;Pa:Futbol 11:x:x!:36.63479325,-6.38725705210204:Publico;xa:Futbol Sala:x:124!x!111!:36.4210849486101, -6.13348387670698:Publico;122:Voleibol Playa:111:x!111!:36.508976,-4.88562:Publico;:Futbol 11:x:x!:36.67826185,-6.110059436817895:Publico;x:Voleibol:x:x!:36.629294,-6.3700111:Publico;
[26/05/2023 12:15:31] 14-x:CLI-GAMES-USER
[26/05/2023 12:15:31] 14-x:SEV-GAMES-USER-OK;36.625305172189016,-6.3505710661411285!2023-05-24!12:00!2023-05-22!05:00!5.6!Futbol 11!Esperando Jugadores!22!2!1;
[26/05/2023 12:15:31] 14-x:CLI-GAMES-USER
[26/05/2023 12:15:31] 14-x:SEV-GAMES-USER-OK;36.625305172189016,-6.3505710661411285!2023-05-24!12:00!2023-05-22!05:00!5.6!Futbol 11!Esperando Jugadores!22!2!1;
[26/05/2023 12:18:59] 14-x:CLI-LIGUES-USER
[26/05/2023 12:18:59] 14-x:SEV-LIGUES-USER-OK;2!Jere!36.6816936,-6.1377402!12.0!5!3!02:00!2023-04-12!06:00!2023-03-29!Futbol 11!12!12!04:00!07:00!Jugandose!4;2!Jere!36.6816936,-6.1377402!12.0!5!3!02:00!2023-04-12!06:00!2023-03-29!Futbol 11!12!12!04:00!07:00!Jugandose!4;2!Jere!36.6816936,-6.1377402!12.0!5!3!02:00!2023-04-12!06:00!2023-03-29!Futbol 11!12!12!04:00!07:00!Jugandose!4;2!Jere!36.6816936,-6.1377402!12.0!5!3!02:00!2023-04-12!06:00!2023-03-29!Futbol 11!12!12!04:00!07:00!Jugandose!4;4!Volei!36.7355451,-6.4348221!0.0!4!2!00:00!2023-05-28!00:00!2023-05-27!Voleibol Playa!5!5!00:00!00:00!Esperando Jugadores!1;
[26/05/2023 12:18:59] 14-x:CLI-GAMES-USER
[26/05/2023 12:18:59] 14-x:SEV-GAMES-USER-OK;36.625305172189016,-6.3505710661411285!2023-05-24!12:00!2023-05-22!05:00!5.6!Futbol 11!Esperando Jugadores!22!2!1;
[26/05/2023 12:19:00] 14-x:CLI-GAMES-USER
[26/05/2023 12:19:00] 14-x:SEV-GAMES-USER-OK;36.625305172189016,-6.3505710661411285!2023-05-24!12:00!2023-05-22!05:00!5.6!Futbol 11!Esperando Jugadores!22!2!1;
[26/05/2023 12:19:00] 14-x:CLI-GAMES-USER
[26/05/2023 12:19:00] 14-x:SEV-GAMES-USER-OK;36.625305172189016,-6.3505710661411285!2023-05-24!12:00!2023-05-22!05:00!5.6!Futbol 11!Esperando Jugadores!22!2!1;
[26/05/2023 12:19:00] 14-x:CLI-GAMES-USER
[26/05/2023 12:19:00] 14-x:SEV-GAMES-USER-OK;36.625305172189016,-6.3505710661411285!2023-05-24!12:00!2023-05-22!05:00!5.6!Futbol 11!Esperando Jugadores!22!2!1;
[26/05/2023 12:19:00] 14-x:CLI-GAMES-USER
[26/05/2023 12:19:00] 14-x:SEV-GAMES-USER-OK;36.625305172189016,-6.3505710661411285!2023-05-24!12:00!2023-05-22!05:00!5.6!Futbol 11!Esperando Jugadores!22!2!1;
[26/05/2023 12:19:00] 14-x:SE HA DESCONECTADO
[26/05/2023 12:20:21] Se ha conectado un cliente
[26/05/2023 12:20:24] 0-:CLI-LOGIN;x;1;USUARIO
[26/05/2023 12:20:24] 14-x:SEV-LOGIN-OK-USER;14;x
[26/05/2023 12:20:24] 14-x:CLI-GAMES-USER
[26/05/2023 12:20:24] 14-x:SEV-GAMES-USER-OK;36.625305172189016,-6.3505710661411285!2023-05-24!12:00!2023-05-22!05:00!5.6!Futbol 11!Esperando Jugadores!22!2!1;
[26/05/2023 12:20:26] 14-x:CLI-USERTEAMS
[26/05/2023 12:20:26] 14-x:SEV-USERTEAMS_OK;Prueba:Futbol 7:x:123!124!x!:36.7355451,-6.4348221:Publico;Pa:Futbol 11:x:x!:36.63479325,-6.38725705210204:Publico;xa:Futbol Sala:x:124!x!111!:36.4210849486101, -6.13348387670698:Publico;122:Voleibol Playa:111:x!111!:36.508976,-4.88562:Publico;:Futbol 11:x:x!:36.67826185,-6.110059436817895:Publico;x:Voleibol:x:x!:36.629294,-6.3700111:Publico;
[26/05/2023 12:20:28] 14-x:CLI-GAMES-USER
[26/05/2023 12:20:28] 14-x:SEV-GAMES-USER-OK;36.625305172189016,-6.3505710661411285!2023-05-24!12:00!2023-05-22!05:00!5.6!Futbol 11!Esperando Jugadores!22!2!1;
[26/05/2023 12:20:30] 14-x:CLI-LOGOUT
[26/05/2023 12:20:30] 0-:SEV-LOGOUT-OK
[26/05/2023 12:20:46] 0-:CLI-REGISTER;miguel;miguelito;123;USUARIO
[26/05/2023 12:20:46] 19-miguel:SEV-REGISTER-OK-ORGANIZER;19;miguel
[26/05/2023 12:20:46] 19-miguel:CLI-GAMES-USER
[26/05/2023 12:20:46] 19-miguel:SEV-GAMES-USER-OK;
[26/05/2023 12:20:48] 19-miguel:CLI-GAMES-AVAILABLE;36.629294,-6.3700111;10
[26/05/2023 12:20:48] 19-miguel:SEV-GAMES-AVAILABLE-OK;36.625305172189016,-6.3505710661411285!2023-05-24!12:00!2023-05-22!05:00!5.6!Futbol 11!Esperando Jugadores!22!2!1;
[26/05/2023 12:20:48] 19-miguel:CLI-GAMES-STATE-USER;1
[26/05/2023 12:20:48] 19-miguel:SEV-GAMES-STATE-USER-OK;INSCRIBIRSE
[26/05/2023 12:20:50] 19-miguel:CLI-GAMES_INSCRIBE_USER;1
[26/05/2023 12:20:50] 19-miguel:SEV-GAMES_INSCRIBE_USER-OK
[26/05/2023 12:20:53] 19-miguel:CLI-GAMES-USER
[26/05/2023 12:20:53] 19-miguel:SEV-GAMES-USER-OK;36.625305172189016,-6.3505710661411285!2023-05-24!12:00!2023-05-22!05:00!5.6!Futbol 11!Esperando Jugadores!22!3!1;
[26/05/2023 12:20:54] 19-miguel:CLI-USERTEAMS
[26/05/2023 12:20:54] 19-miguel:SEV-USERTEAMS_OK;
[26/05/2023 12:20:56] 19-miguel:CLI-TEAMS-PRIVACITY
[26/05/2023 12:20:56] 19-miguel:SEV-TEAMS-PRIVACITY-OK;Publico;Con Invitacion;Privado;
[26/05/2023 12:20:56] 19-miguel:CLI-GIVE-SPORTS
[26/05/2023 12:20:56] 19-miguel:SEV-SEND-SPORTS;Futbol 11:22;Futbol 7:14;Futbol Sala:10;Voleibol:12;Voleibol Playa:4;
[26/05/2023 12:21:06] 19-miguel:CLI-CREATETEAM;lit;Futbol 11;36.629294,-6.3700111
[26/05/2023 12:21:06] 19-miguel:SEV-CREATETEAM-OK
[26/05/2023 12:21:06] 19-miguel:CLI-USERTEAMS
[26/05/2023 12:21:06] 19-miguel:SEV-USERTEAMS_OK;null
[26/05/2023 12:21:06] 19-miguel:SE HA DESCONECTADO
---- [26/05/2023 12:24:32] Obteniendo todos los torneos pendientes a generar ----
---- [26/05/2023 12:24:33] Obteniendo todas las ligas pendientes a generar ----
---- [26/05/2023 12:24:33] Creado el hilo encargado de las tareas ----
---- [26/05/2023 12:24:33] Iniciado el hilo encargado de las tareas ----
---- [26/05/2023 12:24:33] SERVIDOR INICIADO ----
Esperando 41726 segundos hasta la próxima tarea en: 2023-05-27T00:00
[26/05/2023 12:25:37] Se ha conectado un cliente
[26/05/2023 12:25:41] 0-:CLI-LOGIN;x;1;USUARIO
[26/05/2023 12:25:41] 14-x:SEV-LOGIN-OK-USER;14;x
[26/05/2023 12:25:41] 14-x:CLI-GAMES-USER
[26/05/2023 12:25:41] 14-x:SEV-GAMES-USER-OK;36.625305172189016,-6.3505710661411285!2023-05-24!12:00!2023-05-22!05:00!5.6!Futbol 11!Esperando Jugadores!22!3!1;
[26/05/2023 12:25:44] 14-x:CLI-LOGOUT
[26/05/2023 12:25:44] 0-:SEV-LOGOUT-OK
[26/05/2023 12:25:48] 0-:CLI-LOGIN;miguel;123;USUARIO
[26/05/2023 12:25:48] 19-miguel:SEV-LOGIN-OK-USER;19;miguel
[26/05/2023 12:25:48] 19-miguel:CLI-GAMES-USER
[26/05/2023 12:25:48] 19-miguel:SEV-GAMES-USER-OK;36.625305172189016,-6.3505710661411285!2023-05-24!12:00!2023-05-22!05:00!5.6!Futbol 11!Esperando Jugadores!22!3!1;
[26/05/2023 12:25:49] 19-miguel:CLI-LIGUES-USER
[26/05/2023 12:25:49] 19-miguel:SEV-LIGUES-USER-OK;
[26/05/2023 12:25:50] 19-miguel:CLI-USERTEAMS
[26/05/2023 12:25:50] 19-miguel:SEV-USERTEAMS_OK;
[26/05/2023 12:25:52] 19-miguel:CLI-TEAMS-PRIVACITY
[26/05/2023 12:25:52] 19-miguel:SEV-TEAMS-PRIVACITY-OK;Publico;Con Invitacion;Privado;
[26/05/2023 12:25:52] 19-miguel:CLI-GIVE-SPORTS
[26/05/2023 12:25:52] 19-miguel:SEV-SEND-SPORTS;Futbol 11:22;Futbol 7:14;Futbol Sala:10;Voleibol:12;Voleibol Playa:4;
[26/05/2023 12:25:59] 19-miguel:CLI-CREATETEAM;qwe;Futbol 11;36.629294,-6.3700111
[26/05/2023 12:25:59] 19-miguel:¡FALTAN DATOS EN LA PETICION!
[26/05/2023 12:25:59] 19-miguel:ERROR
[26/05/2023 12:25:59] 19-miguel:CLI-USERTEAMS
[26/05/2023 12:25:59] 19-miguel:SEV-USERTEAMS_OK;
[26/05/2023 12:26:02] 19-miguel:CLI-USERTEAMS
[26/05/2023 12:26:02] 19-miguel:SEV-USERTEAMS_OK;
[26/05/2023 12:26:07] 19-miguel:CLI-GIVE-SPORTS
[26/05/2023 12:26:07] 19-miguel:SEV-SEND-SPORTS;Futbol 11:22;Futbol 7:14;Futbol Sala:10;Voleibol:12;Voleibol Playa:4;
[26/05/2023 12:26:07] 19-miguel:CLI-TEAMS-PRIVACITY
[26/05/2023 12:26:07] 19-miguel:SEV-TEAMS-PRIVACITY-OK;Publico;Con Invitacion;Privado;
[26/05/2023 12:26:08] 19-miguel:CLI-GAMES-USER
[26/05/2023 12:26:08] 19-miguel:SEV-GAMES-USER-OK;36.625305172189016,-6.3505710661411285!2023-05-24!12:00!2023-05-22!05:00!5.6!Futbol 11!Esperando Jugadores!22!3!1;
[26/05/2023 12:26:08] 19-miguel:CLI-USERTEAMS
[26/05/2023 12:26:08] 19-miguel:SEV-USERTEAMS_OK;
[26/05/2023 12:27:48] 19-miguel:SE HA DESCONECTADO
[26/05/2023 12:29:49] Se ha conectado un cliente
[26/05/2023 12:29:55] 0-:CLI-LOGIN;miguek;123;USUARIO
[26/05/2023 12:29:55] 0-:SER-LOGIN-ERROR-USER
[26/05/2023 12:29:56] 0-:CLI-LOGIN;miguek;123;USUARIO
[26/05/2023 12:29:56] 0-:SER-LOGIN-ERROR-USER
[26/05/2023 12:30:00] 0-:CLI-LOGIN;miguel;123;USUARIO
[26/05/2023 12:30:00] 19-miguel:SEV-LOGIN-OK-USER;19;miguel
[26/05/2023 12:30:00] 19-miguel:CLI-GAMES-USER
[26/05/2023 12:30:00] 19-miguel:SEV-GAMES-USER-OK;36.625305172189016,-6.3505710661411285!2023-05-24!12:00!2023-05-22!05:00!5.6!Futbol 11!Esperando Jugadores!22!3!1;
[26/05/2023 12:30:01] 19-miguel:CLI-LIGUES-USER
[26/05/2023 12:30:01] 19-miguel:SEV-LIGUES-USER-OK;
[26/05/2023 12:30:02] 19-miguel:CLI-USERTEAMS
[26/05/2023 12:30:02] 19-miguel:SEV-USERTEAMS_OK;
[26/05/2023 12:30:06] 19-miguel:CLI-GIVE-SPORTS
[26/05/2023 12:30:06] 19-miguel:SEV-SEND-SPORTS;Futbol 11:22;Futbol 7:14;Futbol Sala:10;Voleibol:12;Voleibol Playa:4;
[26/05/2023 12:30:06] 19-miguel:CLI-TEAMS-PRIVACITY
[26/05/2023 12:30:06] 19-miguel:SEV-TEAMS-PRIVACITY-OK;Publico;Con Invitacion;Privado;
[26/05/2023 12:30:13] 19-miguel:CLI-CREATETEAM;qwe;Futbol 11;36.629294,-6.3700111;Publico
[26/05/2023 12:30:13] 19-miguel:SEV-CREATETEAM-OK
[26/05/2023 12:30:13] 19-miguel:CLI-USERTEAMS
[26/05/2023 12:30:13] 19-miguel:SEV-USERTEAMS_OK;qwe:Futbol 11:miguel:miguel!:36.629294,-6.3700111:Publico;
[26/05/2023 12:30:21] 19-miguel:CLI-ADDUSERTEAM;qwe;123
[26/05/2023 12:30:21] 19-miguel:SEV-ADDUSERTEAM-OK;123
[26/05/2023 12:30:24] 19-miguel:CLI-GAMES-USER
[26/05/2023 12:30:24] 19-miguel:SEV-GAMES-USER-OK;36.625305172189016,-6.3505710661411285!2023-05-24!12:00!2023-05-22!05:00!5.6!Futbol 11!Esperando Jugadores!22!3!1;
[26/05/2023 12:30:24] 19-miguel:CLI-USERTEAMS
[26/05/2023 12:30:24] 19-miguel:SEV-USERTEAMS_OK;qwe:Futbol 11:miguel:123!miguel!:36.629294,-6.3700111:Publico;
[26/05/2023 12:30:25] 19-miguel:CLI-USERTEAMS
[26/05/2023 12:30:25] 19-miguel:SEV-USERTEAMS_OK;qwe:Futbol 11:miguel:123!miguel!:36.629294,-6.3700111:Publico;
[26/05/2023 12:44:18] 19-miguel:SE HA DESCONECTADO
---- [26/05/2023 13:52:05] Obteniendo todos los torneos pendientes a generar ----
---- [26/05/2023 13:52:06] Obteniendo todas las ligas pendientes a generar ----
---- [26/05/2023 13:52:06] Creado el hilo encargado de las tareas ----
---- [26/05/2023 13:52:06] Iniciado el hilo encargado de las tareas ----
---- [26/05/2023 13:52:06] SERVIDOR INICIADO ----
Esperando 36473 segundos hasta la próxima tarea en: 2023-05-27T00:00
[26/05/2023 13:52:39] Se ha conectado un cliente
[26/05/2023 13:52:44] 0-:CLI-LOGIN;miguel;123;USUARIO
[26/05/2023 13:52:44] 19-miguel:SEV-LOGIN-OK-USER;19;miguel
[26/05/2023 13:52:44] 19-miguel:CLI-GAMES-USER
[26/05/2023 13:52:44] 19-miguel:SEV-GAMES-USER-OK;36.625305172189016,-6.3505710661411285!2023-05-24!12:00!2023-05-22!05:00!5.6!Futbol 11!Esperando Jugadores!22!3!1;
[26/05/2023 13:52:45] 19-miguel:CLI-LIGUES-USER
[26/05/2023 13:52:45] 19-miguel:SEV-LIGUES-USER-OK;
[26/05/2023 13:52:46] 19-miguel:CLI-USERTEAMS
[26/05/2023 13:52:46] 19-miguel:SEV-USERTEAMS_OK;qwe:Futbol 11:miguel:123!miguel!:36.629294,-6.3700111:Publico;
[26/05/2023 13:52:53] 19-miguel:CLI-INVITEUSERTEAM;qwe;x
[26/05/2023 13:52:53] 19-miguel:SEV-INVITEUSERTEAM-OK;x
[26/05/2023 13:53:00] 19-miguel:CLI-INVITEUSERTEAM;qwe;123
[26/05/2023 13:53:00] 19-miguel:SEV-INVITEUSERTEAM-ERROR
[26/05/2023 13:53:05] 19-miguel:CLI-INVITEUSERTEAM;qwe;   
[26/05/2023 13:53:05] 19-miguel:SEV-INVITEUSERTEAM-ERROR
---- [26/05/2023 14:12:32] Obteniendo todos los torneos pendientes a generar ----
---- [26/05/2023 14:12:33] Obteniendo todas las ligas pendientes a generar ----
---- [26/05/2023 14:12:33] Creado el hilo encargado de las tareas ----
---- [26/05/2023 14:12:33] Iniciado el hilo encargado de las tareas ----
---- [26/05/2023 14:12:33] SERVIDOR INICIADO ----
Esperando 35246 segundos hasta la próxima tarea en: 2023-05-27T00:00
[26/05/2023 14:13:09] Se ha conectado un cliente
[26/05/2023 14:13:17] 0-:CLI-LOGIN;miguel;123;USUARIO
[26/05/2023 14:13:17] 19-miguel:SEV-LOGIN-OK-USER;19;miguel
[26/05/2023 14:13:18] 19-miguel:CLI-GAMES-USER
[26/05/2023 14:13:18] 19-miguel:SEV-GAMES-USER-OK;36.625305172189016,-6.3505710661411285!2023-05-24!12:00!2023-05-22!05:00!5.6!Futbol 11!Esperando Jugadores!22!3!1;
[26/05/2023 14:13:20] 19-miguel:CLI-USERTEAMS
[26/05/2023 14:13:20] 19-miguel:SEV-USERTEAMS_OK;qwe:Futbol 11:miguel:123!miguel!:36.629294,-6.3700111:Publico;
[26/05/2023 14:13:25] 19-miguel:CLI-USER-INVITES
[26/05/2023 14:13:25] 19-miguel:SEV-USER-INVITES-OK;
[26/05/2023 14:13:29] 19-miguel:CLI-GAMES-USER
[26/05/2023 14:13:29] 19-miguel:SEV-GAMES-USER-OK;36.625305172189016,-6.3505710661411285!2023-05-24!12:00!2023-05-22!05:00!5.6!Futbol 11!Esperando Jugadores!22!3!1;
[26/05/2023 14:13:29] 19-miguel:CLI-GAMES-USER
[26/05/2023 14:13:29] 19-miguel:SEV-GAMES-USER-OK;36.625305172189016,-6.3505710661411285!2023-05-24!12:00!2023-05-22!05:00!5.6!Futbol 11!Esperando Jugadores!22!3!1;
[26/05/2023 14:13:30] 19-miguel:CLI-GAMES-USER
[26/05/2023 14:13:30] 19-miguel:SEV-GAMES-USER-OK;36.625305172189016,-6.3505710661411285!2023-05-24!12:00!2023-05-22!05:00!5.6!Futbol 11!Esperando Jugadores!22!3!1;
[26/05/2023 14:13:30] 19-miguel:CLI-GAMES-USER
[26/05/2023 14:13:30] 19-miguel:SEV-GAMES-USER-OK;36.625305172189016,-6.3505710661411285!2023-05-24!12:00!2023-05-22!05:00!5.6!Futbol 11!Esperando Jugadores!22!3!1;
[26/05/2023 14:13:30] 19-miguel:SE HA DESCONECTADO
[26/05/2023 14:14:13] Se ha conectado un cliente
[26/05/2023 14:14:17] 0-:CLI-LOGIN;x;1;USUARIO
[26/05/2023 14:14:17] 14-x:SEV-LOGIN-OK-USER;14;x
[26/05/2023 14:14:18] 14-x:CLI-GAMES-USER
[26/05/2023 14:14:18] 14-x:SEV-GAMES-USER-OK;36.625305172189016,-6.3505710661411285!2023-05-24!12:00!2023-05-22!05:00!5.6!Futbol 11!Esperando Jugadores!22!3!1;
[26/05/2023 14:14:19] 14-x:CLI-USERTEAMS
[26/05/2023 14:14:19] 14-x:SEV-USERTEAMS_OK;Prueba:Futbol 7:x:123!124!x!:36.7355451,-6.4348221:Publico;Pa:Futbol 11:x:x!:36.63479325,-6.38725705210204:Publico;xa:Futbol Sala:x:124!x!111!:36.4210849486101, -6.13348387670698:Publico;122:Voleibol Playa:111:x!111!:36.508976,-4.88562:Publico;:Futbol 11:x:x!:36.67826185,-6.110059436817895:Publico;x:Voleibol:x:x!:36.629294,-6.3700111:Publico;
[26/05/2023 14:14:23] 14-x:CLI-USER-INVITES
[26/05/2023 14:14:23] 14-x:SEV-USER-INVITES-OK;1:qwe;
[26/05/2023 14:14:29] 14-x:CLI-USER-ANSWER-INVITE;1;NO
[26/05/2023 14:14:29] 14-x:SEV-USER-ANSWER-INVITE-OK
[26/05/2023 14:14:33] 14-x:CLI-GAMES-USER
[26/05/2023 14:14:33] 14-x:SEV-GAMES-USER-OK;36.625305172189016,-6.3505710661411285!2023-05-24!12:00!2023-05-22!05:00!5.6!Futbol 11!Esperando Jugadores!22!3!1;
[26/05/2023 14:14:33] 14-x:CLI-USERTEAMS
[26/05/2023 14:14:33] 14-x:SEV-USERTEAMS_OK;Prueba:Futbol 7:x:123!124!x!:36.7355451,-6.4348221:Publico;Pa:Futbol 11:x:x!:36.63479325,-6.38725705210204:Publico;xa:Futbol Sala:x:124!x!111!:36.4210849486101, -6.13348387670698:Publico;122:Voleibol Playa:111:x!111!:36.508976,-4.88562:Publico;:Futbol 11:x:x!:36.67826185,-6.110059436817895:Publico;x:Voleibol:x:x!:36.629294,-6.3700111:Publico;
[26/05/2023 14:14:34] 14-x:CLI-USER-INVITES
[26/05/2023 14:14:34] 14-x:SEV-USER-INVITES-OK;1:qwe;
[26/05/2023 14:14:38] 14-x:CLI-USER-ANSWER-INVITE;1;NO
[26/05/2023 14:14:38] 14-x:SEV-USER-ANSWER-INVITE-OK
[26/05/2023 14:14:43] 14-x:CLI-USERTEAMS
[26/05/2023 14:14:43] 14-x:SEV-USERTEAMS_OK;Prueba:Futbol 7:x:123!124!x!:36.7355451,-6.4348221:Publico;Pa:Futbol 11:x:x!:36.63479325,-6.38725705210204:Publico;xa:Futbol Sala:x:124!x!111!:36.4210849486101, -6.13348387670698:Publico;122:Voleibol Playa:111:x!111!:36.508976,-4.88562:Publico;:Futbol 11:x:x!:36.67826185,-6.110059436817895:Publico;x:Voleibol:x:x!:36.629294,-6.3700111:Publico;
[26/05/2023 14:14:45] 14-x:CLI-USER-INVITES
[26/05/2023 14:14:45] 14-x:SEV-USER-INVITES-OK;1:qwe;
[26/05/2023 14:14:50] 14-x:CLI-USER-ANSWER-INVITE;1;NO
[26/05/2023 14:14:50] 14-x:SEV-USER-ANSWER-INVITE-OK
[26/05/2023 14:15:47] 14-x:CLI-USER-ANSWER-INVITE;1;SI
[26/05/2023 14:15:47] 14-x:SEV-USER-ANSWER-INVITE-ERROR
[26/05/2023 14:15:47] 14-x:CLI-USER-ANSWER-INVITE;1;SI
[26/05/2023 14:15:47] 14-x:SEV-USER-ANSWER-INVITE-ERROR
[26/05/2023 14:15:55] 14-x:CLI-GAMES-USER
[26/05/2023 14:15:55] 14-x:SEV-GAMES-USER-OK;36.625305172189016,-6.3505710661411285!2023-05-24!12:00!2023-05-22!05:00!5.6!Futbol 11!Esperando Jugadores!22!3!1;
[26/05/2023 14:15:55] 14-x:CLI-USERTEAMS
[26/05/2023 14:15:55] 14-x:SEV-USERTEAMS_OK;Prueba:Futbol 7:x:123!124!x!:36.7355451,-6.4348221:Publico;Pa:Futbol 11:x:x!:36.63479325,-6.38725705210204:Publico;xa:Futbol Sala:x:124!x!111!:36.4210849486101, -6.13348387670698:Publico;122:Voleibol Playa:111:x!111!:36.508976,-4.88562:Publico;:Futbol 11:x:x!:36.67826185,-6.110059436817895:Publico;x:Voleibol:x:x!:36.629294,-6.3700111:Publico;
[26/05/2023 14:15:57] 14-x:CLI-USER-INVITES
[26/05/2023 14:15:57] 14-x:SEV-USER-INVITES-OK;1:qwe;
[26/05/2023 14:16:04] 14-x:CLI-USERTEAMS
[26/05/2023 14:16:04] 14-x:SEV-USERTEAMS_OK;Prueba:Futbol 7:x:123!124!x!:36.7355451,-6.4348221:Publico;Pa:Futbol 11:x:x!:36.63479325,-6.38725705210204:Publico;xa:Futbol Sala:x:124!x!111!:36.4210849486101, -6.13348387670698:Publico;122:Voleibol Playa:111:x!111!:36.508976,-4.88562:Publico;:Futbol 11:x:x!:36.67826185,-6.110059436817895:Publico;x:Voleibol:x:x!:36.629294,-6.3700111:Publico;
[26/05/2023 14:16:08] 14-x:CLI-USERTEAMS
[26/05/2023 14:16:08] 14-x:SEV-USERTEAMS_OK;Prueba:Futbol 7:x:123!124!x!:36.7355451,-6.4348221:Publico;Pa:Futbol 11:x:x!:36.63479325,-6.38725705210204:Publico;xa:Futbol Sala:x:124!x!111!:36.4210849486101, -6.13348387670698:Publico;122:Voleibol Playa:111:x!111!:36.508976,-4.88562:Publico;:Futbol 11:x:x!:36.67826185,-6.110059436817895:Publico;x:Voleibol:x:x!:36.629294,-6.3700111:Publico;
[26/05/2023 14:16:10] 14-x:CLI-USERTEAMS
[26/05/2023 14:16:10] 14-x:SEV-USERTEAMS_OK;Prueba:Futbol 7:x:123!124!x!:36.7355451,-6.4348221:Publico;Pa:Futbol 11:x:x!:36.63479325,-6.38725705210204:Publico;xa:Futbol Sala:x:124!x!111!:36.4210849486101, -6.13348387670698:Publico;122:Voleibol Playa:111:x!111!:36.508976,-4.88562:Publico;:Futbol 11:x:x!:36.67826185,-6.110059436817895:Publico;x:Voleibol:x:x!:36.629294,-6.3700111:Publico;
[26/05/2023 14:16:13] 14-x:CLI-USERTEAMS
[26/05/2023 14:16:13] 14-x:SEV-USERTEAMS_OK;Prueba:Futbol 7:x:123!124!x!:36.7355451,-6.4348221:Publico;Pa:Futbol 11:x:x!:36.63479325,-6.38725705210204:Publico;xa:Futbol Sala:x:124!x!111!:36.4210849486101, -6.13348387670698:Publico;122:Voleibol Playa:111:x!111!:36.508976,-4.88562:Publico;:Futbol 11:x:x!:36.67826185,-6.110059436817895:Publico;x:Voleibol:x:x!:36.629294,-6.3700111:Publico;
[26/05/2023 14:16:14] 14-x:CLI-LIGUES-USER
[26/05/2023 14:16:14] 14-x:SEV-LIGUES-USER-OK;2!Jere!36.6816936,-6.1377402!12.0!5!3!02:00!2023-04-12!06:00!2023-03-29!Futbol 11!12!12!04:00!07:00!Jugandose!4;2!Jere!36.6816936,-6.1377402!12.0!5!3!02:00!2023-04-12!06:00!2023-03-29!Futbol 11!12!12!04:00!07:00!Jugandose!4;2!Jere!36.6816936,-6.1377402!12.0!5!3!02:00!2023-04-12!06:00!2023-03-29!Futbol 11!12!12!04:00!07:00!Jugandose!4;2!Jere!36.6816936,-6.1377402!12.0!5!3!02:00!2023-04-12!06:00!2023-03-29!Futbol 11!12!12!04:00!07:00!Jugandose!4;4!Volei!36.7355451,-6.4348221!0.0!4!2!00:00!2023-05-28!00:00!2023-05-27!Voleibol Playa!5!5!00:00!00:00!Esperando Jugadores!1;
[26/05/2023 14:16:16] 14-x:CLI-USERTEAMS
[26/05/2023 14:16:16] 14-x:SEV-USERTEAMS_OK;Prueba:Futbol 7:x:123!124!x!:36.7355451,-6.4348221:Publico;Pa:Futbol 11:x:x!:36.63479325,-6.38725705210204:Publico;xa:Futbol Sala:x:124!x!111!:36.4210849486101, -6.13348387670698:Publico;122:Voleibol Playa:111:x!111!:36.508976,-4.88562:Publico;:Futbol 11:x:x!:36.67826185,-6.110059436817895:Publico;x:Voleibol:x:x!:36.629294,-6.3700111:Publico;
[26/05/2023 14:16:17] 14-x:CLI-LIGUES-USER
[26/05/2023 14:16:17] 14-x:SEV-LIGUES-USER-OK;2!Jere!36.6816936,-6.1377402!12.0!5!3!02:00!2023-04-12!06:00!2023-03-29!Futbol 11!12!12!04:00!07:00!Jugandose!4;2!Jere!36.6816936,-6.1377402!12.0!5!3!02:00!2023-04-12!06:00!2023-03-29!Futbol 11!12!12!04:00!07:00!Jugandose!4;2!Jere!36.6816936,-6.1377402!12.0!5!3!02:00!2023-04-12!06:00!2023-03-29!Futbol 11!12!12!04:00!07:00!Jugandose!4;2!Jere!36.6816936,-6.1377402!12.0!5!3!02:00!2023-04-12!06:00!2023-03-29!Futbol 11!12!12!04:00!07:00!Jugandose!4;4!Volei!36.7355451,-6.4348221!0.0!4!2!00:00!2023-05-28!00:00!2023-05-27!Voleibol Playa!5!5!00:00!00:00!Esperando Jugadores!1;
[26/05/2023 14:16:18] 14-x:CLI-LIGUES-STATE-USER;2
[26/05/2023 14:16:18] 14-x:SEV-LIGUES-STATE-USER-OK;INSCRITO
[26/05/2023 14:16:19] 14-x:CLI-LIGUES-USER
[26/05/2023 14:16:19] 14-x:SEV-LIGUES-USER-OK;2!Jere!36.6816936,-6.1377402!12.0!5!3!02:00!2023-04-12!06:00!2023-03-29!Futbol 11!12!12!04:00!07:00!Jugandose!4;2!Jere!36.6816936,-6.1377402!12.0!5!3!02:00!2023-04-12!06:00!2023-03-29!Futbol 11!12!12!04:00!07:00!Jugandose!4;2!Jere!36.6816936,-6.1377402!12.0!5!3!02:00!2023-04-12!06:00!2023-03-29!Futbol 11!12!12!04:00!07:00!Jugandose!4;2!Jere!36.6816936,-6.1377402!12.0!5!3!02:00!2023-04-12!06:00!2023-03-29!Futbol 11!12!12!04:00!07:00!Jugandose!4;4!Volei!36.7355451,-6.4348221!0.0!4!2!00:00!2023-05-28!00:00!2023-05-27!Voleibol Playa!5!5!00:00!00:00!Esperando Jugadores!1;
[26/05/2023 14:16:19] 14-x:CLI-USERTEAMS
[26/05/2023 14:16:19] 14-x:SEV-USERTEAMS_OK;Prueba:Futbol 7:x:123!124!x!:36.7355451,-6.4348221:Publico;Pa:Futbol 11:x:x!:36.63479325,-6.38725705210204:Publico;xa:Futbol Sala:x:124!x!111!:36.4210849486101, -6.13348387670698:Publico;122:Voleibol Playa:111:x!111!:36.508976,-4.88562:Publico;:Futbol 11:x:x!:36.67826185,-6.110059436817895:Publico;x:Voleibol:x:x!:36.629294,-6.3700111:Publico;
[26/05/2023 14:16:20] 14-x:CLI-USER-INVITES
[26/05/2023 14:16:20] 14-x:SEV-USER-INVITES-OK;1:qwe;
[26/05/2023 14:16:21] 14-x:CLI-USERTEAMS
[26/05/2023 14:16:21] 14-x:SEV-USERTEAMS_OK;Prueba:Futbol 7:x:123!124!x!:36.7355451,-6.4348221:Publico;Pa:Futbol 11:x:x!:36.63479325,-6.38725705210204:Publico;xa:Futbol Sala:x:124!x!111!:36.4210849486101, -6.13348387670698:Publico;122:Voleibol Playa:111:x!111!:36.508976,-4.88562:Publico;:Futbol 11:x:x!:36.67826185,-6.110059436817895:Publico;x:Voleibol:x:x!:36.629294,-6.3700111:Publico;
[26/05/2023 14:22:27] 14-x:SE HA DESCONECTADO
[26/05/2023 14:22:37] Se ha conectado un cliente
[26/05/2023 14:22:40] 0-:CLI-LOGIN;x;1;USUARIO
[26/05/2023 14:22:40] 14-x:SEV-LOGIN-OK-USER;14;x
[26/05/2023 14:22:40] 14-x:CLI-GAMES-USER
[26/05/2023 14:22:40] 14-x:SEV-GAMES-USER-OK;36.625305172189016,-6.3505710661411285!2023-05-24!12:00!2023-05-22!05:00!5.6!Futbol 11!Esperando Jugadores!22!3!1;
[26/05/2023 14:22:42] 14-x:CLI-USERTEAMS
[26/05/2023 14:22:42] 14-x:SEV-USERTEAMS_OK;Prueba:Futbol 7:x:123!124!x!:36.7355451,-6.4348221:Publico;Pa:Futbol 11:x:x!:36.63479325,-6.38725705210204:Publico;xa:Futbol Sala:x:124!x!111!:36.4210849486101, -6.13348387670698:Publico;122:Voleibol Playa:111:x!111!:36.508976,-4.88562:Publico;:Futbol 11:x:x!:36.67826185,-6.110059436817895:Publico;x:Voleibol:x:x!:36.629294,-6.3700111:Publico;
[26/05/2023 14:22:42] 14-x:CLI-USER-INVITES
[26/05/2023 14:22:42] 14-x:SEV-USER-INVITES-OK;1:qwe;
[26/05/2023 14:22:44] 14-x:CLI-USER-ANSWER-INVITE;1;NO
[26/05/2023 14:22:44] 14-x:SEV-USER-ANSWER-INVITE-OK
[26/05/2023 14:22:54] 14-x:CLI-USERTEAMS
[26/05/2023 14:22:54] 14-x:SEV-USERTEAMS_OK;Prueba:Futbol 7:x:123!124!x!:36.7355451,-6.4348221:Publico;Pa:Futbol 11:x:x!:36.63479325,-6.38725705210204:Publico;xa:Futbol Sala:x:124!x!111!:36.4210849486101, -6.13348387670698:Publico;122:Voleibol Playa:111:x!111!:36.508976,-4.88562:Publico;:Futbol 11:x:x!:36.67826185,-6.110059436817895:Publico;x:Voleibol:x:x!:36.629294,-6.3700111:Publico;
[26/05/2023 14:22:54] 14-x:CLI-USER-INVITES
[26/05/2023 14:22:54] 14-x:SEV-USER-INVITES-OK;1:qwe;
---- [26/05/2023 14:23:06] Obteniendo todos los torneos pendientes a generar ----
---- [26/05/2023 14:23:07] Obteniendo todas las ligas pendientes a generar ----
---- [26/05/2023 14:23:07] Creado el hilo encargado de las tareas ----
---- [26/05/2023 14:23:07] Iniciado el hilo encargado de las tareas ----
---- [26/05/2023 14:23:07] SERVIDOR INICIADO ----
Esperando 34612 segundos hasta la próxima tarea en: 2023-05-27T00:00
[26/05/2023 14:23:19] Se ha conectado un cliente
[26/05/2023 14:23:22] 0-:CLI-LOGIN;x;1;USUARIO
[26/05/2023 14:23:22] 14-x:SEV-LOGIN-OK-USER;14;x
[26/05/2023 14:23:22] 14-x:CLI-GAMES-USER
[26/05/2023 14:23:22] 14-x:SEV-GAMES-USER-OK;36.625305172189016,-6.3505710661411285!2023-05-24!12:00!2023-05-22!05:00!5.6!Futbol 11!Esperando Jugadores!22!3!1;
[26/05/2023 14:23:25] 14-x:CLI-USERTEAMS
[26/05/2023 14:23:25] 14-x:SEV-USERTEAMS_OK;Prueba:Futbol 7:x:123!124!x!:36.7355451,-6.4348221:Publico;Pa:Futbol 11:x:x!:36.63479325,-6.38725705210204:Publico;xa:Futbol Sala:x:124!x!111!:36.4210849486101, -6.13348387670698:Publico;122:Voleibol Playa:111:x!111!:36.508976,-4.88562:Publico;:Futbol 11:x:x!:36.67826185,-6.110059436817895:Publico;x:Voleibol:x:x!:36.629294,-6.3700111:Publico;
[26/05/2023 14:23:27] 14-x:CLI-USER-INVITES
[26/05/2023 14:23:28] 14-x:SEV-USER-INVITES-OK;1:qwe;
[26/05/2023 14:23:34] 14-x:CLI-USER-ANSWER-INVITE;1;NO
[26/05/2023 14:23:34] 14-x:SEV-USER-ANSWER-INVITE-OK
[26/05/2023 14:23:41] 14-x:CLI-USERTEAMS
[26/05/2023 14:23:41] 14-x:SEV-USERTEAMS_OK;Prueba:Futbol 7:x:123!124!x!:36.7355451,-6.4348221:Publico;Pa:Futbol 11:x:x!:36.63479325,-6.38725705210204:Publico;xa:Futbol Sala:x:124!x!111!:36.4210849486101, -6.13348387670698:Publico;122:Voleibol Playa:111:x!111!:36.508976,-4.88562:Publico;:Futbol 11:x:x!:36.67826185,-6.110059436817895:Publico;x:Voleibol:x:x!:36.629294,-6.3700111:Publico;
[26/05/2023 14:23:42] 14-x:CLI-USER-INVITES
[26/05/2023 14:23:42] 14-x:SEV-USER-INVITES-OK;
[26/05/2023 14:23:42] 14-x:CLI-USERTEAMS
[26/05/2023 14:23:43] 14-x:SEV-USERTEAMS_OK;Prueba:Futbol 7:x:123!124!x!:36.7355451,-6.4348221:Publico;Pa:Futbol 11:x:x!:36.63479325,-6.38725705210204:Publico;xa:Futbol Sala:x:124!x!111!:36.4210849486101, -6.13348387670698:Publico;122:Voleibol Playa:111:x!111!:36.508976,-4.88562:Publico;:Futbol 11:x:x!:36.67826185,-6.110059436817895:Publico;x:Voleibol:x:x!:36.629294,-6.3700111:Publico;
[26/05/2023 14:23:48] 14-x:CLI-USERTEAMS
[26/05/2023 14:23:48] 14-x:SEV-USERTEAMS_OK;Prueba:Futbol 7:x:123!124!x!:36.7355451,-6.4348221:Publico;Pa:Futbol 11:x:x!:36.63479325,-6.38725705210204:Publico;xa:Futbol Sala:x:124!x!111!:36.4210849486101, -6.13348387670698:Publico;122:Voleibol Playa:111:x!111!:36.508976,-4.88562:Publico;:Futbol 11:x:x!:36.67826185,-6.110059436817895:Publico;x:Voleibol:x:x!:36.629294,-6.3700111:Publico;
[26/05/2023 14:23:49] 14-x:CLI-USER-INVITES
[26/05/2023 14:23:49] 14-x:SEV-USER-INVITES-OK;1:qwe;
[26/05/2023 14:23:50] 14-x:CLI-USER-ANSWER-INVITE;1;SI
[26/05/2023 14:23:50] 14-x:SEV-USER-ANSWER-INVITE-OK
[26/05/2023 14:23:55] 14-x:CLI-USERTEAMS
[26/05/2023 14:23:55] 14-x:SEV-USERTEAMS_OK;Prueba:Futbol 7:x:123!124!x!:36.7355451,-6.4348221:Publico;Pa:Futbol 11:x:x!:36.63479325,-6.38725705210204:Publico;xa:Futbol Sala:x:124!x!111!:36.4210849486101, -6.13348387670698:Publico;122:Voleibol Playa:111:x!111!:36.508976,-4.88562:Publico;:Futbol 11:x:x!:36.67826185,-6.110059436817895:Publico;x:Voleibol:x:x!:36.629294,-6.3700111:Publico;qwe:Futbol 11:miguel:123!x!miguel!:36.629294,-6.3700111:Publico;
[26/05/2023 14:24:06] 14-x:CLI-GAMES-USER
[26/05/2023 14:24:06] 14-x:SEV-GAMES-USER-OK;36.625305172189016,-6.3505710661411285!2023-05-24!12:00!2023-05-22!05:00!5.6!Futbol 11!Esperando Jugadores!22!3!1;
[26/05/2023 14:24:11] 14-x:SE HA DESCONECTADO
