[08/05/2023 17:09:23] 0-:CLI-LOGIN;x;1;USUARIO
[08/05/2023 17:09:24] 14-x:SEV-LOGIN-OK-USER;14;x
[08/05/2023 17:09:26] 14-x:CLI-TOURNAMENTS-USER
[08/05/2023 17:09:27] 14-x:SEV-TOURNAMENTS-USER-OK;Prueba!36.4210849486101, -6.13348387670698!15.2!4!2!15:00!2023-04-04!15:00!2023-04-19!Futbol 11!Esperando Jugadores!1!2;
[08/05/2023 17:09:28] 14-x:CLI-TOURNAMENTS-AVAILABLE;36.6236867,-6.3601433;10
[08/05/2023 17:09:28] 14-x:SEV-TOURNAMENTS-AVAILABLE-OK;123!36.6228636,-6.3599595!2.0!4!2!0:0!2023-03-28!0:0!2023-04-21!Futbol 11!Esperando Jugadores!0!7;123!36.63479325,-6.38725705210204!123.0!4!2!123!2023-04-01!123!2023-04-05!Futbol 11!Esperando Jugadores!0!4;Prueba!36.63479325,-6.38725705210204!12.0!4!2!14:28!2023-04-05!17:28!2023-04-12!Futbol 11!Esperando Jugadores!0!5;
[08/05/2023 17:09:29] 14-x:CLI-TOURNAMENTS-AVAILABLE;36.6236867,-6.3601433;25
[08/05/2023 17:09:29] 14-x:SEV-TOURNAMENTS-AVAILABLE-OK;123!36.6228636,-6.3599595!2.0!4!2!0:0!2023-03-28!0:0!2023-04-21!Futbol 11!Esperando Jugadores!0!7;123!36.63479325,-6.38725705210204!123.0!4!2!123!2023-04-01!123!2023-04-05!Futbol 11!Esperando Jugadores!0!4;Prueba!36.63479325,-6.38725705210204!12.0!4!2!14:28!2023-04-05!17:28!2023-04-12!Futbol 11!Esperando Jugadores!0!5;ADADA!36.7355451,-6.4348221!123.0!4!2!3:13!2023-04-12!21:7!2023-04-21!Futbol 11!Esperando Jugadores!0!6;
[08/05/2023 17:09:32] 14-x:CLI-TOURNAMENTS-AVAILABLE;36.6236867,-6.3601433;10
[08/05/2023 17:09:32] 14-x:SEV-TOURNAMENTS-AVAILABLE-OK;123!36.6228636,-6.3599595!2.0!4!2!0:0!2023-03-28!0:0!2023-04-21!Futbol 11!Esperando Jugadores!0!7;123!36.63479325,-6.38725705210204!123.0!4!2!123!2023-04-01!123!2023-04-05!Futbol 11!Esperando Jugadores!0!4;Prueba!36.63479325,-6.38725705210204!12.0!4!2!14:28!2023-04-05!17:28!2023-04-12!Futbol 11!Esperando Jugadores!0!5;
[08/05/2023 17:09:34] 14-x:CLI-TOURNAMENTS-AVAILABLE;36.6236867,-6.3601433;-1
[08/05/2023 17:09:34] 14-x:SEV-TOURNAMENTS-AVAILABLE-OK;123!36.6228636,-6.3599595!2.0!4!2!0:0!2023-03-28!0:0!2023-04-21!Futbol 11!Esperando Jugadores!0!7;123!36.63479325,-6.38725705210204!123.0!4!2!123!2023-04-01!123!2023-04-05!Futbol 11!Esperando Jugadores!0!4;Prueba!36.63479325,-6.38725705210204!12.0!4!2!14:28!2023-04-05!17:28!2023-04-12!Futbol 11!Esperando Jugadores!0!5;ADADA!36.7355451,-6.4348221!123.0!4!2!3:13!2023-04-12!21:7!2023-04-21!Futbol 11!Esperando Jugadores!0!6;Prueba!36.4210849486101,-6.13348387670698!15.0!4!2!15:00!2023-04-04!15:00!2023-04-19!Futbol 11!Esperando Jugadores!0!1;Prueba!36.4210849486101, -6.13348387670698!15.2!4!2!15:00!2023-04-04!15:00!2023-04-19!Futbol 11!Esperando Jugadores!1!2;213!36.4210849486101, -6.13348387670698!123.0!4!2!123!2023-04-07!213!2023-04-13!Futbol 11!Esperando Jugadores!0!3;
[08/05/2023 17:09:36] 14-x:CLI-USERTEAMS
[08/05/2023 17:09:36] 14-x:SEV-USERTEAMS_OK;Prueba:Futbol 7:x:124!x!;Pa:Futbol 11:x:123!x!;xa:Futbol Sala:x:124!x!111!;122:Futbol 11:111:x!111!;
[08/05/2023 17:09:47] 14-x:CLI-USERTEAMS
[08/05/2023 17:09:47] 14-x:SEV-USERTEAMS_OK;Prueba:Futbol 7:x:124!x!;Pa:Futbol 11:x:123!x!;xa:Futbol Sala:x:124!x!111!;122:Futbol 11:111:x!111!;
[08/05/2023 17:09:51] 14-x:CLI-GIVE-SPORTS
[08/05/2023 17:09:51] 14-x:SEV-SEND-SPORTS;Futbol 11:22;Futbol 7:14;Futbol Sala:10;Voleibol:12;Voleibol Playa:4;
[08/05/2023 17:10:04] 14-x:CLI-USERTEAMS
[08/05/2023 17:10:04] 14-x:SEV-USERTEAMS_OK;Prueba:Futbol 7:x:124!x!;Pa:Futbol 11:x:123!x!;xa:Futbol Sala:x:124!x!111!;122:Futbol 11:111:x!111!;
[08/05/2023 17:10:05] 14-x:CLI-TOURNAMENTS-USER
[08/05/2023 17:10:05] 14-x:SEV-TOURNAMENTS-USER-OK;Prueba!36.4210849486101, -6.13348387670698!15.2!4!2!15:00!2023-04-04!15:00!2023-04-19!Futbol 11!Esperando Jugadores!1!2;
[08/05/2023 17:10:08] 14-x:CLI-USERTEAMS
[08/05/2023 17:10:09] 14-x:SEV-USERTEAMS_OK;Prueba:Futbol 7:x:124!x!;Pa:Futbol 11:x:123!x!;xa:Futbol Sala:x:124!x!111!;122:Futbol 11:111:x!111!;
[08/05/2023 17:10:10] 14-x:CLI-LOGOUT
[08/05/2023 17:10:10] 0-:SEV-LOGOUT-OK
[08/05/2023 17:15:42] SERVIDOR INICIADO
