[09/05/2023 19:53:18] SERVIDOR INICIADO
[09/05/2023 19:55:24] 0-:CLI-LOGIN;x;1;USUARIO
[09/05/2023 19:55:26] 14-x:SEV-LOGIN-OK-USER;14;x
[09/05/2023 19:55:31] 14-x:CLI-TOURNAMENTS-USER
[09/05/2023 19:55:31] 14-x:SEV-TOURNAMENTS-USER-OK;Prueba!36.4210849486101, -6.13348387670698!15.2!4!2!15:00!2023-04-04!15:00!2023-04-19!Futbol 11!Esperando Jugadores!1!2;
[09/05/2023 19:55:38] 14-x:CLI-TOURNAMENTS-AVAILABLE;36.6236867,-6.3601433;10
[09/05/2023 19:55:38] 14-x:SEV-TOURNAMENTS-AVAILABLE-OK;123!36.6228636,-6.3599595!2.0!4!2!0:0!2023-03-28!0:0!2023-04-21!Futbol 11!Esperando Jugadores!0!7;123!36.63479325,-6.38725705210204!123.0!4!2!123!2023-04-01!123!2023-04-05!Futbol 11!Esperando Jugadores!0!4;Prueba!36.63479325,-6.38725705210204!12.0!4!2!14:28!2023-04-05!17:28!2023-04-12!Futbol 11!Esperando Jugadores!0!5;
[09/05/2023 19:55:47] 14-x:CLI-TOURNAMENTS-USER
[09/05/2023 19:55:47] 14-x:SEV-TOURNAMENTS-USER-OK;Prueba!36.4210849486101, -6.13348387670698!15.2!4!2!15:00!2023-04-04!15:00!2023-04-19!Futbol 11!Esperando Jugadores!1!2;
[09/05/2023 19:55:50] 14-x:CLI-TOURNAMENTS-AVAILABLE;36.6236867,-6.3601433;10
[09/05/2023 19:55:50] 14-x:SEV-TOURNAMENTS-AVAILABLE-OK;123!36.6228636,-6.3599595!2.0!4!2!0:0!2023-03-28!0:0!2023-04-21!Futbol 11!Esperando Jugadores!0!7;123!36.63479325,-6.38725705210204!123.0!4!2!123!2023-04-01!123!2023-04-05!Futbol 11!Esperando Jugadores!0!4;Prueba!36.63479325,-6.38725705210204!12.0!4!2!14:28!2023-04-05!17:28!2023-04-12!Futbol 11!Esperando Jugadores!0!5;
[09/05/2023 19:55:51] 14-x:CLI-TOURNAMENTS-AVAILABLE;36.6236867,-6.3601433;5
[09/05/2023 19:55:51] 14-x:SEV-TOURNAMENTS-AVAILABLE-OK;123!36.6228636,-6.3599595!2.0!4!2!0:0!2023-03-28!0:0!2023-04-21!Futbol 11!Esperando Jugadores!0!7;123!36.63479325,-6.38725705210204!123.0!4!2!123!2023-04-01!123!2023-04-05!Futbol 11!Esperando Jugadores!0!4;Prueba!36.63479325,-6.38725705210204!12.0!4!2!14:28!2023-04-05!17:28!2023-04-12!Futbol 11!Esperando Jugadores!0!5;
[09/05/2023 19:55:53] 14-x:CLI-TOURNAMENTS-AVAILABLE;36.6236867,-6.3601433;2
[09/05/2023 19:55:53] 14-x:SEV-TOURNAMENTS-AVAILABLE-OK;123!36.6228636,-6.3599595!2.0!4!2!0:0!2023-03-28!0:0!2023-04-21!Futbol 11!Esperando Jugadores!0!7;
[09/05/2023 19:57:26] 14-x:SE HA DESCONECTADO
[09/05/2023 19:57:37] 0-:CLI-LOGIN;x;1;USUARIO
[09/05/2023 19:57:37] 14-x:SEV-LOGIN-OK-USER;14;x
[09/05/2023 19:57:40] 14-x:CLI-TOURNAMENTS-USER
[09/05/2023 19:57:40] 14-x:SEV-TOURNAMENTS-USER-OK;Prueba!36.4210849486101, -6.13348387670698!15.2!4!2!15:00!2023-04-04!15:00!2023-04-19!Futbol 11!Esperando Jugadores!1!2;
[09/05/2023 19:57:41] 14-x:CLI-TOURNAMENTS-AVAILABLE;36.6236867,-6.3601433;10
[09/05/2023 19:57:41] 14-x:SEV-TOURNAMENTS-AVAILABLE-OK;123!36.6228636,-6.3599595!2.0!4!2!0:0!2023-03-28!0:0!2023-04-21!Futbol 11!Esperando Jugadores!0!7;123!36.63479325,-6.38725705210204!123.0!4!2!123!2023-04-01!123!2023-04-05!Futbol 11!Esperando Jugadores!0!4;Prueba!36.63479325,-6.38725705210204!12.0!4!2!14:28!2023-04-05!17:28!2023-04-12!Futbol 11!Esperando Jugadores!0!5;
[09/05/2023 19:57:51] 14-x:CLI-TOURNAMENTS-USER
[09/05/2023 19:57:51] 14-x:SEV-TOURNAMENTS-USER-OK;Prueba!36.4210849486101, -6.13348387670698!15.2!4!2!15:00!2023-04-04!15:00!2023-04-19!Futbol 11!Esperando Jugadores!1!2;
[09/05/2023 19:57:52] 14-x:CLI-TOURNAMENTS-AVAILABLE;36.6236867,-6.3601433;10
[09/05/2023 19:57:52] 14-x:SEV-TOURNAMENTS-AVAILABLE-OK;123!36.6228636,-6.3599595!2.0!4!2!0:0!2023-03-28!0:0!2023-04-21!Futbol 11!Esperando Jugadores!0!7;123!36.63479325,-6.38725705210204!123.0!4!2!123!2023-04-01!123!2023-04-05!Futbol 11!Esperando Jugadores!0!4;Prueba!36.63479325,-6.38725705210204!12.0!4!2!14:28!2023-04-05!17:28!2023-04-12!Futbol 11!Esperando Jugadores!0!5;
[09/05/2023 19:57:57] 14-x:CLI-TOURNAMENTS-USER
[09/05/2023 19:57:57] 14-x:SEV-TOURNAMENTS-USER-OK;Prueba!36.4210849486101, -6.13348387670698!15.2!4!2!15:00!2023-04-04!15:00!2023-04-19!Futbol 11!Esperando Jugadores!1!2;
[09/05/2023 19:57:58] 14-x:SE HA DESCONECTADO
---- [09/05/2023 20:13:56] SERVIDOR INICIADO ----
---- [09/05/2023 20:26:16] SERVIDOR INICIADO ----
[09/05/2023 20:34:19] 0-:CLI-LOGIN;x;1;USUARIO
[09/05/2023 20:34:20] 14-x:SEV-LOGIN-OK-USER;14;x
[09/05/2023 20:34:29] 14-x:CLI-TOURNAMENTS-USER
[09/05/2023 20:34:29] 14-x:SEV-TOURNAMENTS-USER-OK;Prueba!36.4210849486101, -6.13348387670698!15.2!4!2!15:00!2023-04-04!15:00!2023-04-19!Futbol 11!Esperando Jugadores!1!2;
[09/05/2023 20:34:55] 14-x:SE HA DESCONECTADO
[09/05/2023 20:35:36] 0-:CLI-LOGIN;x;1;USUARIO
[09/05/2023 20:35:36] 14-x:SEV-LOGIN-OK-USER;14;x
[09/05/2023 20:35:40] 14-x:CLI-TOURNAMENTS-USER
[09/05/2023 20:35:40] 14-x:SEV-TOURNAMENTS-USER-OK;Prueba!36.4210849486101, -6.13348387670698!15.2!4!2!15:00!2023-04-04!15:00!2023-04-19!Futbol 11!Esperando Jugadores!1!2;
[09/05/2023 20:36:10] 14-x:CLI-TOURNAMENTS-AVAILABLE;36.6236867,-6.3601433;10
[09/05/2023 20:36:10] 14-x:SEV-TOURNAMENTS-AVAILABLE-OK;123!36.6228636,-6.3599595!2.0!4!2!0:0!2023-03-28!0:0!2023-04-21!Futbol 11!Esperando Jugadores!0!7;123!36.63479325,-6.38725705210204!123.0!4!2!123!2023-04-01!123!2023-04-05!Futbol 11!Esperando Jugadores!0!4;Prueba!36.63479325,-6.38725705210204!12.0!4!2!14:28!2023-04-05!17:28!2023-04-12!Futbol 11!Esperando Jugadores!0!5;
[09/05/2023 20:36:22] 14-x:SE HA DESCONECTADO
[09/05/2023 20:37:39] 0-:CLI-LOGIN;x;1;USUARIO
[09/05/2023 20:37:39] 14-x:SEV-LOGIN-OK-USER;14;x
[09/05/2023 20:37:44] 14-x:CLI-TOURNAMENTS-USER
[09/05/2023 20:37:44] 14-x:SEV-TOURNAMENTS-USER-OK;Prueba!36.4210849486101, -6.13348387670698!15.2!4!2!15:00!2023-04-04!15:00!2023-04-19!Futbol 11!Esperando Jugadores!1!2;
[09/05/2023 20:37:47] 14-x:CLI-TOURNAMENTS-AVAILABLE;36.6236867,-6.3601433;10
[09/05/2023 20:37:47] 14-x:SEV-TOURNAMENTS-AVAILABLE-OK;123!36.6228636,-6.3599595!2.0!4!2!0:0!2023-03-28!0:0!2023-04-21!Futbol 11!Esperando Jugadores!0!7;123!36.63479325,-6.38725705210204!123.0!4!2!123!2023-04-01!123!2023-04-05!Futbol 11!Esperando Jugadores!0!4;Prueba!36.63479325,-6.38725705210204!12.0!4!2!14:28!2023-04-05!17:28!2023-04-12!Futbol 11!Esperando Jugadores!0!5;
[09/05/2023 20:38:03] 14-x:CLI-TOURNAMENTS-AVAILABLE;36.6236867,-6.3601433;10
[09/05/2023 20:38:03] 14-x:SEV-TOURNAMENTS-AVAILABLE-OK;123!36.6228636,-6.3599595!2.0!4!2!0:0!2023-03-28!0:0!2023-04-21!Futbol 11!Esperando Jugadores!0!7;123!36.63479325,-6.38725705210204!123.0!4!2!123!2023-04-01!123!2023-04-05!Futbol 11!Esperando Jugadores!0!4;Prueba!36.63479325,-6.38725705210204!12.0!4!2!14:28!2023-04-05!17:28!2023-04-12!Futbol 11!Esperando Jugadores!0!5;
[09/05/2023 20:38:06] 14-x:CLI-TOURNAMENTS-AVAILABLE;36.6236867,-6.3601433;100
[09/05/2023 20:38:06] 14-x:SEV-TOURNAMENTS-AVAILABLE-OK;123!36.6228636,-6.3599595!2.0!4!2!0:0!2023-03-28!0:0!2023-04-21!Futbol 11!Esperando Jugadores!0!7;123!36.63479325,-6.38725705210204!123.0!4!2!123!2023-04-01!123!2023-04-05!Futbol 11!Esperando Jugadores!0!4;Prueba!36.63479325,-6.38725705210204!12.0!4!2!14:28!2023-04-05!17:28!2023-04-12!Futbol 11!Esperando Jugadores!0!5;ADADA!36.7355451,-6.4348221!123.0!4!2!3:13!2023-04-12!21:7!2023-04-21!Futbol 11!Esperando Jugadores!0!6;Prueba!36.4210849486101,-6.13348387670698!15.0!4!2!15:00!2023-04-04!15:00!2023-04-19!Futbol 11!Esperando Jugadores!0!1;Prueba!36.4210849486101, -6.13348387670698!15.2!4!2!15:00!2023-04-04!15:00!2023-04-19!Futbol 11!Esperando Jugadores!1!2;213!36.4210849486101, -6.13348387670698!123.0!4!2!123!2023-04-07!213!2023-04-13!Futbol 11!Esperando Jugadores!0!3;
[09/05/2023 20:38:17] 14-x:CLI-TOURNAMENTS-AVAILABLE;36.6236867,-6.3601433;100
[09/05/2023 20:38:17] 14-x:SEV-TOURNAMENTS-AVAILABLE-OK;123!36.6228636,-6.3599595!2.0!4!2!0:0!2023-03-28!0:0!2023-04-21!Futbol 11!Esperando Jugadores!0!7;123!36.63479325,-6.38725705210204!123.0!4!2!123!2023-04-01!123!2023-04-05!Futbol 11!Esperando Jugadores!0!4;Prueba!36.63479325,-6.38725705210204!12.0!4!2!14:28!2023-04-05!17:28!2023-04-12!Futbol 11!Esperando Jugadores!0!5;ADADA!36.7355451,-6.4348221!123.0!4!2!3:13!2023-04-12!21:7!2023-04-21!Futbol 11!Esperando Jugadores!0!6;Prueba!36.4210849486101,-6.13348387670698!15.0!4!2!15:00!2023-04-04!15:00!2023-04-19!Futbol 11!Esperando Jugadores!0!1;Prueba!36.4210849486101, -6.13348387670698!15.2!4!2!15:00!2023-04-04!15:00!2023-04-19!Futbol 11!Esperando Jugadores!1!2;213!36.4210849486101, -6.13348387670698!123.0!4!2!123!2023-04-07!213!2023-04-13!Futbol 11!Esperando Jugadores!0!3;
[09/05/2023 20:38:17] 14-x:CLI-TOURNAMENTS-AVAILABLE;36.6236867,-6.3601433;100
[09/05/2023 20:38:17] 14-x:SEV-TOURNAMENTS-AVAILABLE-OK;123!36.6228636,-6.3599595!2.0!4!2!0:0!2023-03-28!0:0!2023-04-21!Futbol 11!Esperando Jugadores!0!7;123!36.63479325,-6.38725705210204!123.0!4!2!123!2023-04-01!123!2023-04-05!Futbol 11!Esperando Jugadores!0!4;Prueba!36.63479325,-6.38725705210204!12.0!4!2!14:28!2023-04-05!17:28!2023-04-12!Futbol 11!Esperando Jugadores!0!5;ADADA!36.7355451,-6.4348221!123.0!4!2!3:13!2023-04-12!21:7!2023-04-21!Futbol 11!Esperando Jugadores!0!6;Prueba!36.4210849486101,-6.13348387670698!15.0!4!2!15:00!2023-04-04!15:00!2023-04-19!Futbol 11!Esperando Jugadores!0!1;Prueba!36.4210849486101, -6.13348387670698!15.2!4!2!15:00!2023-04-04!15:00!2023-04-19!Futbol 11!Esperando Jugadores!1!2;213!36.4210849486101, -6.13348387670698!123.0!4!2!123!2023-04-07!213!2023-04-13!Futbol 11!Esperando Jugadores!0!3;
[09/05/2023 20:38:21] 14-x:CLI-TOURNAMENTS-AVAILABLE;36.6236867,-6.3601433;100
[09/05/2023 20:38:21] 14-x:SEV-TOURNAMENTS-AVAILABLE-OK;123!36.6228636,-6.3599595!2.0!4!2!0:0!2023-03-28!0:0!2023-04-21!Futbol 11!Esperando Jugadores!0!7;123!36.63479325,-6.38725705210204!123.0!4!2!123!2023-04-01!123!2023-04-05!Futbol 11!Esperando Jugadores!0!4;Prueba!36.63479325,-6.38725705210204!12.0!4!2!14:28!2023-04-05!17:28!2023-04-12!Futbol 11!Esperando Jugadores!0!5;ADADA!36.7355451,-6.4348221!123.0!4!2!3:13!2023-04-12!21:7!2023-04-21!Futbol 11!Esperando Jugadores!0!6;Prueba!36.4210849486101,-6.13348387670698!15.0!4!2!15:00!2023-04-04!15:00!2023-04-19!Futbol 11!Esperando Jugadores!0!1;Prueba!36.4210849486101, -6.13348387670698!15.2!4!2!15:00!2023-04-04!15:00!2023-04-19!Futbol 11!Esperando Jugadores!1!2;213!36.4210849486101, -6.13348387670698!123.0!4!2!123!2023-04-07!213!2023-04-13!Futbol 11!Esperando Jugadores!0!3;
[09/05/2023 20:38:21] 14-x:CLI-TOURNAMENTS-AVAILABLE;36.6236867,-6.3601433;100
[09/05/2023 20:38:21] 14-x:SEV-TOURNAMENTS-AVAILABLE-OK;123!36.6228636,-6.3599595!2.0!4!2!0:0!2023-03-28!0:0!2023-04-21!Futbol 11!Esperando Jugadores!0!7;123!36.63479325,-6.38725705210204!123.0!4!2!123!2023-04-01!123!2023-04-05!Futbol 11!Esperando Jugadores!0!4;Prueba!36.63479325,-6.38725705210204!12.0!4!2!14:28!2023-04-05!17:28!2023-04-12!Futbol 11!Esperando Jugadores!0!5;ADADA!36.7355451,-6.4348221!123.0!4!2!3:13!2023-04-12!21:7!2023-04-21!Futbol 11!Esperando Jugadores!0!6;Prueba!36.4210849486101,-6.13348387670698!15.0!4!2!15:00!2023-04-04!15:00!2023-04-19!Futbol 11!Esperando Jugadores!0!1;Prueba!36.4210849486101, -6.13348387670698!15.2!4!2!15:00!2023-04-04!15:00!2023-04-19!Futbol 11!Esperando Jugadores!1!2;213!36.4210849486101, -6.13348387670698!123.0!4!2!123!2023-04-07!213!2023-04-13!Futbol 11!Esperando Jugadores!0!3;
[09/05/2023 20:38:31] 14-x:CLI-TOURNAMENTS-AVAILABLE;36.6236867,-6.3601433;100
[09/05/2023 20:38:31] 14-x:SEV-TOURNAMENTS-AVAILABLE-OK;123!36.6228636,-6.3599595!2.0!4!2!0:0!2023-03-28!0:0!2023-04-21!Futbol 11!Esperando Jugadores!0!7;123!36.63479325,-6.38725705210204!123.0!4!2!123!2023-04-01!123!2023-04-05!Futbol 11!Esperando Jugadores!0!4;Prueba!36.63479325,-6.38725705210204!12.0!4!2!14:28!2023-04-05!17:28!2023-04-12!Futbol 11!Esperando Jugadores!0!5;ADADA!36.7355451,-6.4348221!123.0!4!2!3:13!2023-04-12!21:7!2023-04-21!Futbol 11!Esperando Jugadores!0!6;Prueba!36.4210849486101,-6.13348387670698!15.0!4!2!15:00!2023-04-04!15:00!2023-04-19!Futbol 11!Esperando Jugadores!0!1;Prueba!36.4210849486101, -6.13348387670698!15.2!4!2!15:00!2023-04-04!15:00!2023-04-19!Futbol 11!Esperando Jugadores!1!2;213!36.4210849486101, -6.13348387670698!123.0!4!2!123!2023-04-07!213!2023-04-13!Futbol 11!Esperando Jugadores!0!3;
[09/05/2023 20:38:31] 14-x:CLI-TOURNAMENTS-AVAILABLE;36.6236867,-6.3601433;100
[09/05/2023 20:38:31] 14-x:SEV-TOURNAMENTS-AVAILABLE-OK;123!36.6228636,-6.3599595!2.0!4!2!0:0!2023-03-28!0:0!2023-04-21!Futbol 11!Esperando Jugadores!0!7;123!36.63479325,-6.38725705210204!123.0!4!2!123!2023-04-01!123!2023-04-05!Futbol 11!Esperando Jugadores!0!4;Prueba!36.63479325,-6.38725705210204!12.0!4!2!14:28!2023-04-05!17:28!2023-04-12!Futbol 11!Esperando Jugadores!0!5;ADADA!36.7355451,-6.4348221!123.0!4!2!3:13!2023-04-12!21:7!2023-04-21!Futbol 11!Esperando Jugadores!0!6;Prueba!36.4210849486101,-6.13348387670698!15.0!4!2!15:00!2023-04-04!15:00!2023-04-19!Futbol 11!Esperando Jugadores!0!1;Prueba!36.4210849486101, -6.13348387670698!15.2!4!2!15:00!2023-04-04!15:00!2023-04-19!Futbol 11!Esperando Jugadores!1!2;213!36.4210849486101, -6.13348387670698!123.0!4!2!123!2023-04-07!213!2023-04-13!Futbol 11!Esperando Jugadores!0!3;
[09/05/2023 20:38:36] 14-x:CLI-TOURNAMENTS-AVAILABLE;36.6236867,-6.3601433;100
[09/05/2023 20:38:36] 14-x:SEV-TOURNAMENTS-AVAILABLE-OK;123!36.6228636,-6.3599595!2.0!4!2!0:0!2023-03-28!0:0!2023-04-21!Futbol 11!Esperando Jugadores!0!7;123!36.63479325,-6.38725705210204!123.0!4!2!123!2023-04-01!123!2023-04-05!Futbol 11!Esperando Jugadores!0!4;Prueba!36.63479325,-6.38725705210204!12.0!4!2!14:28!2023-04-05!17:28!2023-04-12!Futbol 11!Esperando Jugadores!0!5;ADADA!36.7355451,-6.4348221!123.0!4!2!3:13!2023-04-12!21:7!2023-04-21!Futbol 11!Esperando Jugadores!0!6;Prueba!36.4210849486101,-6.13348387670698!15.0!4!2!15:00!2023-04-04!15:00!2023-04-19!Futbol 11!Esperando Jugadores!0!1;Prueba!36.4210849486101, -6.13348387670698!15.2!4!2!15:00!2023-04-04!15:00!2023-04-19!Futbol 11!Esperando Jugadores!1!2;213!36.4210849486101, -6.13348387670698!123.0!4!2!123!2023-04-07!213!2023-04-13!Futbol 11!Esperando Jugadores!0!3;
[09/05/2023 20:38:36] 14-x:CLI-TOURNAMENTS-AVAILABLE;36.6236867,-6.3601433;100
[09/05/2023 20:38:36] 14-x:SEV-TOURNAMENTS-AVAILABLE-OK;123!36.6228636,-6.3599595!2.0!4!2!0:0!2023-03-28!0:0!2023-04-21!Futbol 11!Esperando Jugadores!0!7;123!36.63479325,-6.38725705210204!123.0!4!2!123!2023-04-01!123!2023-04-05!Futbol 11!Esperando Jugadores!0!4;Prueba!36.63479325,-6.38725705210204!12.0!4!2!14:28!2023-04-05!17:28!2023-04-12!Futbol 11!Esperando Jugadores!0!5;ADADA!36.7355451,-6.4348221!123.0!4!2!3:13!2023-04-12!21:7!2023-04-21!Futbol 11!Esperando Jugadores!0!6;Prueba!36.4210849486101,-6.13348387670698!15.0!4!2!15:00!2023-04-04!15:00!2023-04-19!Futbol 11!Esperando Jugadores!0!1;Prueba!36.4210849486101, -6.13348387670698!15.2!4!2!15:00!2023-04-04!15:00!2023-04-19!Futbol 11!Esperando Jugadores!1!2;213!36.4210849486101, -6.13348387670698!123.0!4!2!123!2023-04-07!213!2023-04-13!Futbol 11!Esperando Jugadores!0!3;
[09/05/2023 20:38:46] 14-x:SE HA DESCONECTADO
[09/05/2023 21:00:45] 0-:CLI-LOGIN;x;1;USUARIO
[09/05/2023 21:00:45] 14-x:SEV-LOGIN-OK-USER;14;x
[09/05/2023 21:00:48] 14-x:CLI-TOURNAMENTS-USER
[09/05/2023 21:00:48] 14-x:SEV-TOURNAMENTS-USER-OK;Prueba!36.4210849486101, -6.13348387670698!15.2!4!2!15:00!2023-04-04!15:00!2023-04-19!Futbol 11!Esperando Jugadores!1!2;
[09/05/2023 21:00:51] 14-x:CLI-TOURNAMENTS-AVAILABLE;36.6236867,-6.3601433;10
[09/05/2023 21:00:51] 14-x:SEV-TOURNAMENTS-AVAILABLE-OK;123!36.6228636,-6.3599595!2.0!4!2!0:0!2023-03-28!0:0!2023-04-21!Futbol 11!Esperando Jugadores!0!7;123!36.63479325,-6.38725705210204!123.0!4!2!123!2023-04-01!123!2023-04-05!Futbol 11!Esperando Jugadores!0!4;Prueba!36.63479325,-6.38725705210204!12.0!4!2!14:28!2023-04-05!17:28!2023-04-12!Futbol 11!Esperando Jugadores!0!5;
[09/05/2023 21:00:57] 14-x:CLI-TEAMSTOURNAMENT
[09/05/2023 21:00:57] 14-x:ERROR
[09/05/2023 21:01:57] 14-x:SE HA DESCONECTADO
[09/05/2023 21:02:41] 0-:CLI-LOGIN;x;1;USUARIO
[09/05/2023 21:02:41] 14-x:SEV-LOGIN-OK-USER;14;x
[09/05/2023 21:02:44] 14-x:CLI-TOURNAMENTS-USER
[09/05/2023 21:02:44] 14-x:SEV-TOURNAMENTS-USER-OK;Prueba!36.4210849486101, -6.13348387670698!15.2!4!2!15:00!2023-04-04!15:00!2023-04-19!Futbol 11!Esperando Jugadores!1!2;
[09/05/2023 21:02:46] 14-x:CLI-TOURNAMENTS-AVAILABLE;36.6236867,-6.3601433;10
[09/05/2023 21:02:46] 14-x:SEV-TOURNAMENTS-AVAILABLE-OK;123!36.6228636,-6.3599595!2.0!4!2!0:0!2023-03-28!0:0!2023-04-21!Futbol 11!Esperando Jugadores!0!7;123!36.63479325,-6.38725705210204!123.0!4!2!123!2023-04-01!123!2023-04-05!Futbol 11!Esperando Jugadores!0!4;Prueba!36.63479325,-6.38725705210204!12.0!4!2!14:28!2023-04-05!17:28!2023-04-12!Futbol 11!Esperando Jugadores!0!5;
[09/05/2023 21:02:49] 14-x:CLI-TOURNAMENTS-AVAILABLE;36.6236867,-6.3601433;-1
[09/05/2023 21:02:49] 14-x:SEV-TOURNAMENTS-AVAILABLE-OK;123!36.6228636,-6.3599595!2.0!4!2!0:0!2023-03-28!0:0!2023-04-21!Futbol 11!Esperando Jugadores!0!7;123!36.63479325,-6.38725705210204!123.0!4!2!123!2023-04-01!123!2023-04-05!Futbol 11!Esperando Jugadores!0!4;Prueba!36.63479325,-6.38725705210204!12.0!4!2!14:28!2023-04-05!17:28!2023-04-12!Futbol 11!Esperando Jugadores!0!5;ADADA!36.7355451,-6.4348221!123.0!4!2!3:13!2023-04-12!21:7!2023-04-21!Futbol 11!Esperando Jugadores!0!6;Prueba!36.4210849486101,-6.13348387670698!15.0!4!2!15:00!2023-04-04!15:00!2023-04-19!Futbol 11!Esperando Jugadores!0!1;Prueba!36.4210849486101, -6.13348387670698!15.2!4!2!15:00!2023-04-04!15:00!2023-04-19!Futbol 11!Esperando Jugadores!1!2;213!36.4210849486101, -6.13348387670698!123.0!4!2!123!2023-04-07!213!2023-04-13!Futbol 11!Esperando Jugadores!0!3;
[09/05/2023 21:02:51] 14-x:CLI-TEAMSTOURNAMENT;3
[09/05/2023 21:02:52] 14-x:SEV-YOURTEAMSTOURNAMENT;
[09/05/2023 21:02:57] 14-x:CLI-TOURNAMENTS-AVAILABLE;36.6236867,-6.3601433;-1
[09/05/2023 21:02:57] 14-x:SEV-TOURNAMENTS-AVAILABLE-OK;123!36.6228636,-6.3599595!2.0!4!2!0:0!2023-03-28!0:0!2023-04-21!Futbol 11!Esperando Jugadores!0!7;123!36.63479325,-6.38725705210204!123.0!4!2!123!2023-04-01!123!2023-04-05!Futbol 11!Esperando Jugadores!0!4;Prueba!36.63479325,-6.38725705210204!12.0!4!2!14:28!2023-04-05!17:28!2023-04-12!Futbol 11!Esperando Jugadores!0!5;ADADA!36.7355451,-6.4348221!123.0!4!2!3:13!2023-04-12!21:7!2023-04-21!Futbol 11!Esperando Jugadores!0!6;Prueba!36.4210849486101,-6.13348387670698!15.0!4!2!15:00!2023-04-04!15:00!2023-04-19!Futbol 11!Esperando Jugadores!0!1;Prueba!36.4210849486101, -6.13348387670698!15.2!4!2!15:00!2023-04-04!15:00!2023-04-19!Futbol 11!Esperando Jugadores!1!2;213!36.4210849486101, -6.13348387670698!123.0!4!2!123!2023-04-07!213!2023-04-13!Futbol 11!Esperando Jugadores!0!3;
[09/05/2023 21:02:57] 14-x:CLI-TOURNAMENTS-AVAILABLE;36.6236867,-6.3601433;-1
[09/05/2023 21:02:57] 14-x:SEV-TOURNAMENTS-AVAILABLE-OK;123!36.6228636,-6.3599595!2.0!4!2!0:0!2023-03-28!0:0!2023-04-21!Futbol 11!Esperando Jugadores!0!7;123!36.63479325,-6.38725705210204!123.0!4!2!123!2023-04-01!123!2023-04-05!Futbol 11!Esperando Jugadores!0!4;Prueba!36.63479325,-6.38725705210204!12.0!4!2!14:28!2023-04-05!17:28!2023-04-12!Futbol 11!Esperando Jugadores!0!5;ADADA!36.7355451,-6.4348221!123.0!4!2!3:13!2023-04-12!21:7!2023-04-21!Futbol 11!Esperando Jugadores!0!6;Prueba!36.4210849486101,-6.13348387670698!15.0!4!2!15:00!2023-04-04!15:00!2023-04-19!Futbol 11!Esperando Jugadores!0!1;Prueba!36.4210849486101, -6.13348387670698!15.2!4!2!15:00!2023-04-04!15:00!2023-04-19!Futbol 11!Esperando Jugadores!1!2;213!36.4210849486101, -6.13348387670698!123.0!4!2!123!2023-04-07!213!2023-04-13!Futbol 11!Esperando Jugadores!0!3;
[09/05/2023 21:02:59] 14-x:CLI-TEAMSTOURNAMENT;2
[09/05/2023 21:03:00] 14-x:SEV-YOURTEAMSTOURNAMENT;Prueba:x:124!x!;
---- [09/05/2023 21:05:13] SERVIDOR INICIADO ----
[09/05/2023 21:05:40] 0-:CLI-LOGIN;x;1;USUARIO
[09/05/2023 21:05:41] 14-x:SEV-LOGIN-OK-USER;14;x
[09/05/2023 21:05:43] 14-x:CLI-TOURNAMENTS-USER
[09/05/2023 21:05:43] 14-x:SEV-TOURNAMENTS-USER-OK;Prueba!36.4210849486101, -6.13348387670698!15.2!4!2!15:00!2023-04-04!15:00!2023-04-19!Futbol 11!Esperando Jugadores!1!2;
[09/05/2023 21:05:53] 14-x:CLI-TOURNAMENTS-AVAILABLE;36.6236867,-6.3601433;10
[09/05/2023 21:06:37] 14-x:SEV-TOURNAMENTS-AVAILABLE-OK;123!36.6228636,-6.3599595!2.0!4!2!0:0!2023-03-28!0:0!2023-04-21!Futbol 11!Esperando Jugadores!0!7;123!36.63479325,-6.38725705210204!123.0!4!2!123!2023-04-01!123!2023-04-05!Futbol 11!Esperando Jugadores!0!4;Prueba!36.63479325,-6.38725705210204!12.0!4!2!14:28!2023-04-05!17:28!2023-04-12!Futbol 11!Esperando Jugadores!0!5;
[09/05/2023 21:06:37] 14-x:CLI-TOURNAMENTS-AVAILABLE;36.6236867,-6.3601433;100
[09/05/2023 21:06:37] 14-x:SEV-TOURNAMENTS-AVAILABLE-OK;123!36.6228636,-6.3599595!2.0!4!2!0:0!2023-03-28!0:0!2023-04-21!Futbol 11!Esperando Jugadores!0!7;123!36.63479325,-6.38725705210204!123.0!4!2!123!2023-04-01!123!2023-04-05!Futbol 11!Esperando Jugadores!0!4;Prueba!36.63479325,-6.38725705210204!12.0!4!2!14:28!2023-04-05!17:28!2023-04-12!Futbol 11!Esperando Jugadores!0!5;ADADA!36.7355451,-6.4348221!123.0!4!2!3:13!2023-04-12!21:7!2023-04-21!Futbol 11!Esperando Jugadores!0!6;Prueba!36.4210849486101,-6.13348387670698!15.0!4!2!15:00!2023-04-04!15:00!2023-04-19!Futbol 11!Esperando Jugadores!0!1;Prueba!36.4210849486101, -6.13348387670698!15.2!4!2!15:00!2023-04-04!15:00!2023-04-19!Futbol 11!Esperando Jugadores!1!2;213!36.4210849486101, -6.13348387670698!123.0!4!2!123!2023-04-07!213!2023-04-13!Futbol 11!Esperando Jugadores!0!3;
[09/05/2023 21:06:43] 14-x:CLI-TEAMSTOURNAMENT;2
[09/05/2023 21:07:18] 14-x:SEV-YOURTEAMSTOURNAMENT;Prueba:x:Futbol 7;
[09/05/2023 21:08:18] 14-x:SE HA DESCONECTADO
---- [09/05/2023 22:14:36] SERVIDOR INICIADO ----
[09/05/2023 22:18:05] 0-:CLI-LOGIN;x;1;USUARIO
[09/05/2023 22:18:06] 14-x:SEV-LOGIN-OK-USER;14;x
[09/05/2023 22:18:09] 14-x:CLI-TOURNAMENTS-USER
[09/05/2023 22:18:10] 14-x:SEV-TOURNAMENTS-USER-OK;Prueba!36.4210849486101, -6.13348387670698!15.2!4!2!15:00!2023-04-04!15:00!2023-04-19!Futbol 11!Esperando Jugadores!1!2;
[09/05/2023 22:18:12] 14-x:CLI-TOURNAMENTS-AVAILABLE;36.6236867,-6.3601433;10
[09/05/2023 22:18:12] 14-x:SEV-TOURNAMENTS-AVAILABLE-OK;123!36.6228636,-6.3599595!2.0!4!2!0:0!2023-03-28!0:0!2023-04-21!Futbol 11!Esperando Jugadores!0!7;123!36.63479325,-6.38725705210204!123.0!4!2!123!2023-04-01!123!2023-04-05!Futbol 11!Esperando Jugadores!0!4;Prueba!36.63479325,-6.38725705210204!12.0!4!2!14:28!2023-04-05!17:28!2023-04-12!Futbol 11!Esperando Jugadores!0!5;
[09/05/2023 22:18:14] 14-x:CLI-TEAMSTOURNAMENT;4
[09/05/2023 22:18:14] 14-x:SEV-YOURTEAMSTOURNAMENT;
[09/05/2023 22:18:16] 14-x:SE HA DESCONECTADO
[09/05/2023 22:26:29] 0-:CLI-LOGIN;x;1;USUARIO
[09/05/2023 22:26:30] 14-x:SEV-LOGIN-OK-USER;14;x
[09/05/2023 22:26:33] 14-x:CLI-TOURNAMENTS-USER
[09/05/2023 22:26:33] 14-x:SEV-TOURNAMENTS-USER-OK;Prueba!36.4210849486101, -6.13348387670698!15.2!4!2!15:00!2023-04-04!15:00!2023-04-19!Futbol 11!Esperando Jugadores!1!2;
[09/05/2023 22:26:35] 14-x:CLI-TOURNAMENTS-AVAILABLE;36.6236867,-6.3601433;10
[09/05/2023 22:26:36] 14-x:SEV-TOURNAMENTS-AVAILABLE-OK;123!36.6228636,-6.3599595!2.0!4!2!0:0!2023-03-28!0:0!2023-04-21!Futbol 11!Esperando Jugadores!0!7;123!36.63479325,-6.38725705210204!123.0!4!2!123!2023-04-01!123!2023-04-05!Futbol 11!Esperando Jugadores!0!4;Prueba!36.63479325,-6.38725705210204!12.0!4!2!14:28!2023-04-05!17:28!2023-04-12!Futbol 11!Esperando Jugadores!0!5;
[09/05/2023 22:26:37] 14-x:CLI-TEAMSTOURNAMENT;5
[09/05/2023 22:26:37] 14-x:SEV-YOURTEAMSTOURNAMENT;
[09/05/2023 22:26:39] 14-x:SE HA DESCONECTADO
[09/05/2023 22:27:19] 0-:CLI-LOGIN;x;1;USUARIO
[09/05/2023 22:27:19] 14-x:SEV-LOGIN-OK-USER;14;x
[09/05/2023 22:27:21] 14-x:CLI-TOURNAMENTS-USER
[09/05/2023 22:27:21] 14-x:SEV-TOURNAMENTS-USER-OK;Prueba!36.4210849486101, -6.13348387670698!15.2!4!2!15:00!2023-04-04!15:00!2023-04-19!Futbol 11!Esperando Jugadores!1!2;
[09/05/2023 22:27:22] 14-x:CLI-TOURNAMENTS-AVAILABLE;36.6236867,-6.3601433;10
[09/05/2023 22:27:22] 14-x:SEV-TOURNAMENTS-AVAILABLE-OK;123!36.6228636,-6.3599595!2.0!4!2!0:0!2023-03-28!0:0!2023-04-21!Futbol 11!Esperando Jugadores!0!7;123!36.63479325,-6.38725705210204!123.0!4!2!123!2023-04-01!123!2023-04-05!Futbol 11!Esperando Jugadores!0!4;Prueba!36.63479325,-6.38725705210204!12.0!4!2!14:28!2023-04-05!17:28!2023-04-12!Futbol 11!Esperando Jugadores!0!5;
[09/05/2023 22:27:24] 14-x:CLI-TEAMSTOURNAMENT;4
[09/05/2023 22:27:24] 14-x:SEV-YOURTEAMSTOURNAMENT;
[09/05/2023 22:27:33] 14-x:SE HA DESCONECTADO
[09/05/2023 22:27:49] 0-:CLI-LOGIN;x;1;USUARIO
[09/05/2023 22:27:49] 14-x:SEV-LOGIN-OK-USER;14;x
[09/05/2023 22:27:51] 14-x:CLI-TOURNAMENTS-USER
[09/05/2023 22:27:51] 14-x:SEV-TOURNAMENTS-USER-OK;Prueba!36.4210849486101, -6.13348387670698!15.2!4!2!15:00!2023-04-04!15:00!2023-04-19!Futbol 11!Esperando Jugadores!1!2;
[09/05/2023 22:27:53] 14-x:CLI-TOURNAMENTS-AVAILABLE;36.6236867,-6.3601433;10
[09/05/2023 22:27:53] 14-x:SEV-TOURNAMENTS-AVAILABLE-OK;123!36.6228636,-6.3599595!2.0!4!2!0:0!2023-03-28!0:0!2023-04-21!Futbol 11!Esperando Jugadores!0!7;123!36.63479325,-6.38725705210204!123.0!4!2!123!2023-04-01!123!2023-04-05!Futbol 11!Esperando Jugadores!0!4;Prueba!36.63479325,-6.38725705210204!12.0!4!2!14:28!2023-04-05!17:28!2023-04-12!Futbol 11!Esperando Jugadores!0!5;
[09/05/2023 22:27:55] 14-x:CLI-TEAMSTOURNAMENT;4
[09/05/2023 22:27:55] 14-x:SEV-YOURTEAMSTOURNAMENT;
[09/05/2023 22:28:01] 14-x:CLI-TOURNAMENTS-AVAILABLE;36.6236867,-6.3601433;10
[09/05/2023 22:28:01] 14-x:SEV-TOURNAMENTS-AVAILABLE-OK;123!36.6228636,-6.3599595!2.0!4!2!0:0!2023-03-28!0:0!2023-04-21!Futbol 11!Esperando Jugadores!0!7;123!36.63479325,-6.38725705210204!123.0!4!2!123!2023-04-01!123!2023-04-05!Futbol 11!Esperando Jugadores!0!4;Prueba!36.63479325,-6.38725705210204!12.0!4!2!14:28!2023-04-05!17:28!2023-04-12!Futbol 11!Esperando Jugadores!0!5;
[09/05/2023 22:28:02] 14-x:CLI-TOURNAMENTS-AVAILABLE;36.6236867,-6.3601433;100
[09/05/2023 22:28:02] 14-x:SEV-TOURNAMENTS-AVAILABLE-OK;123!36.6228636,-6.3599595!2.0!4!2!0:0!2023-03-28!0:0!2023-04-21!Futbol 11!Esperando Jugadores!0!7;123!36.63479325,-6.38725705210204!123.0!4!2!123!2023-04-01!123!2023-04-05!Futbol 11!Esperando Jugadores!0!4;Prueba!36.63479325,-6.38725705210204!12.0!4!2!14:28!2023-04-05!17:28!2023-04-12!Futbol 11!Esperando Jugadores!0!5;ADADA!36.7355451,-6.4348221!123.0!4!2!3:13!2023-04-12!21:7!2023-04-21!Futbol 11!Esperando Jugadores!0!6;Prueba!36.4210849486101,-6.13348387670698!15.0!4!2!15:00!2023-04-04!15:00!2023-04-19!Futbol 11!Esperando Jugadores!0!1;Prueba!36.4210849486101, -6.13348387670698!15.2!4!2!15:00!2023-04-04!15:00!2023-04-19!Futbol 11!Esperando Jugadores!1!2;213!36.4210849486101, -6.13348387670698!123.0!4!2!123!2023-04-07!213!2023-04-13!Futbol 11!Esperando Jugadores!0!3;
[09/05/2023 22:28:04] 14-x:CLI-TEAMSTOURNAMENT;2
[09/05/2023 22:28:04] 14-x:SEV-YOURTEAMSTOURNAMENT;Prueba:x:Futbol 7;
[09/05/2023 22:28:23] 14-x:SE HA DESCONECTADO
[09/05/2023 22:32:28] 0-:CLI-LOGIN;x;1;USUARIO
[09/05/2023 22:32:28] 14-x:SEV-LOGIN-OK-USER;14;x
[09/05/2023 22:32:31] 14-x:CLI-TOURNAMENTS-USER
[09/05/2023 22:32:31] 14-x:SEV-TOURNAMENTS-USER-OK;Prueba!36.4210849486101, -6.13348387670698!15.2!4!2!15:00!2023-04-04!15:00!2023-04-19!Futbol 11!Esperando Jugadores!1!2;
[09/05/2023 22:32:33] 14-x:CLI-TOURNAMENTS-AVAILABLE;36.6236867,-6.3601433;10
[09/05/2023 22:32:33] 14-x:SEV-TOURNAMENTS-AVAILABLE-OK;123!36.6228636,-6.3599595!2.0!4!2!0:0!2023-03-28!0:0!2023-04-21!Futbol 11!Esperando Jugadores!0!7;123!36.63479325,-6.38725705210204!123.0!4!2!123!2023-04-01!123!2023-04-05!Futbol 11!Esperando Jugadores!0!4;Prueba!36.63479325,-6.38725705210204!12.0!4!2!14:28!2023-04-05!17:28!2023-04-12!Futbol 11!Esperando Jugadores!0!5;
[09/05/2023 22:32:33] 14-x:CLI-TEAMSTOURNAMENT;5
[09/05/2023 22:32:33] 14-x:SEV-YOURTEAMSTOURNAMENT;
[09/05/2023 22:32:35] 14-x:SE HA DESCONECTADO
[09/05/2023 22:51:46] 0-:CLI-LOGIN;x;1;USUARIO
[09/05/2023 22:51:46] 14-x:SEV-LOGIN-OK-USER;14;x
[09/05/2023 22:51:52] 14-x:CLI-TOURNAMENTS-USER
[09/05/2023 22:51:52] 14-x:SEV-TOURNAMENTS-USER-OK;Prueba!36.4210849486101, -6.13348387670698!15.2!4!2!15:00!2023-04-04!15:00!2023-04-19!Futbol 11!Esperando Jugadores!1!2;
[09/05/2023 22:51:56] 14-x:SE HA DESCONECTADO
[09/05/2023 22:54:21] 0-:CLI-LOGIN;x;1;USUARIO
[09/05/2023 22:54:22] 14-x:SEV-LOGIN-OK-USER;14;x
[09/05/2023 22:54:26] 14-x:CLI-TOURNAMENTS-USER
[09/05/2023 22:54:26] 14-x:SEV-TOURNAMENTS-USER-OK;Prueba!36.4210849486101, -6.13348387670698!15.2!4!2!15:00!2023-04-04!15:00!2023-04-19!Futbol 11!Esperando Jugadores!1!2;
[09/05/2023 22:54:49] 14-x:CLI-TOURNAMENTS-AVAILABLE;36.6236867,-6.3601433;10
[09/05/2023 22:54:50] 14-x:SEV-TOURNAMENTS-AVAILABLE-OK;123!36.6228636,-6.3599595!2.0!4!2!0:0!2023-03-28!0:0!2023-04-21!Futbol 11!Esperando Jugadores!0!7;123!36.63479325,-6.38725705210204!123.0!4!2!123!2023-04-01!123!2023-04-05!Futbol 11!Esperando Jugadores!0!4;Prueba!36.63479325,-6.38725705210204!12.0!4!2!14:28!2023-04-05!17:28!2023-04-12!Futbol 11!Esperando Jugadores!0!5;
[09/05/2023 22:54:54] 14-x:CLI-TOURNAMENTS-AVAILABLE;36.6236867,-6.3601433;100
[09/05/2023 22:54:54] 14-x:SEV-TOURNAMENTS-AVAILABLE-OK;123!36.6228636,-6.3599595!2.0!4!2!0:0!2023-03-28!0:0!2023-04-21!Futbol 11!Esperando Jugadores!0!7;123!36.63479325,-6.38725705210204!123.0!4!2!123!2023-04-01!123!2023-04-05!Futbol 11!Esperando Jugadores!0!4;Prueba!36.63479325,-6.38725705210204!12.0!4!2!14:28!2023-04-05!17:28!2023-04-12!Futbol 11!Esperando Jugadores!0!5;ADADA!36.7355451,-6.4348221!123.0!4!2!3:13!2023-04-12!21:7!2023-04-21!Futbol 11!Esperando Jugadores!0!6;Prueba!36.4210849486101,-6.13348387670698!15.0!4!2!15:00!2023-04-04!15:00!2023-04-19!Futbol 11!Esperando Jugadores!0!1;Prueba!36.4210849486101, -6.13348387670698!15.2!4!2!15:00!2023-04-04!15:00!2023-04-19!Futbol 11!Esperando Jugadores!1!2;213!36.4210849486101, -6.13348387670698!123.0!4!2!123!2023-04-07!213!2023-04-13!Futbol 11!Esperando Jugadores!0!3;
[09/05/2023 22:55:01] 14-x:CLI-TEAMSTOURNAMENT;2
[09/05/2023 22:55:01] 14-x:SEV-YOURTEAMSTOURNAMENT;Prueba:x:Futbol 7;
[09/05/2023 22:55:03] 14-x:SE HA DESCONECTADO
[09/05/2023 22:59:06] 0-:CLI-LOGIN;x;1;USUARIO
[09/05/2023 22:59:06] 14-x:SEV-LOGIN-OK-USER;14;x
[09/05/2023 22:59:11] 14-x:CLI-TOURNAMENTS-USER
[09/05/2023 22:59:11] 14-x:SEV-TOURNAMENTS-USER-OK;Prueba!36.4210849486101, -6.13348387670698!15.2!4!2!15:00!2023-04-04!15:00!2023-04-19!Futbol 11!Esperando Jugadores!1!2;
[09/05/2023 22:59:13] 14-x:CLI-TOURNAMENTS-AVAILABLE;36.6236867,-6.3601433;10
[09/05/2023 22:59:13] 14-x:SEV-TOURNAMENTS-AVAILABLE-OK;123!36.6228636,-6.3599595!2.0!4!2!0:0!2023-03-28!0:0!2023-04-21!Futbol 11!Esperando Jugadores!0!7;123!36.63479325,-6.38725705210204!123.0!4!2!123!2023-04-01!123!2023-04-05!Futbol 11!Esperando Jugadores!0!4;Prueba!36.63479325,-6.38725705210204!12.0!4!2!14:28!2023-04-05!17:28!2023-04-12!Futbol 11!Esperando Jugadores!0!5;
[09/05/2023 22:59:15] 14-x:CLI-TOURNAMENTS-AVAILABLE;36.6236867,-6.3601433;50
[09/05/2023 22:59:15] 14-x:SEV-TOURNAMENTS-AVAILABLE-OK;123!36.6228636,-6.3599595!2.0!4!2!0:0!2023-03-28!0:0!2023-04-21!Futbol 11!Esperando Jugadores!0!7;123!36.63479325,-6.38725705210204!123.0!4!2!123!2023-04-01!123!2023-04-05!Futbol 11!Esperando Jugadores!0!4;Prueba!36.63479325,-6.38725705210204!12.0!4!2!14:28!2023-04-05!17:28!2023-04-12!Futbol 11!Esperando Jugadores!0!5;ADADA!36.7355451,-6.4348221!123.0!4!2!3:13!2023-04-12!21:7!2023-04-21!Futbol 11!Esperando Jugadores!0!6;Prueba!36.4210849486101,-6.13348387670698!15.0!4!2!15:00!2023-04-04!15:00!2023-04-19!Futbol 11!Esperando Jugadores!0!1;Prueba!36.4210849486101, -6.13348387670698!15.2!4!2!15:00!2023-04-04!15:00!2023-04-19!Futbol 11!Esperando Jugadores!1!2;213!36.4210849486101, -6.13348387670698!123.0!4!2!123!2023-04-07!213!2023-04-13!Futbol 11!Esperando Jugadores!0!3;
[09/05/2023 22:59:17] 14-x:CLI-TEAMSTOURNAMENT;5
[09/05/2023 22:59:17] 14-x:SEV-YOURTEAMSTOURNAMENT;
[09/05/2023 23:00:51] 14-x:SE HA DESCONECTADO
[09/05/2023 23:02:43] 0-:CLI-LOGIN;x;1;USUARIO
[09/05/2023 23:02:43] 14-x:SEV-LOGIN-OK-USER;14;x
[09/05/2023 23:02:45] 14-x:CLI-TOURNAMENTS-USER
[09/05/2023 23:02:45] 14-x:SEV-TOURNAMENTS-USER-OK;Prueba!36.4210849486101, -6.13348387670698!15.2!4!2!15:00!2023-04-04!15:00!2023-04-19!Futbol 11!Esperando Jugadores!1!2;
[09/05/2023 23:02:47] 14-x:CLI-TOURNAMENTS-AVAILABLE;36.6236867,-6.3601433;10
[09/05/2023 23:02:47] 14-x:SEV-TOURNAMENTS-AVAILABLE-OK;123!36.6228636,-6.3599595!2.0!4!2!0:0!2023-03-28!0:0!2023-04-21!Futbol 11!Esperando Jugadores!0!7;123!36.63479325,-6.38725705210204!123.0!4!2!123!2023-04-01!123!2023-04-05!Futbol 11!Esperando Jugadores!0!4;Prueba!36.63479325,-6.38725705210204!12.0!4!2!14:28!2023-04-05!17:28!2023-04-12!Futbol 11!Esperando Jugadores!0!5;
[09/05/2023 23:02:51] 14-x:CLI-TOURNAMENTS-AVAILABLE;36.6236867,-6.3601433;100
[09/05/2023 23:02:51] 14-x:SEV-TOURNAMENTS-AVAILABLE-OK;123!36.6228636,-6.3599595!2.0!4!2!0:0!2023-03-28!0:0!2023-04-21!Futbol 11!Esperando Jugadores!0!7;123!36.63479325,-6.38725705210204!123.0!4!2!123!2023-04-01!123!2023-04-05!Futbol 11!Esperando Jugadores!0!4;Prueba!36.63479325,-6.38725705210204!12.0!4!2!14:28!2023-04-05!17:28!2023-04-12!Futbol 11!Esperando Jugadores!0!5;ADADA!36.7355451,-6.4348221!123.0!4!2!3:13!2023-04-12!21:7!2023-04-21!Futbol 11!Esperando Jugadores!0!6;Prueba!36.4210849486101,-6.13348387670698!15.0!4!2!15:00!2023-04-04!15:00!2023-04-19!Futbol 11!Esperando Jugadores!0!1;Prueba!36.4210849486101, -6.13348387670698!15.2!4!2!15:00!2023-04-04!15:00!2023-04-19!Futbol 11!Esperando Jugadores!1!2;213!36.4210849486101, -6.13348387670698!123.0!4!2!123!2023-04-07!213!2023-04-13!Futbol 11!Esperando Jugadores!0!3;
[09/05/2023 23:02:52] 14-x:CLI-TEAMSTOURNAMENT;4
[09/05/2023 23:02:52] 14-x:SEV-YOURTEAMSTOURNAMENT;
[09/05/2023 23:02:54] 14-x:SE HA DESCONECTADO
[09/05/2023 23:31:34] 0-:CLI-LOGIN;x;1;USUARIO
[09/05/2023 23:31:34] 14-x:SEV-LOGIN-OK-USER;14;x
[09/05/2023 23:31:39] 14-x:CLI-TOURNAMENTS-USER
[09/05/2023 23:31:39] 14-x:SEV-TOURNAMENTS-USER-OK;Prueba!36.4210849486101, -6.13348387670698!15.2!4!2!15:00!2023-04-04!15:00!2023-04-19!Futbol 11!Esperando Jugadores!1!2;
[09/05/2023 23:32:54] 14-x:CLI-TOURNAMENTS-AVAILABLE;36.6236867,-6.3601433;50
[09/05/2023 23:32:54] 14-x:SEV-TOURNAMENTS-AVAILABLE-OK;123!36.6228636,-6.3599595!2.0!4!2!0:0!2023-03-28!0:0!2023-04-21!Futbol 11!Esperando Jugadores!0!7;123!36.63479325,-6.38725705210204!123.0!4!2!123!2023-04-01!123!2023-04-05!Futbol 11!Esperando Jugadores!0!4;Prueba!36.63479325,-6.38725705210204!12.0!4!2!14:28!2023-04-05!17:28!2023-04-12!Futbol 11!Esperando Jugadores!0!5;ADADA!36.7355451,-6.4348221!123.0!4!2!3:13!2023-04-12!21:7!2023-04-21!Futbol 11!Esperando Jugadores!0!6;Prueba!36.4210849486101,-6.13348387670698!15.0!4!2!15:00!2023-04-04!15:00!2023-04-19!Futbol 11!Esperando Jugadores!0!1;Prueba!36.4210849486101, -6.13348387670698!15.2!4!2!15:00!2023-04-04!15:00!2023-04-19!Futbol 11!Esperando Jugadores!1!2;213!36.4210849486101, -6.13348387670698!123.0!4!2!123!2023-04-07!213!2023-04-13!Futbol 11!Esperando Jugadores!0!3;
[09/05/2023 23:32:54] 14-x:CLI-TOURNAMENTS-AVAILABLE;36.6236867,-6.3601433;50
[09/05/2023 23:32:54] 14-x:SEV-TOURNAMENTS-AVAILABLE-OK;123!36.6228636,-6.3599595!2.0!4!2!0:0!2023-03-28!0:0!2023-04-21!Futbol 11!Esperando Jugadores!0!7;123!36.63479325,-6.38725705210204!123.0!4!2!123!2023-04-01!123!2023-04-05!Futbol 11!Esperando Jugadores!0!4;Prueba!36.63479325,-6.38725705210204!12.0!4!2!14:28!2023-04-05!17:28!2023-04-12!Futbol 11!Esperando Jugadores!0!5;ADADA!36.7355451,-6.4348221!123.0!4!2!3:13!2023-04-12!21:7!2023-04-21!Futbol 11!Esperando Jugadores!0!6;Prueba!36.4210849486101,-6.13348387670698!15.0!4!2!15:00!2023-04-04!15:00!2023-04-19!Futbol 11!Esperando Jugadores!0!1;Prueba!36.4210849486101, -6.13348387670698!15.2!4!2!15:00!2023-04-04!15:00!2023-04-19!Futbol 11!Esperando Jugadores!1!2;213!36.4210849486101, -6.13348387670698!123.0!4!2!123!2023-04-07!213!2023-04-13!Futbol 11!Esperando Jugadores!0!3;
[09/05/2023 23:32:54] 14-x:CLI-TOURNAMENTS-AVAILABLE;36.6236867,-6.3601433;50
[09/05/2023 23:32:54] 14-x:SEV-TOURNAMENTS-AVAILABLE-OK;123!36.6228636,-6.3599595!2.0!4!2!0:0!2023-03-28!0:0!2023-04-21!Futbol 11!Esperando Jugadores!0!7;123!36.63479325,-6.38725705210204!123.0!4!2!123!2023-04-01!123!2023-04-05!Futbol 11!Esperando Jugadores!0!4;Prueba!36.63479325,-6.38725705210204!12.0!4!2!14:28!2023-04-05!17:28!2023-04-12!Futbol 11!Esperando Jugadores!0!5;ADADA!36.7355451,-6.4348221!123.0!4!2!3:13!2023-04-12!21:7!2023-04-21!Futbol 11!Esperando Jugadores!0!6;Prueba!36.4210849486101,-6.13348387670698!15.0!4!2!15:00!2023-04-04!15:00!2023-04-19!Futbol 11!Esperando Jugadores!0!1;Prueba!36.4210849486101, -6.13348387670698!15.2!4!2!15:00!2023-04-04!15:00!2023-04-19!Futbol 11!Esperando Jugadores!1!2;213!36.4210849486101, -6.13348387670698!123.0!4!2!123!2023-04-07!213!2023-04-13!Futbol 11!Esperando Jugadores!0!3;
[09/05/2023 23:34:00] 14-x:CLI-TOURNAMENTS-AVAILABLE;36.6236867,-6.3601433;25
[09/05/2023 23:34:00] 14-x:SEV-TOURNAMENTS-AVAILABLE-OK;123!36.6228636,-6.3599595!2.0!4!2!0:0!2023-03-28!0:0!2023-04-21!Futbol 11!Esperando Jugadores!0!7;123!36.63479325,-6.38725705210204!123.0!4!2!123!2023-04-01!123!2023-04-05!Futbol 11!Esperando Jugadores!0!4;Prueba!36.63479325,-6.38725705210204!12.0!4!2!14:28!2023-04-05!17:28!2023-04-12!Futbol 11!Esperando Jugadores!0!5;ADADA!36.7355451,-6.4348221!123.0!4!2!3:13!2023-04-12!21:7!2023-04-21!Futbol 11!Esperando Jugadores!0!6;
[09/05/2023 23:34:06] 14-x:CLI-TEAMSTOURNAMENT;6
[09/05/2023 23:34:06] 14-x:SEV-YOURTEAMSTOURNAMENT;
[09/05/2023 23:34:08] 14-x:SE HA DESCONECTADO
[09/05/2023 23:44:14] 0-:CLI-LOGIN;x;1;USUARIO
[09/05/2023 23:44:15] 14-x:SEV-LOGIN-OK-USER;14;x
[09/05/2023 23:44:22] 14-x:CLI-TOURNAMENTS-USER
[09/05/2023 23:44:22] 14-x:SEV-TOURNAMENTS-USER-OK;Prueba!36.4210849486101, -6.13348387670698!15.2!4!2!15:00!2023-04-04!15:00!2023-04-19!Futbol 11!Esperando Jugadores!1!2;
[09/05/2023 23:44:22] 0-:SE HA DESCONECTADO
[09/05/2023 23:45:12] 14-x:SE HA DESCONECTADO
[09/05/2023 23:45:50] 0-:CLI-LOGIN;x;1;USUARIO
[09/05/2023 23:45:51] 14-x:SEV-LOGIN-OK-USER;14;x
[09/05/2023 23:45:57] 14-x:CLI-TOURNAMENTS-USER
[09/05/2023 23:45:57] 14-x:SEV-TOURNAMENTS-USER-OK;Prueba!36.4210849486101, -6.13348387670698!15.2!4!2!15:00!2023-04-04!15:00!2023-04-19!Futbol 11!Esperando Jugadores!1!2;
[09/05/2023 23:46:26] 14-x:CLI-TOURNAMENTS-AVAILABLE;36.6236867,-6.3601433;10
[09/05/2023 23:46:26] 14-x:SEV-TOURNAMENTS-AVAILABLE-OK;123!36.6228636,-6.3599595!2.0!4!2!0:0!2023-03-28!0:0!2023-04-21!Futbol 11!Esperando Jugadores!0!7;123!36.63479325,-6.38725705210204!123.0!4!2!123!2023-04-01!123!2023-04-05!Futbol 11!Esperando Jugadores!0!4;Prueba!36.63479325,-6.38725705210204!12.0!4!2!14:28!2023-04-05!17:28!2023-04-12!Futbol 11!Esperando Jugadores!0!5;
[09/05/2023 23:46:32] 14-x:CLI-TOURNAMENTS-AVAILABLE;36.6236867,-6.3601433;50
[09/05/2023 23:46:33] 14-x:SEV-TOURNAMENTS-AVAILABLE-OK;123!36.6228636,-6.3599595!2.0!4!2!0:0!2023-03-28!0:0!2023-04-21!Futbol 11!Esperando Jugadores!0!7;123!36.63479325,-6.38725705210204!123.0!4!2!123!2023-04-01!123!2023-04-05!Futbol 11!Esperando Jugadores!0!4;Prueba!36.63479325,-6.38725705210204!12.0!4!2!14:28!2023-04-05!17:28!2023-04-12!Futbol 11!Esperando Jugadores!0!5;ADADA!36.7355451,-6.4348221!123.0!4!2!3:13!2023-04-12!21:7!2023-04-21!Futbol 11!Esperando Jugadores!0!6;Prueba!36.4210849486101,-6.13348387670698!15.0!4!2!15:00!2023-04-04!15:00!2023-04-19!Futbol 11!Esperando Jugadores!0!1;Prueba!36.4210849486101, -6.13348387670698!15.2!4!2!15:00!2023-04-04!15:00!2023-04-19!Futbol 11!Esperando Jugadores!1!2;213!36.4210849486101, -6.13348387670698!123.0!4!2!123!2023-04-07!213!2023-04-13!Futbol 11!Esperando Jugadores!0!3;
[09/05/2023 23:46:36] 14-x:CLI-TEAMSTOURNAMENT;3
[09/05/2023 23:46:36] 14-x:SEV-YOURTEAMSTOURNAMENT;
[09/05/2023 23:46:38] 14-x:SE HA DESCONECTADO
[09/05/2023 23:48:52] 0-:CLI-LOGIN;x;1;USUARIO
[09/05/2023 23:48:52] 14-x:SEV-LOGIN-OK-USER;14;x
[09/05/2023 23:48:57] 14-x:CLI-TOURNAMENTS-USER
[09/05/2023 23:48:57] 14-x:SEV-TOURNAMENTS-USER-OK;Prueba!36.4210849486101, -6.13348387670698!15.2!4!2!15:00!2023-04-04!15:00!2023-04-19!Futbol 11!Esperando Jugadores!1!2;
[09/05/2023 23:48:59] 14-x:CLI-TOURNAMENTS-AVAILABLE;36.6236867,-6.3601433;10
[09/05/2023 23:48:59] 14-x:SEV-TOURNAMENTS-AVAILABLE-OK;123!36.6228636,-6.3599595!2.0!4!2!0:0!2023-03-28!0:0!2023-04-21!Futbol 11!Esperando Jugadores!0!7;123!36.63479325,-6.38725705210204!123.0!4!2!123!2023-04-01!123!2023-04-05!Futbol 11!Esperando Jugadores!0!4;Prueba!36.63479325,-6.38725705210204!12.0!4!2!14:28!2023-04-05!17:28!2023-04-12!Futbol 11!Esperando Jugadores!0!5;
[09/05/2023 23:49:00] 14-x:CLI-TEAMSTOURNAMENT;7
[09/05/2023 23:49:00] 14-x:SEV-YOURTEAMSTOURNAMENT;
[09/05/2023 23:49:01] 14-x:SE HA DESCONECTADO
