---- [16/05/2023 22:04:43] Obteniendo todos los torneos pendientes a generar ----
---- [16/05/2023 22:04:45] Creado el hilo encargado de las tareas ----
---- [16/05/2023 22:04:45] Iniciado el hilo encargado de las tareas ----
Iniciando la tarea: GENERATE-FIGHT-TOURNAMENTS;14
---- [16/05/2023 22:04:46] SERVIDOR INICIADO ----
[16/05/2023 22:04:46] GENERATE-FIGHT-TOURNAMENTS;14: GENERANDO ENFRENTAMIENTO DEL TORNEO
[16/05/2023 22:04:46] GENERATE-FIGHT-TOURNAMENTS;14: EL ESTADO DEL TORNEO ES ESPERANDO
[16/05/2023 22:04:46] GENERATE-FIGHT-TOURNAMENTS;14: COMPROBANDO QUE CUMPLE LOS MINIMOS INSCRITOS
[16/05/2023 22:04:46] GENERATE-FIGHT-TOURNAMENTS;14: EL TORNEO NO HA OBTENIDO LAS INSCRIPCCIONES SUFICIENTES
[16/05/2023 22:04:46] GENERATE-FIGHT-TOURNAMENTS;14: FINALIZADA LA GENRACION DE ENFRENTAMIENTOS

Iniciando la tarea: GENERATE-FIGHT-TOURNAMENTS;12
[16/05/2023 22:04:46] GENERATE-FIGHT-TOURNAMENTS;12: GENERANDO ENFRENTAMIENTO DEL TORNEO
[16/05/2023 22:04:46] GENERATE-FIGHT-TOURNAMENTS;12: EL ESTADO DEL TORNEO ES ESPERANDO
[16/05/2023 22:04:46] GENERATE-FIGHT-TOURNAMENTS;12: COMPROBANDO QUE CUMPLE LOS MINIMOS INSCRITOS
[16/05/2023 22:04:46] GENERATE-FIGHT-TOURNAMENTS;12: EL TORNEO NO HA OBTENIDO LAS INSCRIPCCIONES SUFICIENTES
[16/05/2023 22:04:46] GENERATE-FIGHT-TOURNAMENTS;12: FINALIZADA LA GENRACION DE ENFRENTAMIENTOS

Esperando 957313 segundos hasta la próxima tarea en: 2023-05-28T00:00
[16/05/2023 22:08:44] Se ha conectado un cliente
[16/05/2023 22:08:55] 0-:CLI-LOGIN;x;1;USUARIO
[16/05/2023 22:08:56] 14-x:SEV-LOGIN-OK-USER;14;x
[16/05/2023 22:09:01] 14-x:CLI-GIVE-SPORTS
[16/05/2023 22:09:02] 14-x:SEV-SEND-SPORTS;Futbol 11:22;Futbol 7:14;Futbol Sala:10;Voleibol:12;Voleibol Playa:4;
[16/05/2023 22:09:20] 14-x:SE HA DESCONECTADO
[16/05/2023 22:12:41] Se ha conectado un cliente
[16/05/2023 22:12:45] 0-:CLI-LOGIN;x;1;USUARIO
[16/05/2023 22:12:45] 14-x:SEV-LOGIN-OK-USER;14;x
[16/05/2023 22:12:50] 14-x:CLI-GIVE-SPORTS
[16/05/2023 22:12:50] 14-x:SEV-SEND-SPORTS;Futbol 11:22;Futbol 7:14;Futbol Sala:10;Voleibol:12;Voleibol Playa:4;
[16/05/2023 22:14:31] 14-x:SE HA DESCONECTADO
[16/05/2023 22:16:11] Se ha conectado un cliente
[16/05/2023 22:16:16] 0-:CLI-LOGIN;x;1;USUARIO
[16/05/2023 22:16:16] 14-x:SEV-LOGIN-OK-USER;14;x
[16/05/2023 22:16:25] 14-x:CLI-GIVE-SPORTS
[16/05/2023 22:16:26] 14-x:SEV-SEND-SPORTS;Futbol 11:22;Futbol 7:14;Futbol Sala:10;Voleibol:12;Voleibol Playa:4;
[16/05/2023 22:18:55] 14-x:SE HA DESCONECTADO
[16/05/2023 22:55:15] Se ha conectado un cliente
[16/05/2023 22:55:20] 0-:CLI-LOGIN;x;1;USUARIO
[16/05/2023 22:55:20] 14-x:SEV-LOGIN-OK-USER;14;x
[16/05/2023 22:55:25] 14-x:CLI-GIVE-SPORTS
[16/05/2023 22:55:25] 14-x:SEV-SEND-SPORTS;Futbol 11:22;Futbol 7:14;Futbol Sala:10;Voleibol:12;Voleibol Playa:4;
[16/05/2023 22:56:05] 14-x:SE HA DESCONECTADO
[16/05/2023 23:59:03] Se ha conectado un cliente
[16/05/2023 23:59:10] 0-:CLI-LOGIN;x;1;USUARIO
[16/05/2023 23:59:10] 14-x:SEV-LOGIN-OK-USER;14;x
[16/05/2023 23:59:14] 14-x:CLI-GIVE-SPORTS
[16/05/2023 23:59:14] 14-x:SEV-SEND-SPORTS;Futbol 11:22;Futbol 7:14;Futbol Sala:10;Voleibol:12;Voleibol Playa:4;
[16/05/2023 23:59:20] 14-x:SE HA DESCONECTADO
