---- [12/05/2023 10:54:19] Obteniendo todos los torneos pendientes a generar ----
---- [12/05/2023 10:54:19] Creado el hilo encargado de las tareas ----
---- [12/05/2023 10:54:19] Iniciado el hilo encargado de las tareas ----
---- [12/05/2023 10:54:19] SERVIDOR INICIADO ----
Esperando 2552740 segundos hasta la próxima tarea en: 2023-06-11T00:00
[12/05/2023 11:03:46] Se ha conectado un cliente
[12/05/2023 11:03:59] 0-:CLI-LOGIN;123;;ORGANIZADOR
[12/05/2023 11:04:00] 0-:SER-LOGIN-ERROR-ORGANIZER
[12/05/2023 11:04:01] 0-:CLI-LOGIN;123;123;ORGANIZADOR
[12/05/2023 11:04:01] 1-123:SEV-LOGIN-OK-ORGANIZER;1;123
[12/05/2023 11:04:01] 1-123:CLI-GIVETOURNAMENTS-ORGANIZER
[12/05/2023 11:04:01] 1-123:SEV-SEND-YOUR-TOURNAMENTS;Prueba!36.4210849486101,-6.13348387670698!15.0!4!2!15:00!2023-04-04!15:00!2023-04-19!Futbol 11!Jugandose!4!1;Prueba!36.4210849486101, -6.13348387670698!15.2!4!2!15:00!2023-04-04!15:00!2023-04-19!Futbol 11!Cancelado!0!2;213!36.4210849486101, -6.13348387670698!123.0!4!2!15:00!2023-04-07!12:34!2023-04-13!Futbol 11!Cancelado!0!3;123!36.63479325,-6.38725705210204!123.0!4!2!15:00!2023-04-01!11:15!2023-04-05!Futbol 11!Cancelado!0!4;Prueba!36.63479325,-6.38725705210204!12.0!4!2!14:28!2023-04-05!17:28!2023-04-12!Futbol 11!Cancelado!0!5;ADADA!36.7355451,-6.4348221!123.0!4!2!15:00!2023-04-12!21:07!2023-04-21!Futbol 11!Cancelado!0!6;123!36.6228636,-6.3599595!2.0!4!2!15:00!2023-03-28!00:00!2023-04-21!Futbol 11!Cancelado!0!7;x!36.6228636,-6.3599595!0.0!4!2!00:00!2023-06-11!00:00!2023-06-11!Voleibol Playa!Esperando Jugadores!1!9;
[12/05/2023 11:04:07] 1-123:CLI-GIVE-SPORTS
[12/05/2023 11:04:07] 1-123:SEV-SEND-SPORTS;Futbol 11:22;Futbol 7:14;Futbol Sala:10;Voleibol:12;Voleibol Playa:4;
[12/05/2023 11:04:24] 1-123:CLI-GIVETOURNAMENTS-ORGANIZER
[12/05/2023 11:04:24] 1-123:SEV-SEND-YOUR-TOURNAMENTS;Prueba!36.4210849486101,-6.13348387670698!15.0!4!2!15:00!2023-04-04!15:00!2023-04-19!Futbol 11!Jugandose!4!1;Prueba!36.4210849486101, -6.13348387670698!15.2!4!2!15:00!2023-04-04!15:00!2023-04-19!Futbol 11!Cancelado!0!2;213!36.4210849486101, -6.13348387670698!123.0!4!2!15:00!2023-04-07!12:34!2023-04-13!Futbol 11!Cancelado!0!3;123!36.63479325,-6.38725705210204!123.0!4!2!15:00!2023-04-01!11:15!2023-04-05!Futbol 11!Cancelado!0!4;Prueba!36.63479325,-6.38725705210204!12.0!4!2!14:28!2023-04-05!17:28!2023-04-12!Futbol 11!Cancelado!0!5;ADADA!36.7355451,-6.4348221!123.0!4!2!15:00!2023-04-12!21:07!2023-04-21!Futbol 11!Cancelado!0!6;123!36.6228636,-6.3599595!2.0!4!2!15:00!2023-03-28!00:00!2023-04-21!Futbol 11!Cancelado!0!7;x!36.6228636,-6.3599595!0.0!4!2!00:00!2023-06-11!00:00!2023-06-11!Voleibol Playa!Esperando Jugadores!1!9;
[12/05/2023 11:04:33] 1-123:CLI-CREATETOURNAMENT;21!36.294487399999994,-6.092790754888084!0!4!2!00:00!2023-05-19!00:00!2023-05-28!Futbol Sala
[12/05/2023 11:04:33] 1-123:SEV-TOURNAMENT-CREATE
[12/05/2023 11:04:33] 1-123:CLI-GIVETOURNAMENTS-ORGANIZER
[12/05/2023 11:04:33] 1-123:SEV-SEND-YOUR-TOURNAMENTS;Prueba!36.4210849486101,-6.13348387670698!15.0!4!2!15:00!2023-04-04!15:00!2023-04-19!Futbol 11!Jugandose!4!1;Prueba!36.4210849486101, -6.13348387670698!15.2!4!2!15:00!2023-04-04!15:00!2023-04-19!Futbol 11!Cancelado!0!2;213!36.4210849486101, -6.13348387670698!123.0!4!2!15:00!2023-04-07!12:34!2023-04-13!Futbol 11!Cancelado!0!3;123!36.63479325,-6.38725705210204!123.0!4!2!15:00!2023-04-01!11:15!2023-04-05!Futbol 11!Cancelado!0!4;Prueba!36.63479325,-6.38725705210204!12.0!4!2!14:28!2023-04-05!17:28!2023-04-12!Futbol 11!Cancelado!0!5;ADADA!36.7355451,-6.4348221!123.0!4!2!15:00!2023-04-12!21:07!2023-04-21!Futbol 11!Cancelado!0!6;123!36.6228636,-6.3599595!2.0!4!2!15:00!2023-03-28!00:00!2023-04-21!Futbol 11!Cancelado!0!7;x!36.6228636,-6.3599595!0.0!4!2!00:00!2023-06-11!00:00!2023-06-11!Voleibol Playa!Esperando Jugadores!1!9;21!36.294487399999994,-6.092790754888084!0.0!4!2!00:00!2023-05-19!00:00!2023-05-28!Futbol Sala!Esperando Jugadores!0!11;
[12/05/2023 11:04:37] 1-123:CLI-GIVETOURNAMENTS-ORGANIZER
[12/05/2023 11:04:37] 1-123:SEV-SEND-YOUR-TOURNAMENTS;Prueba!36.4210849486101,-6.13348387670698!15.0!4!2!15:00!2023-04-04!15:00!2023-04-19!Futbol 11!Jugandose!4!1;Prueba!36.4210849486101, -6.13348387670698!15.2!4!2!15:00!2023-04-04!15:00!2023-04-19!Futbol 11!Cancelado!0!2;213!36.4210849486101, -6.13348387670698!123.0!4!2!15:00!2023-04-07!12:34!2023-04-13!Futbol 11!Cancelado!0!3;123!36.63479325,-6.38725705210204!123.0!4!2!15:00!2023-04-01!11:15!2023-04-05!Futbol 11!Cancelado!0!4;Prueba!36.63479325,-6.38725705210204!12.0!4!2!14:28!2023-04-05!17:28!2023-04-12!Futbol 11!Cancelado!0!5;ADADA!36.7355451,-6.4348221!123.0!4!2!15:00!2023-04-12!21:07!2023-04-21!Futbol 11!Cancelado!0!6;123!36.6228636,-6.3599595!2.0!4!2!15:00!2023-03-28!00:00!2023-04-21!Futbol 11!Cancelado!0!7;x!36.6228636,-6.3599595!0.0!4!2!00:00!2023-06-11!00:00!2023-06-11!Voleibol Playa!Esperando Jugadores!1!9;21!36.294487399999994,-6.092790754888084!0.0!4!2!00:00!2023-05-19!00:00!2023-05-28!Futbol Sala!Esperando Jugadores!0!11;
[12/05/2023 11:05:02] Se ha conectado un cliente
[12/05/2023 11:05:09] 0-:CLI-LOGIN;x;1;USUARIO
[12/05/2023 11:05:09] 14-x:SEV-LOGIN-OK-USER;14;x
[12/05/2023 11:05:25] 14-x:CLI-USERTEAMS
[12/05/2023 11:05:25] 14-x:SEV-USERTEAMS_OK;Prueba:Futbol 7:x:124!x!;Pa:Futbol 11:x:x!;xa:Futbol Sala:x:124!x!111!;122:Voleibol Playa:111:x!111!;
[12/05/2023 11:05:33] 14-x:CLI-TOURNAMENTS-USER
[12/05/2023 11:05:33] 14-x:SEV-TOURNAMENTS-USER-OK;x!36.6228636,-6.3599595!0.0!4!2!00:00!2023-06-11!00:00!2023-06-11!Voleibol Playa!Esperando Jugadores!1!9;x!36.6228636,-6.3599595!0.0!4!2!00:00!2023-06-11!00:00!2023-06-11!Voleibol Playa!Esperando Jugadores!1!10;
[12/05/2023 11:05:38] 14-x:CLI-TOURNAMENTS-AVAILABLE;36.6236867,-6.3601433;10
[12/05/2023 11:05:39] 14-x:SEV-TOURNAMENTS-AVAILABLE-OK;x!36.6228636,-6.3599595!0.0!4!2!00:00!2023-06-11!00:00!2023-06-11!Voleibol Playa!Esperando Jugadores!1!9;x!36.6228636,-6.3599595!0.0!4!2!00:00!2023-06-11!00:00!2023-06-11!Voleibol Playa!Esperando Jugadores!1!10;
[12/05/2023 11:05:44] 14-x:CLI-TOURNAMENTS-STATE-USER;9
[12/05/2023 11:05:44] 14-x:SEV-TOURNAMENTS-STATE-USER-OK;INSCRITO
[12/05/2023 11:05:49] 14-x:CLI-TOURNAMENTS-AVAILABLE;36.6236867,-6.3601433;10
[12/05/2023 11:05:49] 14-x:SEV-TOURNAMENTS-AVAILABLE-OK;x!36.6228636,-6.3599595!0.0!4!2!00:00!2023-06-11!00:00!2023-06-11!Voleibol Playa!Esperando Jugadores!1!9;x!36.6228636,-6.3599595!0.0!4!2!00:00!2023-06-11!00:00!2023-06-11!Voleibol Playa!Esperando Jugadores!1!10;
[12/05/2023 11:05:51] 14-x:CLI-TOURNAMENTS-AVAILABLE;36.6236867,-6.3601433;25
[12/05/2023 11:05:51] 14-x:SEV-TOURNAMENTS-AVAILABLE-OK;x!36.6228636,-6.3599595!0.0!4!2!00:00!2023-06-11!00:00!2023-06-11!Voleibol Playa!Esperando Jugadores!1!9;x!36.6228636,-6.3599595!0.0!4!2!00:00!2023-06-11!00:00!2023-06-11!Voleibol Playa!Esperando Jugadores!1!10;
[12/05/2023 11:05:53] 14-x:CLI-TOURNAMENTS-AVAILABLE;36.6236867,-6.3601433;50
[12/05/2023 11:05:53] 14-x:SEV-TOURNAMENTS-AVAILABLE-OK;x!36.6228636,-6.3599595!0.0!4!2!00:00!2023-06-11!00:00!2023-06-11!Voleibol Playa!Esperando Jugadores!1!9;x!36.6228636,-6.3599595!0.0!4!2!00:00!2023-06-11!00:00!2023-06-11!Voleibol Playa!Esperando Jugadores!1!10;21!36.294487399999994,-6.092790754888084!0.0!4!2!00:00!2023-05-19!00:00!2023-05-28!Futbol Sala!Esperando Jugadores!0!11;
[12/05/2023 11:05:58] 14-x:CLI-TOURNAMENTS-STATE-USER;11
[12/05/2023 11:05:58] 14-x:SEV-TOURNAMENTS-STATE-USER-OK;INSCRIBIRSE
[12/05/2023 11:06:03] 14-x:CLI-TOURNAMENTS-TEAMS-INSCRIBE-USER;11
[12/05/2023 11:06:03] 14-x:SEV-TOURNAMENTS-TEAMS-INSCRIBE-USER-OK;
[12/05/2023 11:06:11] 14-x:CLI-TOURNAMENTS-USER
[12/05/2023 11:06:11] 14-x:SEV-TOURNAMENTS-USER-OK;x!36.6228636,-6.3599595!0.0!4!2!00:00!2023-06-11!00:00!2023-06-11!Voleibol Playa!Esperando Jugadores!1!9;x!36.6228636,-6.3599595!0.0!4!2!00:00!2023-06-11!00:00!2023-06-11!Voleibol Playa!Esperando Jugadores!1!10;
[12/05/2023 11:06:17] 14-x:SE HA DESCONECTADO
[12/05/2023 11:09:01] 1-123:CLI-GIVETOURNAMENTS-ORGANIZER
[12/05/2023 11:09:01] 1-123:SEV-SEND-YOUR-TOURNAMENTS;Prueba!36.4210849486101,-6.13348387670698!15.0!4!2!15:00!2023-04-04!15:00!2023-04-19!Futbol 11!Jugandose!4!1;Prueba!36.4210849486101, -6.13348387670698!15.2!4!2!15:00!2023-04-04!15:00!2023-04-19!Futbol 11!Cancelado!0!2;213!36.4210849486101, -6.13348387670698!123.0!4!2!15:00!2023-04-07!12:34!2023-04-13!Futbol 11!Cancelado!0!3;123!36.63479325,-6.38725705210204!123.0!4!2!15:00!2023-04-01!11:15!2023-04-05!Futbol 11!Cancelado!0!4;Prueba!36.63479325,-6.38725705210204!12.0!4!2!14:28!2023-04-05!17:28!2023-04-12!Futbol 11!Cancelado!0!5;ADADA!36.7355451,-6.4348221!123.0!4!2!15:00!2023-04-12!21:07!2023-04-21!Futbol 11!Cancelado!0!6;123!36.6228636,-6.3599595!2.0!4!2!15:00!2023-03-28!00:00!2023-04-21!Futbol 11!Cancelado!0!7;x!36.6228636,-6.3599595!0.0!4!2!00:00!2023-06-11!00:00!2023-06-11!Voleibol Playa!Esperando Jugadores!1!9;21!36.294487399999994,-6.092790754888084!0.0!4!2!00:00!2023-05-19!00:00!2023-05-28!Futbol Sala!Esperando Jugadores!0!11;
[12/05/2023 11:09:04] 1-123:CLI-EXIT
[12/05/2023 11:09:04] 1-123:SE HA DESCONECTADO
---- [12/05/2023 11:49:06] Obteniendo todos los torneos pendientes a generar ----
---- [12/05/2023 11:49:06] Creado el hilo encargado de las tareas ----
---- [12/05/2023 11:49:06] Iniciado el hilo encargado de las tareas ----
---- [12/05/2023 11:49:06] SERVIDOR INICIADO ----
Esperando 1339853 segundos hasta la próxima tarea en: 2023-05-28T00:00
[12/05/2023 11:49:12] Se ha conectado un cliente
[12/05/2023 11:49:44] 0-:SEV-LOGIN-OK-ORGANIZER;1;123
[12/05/2023 11:49:44] 0-:ERROR
[12/05/2023 11:50:10] 0-:CLI-LOGIN;x;1;USUARIO
[12/05/2023 11:50:10] 14-x:SEV-LOGIN-OK-USER;14;x
[12/05/2023 11:50:27] 14-x:TOURNAMENTS_ROUNDS;1
[12/05/2023 11:50:27] 14-x:ERROR
[12/05/2023 11:50:40] 14-x:CLI-TOURNAMENTS-ROUNDS;1
[12/05/2023 11:50:40] 14-x:SEV-TOURNAMENTS-ROUNDS;:::
[12/05/2023 11:51:41] Un usuario se ha desconectado de forma abrupta
---- [12/05/2023 11:51:48] Obteniendo todos los torneos pendientes a generar ----
---- [12/05/2023 11:51:48] Creado el hilo encargado de las tareas ----
---- [12/05/2023 11:51:48] Iniciado el hilo encargado de las tareas ----
---- [12/05/2023 11:51:48] SERVIDOR INICIADO ----
Esperando 1339691 segundos hasta la próxima tarea en: 2023-05-28T00:00
[12/05/2023 11:51:57] Se ha conectado un cliente
[12/05/2023 11:52:06] 0-:CLI-LOGIN;x;1;USUARIO
[12/05/2023 11:52:06] 14-x:SEV-LOGIN-OK-USER;14;x
[12/05/2023 11:52:17] 14-x:CLI-TOURNAMENTS-ROUNDS;1
[12/05/2023 11:52:17] 14-x:SEV-TOURNAMENTS-ROUNDS;3;1;122;0;xa;0!4;1;Pa;0;Prueba;0!:5;2;;0;;0!
[12/05/2023 11:57:48] Un usuario se ha desconectado de forma abrupta
---- [12/05/2023 11:57:51] Obteniendo todos los torneos pendientes a generar ----
---- [12/05/2023 11:57:52] Creado el hilo encargado de las tareas ----
---- [12/05/2023 11:57:52] Iniciado el hilo encargado de las tareas ----
---- [12/05/2023 11:57:52] SERVIDOR INICIADO ----
Esperando 1339327 segundos hasta la próxima tarea en: 2023-05-28T00:00
[12/05/2023 11:57:56] Se ha conectado un cliente
[12/05/2023 11:58:06] 0-:CLI-LOGIN;x;1;USUARIO
[12/05/2023 11:58:06] 14-x:SEV-LOGIN-OK-USER;14;x
[12/05/2023 11:58:12] 14-x:CLI-TOURNAMENTS-ROUNDS;1
[12/05/2023 11:58:12] 14-x:SEV-TOURNAMENTS-ROUNDS;3;1;122;?;xa;?!4;1;Pa;?;Prueba;?!:5;2;?;?;?;?!
---- [12/05/2023 12:27:49] Obteniendo todos los torneos pendientes a generar ----
---- [12/05/2023 12:27:49] Creado el hilo encargado de las tareas ----
---- [12/05/2023 12:27:49] Iniciado el hilo encargado de las tareas ----
[12/05/2023 12:27:58] Se ha conectado un cliente
[12/05/2023 12:28:10] 0-:CLI-LOGIN;123;123;ORGANIZADOR
[12/05/2023 12:28:11] 1-123:SEV-LOGIN-OK-ORGANIZER;1;123
[12/05/2023 12:28:11] 1-123:CLI-GIVETOURNAMENTS-ORGANIZER
[12/05/2023 12:28:11] 1-123:SEV-SEND-YOUR-TOURNAMENTS;Prueba!36.4210849486101,-6.13348387670698!15.0!4!2!15:00!2023-04-04!15:00!2023-04-19!Futbol 11!Jugandose!4!1;x!36.6228636,-6.3599595!0.0!4!2!00:00!2023-06-11!00:00!2023-06-11!Voleibol Playa!Esperando Jugadores!1!9;21!36.294487399999994,-6.092790754888084!0.0!4!2!00:00!2023-05-19!00:00!2023-05-28!Futbol Sala!Esperando Jugadores!0!11;Prueba!36.4210849486101, -6.13348387670698!15.2!4!2!15:00!2023-04-04!15:00!2023-04-19!Futbol 11!Cancelado!0!2;213!36.4210849486101, -6.13348387670698!123.0!4!2!15:00!2023-04-07!12:34!2023-04-13!Futbol 11!Cancelado!0!3;123!36.63479325,-6.38725705210204!123.0!4!2!15:00!2023-04-01!11:15!2023-04-05!Futbol 11!Cancelado!0!4;Prueba!36.63479325,-6.38725705210204!12.0!4!2!14:28!2023-04-05!17:28!2023-04-12!Futbol 11!Cancelado!0!5;ADADA!36.7355451,-6.4348221!123.0!4!2!15:00!2023-04-12!21:07!2023-04-21!Futbol 11!Cancelado!0!6;123!36.6228636,-6.3599595!2.0!4!2!15:00!2023-03-28!00:00!2023-04-21!Futbol 11!Cancelado!0!7;
[12/05/2023 12:28:57] 1-123:CLI-EXIT
[12/05/2023 12:28:57] 1-123:SE HA DESCONECTADO
[12/05/2023 12:29:02] Se ha conectado un cliente
[12/05/2023 12:29:10] 0-:CLI-LOGIN;123;123;ORGANIZADOR
[12/05/2023 12:29:10] 1-123:SEV-LOGIN-OK-ORGANIZER;1;123
[12/05/2023 12:29:10] 1-123:CLI-GIVETOURNAMENTS-ORGANIZER
[12/05/2023 12:29:10] 1-123:SEV-SEND-YOUR-TOURNAMENTS;Prueba!36.4210849486101,-6.13348387670698!15.0!4!2!15:00!2023-04-04!15:00!2023-04-19!Futbol 11!Jugandose!4!1;x!36.6228636,-6.3599595!0.0!4!2!00:00!2023-06-11!00:00!2023-06-11!Voleibol Playa!Esperando Jugadores!1!9;21!36.294487399999994,-6.092790754888084!0.0!4!2!00:00!2023-05-19!00:00!2023-05-28!Futbol Sala!Esperando Jugadores!0!11;Prueba!36.4210849486101, -6.13348387670698!15.2!4!2!15:00!2023-04-04!15:00!2023-04-19!Futbol 11!Cancelado!0!2;213!36.4210849486101, -6.13348387670698!123.0!4!2!15:00!2023-04-07!12:34!2023-04-13!Futbol 11!Cancelado!0!3;123!36.63479325,-6.38725705210204!123.0!4!2!15:00!2023-04-01!11:15!2023-04-05!Futbol 11!Cancelado!0!4;Prueba!36.63479325,-6.38725705210204!12.0!4!2!14:28!2023-04-05!17:28!2023-04-12!Futbol 11!Cancelado!0!5;ADADA!36.7355451,-6.4348221!123.0!4!2!15:00!2023-04-12!21:07!2023-04-21!Futbol 11!Cancelado!0!6;123!36.6228636,-6.3599595!2.0!4!2!15:00!2023-03-28!00:00!2023-04-21!Futbol 11!Cancelado!0!7;
[12/05/2023 12:30:56] 1-123:CLI-EXIT
[12/05/2023 12:30:56] 1-123:SE HA DESCONECTADO
[12/05/2023 12:31:00] Se ha conectado un cliente
[12/05/2023 12:31:04] 0-:CLI-LOGIN;123;123;ORGANIZADOR
[12/05/2023 12:31:04] 1-123:SEV-LOGIN-OK-ORGANIZER;1;123
[12/05/2023 12:31:04] 1-123:CLI-GIVETOURNAMENTS-ORGANIZER
[12/05/2023 12:31:04] 1-123:SEV-SEND-YOUR-TOURNAMENTS;Prueba!36.4210849486101,-6.13348387670698!15.0!4!2!15:00!2023-04-04!15:00!2023-04-19!Futbol 11!Jugandose!4!1;x!36.6228636,-6.3599595!0.0!4!2!00:00!2023-06-11!00:00!2023-06-11!Voleibol Playa!Esperando Jugadores!1!9;21!36.294487399999994,-6.092790754888084!0.0!4!2!00:00!2023-05-19!00:00!2023-05-28!Futbol Sala!Esperando Jugadores!0!11;Prueba!36.4210849486101, -6.13348387670698!15.2!4!2!15:00!2023-04-04!15:00!2023-04-19!Futbol 11!Cancelado!0!2;213!36.4210849486101, -6.13348387670698!123.0!4!2!15:00!2023-04-07!12:34!2023-04-13!Futbol 11!Cancelado!0!3;123!36.63479325,-6.38725705210204!123.0!4!2!15:00!2023-04-01!11:15!2023-04-05!Futbol 11!Cancelado!0!4;Prueba!36.63479325,-6.38725705210204!12.0!4!2!14:28!2023-04-05!17:28!2023-04-12!Futbol 11!Cancelado!0!5;ADADA!36.7355451,-6.4348221!123.0!4!2!15:00!2023-04-12!21:07!2023-04-21!Futbol 11!Cancelado!0!6;123!36.6228636,-6.3599595!2.0!4!2!15:00!2023-03-28!00:00!2023-04-21!Futbol 11!Cancelado!0!7;
[12/05/2023 12:31:25] 1-123:CLI-TEAMSTOURNAMENT;1
[12/05/2023 12:31:25] 1-123:SEV-YOURTEAMSTOURNAMENT;Prueba:x:124!x!;Pa:x:x!;xa:x:124!x!111!;122:111:x!111!;
[12/05/2023 12:32:25] 1-123:CLI-EXIT
[12/05/2023 12:32:25] 1-123:SE HA DESCONECTADO
[12/05/2023 12:32:28] Se ha conectado un cliente
[12/05/2023 12:32:32] 0-:CLI-LOGIN;123;123;ORGANIZADOR
[12/05/2023 12:32:32] 1-123:SEV-LOGIN-OK-ORGANIZER;1;123
[12/05/2023 12:32:32] 1-123:CLI-GIVETOURNAMENTS-ORGANIZER
[12/05/2023 12:32:32] 1-123:SEV-SEND-YOUR-TOURNAMENTS;Prueba!36.4210849486101,-6.13348387670698!15.0!4!2!15:00!2023-04-04!15:00!2023-04-19!Futbol 11!Jugandose!4!1;x!36.6228636,-6.3599595!0.0!4!2!00:00!2023-06-11!00:00!2023-06-11!Voleibol Playa!Esperando Jugadores!1!9;21!36.294487399999994,-6.092790754888084!0.0!4!2!00:00!2023-05-19!00:00!2023-05-28!Futbol Sala!Esperando Jugadores!0!11;Prueba!36.4210849486101, -6.13348387670698!15.2!4!2!15:00!2023-04-04!15:00!2023-04-19!Futbol 11!Cancelado!0!2;213!36.4210849486101, -6.13348387670698!123.0!4!2!15:00!2023-04-07!12:34!2023-04-13!Futbol 11!Cancelado!0!3;123!36.63479325,-6.38725705210204!123.0!4!2!15:00!2023-04-01!11:15!2023-04-05!Futbol 11!Cancelado!0!4;Prueba!36.63479325,-6.38725705210204!12.0!4!2!14:28!2023-04-05!17:28!2023-04-12!Futbol 11!Cancelado!0!5;ADADA!36.7355451,-6.4348221!123.0!4!2!15:00!2023-04-12!21:07!2023-04-21!Futbol 11!Cancelado!0!6;123!36.6228636,-6.3599595!2.0!4!2!15:00!2023-03-28!00:00!2023-04-21!Futbol 11!Cancelado!0!7;
[12/05/2023 12:32:36] 1-123:CLI-GIVETOURNAMENTS-ORGANIZER
[12/05/2023 12:32:36] 1-123:SEV-SEND-YOUR-TOURNAMENTS;Prueba!36.4210849486101,-6.13348387670698!15.0!4!2!15:00!2023-04-04!15:00!2023-04-19!Futbol 11!Jugandose!4!1;x!36.6228636,-6.3599595!0.0!4!2!00:00!2023-06-11!00:00!2023-06-11!Voleibol Playa!Esperando Jugadores!1!9;21!36.294487399999994,-6.092790754888084!0.0!4!2!00:00!2023-05-19!00:00!2023-05-28!Futbol Sala!Esperando Jugadores!0!11;Prueba!36.4210849486101, -6.13348387670698!15.2!4!2!15:00!2023-04-04!15:00!2023-04-19!Futbol 11!Cancelado!0!2;213!36.4210849486101, -6.13348387670698!123.0!4!2!15:00!2023-04-07!12:34!2023-04-13!Futbol 11!Cancelado!0!3;123!36.63479325,-6.38725705210204!123.0!4!2!15:00!2023-04-01!11:15!2023-04-05!Futbol 11!Cancelado!0!4;Prueba!36.63479325,-6.38725705210204!12.0!4!2!14:28!2023-04-05!17:28!2023-04-12!Futbol 11!Cancelado!0!5;ADADA!36.7355451,-6.4348221!123.0!4!2!15:00!2023-04-12!21:07!2023-04-21!Futbol 11!Cancelado!0!6;123!36.6228636,-6.3599595!2.0!4!2!15:00!2023-03-28!00:00!2023-04-21!Futbol 11!Cancelado!0!7;
[12/05/2023 12:33:18] 1-123:CLI-EXIT
[12/05/2023 12:33:18] 1-123:SE HA DESCONECTADO
[12/05/2023 12:33:25] Se ha conectado un cliente
[12/05/2023 12:33:28] 0-:CLI-LOGIN;123;123;ORGANIZADOR
[12/05/2023 12:33:28] 1-123:SEV-LOGIN-OK-ORGANIZER;1;123
[12/05/2023 12:33:28] 1-123:CLI-GIVETOURNAMENTS-ORGANIZER
[12/05/2023 12:33:28] 1-123:SEV-SEND-YOUR-TOURNAMENTS;Prueba!36.4210849486101,-6.13348387670698!15.0!4!2!15:00!2023-04-04!15:00!2023-04-19!Futbol 11!Jugandose!4!1;x!36.6228636,-6.3599595!0.0!4!2!00:00!2023-06-11!00:00!2023-06-11!Voleibol Playa!Esperando Jugadores!1!9;21!36.294487399999994,-6.092790754888084!0.0!4!2!00:00!2023-05-19!00:00!2023-05-28!Futbol Sala!Esperando Jugadores!0!11;Prueba!36.4210849486101, -6.13348387670698!15.2!4!2!15:00!2023-04-04!15:00!2023-04-19!Futbol 11!Cancelado!0!2;213!36.4210849486101, -6.13348387670698!123.0!4!2!15:00!2023-04-07!12:34!2023-04-13!Futbol 11!Cancelado!0!3;123!36.63479325,-6.38725705210204!123.0!4!2!15:00!2023-04-01!11:15!2023-04-05!Futbol 11!Cancelado!0!4;Prueba!36.63479325,-6.38725705210204!12.0!4!2!14:28!2023-04-05!17:28!2023-04-12!Futbol 11!Cancelado!0!5;ADADA!36.7355451,-6.4348221!123.0!4!2!15:00!2023-04-12!21:07!2023-04-21!Futbol 11!Cancelado!0!6;123!36.6228636,-6.3599595!2.0!4!2!15:00!2023-03-28!00:00!2023-04-21!Futbol 11!Cancelado!0!7;
[12/05/2023 12:33:33] 1-123:CLI-TOURNAMENTS-ROUNDS;1
[12/05/2023 12:33:33] 1-123:SEV-TOURNAMENTS-ROUNDS;3;1;122;?;xa;?!4;1;Pa;?;Prueba;?!:5;2;?;?;?;?!
[12/05/2023 12:34:03] Un usuario se ha desconectado de forma abrupta
---- [12/05/2023 12:34:08] Obteniendo todos los torneos pendientes a generar ----
---- [12/05/2023 12:34:08] Creado el hilo encargado de las tareas ----
---- [12/05/2023 12:34:08] Iniciado el hilo encargado de las tareas ----
---- [12/05/2023 12:34:08] SERVIDOR INICIADO ----
Esperando 1337151 segundos hasta la próxima tarea en: 2023-05-28T00:00
[12/05/2023 12:34:16] Se ha conectado un cliente
[12/05/2023 12:34:22] 0-:CLI-LOGIN;123;123;ORGANIZADOR
[12/05/2023 12:34:22] 1-123:SEV-LOGIN-OK-ORGANIZER;1;123
[12/05/2023 12:34:22] 1-123:CLI-GIVETOURNAMENTS-ORGANIZER
[12/05/2023 12:34:22] 1-123:SEV-SEND-YOUR-TOURNAMENTS;Prueba!36.4210849486101,-6.13348387670698!15.0!4!2!15:00!2023-04-04!15:00!2023-04-19!Futbol 11!Jugandose!4!1;x!36.6228636,-6.3599595!0.0!4!2!00:00!2023-06-11!00:00!2023-06-11!Voleibol Playa!Esperando Jugadores!1!9;21!36.294487399999994,-6.092790754888084!0.0!4!2!00:00!2023-05-19!00:00!2023-05-28!Futbol Sala!Esperando Jugadores!0!11;Prueba!36.4210849486101, -6.13348387670698!15.2!4!2!15:00!2023-04-04!15:00!2023-04-19!Futbol 11!Cancelado!0!2;213!36.4210849486101, -6.13348387670698!123.0!4!2!15:00!2023-04-07!12:34!2023-04-13!Futbol 11!Cancelado!0!3;123!36.63479325,-6.38725705210204!123.0!4!2!15:00!2023-04-01!11:15!2023-04-05!Futbol 11!Cancelado!0!4;Prueba!36.63479325,-6.38725705210204!12.0!4!2!14:28!2023-04-05!17:28!2023-04-12!Futbol 11!Cancelado!0!5;ADADA!36.7355451,-6.4348221!123.0!4!2!15:00!2023-04-12!21:07!2023-04-21!Futbol 11!Cancelado!0!6;123!36.6228636,-6.3599595!2.0!4!2!15:00!2023-03-28!00:00!2023-04-21!Futbol 11!Cancelado!0!7;
[12/05/2023 12:34:29] 1-123:CLI-TOURNAMENTS-ROUNDS;1
[12/05/2023 12:34:29] 1-123:SEV-TOURNAMENTS-ROUNDS;3¿1¿122¿?¿xa¿?!4¿1¿Pa¿?¿Prueba¿?!:5¿2¿?¿?¿?¿?!
[12/05/2023 12:35:37] Un usuario se ha desconectado de forma abrupta
---- [12/05/2023 12:35:40] Obteniendo todos los torneos pendientes a generar ----
---- [12/05/2023 12:35:41] Creado el hilo encargado de las tareas ----
---- [12/05/2023 12:35:41] Iniciado el hilo encargado de las tareas ----
---- [12/05/2023 12:35:41] SERVIDOR INICIADO ----
Esperando 1337058 segundos hasta la próxima tarea en: 2023-05-28T00:00
[12/05/2023 12:35:45] Se ha conectado un cliente
[12/05/2023 12:36:07] 0-:CLI-LOGIN;123;123;ORGANIZADOR
[12/05/2023 12:36:08] 1-123:SEV-LOGIN-OK-ORGANIZER;1;123
[12/05/2023 12:36:08] 1-123:CLI-GIVETOURNAMENTS-ORGANIZER
[12/05/2023 12:36:08] 1-123:SEV-SEND-YOUR-TOURNAMENTS;Prueba!36.4210849486101,-6.13348387670698!15.0!4!2!15:00!2023-04-04!15:00!2023-04-19!Futbol 11!Jugandose!4!1;x!36.6228636,-6.3599595!0.0!4!2!00:00!2023-06-11!00:00!2023-06-11!Voleibol Playa!Esperando Jugadores!1!9;21!36.294487399999994,-6.092790754888084!0.0!4!2!00:00!2023-05-19!00:00!2023-05-28!Futbol Sala!Esperando Jugadores!0!11;Prueba!36.4210849486101, -6.13348387670698!15.2!4!2!15:00!2023-04-04!15:00!2023-04-19!Futbol 11!Cancelado!0!2;213!36.4210849486101, -6.13348387670698!123.0!4!2!15:00!2023-04-07!12:34!2023-04-13!Futbol 11!Cancelado!0!3;123!36.63479325,-6.38725705210204!123.0!4!2!15:00!2023-04-01!11:15!2023-04-05!Futbol 11!Cancelado!0!4;Prueba!36.63479325,-6.38725705210204!12.0!4!2!14:28!2023-04-05!17:28!2023-04-12!Futbol 11!Cancelado!0!5;ADADA!36.7355451,-6.4348221!123.0!4!2!15:00!2023-04-12!21:07!2023-04-21!Futbol 11!Cancelado!0!6;123!36.6228636,-6.3599595!2.0!4!2!15:00!2023-03-28!00:00!2023-04-21!Futbol 11!Cancelado!0!7;
[12/05/2023 12:36:11] 1-123:CLI-TOURNAMENTS-ROUNDS;1
[12/05/2023 12:36:11] 1-123:SEV-TOURNAMENTS-ROUNDS;3/1/122/?/xa/?!4/1/Pa/?/Prueba/?!:5/2/?/?/?/?!
[12/05/2023 12:43:20] 1-123:CLI-EXIT
[12/05/2023 12:43:20] 1-123:SE HA DESCONECTADO
[12/05/2023 12:43:21] Se ha conectado un cliente
[12/05/2023 12:43:26] 0-:CLI-LOGIN;123;123;ORGANIZADOR
[12/05/2023 12:43:26] 1-123:SEV-LOGIN-OK-ORGANIZER;1;123
[12/05/2023 12:43:26] 1-123:CLI-GIVETOURNAMENTS-ORGANIZER
[12/05/2023 12:43:26] 1-123:SEV-SEND-YOUR-TOURNAMENTS;Prueba!36.4210849486101,-6.13348387670698!15.0!4!2!15:00!2023-04-04!15:00!2023-04-19!Futbol 11!Jugandose!4!1;x!36.6228636,-6.3599595!0.0!4!2!00:00!2023-06-11!00:00!2023-06-11!Voleibol Playa!Esperando Jugadores!1!9;21!36.294487399999994,-6.092790754888084!0.0!4!2!00:00!2023-05-19!00:00!2023-05-28!Futbol Sala!Esperando Jugadores!0!11;Prueba!36.4210849486101, -6.13348387670698!15.2!4!2!15:00!2023-04-04!15:00!2023-04-19!Futbol 11!Cancelado!0!2;213!36.4210849486101, -6.13348387670698!123.0!4!2!15:00!2023-04-07!12:34!2023-04-13!Futbol 11!Cancelado!0!3;123!36.63479325,-6.38725705210204!123.0!4!2!15:00!2023-04-01!11:15!2023-04-05!Futbol 11!Cancelado!0!4;Prueba!36.63479325,-6.38725705210204!12.0!4!2!14:28!2023-04-05!17:28!2023-04-12!Futbol 11!Cancelado!0!5;ADADA!36.7355451,-6.4348221!123.0!4!2!15:00!2023-04-12!21:07!2023-04-21!Futbol 11!Cancelado!0!6;123!36.6228636,-6.3599595!2.0!4!2!15:00!2023-03-28!00:00!2023-04-21!Futbol 11!Cancelado!0!7;
[12/05/2023 12:43:29] 1-123:CLI-TOURNAMENTS-ROUNDS;1
[12/05/2023 12:43:29] 1-123:SEV-TOURNAMENTS-ROUNDS;3/1/122/?/xa/?!4/1/Pa/?/Prueba/?!:5/2/?/?/?/?!
[12/05/2023 12:44:03] 1-123:CLI-EXIT
[12/05/2023 12:44:03] 1-123:SE HA DESCONECTADO
[12/05/2023 12:44:08] Se ha conectado un cliente
[12/05/2023 12:44:22] 0-:CLI-LOGIN;123;123;ORGANIZADOR
[12/05/2023 12:44:22] 1-123:SEV-LOGIN-OK-ORGANIZER;1;123
[12/05/2023 12:44:22] 1-123:CLI-GIVETOURNAMENTS-ORGANIZER
[12/05/2023 12:44:22] 1-123:SEV-SEND-YOUR-TOURNAMENTS;Prueba!36.4210849486101,-6.13348387670698!15.0!4!2!15:00!2023-04-04!15:00!2023-04-19!Futbol 11!Jugandose!4!1;x!36.6228636,-6.3599595!0.0!4!2!00:00!2023-06-11!00:00!2023-06-11!Voleibol Playa!Esperando Jugadores!1!9;21!36.294487399999994,-6.092790754888084!0.0!4!2!00:00!2023-05-19!00:00!2023-05-28!Futbol Sala!Esperando Jugadores!0!11;Prueba!36.4210849486101, -6.13348387670698!15.2!4!2!15:00!2023-04-04!15:00!2023-04-19!Futbol 11!Cancelado!0!2;213!36.4210849486101, -6.13348387670698!123.0!4!2!15:00!2023-04-07!12:34!2023-04-13!Futbol 11!Cancelado!0!3;123!36.63479325,-6.38725705210204!123.0!4!2!15:00!2023-04-01!11:15!2023-04-05!Futbol 11!Cancelado!0!4;Prueba!36.63479325,-6.38725705210204!12.0!4!2!14:28!2023-04-05!17:28!2023-04-12!Futbol 11!Cancelado!0!5;ADADA!36.7355451,-6.4348221!123.0!4!2!15:00!2023-04-12!21:07!2023-04-21!Futbol 11!Cancelado!0!6;123!36.6228636,-6.3599595!2.0!4!2!15:00!2023-03-28!00:00!2023-04-21!Futbol 11!Cancelado!0!7;
[12/05/2023 12:44:27] 1-123:CLI-TOURNAMENTS-ROUNDS;1
[12/05/2023 12:44:27] 1-123:SEV-TOURNAMENTS-ROUNDS;3/1/122/?/xa/?!4/1/Pa/?/Prueba/?!:5/2/?/?/?/?!
[12/05/2023 12:44:37] 1-123:CLI-EXIT
[12/05/2023 12:44:37] 1-123:SE HA DESCONECTADO
[12/05/2023 12:44:44] Se ha conectado un cliente
[12/05/2023 12:44:48] 0-:CLI-LOGIN;123;123;ORGANIZADOR
[12/05/2023 12:44:48] 1-123:SEV-LOGIN-OK-ORGANIZER;1;123
[12/05/2023 12:44:48] 1-123:CLI-GIVETOURNAMENTS-ORGANIZER
[12/05/2023 12:44:49] 1-123:SEV-SEND-YOUR-TOURNAMENTS;Prueba!36.4210849486101,-6.13348387670698!15.0!4!2!15:00!2023-04-04!15:00!2023-04-19!Futbol 11!Jugandose!4!1;x!36.6228636,-6.3599595!0.0!4!2!00:00!2023-06-11!00:00!2023-06-11!Voleibol Playa!Esperando Jugadores!1!9;21!36.294487399999994,-6.092790754888084!0.0!4!2!00:00!2023-05-19!00:00!2023-05-28!Futbol Sala!Esperando Jugadores!0!11;Prueba!36.4210849486101, -6.13348387670698!15.2!4!2!15:00!2023-04-04!15:00!2023-04-19!Futbol 11!Cancelado!0!2;213!36.4210849486101, -6.13348387670698!123.0!4!2!15:00!2023-04-07!12:34!2023-04-13!Futbol 11!Cancelado!0!3;123!36.63479325,-6.38725705210204!123.0!4!2!15:00!2023-04-01!11:15!2023-04-05!Futbol 11!Cancelado!0!4;Prueba!36.63479325,-6.38725705210204!12.0!4!2!14:28!2023-04-05!17:28!2023-04-12!Futbol 11!Cancelado!0!5;ADADA!36.7355451,-6.4348221!123.0!4!2!15:00!2023-04-12!21:07!2023-04-21!Futbol 11!Cancelado!0!6;123!36.6228636,-6.3599595!2.0!4!2!15:00!2023-03-28!00:00!2023-04-21!Futbol 11!Cancelado!0!7;
[12/05/2023 12:44:52] 1-123:CLI-TOURNAMENTS-ROUNDS;1
[12/05/2023 12:44:52] 1-123:SEV-TOURNAMENTS-ROUNDS;3/1/122/?/xa/?!4/1/Pa/?/Prueba/?!:5/2/?/?/?/?!
[12/05/2023 12:45:47] Un usuario se ha desconectado de forma abrupta
[12/05/2023 12:45:57] Se ha conectado un cliente
[12/05/2023 12:46:02] 0-:CLI-LOGIN;123;123;ORGANIZADOR
[12/05/2023 12:46:02] 1-123:SEV-LOGIN-OK-ORGANIZER;1;123
[12/05/2023 12:46:02] 1-123:CLI-GIVETOURNAMENTS-ORGANIZER
[12/05/2023 12:46:02] 1-123:SEV-SEND-YOUR-TOURNAMENTS;Prueba!36.4210849486101,-6.13348387670698!15.0!4!2!15:00!2023-04-04!15:00!2023-04-19!Futbol 11!Jugandose!4!1;x!36.6228636,-6.3599595!0.0!4!2!00:00!2023-06-11!00:00!2023-06-11!Voleibol Playa!Esperando Jugadores!1!9;21!36.294487399999994,-6.092790754888084!0.0!4!2!00:00!2023-05-19!00:00!2023-05-28!Futbol Sala!Esperando Jugadores!0!11;Prueba!36.4210849486101, -6.13348387670698!15.2!4!2!15:00!2023-04-04!15:00!2023-04-19!Futbol 11!Cancelado!0!2;213!36.4210849486101, -6.13348387670698!123.0!4!2!15:00!2023-04-07!12:34!2023-04-13!Futbol 11!Cancelado!0!3;123!36.63479325,-6.38725705210204!123.0!4!2!15:00!2023-04-01!11:15!2023-04-05!Futbol 11!Cancelado!0!4;Prueba!36.63479325,-6.38725705210204!12.0!4!2!14:28!2023-04-05!17:28!2023-04-12!Futbol 11!Cancelado!0!5;ADADA!36.7355451,-6.4348221!123.0!4!2!15:00!2023-04-12!21:07!2023-04-21!Futbol 11!Cancelado!0!6;123!36.6228636,-6.3599595!2.0!4!2!15:00!2023-03-28!00:00!2023-04-21!Futbol 11!Cancelado!0!7;
[12/05/2023 12:46:05] 1-123:CLI-TOURNAMENTS-ROUNDS;1
[12/05/2023 12:46:05] 1-123:SEV-TOURNAMENTS-ROUNDS;3/1/122/?/xa/?!4/1/Pa/?/Prueba/?!:5/2/?/?/?/?!
[12/05/2023 12:48:43] Se ha conectado un cliente
[12/05/2023 12:48:49] 0-:CLI-LOGIN;123;123;ORGANIZADOR
[12/05/2023 12:48:49] 1-123:SEV-LOGIN-OK-ORGANIZER;1;123
[12/05/2023 12:48:49] 1-123:CLI-GIVETOURNAMENTS-ORGANIZER
[12/05/2023 12:48:49] 1-123:SEV-SEND-YOUR-TOURNAMENTS;Prueba!36.4210849486101,-6.13348387670698!15.0!4!2!15:00!2023-04-04!15:00!2023-04-19!Futbol 11!Jugandose!4!1;x!36.6228636,-6.3599595!0.0!4!2!00:00!2023-06-11!00:00!2023-06-11!Voleibol Playa!Esperando Jugadores!1!9;21!36.294487399999994,-6.092790754888084!0.0!4!2!00:00!2023-05-19!00:00!2023-05-28!Futbol Sala!Esperando Jugadores!0!11;Prueba!36.4210849486101, -6.13348387670698!15.2!4!2!15:00!2023-04-04!15:00!2023-04-19!Futbol 11!Cancelado!0!2;213!36.4210849486101, -6.13348387670698!123.0!4!2!15:00!2023-04-07!12:34!2023-04-13!Futbol 11!Cancelado!0!3;123!36.63479325,-6.38725705210204!123.0!4!2!15:00!2023-04-01!11:15!2023-04-05!Futbol 11!Cancelado!0!4;Prueba!36.63479325,-6.38725705210204!12.0!4!2!14:28!2023-04-05!17:28!2023-04-12!Futbol 11!Cancelado!0!5;ADADA!36.7355451,-6.4348221!123.0!4!2!15:00!2023-04-12!21:07!2023-04-21!Futbol 11!Cancelado!0!6;123!36.6228636,-6.3599595!2.0!4!2!15:00!2023-03-28!00:00!2023-04-21!Futbol 11!Cancelado!0!7;
[12/05/2023 12:48:52] 1-123:CLI-TOURNAMENTS-ROUNDS;1
[12/05/2023 12:48:52] 1-123:SEV-TOURNAMENTS-ROUNDS;3/1/122/?/xa/?!4/1/Pa/?/Prueba/?!:5/2/?/?/?/?!
[12/05/2023 12:50:12] Se ha conectado un cliente
[12/05/2023 12:50:17] 0-:CLI-LOGIN;123;123;ORGANIZADOR
[12/05/2023 12:50:17] 1-123:SEV-LOGIN-OK-ORGANIZER;1;123
[12/05/2023 12:50:17] 1-123:CLI-GIVETOURNAMENTS-ORGANIZER
[12/05/2023 12:50:17] 1-123:SEV-SEND-YOUR-TOURNAMENTS;Prueba!36.4210849486101,-6.13348387670698!15.0!4!2!15:00!2023-04-04!15:00!2023-04-19!Futbol 11!Jugandose!4!1;x!36.6228636,-6.3599595!0.0!4!2!00:00!2023-06-11!00:00!2023-06-11!Voleibol Playa!Esperando Jugadores!1!9;21!36.294487399999994,-6.092790754888084!0.0!4!2!00:00!2023-05-19!00:00!2023-05-28!Futbol Sala!Esperando Jugadores!0!11;Prueba!36.4210849486101, -6.13348387670698!15.2!4!2!15:00!2023-04-04!15:00!2023-04-19!Futbol 11!Cancelado!0!2;213!36.4210849486101, -6.13348387670698!123.0!4!2!15:00!2023-04-07!12:34!2023-04-13!Futbol 11!Cancelado!0!3;123!36.63479325,-6.38725705210204!123.0!4!2!15:00!2023-04-01!11:15!2023-04-05!Futbol 11!Cancelado!0!4;Prueba!36.63479325,-6.38725705210204!12.0!4!2!14:28!2023-04-05!17:28!2023-04-12!Futbol 11!Cancelado!0!5;ADADA!36.7355451,-6.4348221!123.0!4!2!15:00!2023-04-12!21:07!2023-04-21!Futbol 11!Cancelado!0!6;123!36.6228636,-6.3599595!2.0!4!2!15:00!2023-03-28!00:00!2023-04-21!Futbol 11!Cancelado!0!7;
[12/05/2023 12:50:20] 1-123:CLI-TOURNAMENTS-ROUNDS;1
[12/05/2023 12:50:20] 1-123:SEV-TOURNAMENTS-ROUNDS;3/1/122/?/xa/?!4/1/Pa/?/Prueba/?!:5/2/?/?/?/?!
[12/05/2023 12:50:35] 1-123:CLI-EXIT
[12/05/2023 12:50:35] 1-123:SE HA DESCONECTADO
[12/05/2023 12:50:37] 1-123:CLI-EXIT
[12/05/2023 12:50:37] 1-123:SE HA DESCONECTADO
[12/05/2023 12:50:38] 1-123:CLI-EXIT
[12/05/2023 12:50:38] 1-123:SE HA DESCONECTADO
[12/05/2023 12:50:50] Se ha conectado un cliente
[12/05/2023 12:50:53] 0-:CLI-LOGIN;123;123;ORGANIZADOR
[12/05/2023 12:50:53] 1-123:SEV-LOGIN-OK-ORGANIZER;1;123
[12/05/2023 12:50:53] 1-123:CLI-GIVETOURNAMENTS-ORGANIZER
[12/05/2023 12:50:53] 1-123:SEV-SEND-YOUR-TOURNAMENTS;Prueba!36.4210849486101,-6.13348387670698!15.0!4!2!15:00!2023-04-04!15:00!2023-04-19!Futbol 11!Jugandose!4!1;x!36.6228636,-6.3599595!0.0!4!2!00:00!2023-06-11!00:00!2023-06-11!Voleibol Playa!Esperando Jugadores!1!9;21!36.294487399999994,-6.092790754888084!0.0!4!2!00:00!2023-05-19!00:00!2023-05-28!Futbol Sala!Esperando Jugadores!0!11;Prueba!36.4210849486101, -6.13348387670698!15.2!4!2!15:00!2023-04-04!15:00!2023-04-19!Futbol 11!Cancelado!0!2;213!36.4210849486101, -6.13348387670698!123.0!4!2!15:00!2023-04-07!12:34!2023-04-13!Futbol 11!Cancelado!0!3;123!36.63479325,-6.38725705210204!123.0!4!2!15:00!2023-04-01!11:15!2023-04-05!Futbol 11!Cancelado!0!4;Prueba!36.63479325,-6.38725705210204!12.0!4!2!14:28!2023-04-05!17:28!2023-04-12!Futbol 11!Cancelado!0!5;ADADA!36.7355451,-6.4348221!123.0!4!2!15:00!2023-04-12!21:07!2023-04-21!Futbol 11!Cancelado!0!6;123!36.6228636,-6.3599595!2.0!4!2!15:00!2023-03-28!00:00!2023-04-21!Futbol 11!Cancelado!0!7;
[12/05/2023 12:50:55] 1-123:CLI-TOURNAMENTS-ROUNDS;1
[12/05/2023 12:50:55] 1-123:SEV-TOURNAMENTS-ROUNDS;3/1/122/?/xa/?!4/1/Pa/?/Prueba/?!:5/2/?/?/?/?!
[12/05/2023 12:51:36] 1-123:CLI-EXIT
[12/05/2023 12:51:36] 1-123:SE HA DESCONECTADO
[12/05/2023 12:53:21] Se ha conectado un cliente
[12/05/2023 12:53:35] 0-:CLI-LOGIN;123;123;ORGANIZADOR
[12/05/2023 12:53:35] 1-123:SEV-LOGIN-OK-ORGANIZER;1;123
[12/05/2023 12:53:35] 1-123:CLI-GIVETOURNAMENTS-ORGANIZER
[12/05/2023 12:53:35] 1-123:SEV-SEND-YOUR-TOURNAMENTS;Prueba!36.4210849486101,-6.13348387670698!15.0!4!2!15:00!2023-04-04!15:00!2023-04-19!Futbol 11!Jugandose!4!1;x!36.6228636,-6.3599595!0.0!4!2!00:00!2023-06-11!00:00!2023-06-11!Voleibol Playa!Esperando Jugadores!1!9;21!36.294487399999994,-6.092790754888084!0.0!4!2!00:00!2023-05-19!00:00!2023-05-28!Futbol Sala!Esperando Jugadores!0!11;Prueba!36.4210849486101, -6.13348387670698!15.2!4!2!15:00!2023-04-04!15:00!2023-04-19!Futbol 11!Cancelado!0!2;213!36.4210849486101, -6.13348387670698!123.0!4!2!15:00!2023-04-07!12:34!2023-04-13!Futbol 11!Cancelado!0!3;123!36.63479325,-6.38725705210204!123.0!4!2!15:00!2023-04-01!11:15!2023-04-05!Futbol 11!Cancelado!0!4;Prueba!36.63479325,-6.38725705210204!12.0!4!2!14:28!2023-04-05!17:28!2023-04-12!Futbol 11!Cancelado!0!5;ADADA!36.7355451,-6.4348221!123.0!4!2!15:00!2023-04-12!21:07!2023-04-21!Futbol 11!Cancelado!0!6;123!36.6228636,-6.3599595!2.0!4!2!15:00!2023-03-28!00:00!2023-04-21!Futbol 11!Cancelado!0!7;
[12/05/2023 12:53:38] 1-123:CLI-TOURNAMENTS-ROUNDS;1
[12/05/2023 12:53:38] 1-123:SEV-TOURNAMENTS-ROUNDS;3/1/122/?/xa/?!4/1/Pa/?/Prueba/?!:5/2/?/?/?/?!
[12/05/2023 12:53:45] 1-123:CLI-TOURNAMENTS-ROUNDS;1
[12/05/2023 12:53:45] 1-123:SEV-TOURNAMENTS-ROUNDS;3/1/122/?/xa/?!4/1/Pa/?/Prueba/?!:5/2/?/?/?/?!
[12/05/2023 12:53:45] 1-123:CLI-TOURNAMENTS-ROUNDS;1
[12/05/2023 12:53:45] 1-123:SEV-TOURNAMENTS-ROUNDS;3/1/122/?/xa/?!4/1/Pa/?/Prueba/?!:5/2/?/?/?/?!
[12/05/2023 12:53:46] 1-123:CLI-TOURNAMENTS-ROUNDS;1
[12/05/2023 12:53:46] 1-123:SEV-TOURNAMENTS-ROUNDS;3/1/122/?/xa/?!4/1/Pa/?/Prueba/?!:5/2/?/?/?/?!
[12/05/2023 12:53:46] 1-123:CLI-TOURNAMENTS-ROUNDS;1
[12/05/2023 12:53:46] 1-123:SEV-TOURNAMENTS-ROUNDS;3/1/122/?/xa/?!4/1/Pa/?/Prueba/?!:5/2/?/?/?/?!
[12/05/2023 12:53:46] 1-123:CLI-TOURNAMENTS-ROUNDS;1
[12/05/2023 12:53:46] 1-123:SEV-TOURNAMENTS-ROUNDS;3/1/122/?/xa/?!4/1/Pa/?/Prueba/?!:5/2/?/?/?/?!
[12/05/2023 12:53:48] 1-123:CLI-EXIT
[12/05/2023 12:53:48] 1-123:SE HA DESCONECTADO
---- [12/05/2023 13:26:07] Obteniendo todos los torneos pendientes a generar ----
---- [12/05/2023 13:26:07] Creado el hilo encargado de las tareas ----
---- [12/05/2023 13:26:07] Iniciado el hilo encargado de las tareas ----
---- [12/05/2023 13:26:07] SERVIDOR INICIADO ----
Esperando 1334032 segundos hasta la próxima tarea en: 2023-05-28T00:00
[12/05/2023 13:31:10] Se ha conectado un cliente
[12/05/2023 13:31:17] 0-:CLI-LOGIN;x;1;USUARIO
[12/05/2023 13:31:17] 14-x:SEV-LOGIN-OK-USER;14;x
[12/05/2023 13:31:25] 14-x:CLI-USERTEAMS
[12/05/2023 13:31:25] 14-x:SEV-USERTEAMS_OK;Prueba:Futbol 7:x:124!x!;Pa:Futbol 11:x:x!;xa:Futbol Sala:x:124!x!111!;122:Voleibol Playa:111:x!111!;
[12/05/2023 13:31:27] 14-x:CLI-TOURNAMENTS-USER
[12/05/2023 13:31:27] 14-x:SEV-TOURNAMENTS-USER-OK;Prueba!36.4210849486101,-6.13348387670698!15.0!4!2!15:00!2023-04-04!15:00!2023-04-19!Futbol 11!Jugandose!4!1;Prueba!36.4210849486101,-6.13348387670698!15.0!4!2!15:00!2023-04-04!15:00!2023-04-19!Futbol 11!Jugandose!4!1;Prueba!36.4210849486101,-6.13348387670698!15.0!4!2!15:00!2023-04-04!15:00!2023-04-19!Futbol 11!Jugandose!4!1;Prueba!36.4210849486101,-6.13348387670698!15.0!4!2!15:00!2023-04-04!15:00!2023-04-19!Futbol 11!Jugandose!4!1;x!36.6228636,-6.3599595!0.0!4!2!00:00!2023-06-11!00:00!2023-06-11!Voleibol Playa!Esperando Jugadores!1!9;x!36.6228636,-6.3599595!0.0!4!2!00:00!2023-06-11!00:00!2023-06-11!Voleibol Playa!Esperando Jugadores!1!10;
[12/05/2023 13:31:30] 14-x:SE HA DESCONECTADO
[12/05/2023 13:34:05] Se ha conectado un cliente
[12/05/2023 13:34:11] 0-:CLI-LOGIN;x;1;USUARIO
[12/05/2023 13:34:11] 14-x:SEV-LOGIN-OK-USER;14;x
[12/05/2023 13:34:17] 14-x:CLI-USERTEAMS
[12/05/2023 13:34:17] 14-x:SEV-USERTEAMS_OK;Prueba:Futbol 7:x:124!x!;Pa:Futbol 11:x:x!;xa:Futbol Sala:x:124!x!111!;122:Voleibol Playa:111:x!111!;
[12/05/2023 13:34:19] 14-x:CLI-TOURNAMENTS-USER
[12/05/2023 13:34:19] 14-x:SEV-TOURNAMENTS-USER-OK;Prueba!36.4210849486101,-6.13348387670698!15.0!4!2!15:00!2023-04-04!15:00!2023-04-19!Futbol 11!Jugandose!4!1;Prueba!36.4210849486101,-6.13348387670698!15.0!4!2!15:00!2023-04-04!15:00!2023-04-19!Futbol 11!Jugandose!4!1;Prueba!36.4210849486101,-6.13348387670698!15.0!4!2!15:00!2023-04-04!15:00!2023-04-19!Futbol 11!Jugandose!4!1;Prueba!36.4210849486101,-6.13348387670698!15.0!4!2!15:00!2023-04-04!15:00!2023-04-19!Futbol 11!Jugandose!4!1;x!36.6228636,-6.3599595!0.0!4!2!00:00!2023-06-11!00:00!2023-06-11!Voleibol Playa!Esperando Jugadores!1!9;x!36.6228636,-6.3599595!0.0!4!2!00:00!2023-06-11!00:00!2023-06-11!Voleibol Playa!Esperando Jugadores!1!10;
[12/05/2023 13:34:21] 14-x:SE HA DESCONECTADO
[12/05/2023 13:35:47] Se ha conectado un cliente
[12/05/2023 13:35:51] 0-:CLI-LOGIN;x;1;USUARIO
[12/05/2023 13:35:51] 14-x:SEV-LOGIN-OK-USER;14;x
[12/05/2023 13:35:55] 14-x:CLI-TOURNAMENTS-USER
[12/05/2023 13:35:55] 14-x:SEV-TOURNAMENTS-USER-OK;Prueba!36.4210849486101,-6.13348387670698!15.0!4!2!15:00!2023-04-04!15:00!2023-04-19!Futbol 11!Jugandose!4!1;Prueba!36.4210849486101,-6.13348387670698!15.0!4!2!15:00!2023-04-04!15:00!2023-04-19!Futbol 11!Jugandose!4!1;Prueba!36.4210849486101,-6.13348387670698!15.0!4!2!15:00!2023-04-04!15:00!2023-04-19!Futbol 11!Jugandose!4!1;Prueba!36.4210849486101,-6.13348387670698!15.0!4!2!15:00!2023-04-04!15:00!2023-04-19!Futbol 11!Jugandose!4!1;x!36.6228636,-6.3599595!0.0!4!2!00:00!2023-06-11!00:00!2023-06-11!Voleibol Playa!Esperando Jugadores!1!9;x!36.6228636,-6.3599595!0.0!4!2!00:00!2023-06-11!00:00!2023-06-11!Voleibol Playa!Esperando Jugadores!1!10;
[12/05/2023 13:36:23] 14-x:CLI-TOURNAMENTS-AVAILABLE;36.6236867,-6.3601433;-1
[12/05/2023 13:36:23] 14-x:SEV-TOURNAMENTS-AVAILABLE-OK;x!36.6228636,-6.3599595!0.0!4!2!00:00!2023-06-11!00:00!2023-06-11!Voleibol Playa!Esperando Jugadores!1!9;x!36.6228636,-6.3599595!0.0!4!2!00:00!2023-06-11!00:00!2023-06-11!Voleibol Playa!Esperando Jugadores!1!10;21!36.294487399999994,-6.092790754888084!0.0!4!2!00:00!2023-05-19!00:00!2023-05-28!Futbol Sala!Esperando Jugadores!0!11;
[12/05/2023 13:36:23] 14-x:CLI-TOURNAMENTS-AVAILABLE;36.6236867,-6.3601433;-1
[12/05/2023 13:36:23] 14-x:SEV-TOURNAMENTS-AVAILABLE-OK;x!36.6228636,-6.3599595!0.0!4!2!00:00!2023-06-11!00:00!2023-06-11!Voleibol Playa!Esperando Jugadores!1!9;x!36.6228636,-6.3599595!0.0!4!2!00:00!2023-06-11!00:00!2023-06-11!Voleibol Playa!Esperando Jugadores!1!10;21!36.294487399999994,-6.092790754888084!0.0!4!2!00:00!2023-05-19!00:00!2023-05-28!Futbol Sala!Esperando Jugadores!0!11;
[12/05/2023 13:36:23] 14-x:CLI-TOURNAMENTS-AVAILABLE;36.6236867,-6.3601433;-1
[12/05/2023 13:36:23] 14-x:SEV-TOURNAMENTS-AVAILABLE-OK;x!36.6228636,-6.3599595!0.0!4!2!00:00!2023-06-11!00:00!2023-06-11!Voleibol Playa!Esperando Jugadores!1!9;x!36.6228636,-6.3599595!0.0!4!2!00:00!2023-06-11!00:00!2023-06-11!Voleibol Playa!Esperando Jugadores!1!10;21!36.294487399999994,-6.092790754888084!0.0!4!2!00:00!2023-05-19!00:00!2023-05-28!Futbol Sala!Esperando Jugadores!0!11;
[12/05/2023 13:36:27] 14-x:CLI-TOURNAMENTS-AVAILABLE;36.6236867,-6.3601433;25
[12/05/2023 13:36:27] 14-x:SEV-TOURNAMENTS-AVAILABLE-OK;x!36.6228636,-6.3599595!0.0!4!2!00:00!2023-06-11!00:00!2023-06-11!Voleibol Playa!Esperando Jugadores!1!9;x!36.6228636,-6.3599595!0.0!4!2!00:00!2023-06-11!00:00!2023-06-11!Voleibol Playa!Esperando Jugadores!1!10;
[12/05/2023 13:36:45] 14-x:CLI-TOURNAMENTS-USER
[12/05/2023 13:36:45] 14-x:SEV-TOURNAMENTS-USER-OK;Prueba!36.4210849486101,-6.13348387670698!15.0!4!2!15:00!2023-04-04!15:00!2023-04-19!Futbol 11!Jugandose!4!1;Prueba!36.4210849486101,-6.13348387670698!15.0!4!2!15:00!2023-04-04!15:00!2023-04-19!Futbol 11!Jugandose!4!1;Prueba!36.4210849486101,-6.13348387670698!15.0!4!2!15:00!2023-04-04!15:00!2023-04-19!Futbol 11!Jugandose!4!1;Prueba!36.4210849486101,-6.13348387670698!15.0!4!2!15:00!2023-04-04!15:00!2023-04-19!Futbol 11!Jugandose!4!1;x!36.6228636,-6.3599595!0.0!4!2!00:00!2023-06-11!00:00!2023-06-11!Voleibol Playa!Esperando Jugadores!1!9;x!36.6228636,-6.3599595!0.0!4!2!00:00!2023-06-11!00:00!2023-06-11!Voleibol Playa!Esperando Jugadores!1!10;
[12/05/2023 13:36:53] 14-x:CLI-TOURNAMENTS-STATE-USER;1
[12/05/2023 13:36:53] 14-x:SEV-TOURNAMENTS-STATE-USER-OK;INSCRITO
[12/05/2023 13:36:56] 14-x:CLI-TOURNAMENTS-ROUNDS;1
[12/05/2023 13:36:56] 14-x:SEV-TOURNAMENTS-ROUNDS;3/1/122/?/xa/?!4/1/Pa/?/Prueba/?!:5/2/?/?/?/?!
[12/05/2023 13:36:57] 14-x:SE HA DESCONECTADO
[12/05/2023 13:38:28] Se ha conectado un cliente
[12/05/2023 13:38:32] 0-:CLI-LOGIN;x;1;USUARIO
[12/05/2023 13:38:32] 14-x:SEV-LOGIN-OK-USER;14;x
[12/05/2023 13:38:35] 14-x:CLI-TOURNAMENTS-USER
[12/05/2023 13:38:35] 14-x:SEV-TOURNAMENTS-USER-OK;Prueba!36.4210849486101,-6.13348387670698!15.0!4!2!15:00!2023-04-04!15:00!2023-04-19!Futbol 11!Jugandose!4!1;Prueba!36.4210849486101,-6.13348387670698!15.0!4!2!15:00!2023-04-04!15:00!2023-04-19!Futbol 11!Jugandose!4!1;Prueba!36.4210849486101,-6.13348387670698!15.0!4!2!15:00!2023-04-04!15:00!2023-04-19!Futbol 11!Jugandose!4!1;Prueba!36.4210849486101,-6.13348387670698!15.0!4!2!15:00!2023-04-04!15:00!2023-04-19!Futbol 11!Jugandose!4!1;x!36.6228636,-6.3599595!0.0!4!2!00:00!2023-06-11!00:00!2023-06-11!Voleibol Playa!Esperando Jugadores!1!9;x!36.6228636,-6.3599595!0.0!4!2!00:00!2023-06-11!00:00!2023-06-11!Voleibol Playa!Esperando Jugadores!1!10;
[12/05/2023 13:38:38] 14-x:CLI-TOURNAMENTS-STATE-USER;1
[12/05/2023 13:38:38] 14-x:SEV-TOURNAMENTS-STATE-USER-OK;INSCRITO
[12/05/2023 13:38:40] 14-x:CLI-TOURNAMENTS-ROUNDS;1
[12/05/2023 13:38:40] 14-x:SEV-TOURNAMENTS-ROUNDS;3/1/122/?/xa/?!4/1/Pa/?/Prueba/?!:5/2/?/?/?/?!
[12/05/2023 13:38:53] 14-x:SE HA DESCONECTADO
[12/05/2023 13:43:47] Se ha conectado un cliente
[12/05/2023 13:43:52] 0-:CLI-LOGIN;x;1;USUARIO
[12/05/2023 13:43:52] 14-x:SEV-LOGIN-OK-USER;14;x
[12/05/2023 13:43:56] 14-x:CLI-TOURNAMENTS-USER
[12/05/2023 13:43:56] 14-x:SEV-TOURNAMENTS-USER-OK;Prueba!36.4210849486101,-6.13348387670698!15.0!4!2!15:00!2023-04-04!15:00!2023-04-19!Futbol 11!Jugandose!4!1;Prueba!36.4210849486101,-6.13348387670698!15.0!4!2!15:00!2023-04-04!15:00!2023-04-19!Futbol 11!Jugandose!4!1;Prueba!36.4210849486101,-6.13348387670698!15.0!4!2!15:00!2023-04-04!15:00!2023-04-19!Futbol 11!Jugandose!4!1;Prueba!36.4210849486101,-6.13348387670698!15.0!4!2!15:00!2023-04-04!15:00!2023-04-19!Futbol 11!Jugandose!4!1;x!36.6228636,-6.3599595!0.0!4!2!00:00!2023-06-11!00:00!2023-06-11!Voleibol Playa!Esperando Jugadores!1!9;x!36.6228636,-6.3599595!0.0!4!2!00:00!2023-06-11!00:00!2023-06-11!Voleibol Playa!Esperando Jugadores!1!10;
[12/05/2023 13:44:06] 14-x:CLI-TOURNAMENTS-STATE-USER;1
[12/05/2023 13:44:06] 14-x:SEV-TOURNAMENTS-STATE-USER-OK;INSCRITO
[12/05/2023 13:44:08] 14-x:CLI-TOURNAMENTS-ROUNDS;1
[12/05/2023 13:44:08] 14-x:SEV-TOURNAMENTS-ROUNDS;3/1/122/?/xa/?!4/1/Pa/?/Prueba/?!:5/2/?/?/?/?!
[12/05/2023 13:44:10] 14-x:SE HA DESCONECTADO
[12/05/2023 13:49:57] Se ha conectado un cliente
[12/05/2023 13:50:07] 0-:CLI-LOGIN;x;1;USUARIO
[12/05/2023 13:50:08] 14-x:SEV-LOGIN-OK-USER;14;x
[12/05/2023 13:50:12] 14-x:CLI-TOURNAMENTS-USER
[12/05/2023 13:50:12] 14-x:SEV-TOURNAMENTS-USER-OK;Prueba!36.4210849486101,-6.13348387670698!15.0!4!2!15:00!2023-04-04!15:00!2023-04-19!Futbol 11!Jugandose!4!1;Prueba!36.4210849486101,-6.13348387670698!15.0!4!2!15:00!2023-04-04!15:00!2023-04-19!Futbol 11!Jugandose!4!1;Prueba!36.4210849486101,-6.13348387670698!15.0!4!2!15:00!2023-04-04!15:00!2023-04-19!Futbol 11!Jugandose!4!1;Prueba!36.4210849486101,-6.13348387670698!15.0!4!2!15:00!2023-04-04!15:00!2023-04-19!Futbol 11!Jugandose!4!1;x!36.6228636,-6.3599595!0.0!4!2!00:00!2023-06-11!00:00!2023-06-11!Voleibol Playa!Esperando Jugadores!1!9;x!36.6228636,-6.3599595!0.0!4!2!00:00!2023-06-11!00:00!2023-06-11!Voleibol Playa!Esperando Jugadores!1!10;
[12/05/2023 13:50:17] 14-x:CLI-TOURNAMENTS-STATE-USER;1
[12/05/2023 13:50:17] 14-x:SEV-TOURNAMENTS-STATE-USER-OK;INSCRITO
[12/05/2023 13:50:23] 14-x:CLI-TOURNAMENTS-ROUNDS;1
[12/05/2023 13:50:23] 14-x:SEV-TOURNAMENTS-ROUNDS;3/1/122/?/xa/?!4/1/Pa/?/Prueba/?!:5/2/?/?/?/?!
[12/05/2023 13:50:23] 14-x:SE HA DESCONECTADO
[12/05/2023 13:54:45] Se ha conectado un cliente
[12/05/2023 13:55:08] 0-:CLI-LOGIN;x;1;USUARIO
[12/05/2023 13:55:08] 14-x:SEV-LOGIN-OK-USER;14;x
[12/05/2023 13:55:12] 14-x:CLI-TOURNAMENTS-USER
[12/05/2023 13:55:12] 14-x:SEV-TOURNAMENTS-USER-OK;Prueba!36.4210849486101,-6.13348387670698!15.0!4!2!15:00!2023-04-04!15:00!2023-04-19!Futbol 11!Jugandose!4!1;Prueba!36.4210849486101,-6.13348387670698!15.0!4!2!15:00!2023-04-04!15:00!2023-04-19!Futbol 11!Jugandose!4!1;Prueba!36.4210849486101,-6.13348387670698!15.0!4!2!15:00!2023-04-04!15:00!2023-04-19!Futbol 11!Jugandose!4!1;Prueba!36.4210849486101,-6.13348387670698!15.0!4!2!15:00!2023-04-04!15:00!2023-04-19!Futbol 11!Jugandose!4!1;x!36.6228636,-6.3599595!0.0!4!2!00:00!2023-06-11!00:00!2023-06-11!Voleibol Playa!Esperando Jugadores!1!9;x!36.6228636,-6.3599595!0.0!4!2!00:00!2023-06-11!00:00!2023-06-11!Voleibol Playa!Esperando Jugadores!1!10;
[12/05/2023 13:55:14] 14-x:CLI-TOURNAMENTS-STATE-USER;1
[12/05/2023 13:55:14] 14-x:SEV-TOURNAMENTS-STATE-USER-OK;INSCRITO
[12/05/2023 13:55:16] 14-x:CLI-TOURNAMENTS-ROUNDS;1
[12/05/2023 13:55:16] 14-x:SEV-TOURNAMENTS-ROUNDS;3/1/122/?/xa/?!4/1/Pa/?/Prueba/?!:5/2/?/?/?/?!
[12/05/2023 13:55:16] 14-x:SE HA DESCONECTADO
[12/05/2023 13:56:42] Se ha conectado un cliente
[12/05/2023 13:56:46] 0-:CLI-LOGIN;x;1;USUARIO
[12/05/2023 13:56:47] 14-x:SEV-LOGIN-OK-USER;14;x
[12/05/2023 13:56:50] 14-x:CLI-TOURNAMENTS-USER
[12/05/2023 13:56:50] 14-x:SEV-TOURNAMENTS-USER-OK;Prueba!36.4210849486101,-6.13348387670698!15.0!4!2!15:00!2023-04-04!15:00!2023-04-19!Futbol 11!Jugandose!4!1;Prueba!36.4210849486101,-6.13348387670698!15.0!4!2!15:00!2023-04-04!15:00!2023-04-19!Futbol 11!Jugandose!4!1;Prueba!36.4210849486101,-6.13348387670698!15.0!4!2!15:00!2023-04-04!15:00!2023-04-19!Futbol 11!Jugandose!4!1;Prueba!36.4210849486101,-6.13348387670698!15.0!4!2!15:00!2023-04-04!15:00!2023-04-19!Futbol 11!Jugandose!4!1;x!36.6228636,-6.3599595!0.0!4!2!00:00!2023-06-11!00:00!2023-06-11!Voleibol Playa!Esperando Jugadores!1!9;x!36.6228636,-6.3599595!0.0!4!2!00:00!2023-06-11!00:00!2023-06-11!Voleibol Playa!Esperando Jugadores!1!10;
[12/05/2023 13:56:52] 14-x:CLI-TOURNAMENTS-STATE-USER;1
[12/05/2023 13:56:52] 14-x:SEV-TOURNAMENTS-STATE-USER-OK;INSCRITO
[12/05/2023 13:57:25] 14-x:SE HA DESCONECTADO
[12/05/2023 13:57:31] Se ha conectado un cliente
[12/05/2023 13:57:35] 0-:CLI-LOGIN;x;1;USUARIO
[12/05/2023 13:57:35] 14-x:SEV-LOGIN-OK-USER;14;x
[12/05/2023 13:57:38] 14-x:CLI-TOURNAMENTS-USER
[12/05/2023 13:57:38] 14-x:SEV-TOURNAMENTS-USER-OK;Prueba!36.4210849486101,-6.13348387670698!15.0!4!2!15:00!2023-04-04!15:00!2023-04-19!Futbol 11!Jugandose!4!1;Prueba!36.4210849486101,-6.13348387670698!15.0!4!2!15:00!2023-04-04!15:00!2023-04-19!Futbol 11!Jugandose!4!1;Prueba!36.4210849486101,-6.13348387670698!15.0!4!2!15:00!2023-04-04!15:00!2023-04-19!Futbol 11!Jugandose!4!1;Prueba!36.4210849486101,-6.13348387670698!15.0!4!2!15:00!2023-04-04!15:00!2023-04-19!Futbol 11!Jugandose!4!1;x!36.6228636,-6.3599595!0.0!4!2!00:00!2023-06-11!00:00!2023-06-11!Voleibol Playa!Esperando Jugadores!1!9;x!36.6228636,-6.3599595!0.0!4!2!00:00!2023-06-11!00:00!2023-06-11!Voleibol Playa!Esperando Jugadores!1!10;
[12/05/2023 13:57:40] 14-x:CLI-TOURNAMENTS-STATE-USER;1
[12/05/2023 13:57:40] 14-x:SEV-TOURNAMENTS-STATE-USER-OK;INSCRITO
[12/05/2023 13:57:41] 14-x:SE HA DESCONECTADO
[12/05/2023 13:58:31] Se ha conectado un cliente
[12/05/2023 13:58:35] 0-:CLI-LOGIN;x;1;USUARIO
[12/05/2023 13:58:36] 14-x:SEV-LOGIN-OK-USER;14;x
[12/05/2023 13:58:40] 14-x:CLI-TOURNAMENTS-USER
[12/05/2023 13:58:40] 14-x:SEV-TOURNAMENTS-USER-OK;Prueba!36.4210849486101,-6.13348387670698!15.0!4!2!15:00!2023-04-04!15:00!2023-04-19!Futbol 11!Jugandose!4!1;Prueba!36.4210849486101,-6.13348387670698!15.0!4!2!15:00!2023-04-04!15:00!2023-04-19!Futbol 11!Jugandose!4!1;Prueba!36.4210849486101,-6.13348387670698!15.0!4!2!15:00!2023-04-04!15:00!2023-04-19!Futbol 11!Jugandose!4!1;Prueba!36.4210849486101,-6.13348387670698!15.0!4!2!15:00!2023-04-04!15:00!2023-04-19!Futbol 11!Jugandose!4!1;x!36.6228636,-6.3599595!0.0!4!2!00:00!2023-06-11!00:00!2023-06-11!Voleibol Playa!Esperando Jugadores!1!9;x!36.6228636,-6.3599595!0.0!4!2!00:00!2023-06-11!00:00!2023-06-11!Voleibol Playa!Esperando Jugadores!1!10;
[12/05/2023 13:58:42] 14-x:CLI-TOURNAMENTS-STATE-USER;1
[12/05/2023 13:58:42] 14-x:SEV-TOURNAMENTS-STATE-USER-OK;INSCRITO
[12/05/2023 13:59:35] 14-x:SE HA DESCONECTADO
[12/05/2023 14:02:23] Se ha conectado un cliente
[12/05/2023 14:02:27] 0-:CLI-LOGIN;x;1;USUARIO
[12/05/2023 14:02:27] 14-x:SEV-LOGIN-OK-USER;14;x
[12/05/2023 14:02:29] 14-x:CLI-TOURNAMENTS-USER
[12/05/2023 14:02:29] 14-x:SEV-TOURNAMENTS-USER-OK;Prueba!36.4210849486101,-6.13348387670698!15.0!4!2!15:00!2023-04-04!15:00!2023-04-19!Futbol 11!Jugandose!4!1;Prueba!36.4210849486101,-6.13348387670698!15.0!4!2!15:00!2023-04-04!15:00!2023-04-19!Futbol 11!Jugandose!4!1;Prueba!36.4210849486101,-6.13348387670698!15.0!4!2!15:00!2023-04-04!15:00!2023-04-19!Futbol 11!Jugandose!4!1;Prueba!36.4210849486101,-6.13348387670698!15.0!4!2!15:00!2023-04-04!15:00!2023-04-19!Futbol 11!Jugandose!4!1;x!36.6228636,-6.3599595!0.0!4!2!00:00!2023-06-11!00:00!2023-06-11!Voleibol Playa!Esperando Jugadores!1!9;x!36.6228636,-6.3599595!0.0!4!2!00:00!2023-06-11!00:00!2023-06-11!Voleibol Playa!Esperando Jugadores!1!10;
[12/05/2023 14:02:30] 14-x:CLI-TOURNAMENTS-STATE-USER;1
[12/05/2023 14:02:30] 14-x:SEV-TOURNAMENTS-STATE-USER-OK;INSCRITO
[12/05/2023 14:02:32] 14-x:CLI-TOURNAMENTS-ROUNDS;1
[12/05/2023 14:02:32] 14-x:SEV-TOURNAMENTS-ROUNDS;3/1/122/?/xa/?!4/1/Pa/?/Prueba/?!:5/2/?/?/?/?!
[12/05/2023 14:02:58] 14-x:SE HA DESCONECTADO
[12/05/2023 14:03:09] Se ha conectado un cliente
[12/05/2023 14:03:13] 0-:CLI-LOGIN;x;1;USUARIO
[12/05/2023 14:03:13] 14-x:SEV-LOGIN-OK-USER;14;x
[12/05/2023 14:03:17] 14-x:CLI-TOURNAMENTS-USER
[12/05/2023 14:03:17] 14-x:SEV-TOURNAMENTS-USER-OK;Prueba!36.4210849486101,-6.13348387670698!15.0!4!2!15:00!2023-04-04!15:00!2023-04-19!Futbol 11!Jugandose!4!1;Prueba!36.4210849486101,-6.13348387670698!15.0!4!2!15:00!2023-04-04!15:00!2023-04-19!Futbol 11!Jugandose!4!1;Prueba!36.4210849486101,-6.13348387670698!15.0!4!2!15:00!2023-04-04!15:00!2023-04-19!Futbol 11!Jugandose!4!1;Prueba!36.4210849486101,-6.13348387670698!15.0!4!2!15:00!2023-04-04!15:00!2023-04-19!Futbol 11!Jugandose!4!1;x!36.6228636,-6.3599595!0.0!4!2!00:00!2023-06-11!00:00!2023-06-11!Voleibol Playa!Esperando Jugadores!1!9;x!36.6228636,-6.3599595!0.0!4!2!00:00!2023-06-11!00:00!2023-06-11!Voleibol Playa!Esperando Jugadores!1!10;
[12/05/2023 14:03:23] 14-x:CLI-TOURNAMENTS-STATE-USER;1
[12/05/2023 14:03:23] 14-x:SEV-TOURNAMENTS-STATE-USER-OK;INSCRITO
[12/05/2023 14:03:27] 14-x:CLI-TOURNAMENTS-ROUNDS;1
[12/05/2023 14:03:27] 14-x:SEV-TOURNAMENTS-ROUNDS;3/1/122/?/xa/?!4/1/Pa/?/Prueba/?!:5/2/?/?/?/?!
[12/05/2023 14:06:08] 14-x:SE HA DESCONECTADO
[12/05/2023 14:06:21] Se ha conectado un cliente
[12/05/2023 14:06:25] 0-:CLI-LOGIN;x;1;USUARIO
[12/05/2023 14:06:25] 14-x:SEV-LOGIN-OK-USER;14;x
[12/05/2023 14:06:30] 14-x:CLI-TOURNAMENTS-USER
[12/05/2023 14:06:30] 14-x:SEV-TOURNAMENTS-USER-OK;Prueba!36.4210849486101,-6.13348387670698!15.0!4!2!15:00!2023-04-04!15:00!2023-04-19!Futbol 11!Jugandose!4!1;Prueba!36.4210849486101,-6.13348387670698!15.0!4!2!15:00!2023-04-04!15:00!2023-04-19!Futbol 11!Jugandose!4!1;Prueba!36.4210849486101,-6.13348387670698!15.0!4!2!15:00!2023-04-04!15:00!2023-04-19!Futbol 11!Jugandose!4!1;Prueba!36.4210849486101,-6.13348387670698!15.0!4!2!15:00!2023-04-04!15:00!2023-04-19!Futbol 11!Jugandose!4!1;x!36.6228636,-6.3599595!0.0!4!2!00:00!2023-06-11!00:00!2023-06-11!Voleibol Playa!Esperando Jugadores!1!9;x!36.6228636,-6.3599595!0.0!4!2!00:00!2023-06-11!00:00!2023-06-11!Voleibol Playa!Esperando Jugadores!1!10;
[12/05/2023 14:06:31] 14-x:CLI-TOURNAMENTS-STATE-USER;1
[12/05/2023 14:06:31] 14-x:SEV-TOURNAMENTS-STATE-USER-OK;INSCRITO
[12/05/2023 14:06:33] 14-x:CLI-TOURNAMENTS-ROUNDS;1
[12/05/2023 14:06:33] 14-x:SEV-TOURNAMENTS-ROUNDS;3/1/122/?/xa/?!4/1/Pa/?/Prueba/?!:5/2/?/?/?/?!
[12/05/2023 14:09:06] 14-x:SE HA DESCONECTADO
[12/05/2023 14:09:14] Se ha conectado un cliente
[12/05/2023 14:09:18] 0-:CLI-LOGIN;x;1;USUARIO
[12/05/2023 14:09:18] 14-x:SEV-LOGIN-OK-USER;14;x
[12/05/2023 14:09:21] 14-x:CLI-TOURNAMENTS-USER
[12/05/2023 14:09:21] 14-x:SEV-TOURNAMENTS-USER-OK;Prueba!36.4210849486101,-6.13348387670698!15.0!4!2!15:00!2023-04-04!15:00!2023-04-19!Futbol 11!Jugandose!4!1;Prueba!36.4210849486101,-6.13348387670698!15.0!4!2!15:00!2023-04-04!15:00!2023-04-19!Futbol 11!Jugandose!4!1;Prueba!36.4210849486101,-6.13348387670698!15.0!4!2!15:00!2023-04-04!15:00!2023-04-19!Futbol 11!Jugandose!4!1;Prueba!36.4210849486101,-6.13348387670698!15.0!4!2!15:00!2023-04-04!15:00!2023-04-19!Futbol 11!Jugandose!4!1;x!36.6228636,-6.3599595!0.0!4!2!00:00!2023-06-11!00:00!2023-06-11!Voleibol Playa!Esperando Jugadores!1!9;x!36.6228636,-6.3599595!0.0!4!2!00:00!2023-06-11!00:00!2023-06-11!Voleibol Playa!Esperando Jugadores!1!10;
[12/05/2023 14:09:22] 14-x:CLI-TOURNAMENTS-STATE-USER;1
[12/05/2023 14:09:22] 14-x:SEV-TOURNAMENTS-STATE-USER-OK;INSCRITO
[12/05/2023 14:09:23] 14-x:CLI-TOURNAMENTS-ROUNDS;1
[12/05/2023 14:09:23] 14-x:SEV-TOURNAMENTS-ROUNDS;3/1/122/?/xa/?!4/1/Pa/?/Prueba/?!:5/2/?/?/?/?!
[12/05/2023 14:11:20] 14-x:SE HA DESCONECTADO
[12/05/2023 14:11:38] Se ha conectado un cliente
[12/05/2023 14:11:42] 0-:CLI-LOGIN;x;1;USUARIO
[12/05/2023 14:11:42] 14-x:SEV-LOGIN-OK-USER;14;x
[12/05/2023 14:11:57] 14-x:CLI-TOURNAMENTS-USER
[12/05/2023 14:11:57] 14-x:SEV-TOURNAMENTS-USER-OK;Prueba!36.4210849486101,-6.13348387670698!15.0!4!2!15:00!2023-04-04!15:00!2023-04-19!Futbol 11!Jugandose!4!1;Prueba!36.4210849486101,-6.13348387670698!15.0!4!2!15:00!2023-04-04!15:00!2023-04-19!Futbol 11!Jugandose!4!1;Prueba!36.4210849486101,-6.13348387670698!15.0!4!2!15:00!2023-04-04!15:00!2023-04-19!Futbol 11!Jugandose!4!1;Prueba!36.4210849486101,-6.13348387670698!15.0!4!2!15:00!2023-04-04!15:00!2023-04-19!Futbol 11!Jugandose!4!1;x!36.6228636,-6.3599595!0.0!4!2!00:00!2023-06-11!00:00!2023-06-11!Voleibol Playa!Esperando Jugadores!1!9;x!36.6228636,-6.3599595!0.0!4!2!00:00!2023-06-11!00:00!2023-06-11!Voleibol Playa!Esperando Jugadores!1!10;
[12/05/2023 14:11:59] 14-x:CLI-TOURNAMENTS-STATE-USER;1
[12/05/2023 14:11:59] 14-x:SEV-TOURNAMENTS-STATE-USER-OK;INSCRITO
[12/05/2023 14:12:00] 14-x:CLI-TOURNAMENTS-ROUNDS;1
[12/05/2023 14:12:00] 14-x:SEV-TOURNAMENTS-ROUNDS;3/1/122/?/xa/?!4/1/Pa/?/Prueba/?!:5/2/?/?/?/?!
[12/05/2023 14:12:01] 14-x:SE HA DESCONECTADO
[12/05/2023 14:21:21] Se ha conectado un cliente
[12/05/2023 14:21:29] 0-:CLI-LOGIN;x;1;USUARIO
[12/05/2023 14:21:30] 14-x:SEV-LOGIN-OK-USER;14;x
[12/05/2023 14:21:38] 14-x:CLI-TOURNAMENTS-USER
[12/05/2023 14:21:38] 14-x:SEV-TOURNAMENTS-USER-OK;Prueba!36.4210849486101,-6.13348387670698!15.0!4!2!15:00!2023-04-04!15:00!2023-04-19!Futbol 11!Jugandose!4!1;Prueba!36.4210849486101,-6.13348387670698!15.0!4!2!15:00!2023-04-04!15:00!2023-04-19!Futbol 11!Jugandose!4!1;Prueba!36.4210849486101,-6.13348387670698!15.0!4!2!15:00!2023-04-04!15:00!2023-04-19!Futbol 11!Jugandose!4!1;Prueba!36.4210849486101,-6.13348387670698!15.0!4!2!15:00!2023-04-04!15:00!2023-04-19!Futbol 11!Jugandose!4!1;x!36.6228636,-6.3599595!0.0!4!2!00:00!2023-06-11!00:00!2023-06-11!Voleibol Playa!Esperando Jugadores!1!9;x!36.6228636,-6.3599595!0.0!4!2!00:00!2023-06-11!00:00!2023-06-11!Voleibol Playa!Esperando Jugadores!1!10;
[12/05/2023 14:21:40] 14-x:CLI-TOURNAMENTS-STATE-USER;1
[12/05/2023 14:21:40] 14-x:SEV-TOURNAMENTS-STATE-USER-OK;INSCRITO
[12/05/2023 14:21:45] 14-x:CLI-TOURNAMENTS-ROUNDS;1
[12/05/2023 14:21:45] 14-x:SEV-TOURNAMENTS-ROUNDS;3/1/122/?/xa/?!4/1/Pa/?/Prueba/?!:5/2/?/?/?/?!
[12/05/2023 14:21:45] 14-x:SE HA DESCONECTADO
[12/05/2023 14:31:47] Se ha conectado un cliente
[12/05/2023 14:32:00] 0-:CLI-LOGIN;x;1;USUARIO
[12/05/2023 14:32:00] 14-x:SEV-LOGIN-OK-USER;14;x
[12/05/2023 14:32:11] 14-x:CLI-TOURNAMENTS-USER
[12/05/2023 14:32:11] 14-x:SEV-TOURNAMENTS-USER-OK;Prueba!36.4210849486101,-6.13348387670698!15.0!4!2!15:00!2023-04-04!15:00!2023-04-19!Futbol 11!Jugandose!4!1;Prueba!36.4210849486101,-6.13348387670698!15.0!4!2!15:00!2023-04-04!15:00!2023-04-19!Futbol 11!Jugandose!4!1;Prueba!36.4210849486101,-6.13348387670698!15.0!4!2!15:00!2023-04-04!15:00!2023-04-19!Futbol 11!Jugandose!4!1;Prueba!36.4210849486101,-6.13348387670698!15.0!4!2!15:00!2023-04-04!15:00!2023-04-19!Futbol 11!Jugandose!4!1;x!36.6228636,-6.3599595!0.0!4!2!00:00!2023-06-11!00:00!2023-06-11!Voleibol Playa!Esperando Jugadores!1!9;x!36.6228636,-6.3599595!0.0!4!2!00:00!2023-06-11!00:00!2023-06-11!Voleibol Playa!Esperando Jugadores!1!10;
[12/05/2023 14:32:12] 14-x:CLI-TOURNAMENTS-STATE-USER;1
[12/05/2023 14:32:12] 14-x:SEV-TOURNAMENTS-STATE-USER-OK;INSCRITO
[12/05/2023 14:32:14] 14-x:CLI-TOURNAMENTS-ROUNDS;1
[12/05/2023 14:32:14] 14-x:SEV-TOURNAMENTS-ROUNDS;3/1/122/?/xa/?!4/1/Pa/?/Prueba/?!:5/2/?/?/?/?!
[12/05/2023 14:32:38] 14-x:CLI-TOURNAMENTS-ROUNDS;1
[12/05/2023 14:32:38] 14-x:SEV-TOURNAMENTS-ROUNDS;3/1/122/?/xa/?!4/1/Pa/?/Prueba/?!:5/2/?/?/?/?!
[12/05/2023 14:32:42] 14-x:CLI-TOURNAMENTS-USER
[12/05/2023 14:32:42] 14-x:SEV-TOURNAMENTS-USER-OK;Prueba!36.4210849486101,-6.13348387670698!15.0!4!2!15:00!2023-04-04!15:00!2023-04-19!Futbol 11!Jugandose!4!1;Prueba!36.4210849486101,-6.13348387670698!15.0!4!2!15:00!2023-04-04!15:00!2023-04-19!Futbol 11!Jugandose!4!1;Prueba!36.4210849486101,-6.13348387670698!15.0!4!2!15:00!2023-04-04!15:00!2023-04-19!Futbol 11!Jugandose!4!1;Prueba!36.4210849486101,-6.13348387670698!15.0!4!2!15:00!2023-04-04!15:00!2023-04-19!Futbol 11!Jugandose!4!1;x!36.6228636,-6.3599595!0.0!4!2!00:00!2023-06-11!00:00!2023-06-11!Voleibol Playa!Esperando Jugadores!1!9;x!36.6228636,-6.3599595!0.0!4!2!00:00!2023-06-11!00:00!2023-06-11!Voleibol Playa!Esperando Jugadores!1!10;
[12/05/2023 14:32:43] 14-x:CLI-TOURNAMENTS-AVAILABLE;36.6236867,-6.3601433;10
[12/05/2023 14:32:43] 14-x:SEV-TOURNAMENTS-AVAILABLE-OK;x!36.6228636,-6.3599595!0.0!4!2!00:00!2023-06-11!00:00!2023-06-11!Voleibol Playa!Esperando Jugadores!1!9;x!36.6228636,-6.3599595!0.0!4!2!00:00!2023-06-11!00:00!2023-06-11!Voleibol Playa!Esperando Jugadores!1!10;
[12/05/2023 14:32:45] 14-x:CLI-TOURNAMENTS-STATE-USER;10
[12/05/2023 14:32:45] 14-x:SEV-TOURNAMENTS-STATE-USER-OK;INSCRITO
[12/05/2023 14:32:46] 14-x:CLI-TOURNAMENTS-ROUNDS;10
[12/05/2023 14:32:46] 14-x:SEV-TOURNAMENTS-ROUNDS;
[12/05/2023 14:32:46] 14-x:SE HA DESCONECTADO
[12/05/2023 14:36:35] Se ha conectado un cliente
[12/05/2023 14:36:48] 0-:CLI-LOGIN;x;1;USUARIO
[12/05/2023 14:36:48] 14-x:SEV-LOGIN-OK-USER;14;x
[12/05/2023 14:36:51] 14-x:CLI-TOURNAMENTS-USER
[12/05/2023 14:36:51] 14-x:SEV-TOURNAMENTS-USER-OK;Prueba!36.4210849486101,-6.13348387670698!15.0!4!2!15:00!2023-04-04!15:00!2023-04-19!Futbol 11!Jugandose!4!1;Prueba!36.4210849486101,-6.13348387670698!15.0!4!2!15:00!2023-04-04!15:00!2023-04-19!Futbol 11!Jugandose!4!1;Prueba!36.4210849486101,-6.13348387670698!15.0!4!2!15:00!2023-04-04!15:00!2023-04-19!Futbol 11!Jugandose!4!1;Prueba!36.4210849486101,-6.13348387670698!15.0!4!2!15:00!2023-04-04!15:00!2023-04-19!Futbol 11!Jugandose!4!1;x!36.6228636,-6.3599595!0.0!4!2!00:00!2023-06-11!00:00!2023-06-11!Voleibol Playa!Esperando Jugadores!1!9;x!36.6228636,-6.3599595!0.0!4!2!00:00!2023-06-11!00:00!2023-06-11!Voleibol Playa!Esperando Jugadores!1!10;
[12/05/2023 14:36:53] 14-x:CLI-TOURNAMENTS-AVAILABLE;36.6236867,-6.3601433;10
[12/05/2023 14:36:53] 14-x:SEV-TOURNAMENTS-AVAILABLE-OK;x!36.6228636,-6.3599595!0.0!4!2!00:00!2023-06-11!00:00!2023-06-11!Voleibol Playa!Esperando Jugadores!1!9;x!36.6228636,-6.3599595!0.0!4!2!00:00!2023-06-11!00:00!2023-06-11!Voleibol Playa!Esperando Jugadores!1!10;
[12/05/2023 14:36:54] 14-x:CLI-TOURNAMENTS-STATE-USER;9
[12/05/2023 14:36:54] 14-x:SEV-TOURNAMENTS-STATE-USER-OK;INSCRITO
[12/05/2023 14:36:55] 14-x:CLI-TOURNAMENTS-ROUNDS;9
[12/05/2023 14:36:55] 14-x:SEV-TOURNAMENTS-ROUNDS;
[12/05/2023 14:36:59] 14-x:CLI-TOURNAMENTS-AVAILABLE;36.6236867,-6.3601433;10
[12/05/2023 14:36:59] 14-x:SEV-TOURNAMENTS-AVAILABLE-OK;x!36.6228636,-6.3599595!0.0!4!2!00:00!2023-06-11!00:00!2023-06-11!Voleibol Playa!Esperando Jugadores!1!9;x!36.6228636,-6.3599595!0.0!4!2!00:00!2023-06-11!00:00!2023-06-11!Voleibol Playa!Esperando Jugadores!1!10;
[12/05/2023 14:37:01] 14-x:CLI-TOURNAMENTS-USER
[12/05/2023 14:37:01] 14-x:SEV-TOURNAMENTS-USER-OK;Prueba!36.4210849486101,-6.13348387670698!15.0!4!2!15:00!2023-04-04!15:00!2023-04-19!Futbol 11!Jugandose!4!1;Prueba!36.4210849486101,-6.13348387670698!15.0!4!2!15:00!2023-04-04!15:00!2023-04-19!Futbol 11!Jugandose!4!1;Prueba!36.4210849486101,-6.13348387670698!15.0!4!2!15:00!2023-04-04!15:00!2023-04-19!Futbol 11!Jugandose!4!1;Prueba!36.4210849486101,-6.13348387670698!15.0!4!2!15:00!2023-04-04!15:00!2023-04-19!Futbol 11!Jugandose!4!1;x!36.6228636,-6.3599595!0.0!4!2!00:00!2023-06-11!00:00!2023-06-11!Voleibol Playa!Esperando Jugadores!1!9;x!36.6228636,-6.3599595!0.0!4!2!00:00!2023-06-11!00:00!2023-06-11!Voleibol Playa!Esperando Jugadores!1!10;
[12/05/2023 14:37:03] 14-x:CLI-TOURNAMENTS-STATE-USER;1
[12/05/2023 14:37:03] 14-x:SEV-TOURNAMENTS-STATE-USER-OK;INSCRITO
[12/05/2023 14:37:05] 14-x:CLI-TOURNAMENTS-ROUNDS;1
[12/05/2023 14:37:05] 14-x:SEV-TOURNAMENTS-ROUNDS;3/1/122/?/xa/?!4/1/Pa/?/Prueba/?!:5/2/?/?/?/?!
[12/05/2023 14:37:09] 14-x:CLI-TOURNAMENTS-USER
[12/05/2023 14:37:09] 14-x:SEV-TOURNAMENTS-USER-OK;Prueba!36.4210849486101,-6.13348387670698!15.0!4!2!15:00!2023-04-04!15:00!2023-04-19!Futbol 11!Jugandose!4!1;Prueba!36.4210849486101,-6.13348387670698!15.0!4!2!15:00!2023-04-04!15:00!2023-04-19!Futbol 11!Jugandose!4!1;Prueba!36.4210849486101,-6.13348387670698!15.0!4!2!15:00!2023-04-04!15:00!2023-04-19!Futbol 11!Jugandose!4!1;Prueba!36.4210849486101,-6.13348387670698!15.0!4!2!15:00!2023-04-04!15:00!2023-04-19!Futbol 11!Jugandose!4!1;x!36.6228636,-6.3599595!0.0!4!2!00:00!2023-06-11!00:00!2023-06-11!Voleibol Playa!Esperando Jugadores!1!9;x!36.6228636,-6.3599595!0.0!4!2!00:00!2023-06-11!00:00!2023-06-11!Voleibol Playa!Esperando Jugadores!1!10;
[12/05/2023 14:37:11] 14-x:CLI-TOURNAMENTS-STATE-USER;1
[12/05/2023 14:37:11] 14-x:SEV-TOURNAMENTS-STATE-USER-OK;INSCRITO
[12/05/2023 14:37:14] 14-x:CLI-TOURNAMENTS-USER
[12/05/2023 14:37:14] 14-x:SEV-TOURNAMENTS-USER-OK;Prueba!36.4210849486101,-6.13348387670698!15.0!4!2!15:00!2023-04-04!15:00!2023-04-19!Futbol 11!Jugandose!4!1;Prueba!36.4210849486101,-6.13348387670698!15.0!4!2!15:00!2023-04-04!15:00!2023-04-19!Futbol 11!Jugandose!4!1;Prueba!36.4210849486101,-6.13348387670698!15.0!4!2!15:00!2023-04-04!15:00!2023-04-19!Futbol 11!Jugandose!4!1;Prueba!36.4210849486101,-6.13348387670698!15.0!4!2!15:00!2023-04-04!15:00!2023-04-19!Futbol 11!Jugandose!4!1;x!36.6228636,-6.3599595!0.0!4!2!00:00!2023-06-11!00:00!2023-06-11!Voleibol Playa!Esperando Jugadores!1!9;x!36.6228636,-6.3599595!0.0!4!2!00:00!2023-06-11!00:00!2023-06-11!Voleibol Playa!Esperando Jugadores!1!10;
[12/05/2023 14:37:18] 14-x:CLI-TOURNAMENTS-STATE-USER;1
[12/05/2023 14:37:18] 14-x:SEV-TOURNAMENTS-STATE-USER-OK;INSCRITO
[12/05/2023 14:37:20] 14-x:CLI-TOURNAMENTS-USER
[12/05/2023 14:37:20] 14-x:SEV-TOURNAMENTS-USER-OK;Prueba!36.4210849486101,-6.13348387670698!15.0!4!2!15:00!2023-04-04!15:00!2023-04-19!Futbol 11!Jugandose!4!1;Prueba!36.4210849486101,-6.13348387670698!15.0!4!2!15:00!2023-04-04!15:00!2023-04-19!Futbol 11!Jugandose!4!1;Prueba!36.4210849486101,-6.13348387670698!15.0!4!2!15:00!2023-04-04!15:00!2023-04-19!Futbol 11!Jugandose!4!1;Prueba!36.4210849486101,-6.13348387670698!15.0!4!2!15:00!2023-04-04!15:00!2023-04-19!Futbol 11!Jugandose!4!1;x!36.6228636,-6.3599595!0.0!4!2!00:00!2023-06-11!00:00!2023-06-11!Voleibol Playa!Esperando Jugadores!1!9;x!36.6228636,-6.3599595!0.0!4!2!00:00!2023-06-11!00:00!2023-06-11!Voleibol Playa!Esperando Jugadores!1!10;
[12/05/2023 14:37:23] 14-x:CLI-TOURNAMENTS-STATE-USER;10
[12/05/2023 14:37:23] 14-x:SEV-TOURNAMENTS-STATE-USER-OK;INSCRITO
[12/05/2023 14:37:26] 14-x:CLI-TOURNAMENTS-ROUNDS;10
[12/05/2023 14:37:26] 14-x:SEV-TOURNAMENTS-ROUNDS;
[12/05/2023 14:37:28] 14-x:CLI-TOURNAMENTS-USER
[12/05/2023 14:37:28] 14-x:SEV-TOURNAMENTS-USER-OK;Prueba!36.4210849486101,-6.13348387670698!15.0!4!2!15:00!2023-04-04!15:00!2023-04-19!Futbol 11!Jugandose!4!1;Prueba!36.4210849486101,-6.13348387670698!15.0!4!2!15:00!2023-04-04!15:00!2023-04-19!Futbol 11!Jugandose!4!1;Prueba!36.4210849486101,-6.13348387670698!15.0!4!2!15:00!2023-04-04!15:00!2023-04-19!Futbol 11!Jugandose!4!1;Prueba!36.4210849486101,-6.13348387670698!15.0!4!2!15:00!2023-04-04!15:00!2023-04-19!Futbol 11!Jugandose!4!1;x!36.6228636,-6.3599595!0.0!4!2!00:00!2023-06-11!00:00!2023-06-11!Voleibol Playa!Esperando Jugadores!1!9;x!36.6228636,-6.3599595!0.0!4!2!00:00!2023-06-11!00:00!2023-06-11!Voleibol Playa!Esperando Jugadores!1!10;
[12/05/2023 14:37:30] 14-x:CLI-TOURNAMENTS-STATE-USER;1
[12/05/2023 14:37:30] 14-x:SEV-TOURNAMENTS-STATE-USER-OK;INSCRITO
[12/05/2023 14:37:31] 14-x:CLI-TOURNAMENTS-USER
[12/05/2023 14:37:31] 14-x:SEV-TOURNAMENTS-USER-OK;Prueba!36.4210849486101,-6.13348387670698!15.0!4!2!15:00!2023-04-04!15:00!2023-04-19!Futbol 11!Jugandose!4!1;Prueba!36.4210849486101,-6.13348387670698!15.0!4!2!15:00!2023-04-04!15:00!2023-04-19!Futbol 11!Jugandose!4!1;Prueba!36.4210849486101,-6.13348387670698!15.0!4!2!15:00!2023-04-04!15:00!2023-04-19!Futbol 11!Jugandose!4!1;Prueba!36.4210849486101,-6.13348387670698!15.0!4!2!15:00!2023-04-04!15:00!2023-04-19!Futbol 11!Jugandose!4!1;x!36.6228636,-6.3599595!0.0!4!2!00:00!2023-06-11!00:00!2023-06-11!Voleibol Playa!Esperando Jugadores!1!9;x!36.6228636,-6.3599595!0.0!4!2!00:00!2023-06-11!00:00!2023-06-11!Voleibol Playa!Esperando Jugadores!1!10;
[12/05/2023 14:37:34] 14-x:CLI-TOURNAMENTS-STATE-USER;9
[12/05/2023 14:37:34] 14-x:SEV-TOURNAMENTS-STATE-USER-OK;INSCRITO
[12/05/2023 14:37:35] 14-x:CLI-TOURNAMENTS-USER
[12/05/2023 14:37:35] 14-x:SEV-TOURNAMENTS-USER-OK;Prueba!36.4210849486101,-6.13348387670698!15.0!4!2!15:00!2023-04-04!15:00!2023-04-19!Futbol 11!Jugandose!4!1;Prueba!36.4210849486101,-6.13348387670698!15.0!4!2!15:00!2023-04-04!15:00!2023-04-19!Futbol 11!Jugandose!4!1;Prueba!36.4210849486101,-6.13348387670698!15.0!4!2!15:00!2023-04-04!15:00!2023-04-19!Futbol 11!Jugandose!4!1;Prueba!36.4210849486101,-6.13348387670698!15.0!4!2!15:00!2023-04-04!15:00!2023-04-19!Futbol 11!Jugandose!4!1;x!36.6228636,-6.3599595!0.0!4!2!00:00!2023-06-11!00:00!2023-06-11!Voleibol Playa!Esperando Jugadores!1!9;x!36.6228636,-6.3599595!0.0!4!2!00:00!2023-06-11!00:00!2023-06-11!Voleibol Playa!Esperando Jugadores!1!10;
[12/05/2023 14:37:37] 14-x:CLI-LOGOUT
[12/05/2023 14:37:37] 0-:SEV-LOGOUT-OK
[12/05/2023 14:37:38] 0-:SE HA DESCONECTADO
---- [12/05/2023 15:03:22] Obteniendo todos los torneos pendientes a generar ----
---- [12/05/2023 15:03:23] Creado el hilo encargado de las tareas ----
---- [12/05/2023 15:03:23] Iniciado el hilo encargado de las tareas ----
---- [12/05/2023 15:03:23] SERVIDOR INICIADO ----
Esperando 1328196 segundos hasta la próxima tarea en: 2023-05-28T00:00
[12/05/2023 15:03:34] Se ha conectado un cliente
[12/05/2023 15:03:39] 0-:CLI-EXIT
[12/05/2023 15:03:39] 0-:SE HA DESCONECTADO
[12/05/2023 15:08:02] Se ha conectado un cliente
[12/05/2023 15:08:08] 0-:CLI-LOGIN;123;123;ORGANIZADOR
[12/05/2023 15:08:08] 1-123:SEV-LOGIN-OK-ORGANIZER;1;123
[12/05/2023 15:08:08] 1-123:CLI-GIVETOURNAMENTS-ORGANIZER
[12/05/2023 15:08:08] 1-123:SEV-SEND-YOUR-TOURNAMENTS;Prueba!36.4210849486101,-6.13348387670698!15.0!4!2!15:00!2023-04-04!15:00!2023-04-19!Futbol 11!Jugandose!4!1;x!36.6228636,-6.3599595!0.0!4!2!00:00!2023-06-11!00:00!2023-06-11!Voleibol Playa!Esperando Jugadores!1!9;21!36.294487399999994,-6.092790754888084!0.0!4!2!00:00!2023-05-19!00:00!2023-05-28!Futbol Sala!Esperando Jugadores!0!11;Prueba!36.4210849486101, -6.13348387670698!15.2!4!2!15:00!2023-04-04!15:00!2023-04-19!Futbol 11!Cancelado!0!2;213!36.4210849486101, -6.13348387670698!123.0!4!2!15:00!2023-04-07!12:34!2023-04-13!Futbol 11!Cancelado!0!3;123!36.63479325,-6.38725705210204!123.0!4!2!15:00!2023-04-01!11:15!2023-04-05!Futbol 11!Cancelado!0!4;Prueba!36.63479325,-6.38725705210204!12.0!4!2!14:28!2023-04-05!17:28!2023-04-12!Futbol 11!Cancelado!0!5;ADADA!36.7355451,-6.4348221!123.0!4!2!15:00!2023-04-12!21:07!2023-04-21!Futbol 11!Cancelado!0!6;123!36.6228636,-6.3599595!2.0!4!2!15:00!2023-03-28!00:00!2023-04-21!Futbol 11!Cancelado!0!7;
[12/05/2023 15:08:12] 1-123:CLI-TOURNAMENTS-ROUNDS;1
[12/05/2023 15:08:12] 1-123:SEV-TOURNAMENTS-ROUNDS;3/1/122/?/xa/?/1!4/1/Pa/?/Prueba/?/1!:5/2/?/?/?/?/1!
[12/05/2023 15:11:36] 1-123:CLI-EXIT
[12/05/2023 15:11:36] 1-123:SE HA DESCONECTADO
[12/05/2023 15:11:39] Se ha conectado un cliente
[12/05/2023 15:11:43] 0-:CLI-LOGIN;123;123;ORGANIZADOR
[12/05/2023 15:11:43] 1-123:SEV-LOGIN-OK-ORGANIZER;1;123
[12/05/2023 15:11:43] 1-123:CLI-GIVETOURNAMENTS-ORGANIZER
[12/05/2023 15:11:43] 1-123:SEV-SEND-YOUR-TOURNAMENTS;Prueba!36.4210849486101,-6.13348387670698!15.0!4!2!15:00!2023-04-04!15:00!2023-04-19!Futbol 11!Jugandose!4!1;x!36.6228636,-6.3599595!0.0!4!2!00:00!2023-06-11!00:00!2023-06-11!Voleibol Playa!Esperando Jugadores!1!9;21!36.294487399999994,-6.092790754888084!0.0!4!2!00:00!2023-05-19!00:00!2023-05-28!Futbol Sala!Esperando Jugadores!0!11;Prueba!36.4210849486101, -6.13348387670698!15.2!4!2!15:00!2023-04-04!15:00!2023-04-19!Futbol 11!Cancelado!0!2;213!36.4210849486101, -6.13348387670698!123.0!4!2!15:00!2023-04-07!12:34!2023-04-13!Futbol 11!Cancelado!0!3;123!36.63479325,-6.38725705210204!123.0!4!2!15:00!2023-04-01!11:15!2023-04-05!Futbol 11!Cancelado!0!4;Prueba!36.63479325,-6.38725705210204!12.0!4!2!14:28!2023-04-05!17:28!2023-04-12!Futbol 11!Cancelado!0!5;ADADA!36.7355451,-6.4348221!123.0!4!2!15:00!2023-04-12!21:07!2023-04-21!Futbol 11!Cancelado!0!6;123!36.6228636,-6.3599595!2.0!4!2!15:00!2023-03-28!00:00!2023-04-21!Futbol 11!Cancelado!0!7;
[12/05/2023 15:11:46] 1-123:CLI-TOURNAMENTS-ROUNDS;1
[12/05/2023 15:11:46] 1-123:SEV-TOURNAMENTS-ROUNDS;3/1/122/?/xa/?/1!4/1/Pa/?/Prueba/?/1!:5/2/?/?/?/?/1!
[12/05/2023 15:13:42] Se ha conectado un cliente
[12/05/2023 15:13:52] 0-:CLI-LOGIN;123;123;ORGANIZADOR
[12/05/2023 15:13:52] 1-123:SEV-LOGIN-OK-ORGANIZER;1;123
[12/05/2023 15:13:52] 1-123:CLI-GIVETOURNAMENTS-ORGANIZER
[12/05/2023 15:13:52] 1-123:SEV-SEND-YOUR-TOURNAMENTS;Prueba!36.4210849486101,-6.13348387670698!15.0!4!2!15:00!2023-04-04!15:00!2023-04-19!Futbol 11!Jugandose!4!1;x!36.6228636,-6.3599595!0.0!4!2!00:00!2023-06-11!00:00!2023-06-11!Voleibol Playa!Esperando Jugadores!1!9;21!36.294487399999994,-6.092790754888084!0.0!4!2!00:00!2023-05-19!00:00!2023-05-28!Futbol Sala!Esperando Jugadores!0!11;Prueba!36.4210849486101, -6.13348387670698!15.2!4!2!15:00!2023-04-04!15:00!2023-04-19!Futbol 11!Cancelado!0!2;213!36.4210849486101, -6.13348387670698!123.0!4!2!15:00!2023-04-07!12:34!2023-04-13!Futbol 11!Cancelado!0!3;123!36.63479325,-6.38725705210204!123.0!4!2!15:00!2023-04-01!11:15!2023-04-05!Futbol 11!Cancelado!0!4;Prueba!36.63479325,-6.38725705210204!12.0!4!2!14:28!2023-04-05!17:28!2023-04-12!Futbol 11!Cancelado!0!5;ADADA!36.7355451,-6.4348221!123.0!4!2!15:00!2023-04-12!21:07!2023-04-21!Futbol 11!Cancelado!0!6;123!36.6228636,-6.3599595!2.0!4!2!15:00!2023-03-28!00:00!2023-04-21!Futbol 11!Cancelado!0!7;
[12/05/2023 15:13:54] 1-123:CLI-TOURNAMENTS-ROUNDS;1
[12/05/2023 15:13:54] 1-123:SEV-TOURNAMENTS-ROUNDS;3/1/122/?/xa/?/1!4/1/Pa/?/Prueba/?/1!:5/2/?/?/?/?/1!
[12/05/2023 15:14:41] Se ha conectado un cliente
[12/05/2023 15:14:46] 0-:CLI-LOGIN;123;123;ORGANIZADOR
[12/05/2023 15:14:46] 1-123:SEV-LOGIN-OK-ORGANIZER;1;123
[12/05/2023 15:14:46] 1-123:CLI-GIVETOURNAMENTS-ORGANIZER
[12/05/2023 15:14:46] 1-123:SEV-SEND-YOUR-TOURNAMENTS;Prueba!36.4210849486101,-6.13348387670698!15.0!4!2!15:00!2023-04-04!15:00!2023-04-19!Futbol 11!Jugandose!4!1;x!36.6228636,-6.3599595!0.0!4!2!00:00!2023-06-11!00:00!2023-06-11!Voleibol Playa!Esperando Jugadores!1!9;21!36.294487399999994,-6.092790754888084!0.0!4!2!00:00!2023-05-19!00:00!2023-05-28!Futbol Sala!Esperando Jugadores!0!11;Prueba!36.4210849486101, -6.13348387670698!15.2!4!2!15:00!2023-04-04!15:00!2023-04-19!Futbol 11!Cancelado!0!2;213!36.4210849486101, -6.13348387670698!123.0!4!2!15:00!2023-04-07!12:34!2023-04-13!Futbol 11!Cancelado!0!3;123!36.63479325,-6.38725705210204!123.0!4!2!15:00!2023-04-01!11:15!2023-04-05!Futbol 11!Cancelado!0!4;Prueba!36.63479325,-6.38725705210204!12.0!4!2!14:28!2023-04-05!17:28!2023-04-12!Futbol 11!Cancelado!0!5;ADADA!36.7355451,-6.4348221!123.0!4!2!15:00!2023-04-12!21:07!2023-04-21!Futbol 11!Cancelado!0!6;123!36.6228636,-6.3599595!2.0!4!2!15:00!2023-03-28!00:00!2023-04-21!Futbol 11!Cancelado!0!7;
[12/05/2023 15:14:49] 1-123:CLI-TOURNAMENTS-ROUNDS;1
[12/05/2023 15:14:49] 1-123:SEV-TOURNAMENTS-ROUNDS;3/1/122/?/xa/?/1!4/1/Pa/?/Prueba/?/1!:5/2/?/?/?/?/1!
[12/05/2023 15:15:37] 1-123:CLI-EXIT
[12/05/2023 15:15:37] 1-123:SE HA DESCONECTADO
[12/05/2023 15:15:39] 1-123:CLI-EXIT
[12/05/2023 15:15:39] 1-123:SE HA DESCONECTADO
[12/05/2023 15:15:40] 1-123:CLI-EXIT
[12/05/2023 15:15:40] 1-123:SE HA DESCONECTADO
[12/05/2023 15:15:43] Se ha conectado un cliente
[12/05/2023 15:15:47] 0-:CLI-LOGIN;123;123;ORGANIZADOR
[12/05/2023 15:15:47] 1-123:SEV-LOGIN-OK-ORGANIZER;1;123
[12/05/2023 15:15:47] 1-123:CLI-GIVETOURNAMENTS-ORGANIZER
[12/05/2023 15:15:47] 1-123:SEV-SEND-YOUR-TOURNAMENTS;Prueba!36.4210849486101,-6.13348387670698!15.0!4!2!15:00!2023-04-04!15:00!2023-04-19!Futbol 11!Jugandose!4!1;x!36.6228636,-6.3599595!0.0!4!2!00:00!2023-06-11!00:00!2023-06-11!Voleibol Playa!Esperando Jugadores!1!9;21!36.294487399999994,-6.092790754888084!0.0!4!2!00:00!2023-05-19!00:00!2023-05-28!Futbol Sala!Esperando Jugadores!0!11;Prueba!36.4210849486101, -6.13348387670698!15.2!4!2!15:00!2023-04-04!15:00!2023-04-19!Futbol 11!Cancelado!0!2;213!36.4210849486101, -6.13348387670698!123.0!4!2!15:00!2023-04-07!12:34!2023-04-13!Futbol 11!Cancelado!0!3;123!36.63479325,-6.38725705210204!123.0!4!2!15:00!2023-04-01!11:15!2023-04-05!Futbol 11!Cancelado!0!4;Prueba!36.63479325,-6.38725705210204!12.0!4!2!14:28!2023-04-05!17:28!2023-04-12!Futbol 11!Cancelado!0!5;ADADA!36.7355451,-6.4348221!123.0!4!2!15:00!2023-04-12!21:07!2023-04-21!Futbol 11!Cancelado!0!6;123!36.6228636,-6.3599595!2.0!4!2!15:00!2023-03-28!00:00!2023-04-21!Futbol 11!Cancelado!0!7;
[12/05/2023 15:15:49] 1-123:CLI-TOURNAMENTS-ROUNDS;1
[12/05/2023 15:15:50] 1-123:SEV-TOURNAMENTS-ROUNDS;3/1/122/?/xa/?/1!4/1/Pa/?/Prueba/?/1!:5/2/?/?/?/?/1!
[12/05/2023 15:16:14] Se ha conectado un cliente
[12/05/2023 15:16:18] 0-:CLI-LOGIN;123;123;ORGANIZADOR
[12/05/2023 15:16:18] 1-123:SEV-LOGIN-OK-ORGANIZER;1;123
[12/05/2023 15:16:19] 1-123:CLI-GIVETOURNAMENTS-ORGANIZER
[12/05/2023 15:16:19] 1-123:SEV-SEND-YOUR-TOURNAMENTS;Prueba!36.4210849486101,-6.13348387670698!15.0!4!2!15:00!2023-04-04!15:00!2023-04-19!Futbol 11!Jugandose!4!1;x!36.6228636,-6.3599595!0.0!4!2!00:00!2023-06-11!00:00!2023-06-11!Voleibol Playa!Esperando Jugadores!1!9;21!36.294487399999994,-6.092790754888084!0.0!4!2!00:00!2023-05-19!00:00!2023-05-28!Futbol Sala!Esperando Jugadores!0!11;Prueba!36.4210849486101, -6.13348387670698!15.2!4!2!15:00!2023-04-04!15:00!2023-04-19!Futbol 11!Cancelado!0!2;213!36.4210849486101, -6.13348387670698!123.0!4!2!15:00!2023-04-07!12:34!2023-04-13!Futbol 11!Cancelado!0!3;123!36.63479325,-6.38725705210204!123.0!4!2!15:00!2023-04-01!11:15!2023-04-05!Futbol 11!Cancelado!0!4;Prueba!36.63479325,-6.38725705210204!12.0!4!2!14:28!2023-04-05!17:28!2023-04-12!Futbol 11!Cancelado!0!5;ADADA!36.7355451,-6.4348221!123.0!4!2!15:00!2023-04-12!21:07!2023-04-21!Futbol 11!Cancelado!0!6;123!36.6228636,-6.3599595!2.0!4!2!15:00!2023-03-28!00:00!2023-04-21!Futbol 11!Cancelado!0!7;
[12/05/2023 15:16:22] 1-123:CLI-TOURNAMENTS-ROUNDS;1
[12/05/2023 15:16:22] 1-123:SEV-TOURNAMENTS-ROUNDS;3/1/122/?/xa/?/1!4/1/Pa/?/Prueba/?/1!:5/2/?/?/?/?/1!
[12/05/2023 15:16:29] 1-123:CLI-EXIT
[12/05/2023 15:16:29] 1-123:SE HA DESCONECTADO
[12/05/2023 15:19:08] Se ha conectado un cliente
[12/05/2023 15:19:12] 0-:CLI-LOGIN;123;123;ORGANIZADOR
[12/05/2023 15:19:12] 1-123:SEV-LOGIN-OK-ORGANIZER;1;123
[12/05/2023 15:19:12] 1-123:CLI-GIVETOURNAMENTS-ORGANIZER
[12/05/2023 15:19:12] 1-123:SEV-SEND-YOUR-TOURNAMENTS;Prueba!36.4210849486101,-6.13348387670698!15.0!4!2!15:00!2023-04-04!15:00!2023-04-19!Futbol 11!Jugandose!4!1;x!36.6228636,-6.3599595!0.0!4!2!00:00!2023-06-11!00:00!2023-06-11!Voleibol Playa!Esperando Jugadores!1!9;21!36.294487399999994,-6.092790754888084!0.0!4!2!00:00!2023-05-19!00:00!2023-05-28!Futbol Sala!Esperando Jugadores!0!11;Prueba!36.4210849486101, -6.13348387670698!15.2!4!2!15:00!2023-04-04!15:00!2023-04-19!Futbol 11!Cancelado!0!2;213!36.4210849486101, -6.13348387670698!123.0!4!2!15:00!2023-04-07!12:34!2023-04-13!Futbol 11!Cancelado!0!3;123!36.63479325,-6.38725705210204!123.0!4!2!15:00!2023-04-01!11:15!2023-04-05!Futbol 11!Cancelado!0!4;Prueba!36.63479325,-6.38725705210204!12.0!4!2!14:28!2023-04-05!17:28!2023-04-12!Futbol 11!Cancelado!0!5;ADADA!36.7355451,-6.4348221!123.0!4!2!15:00!2023-04-12!21:07!2023-04-21!Futbol 11!Cancelado!0!6;123!36.6228636,-6.3599595!2.0!4!2!15:00!2023-03-28!00:00!2023-04-21!Futbol 11!Cancelado!0!7;
[12/05/2023 15:19:14] 1-123:CLI-TOURNAMENTS-ROUNDS;1
[12/05/2023 15:19:14] 1-123:SEV-TOURNAMENTS-ROUNDS;3/1/122/?/xa/?/1!4/1/Pa/?/Prueba/?/1!:5/2/?/?/?/?/1!
[12/05/2023 15:19:15] 1-123:CLI-TEAMSTOURNAMENT;0
[12/05/2023 15:19:15] 1-123:SEV-YOURTEAMSTOURNAMENT;
[12/05/2023 15:19:25] 1-123:CLI-EXIT
[12/05/2023 15:19:25] 1-123:SE HA DESCONECTADO
