---- [10/05/2023 10:05:43] SERVIDOR INICIADO ----
[10/05/2023 10:06:25] 0-:CLI-LOGIN;x;1;USUARIO
[10/05/2023 10:06:26] 0-:SER-LOGIN-ERROR-USER
[10/05/2023 10:06:36] 0-:CLI-LOGIN;x;1;USUARIO
[10/05/2023 10:06:36] 0-:SER-LOGIN-ERROR-USER
[10/05/2023 10:07:14] 0-:CLI-LOGIN;x;1;USUARIO
[10/05/2023 10:07:16] 14-x:SEV-LOGIN-OK-USER;14;x
[10/05/2023 10:07:27] 14-x:CLI-TOURNAMENTS-USER
[10/05/2023 10:07:27] 14-x:SEV-TOURNAMENTS-USER-OK;Prueba!36.4210849486101, -6.13348387670698!15.2!4!2!15:00!2023-04-04!15:00!2023-04-19!Futbol 11!Esperando Jugadores!1!2;
[10/05/2023 10:07:33] 14-x:CLI-TOURNAMENTS-AVAILABLE;36.6236867,-6.3601433;10
[10/05/2023 10:07:34] 14-x:SEV-TOURNAMENTS-AVAILABLE-OK;123!36.6228636,-6.3599595!2.0!4!2!0:0!2023-03-28!0:0!2023-04-21!Futbol 11!Esperando Jugadores!0!7;123!36.63479325,-6.38725705210204!123.0!4!2!123!2023-04-01!123!2023-04-05!Futbol 11!Esperando Jugadores!0!4;Prueba!36.63479325,-6.38725705210204!12.0!4!2!14:28!2023-04-05!17:28!2023-04-12!Futbol 11!Esperando Jugadores!0!5;
[10/05/2023 10:07:37] 14-x:CLI-TEAMSTOURNAMENT;5
[10/05/2023 10:07:37] 14-x:SEV-YOURTEAMSTOURNAMENT;
[10/05/2023 10:08:38] 14-x:SE HA DESCONECTADO
[10/05/2023 10:09:47] 0-:CLI-LOGIN;x;1;USUARIO
[10/05/2023 10:09:47] 14-x:SEV-LOGIN-OK-USER;14;x
[10/05/2023 10:09:49] 14-x:CLI-TOURNAMENTS-USER
[10/05/2023 10:09:49] 14-x:SEV-TOURNAMENTS-USER-OK;Prueba!36.4210849486101, -6.13348387670698!15.2!4!2!15:00!2023-04-04!15:00!2023-04-19!Futbol 11!Esperando Jugadores!1!2;
[10/05/2023 10:09:51] 14-x:CLI-TOURNAMENTS-AVAILABLE;36.6236867,-6.3601433;10
[10/05/2023 10:09:51] 14-x:SEV-TOURNAMENTS-AVAILABLE-OK;123!36.6228636,-6.3599595!2.0!4!2!0:0!2023-03-28!0:0!2023-04-21!Futbol 11!Esperando Jugadores!0!7;123!36.63479325,-6.38725705210204!123.0!4!2!123!2023-04-01!123!2023-04-05!Futbol 11!Esperando Jugadores!0!4;Prueba!36.63479325,-6.38725705210204!12.0!4!2!14:28!2023-04-05!17:28!2023-04-12!Futbol 11!Esperando Jugadores!0!5;
[10/05/2023 10:09:53] 14-x:CLI-TEAMSTOURNAMENT;4
[10/05/2023 10:09:53] 14-x:SEV-YOURTEAMSTOURNAMENT;
[10/05/2023 10:09:55] 14-x:SE HA DESCONECTADO
[10/05/2023 10:29:51] 0-:CLI-LOGIN;x;1;USUARIO
[10/05/2023 10:29:51] 14-x:SEV-LOGIN-OK-USER;14;x
[10/05/2023 10:29:54] 14-x:CLI-TOURNAMENTS-USER
[10/05/2023 10:29:54] 14-x:SEV-TOURNAMENTS-USER-OK;Prueba!36.4210849486101, -6.13348387670698!15.2!4!2!15:00!2023-04-04!15:00!2023-04-19!Futbol 11!Esperando Jugadores!1!2;
[10/05/2023 10:29:56] 14-x:CLI-TOURNAMENTS-AVAILABLE;36.6236867,-6.3601433;10
[10/05/2023 10:29:56] 14-x:SEV-TOURNAMENTS-AVAILABLE-OK;123!36.6228636,-6.3599595!2.0!4!2!0:0!2023-03-28!0:0!2023-04-21!Futbol 11!Esperando Jugadores!0!7;123!36.63479325,-6.38725705210204!123.0!4!2!123!2023-04-01!123!2023-04-05!Futbol 11!Esperando Jugadores!0!4;Prueba!36.63479325,-6.38725705210204!12.0!4!2!14:28!2023-04-05!17:28!2023-04-12!Futbol 11!Esperando Jugadores!0!5;
[10/05/2023 10:29:58] 14-x:CLI-TEAMSTOURNAMENT;7
[10/05/2023 10:29:58] 14-x:SEV-YOURTEAMSTOURNAMENT;
[10/05/2023 10:29:59] 14-x:SE HA DESCONECTADO
[10/05/2023 10:35:04] 0-:CLI-LOGIN;x;1;USUARIO
[10/05/2023 10:35:04] 14-x:SEV-LOGIN-OK-USER;14;x
[10/05/2023 10:35:07] 14-x:CLI-TOURNAMENTS-USER
[10/05/2023 10:35:07] 14-x:SEV-TOURNAMENTS-USER-OK;Prueba!36.4210849486101, -6.13348387670698!15.2!4!2!15:00!2023-04-04!15:00!2023-04-19!Futbol 11!Esperando Jugadores!1!2;
[10/05/2023 10:37:21] 14-x:CLI-TOURNAMENTS-USER
[10/05/2023 10:37:21] 14-x:SEV-TOURNAMENTS-USER-OK;Prueba!36.4210849486101, -6.13348387670698!15.2!4!2!15:00!2023-04-04!15:00!2023-04-19!Futbol 11!Esperando Jugadores!1!2;
[10/05/2023 10:38:52] 14-x:CLI-TOURNAMENTS-USER
[10/05/2023 10:38:52] 14-x:SEV-TOURNAMENTS-USER-OK;Prueba!36.4210849486101, -6.13348387670698!15.2!4!2!15:00!2023-04-04!15:00!2023-04-19!Futbol 11!Esperando Jugadores!1!2;
[10/05/2023 10:38:56] 14-x:CLI-TOURNAMENTS-USER
[10/05/2023 10:38:56] 14-x:SEV-TOURNAMENTS-USER-OK;Prueba!36.4210849486101, -6.13348387670698!15.2!4!2!15:00!2023-04-04!15:00!2023-04-19!Futbol 11!Esperando Jugadores!1!2;
[10/05/2023 10:40:23] 14-x:CLI-TOURNAMENTS-USER
[10/05/2023 10:40:24] 14-x:SEV-TOURNAMENTS-USER-OK;Prueba!36.4210849486101, -6.13348387670698!15.2!4!2!15:00!2023-04-04!15:00!2023-04-19!Futbol 11!Esperando Jugadores!1!2;
[10/05/2023 10:53:38] 14-x:SE HA DESCONECTADO
[10/05/2023 10:53:48] 0-:CLI-LOGIN;x;1;USUARIO
[10/05/2023 10:53:48] 14-x:SEV-LOGIN-OK-USER;14;x
[10/05/2023 10:53:50] 14-x:CLI-TOURNAMENTS-USER
[10/05/2023 10:53:50] 14-x:SEV-TOURNAMENTS-USER-OK;Prueba!36.4210849486101, -6.13348387670698!15.2!4!2!15:00!2023-04-04!15:00!2023-04-19!Futbol 11!Esperando Jugadores!1!2;
[10/05/2023 10:53:51] 14-x:SE HA DESCONECTADO
[10/05/2023 10:58:52] 0-:CLI-LOGIN;x;1;USUARIO
[10/05/2023 10:58:52] 14-x:SEV-LOGIN-OK-USER;14;x
[10/05/2023 10:58:55] 14-x:CLI-TOURNAMENTS-USER
[10/05/2023 10:58:55] 14-x:SEV-TOURNAMENTS-USER-OK;Prueba!36.4210849486101, -6.13348387670698!15.2!4!2!15:00!2023-04-04!15:00!2023-04-19!Futbol 11!Esperando Jugadores!1!2;
[10/05/2023 10:58:56] 14-x:SE HA DESCONECTADO
[10/05/2023 11:01:25] 0-:CLI-LOGIN;x;1;USUARIO
[10/05/2023 11:01:25] 14-x:SEV-LOGIN-OK-USER;14;x
[10/05/2023 11:02:46] 0-:CLI-LOGIN;x;1;USUARIO
[10/05/2023 11:02:46] 14-x:SEV-LOGIN-OK-USER;14;x
[10/05/2023 11:02:51] 14-x:CLI-TOURNAMENTS-USER
[10/05/2023 11:02:51] 14-x:SEV-TOURNAMENTS-USER-OK;Prueba!36.4210849486101, -6.13348387670698!15.2!4!2!15:00!2023-04-04!15:00!2023-04-19!Futbol 11!Esperando Jugadores!1!2;
[10/05/2023 11:02:58] 14-x:SE HA DESCONECTADO
[10/05/2023 11:03:15] 0-:CLI-LOGIN;x;1;USUARIO
[10/05/2023 11:03:15] 14-x:SEV-LOGIN-OK-USER;14;x
[10/05/2023 11:03:18] 14-x:CLI-TOURNAMENTS-USER
[10/05/2023 11:03:18] 14-x:SEV-TOURNAMENTS-USER-OK;Prueba!36.4210849486101, -6.13348387670698!15.2!4!2!15:00!2023-04-04!15:00!2023-04-19!Futbol 11!Esperando Jugadores!1!2;
[10/05/2023 11:03:19] 14-x:CLI-TOURNAMENTS-AVAILABLE;36.6236867,-6.3601433;10
[10/05/2023 11:03:19] 14-x:SEV-TOURNAMENTS-AVAILABLE-OK;123!36.6228636,-6.3599595!2.0!4!2!0:0!2023-03-28!0:0!2023-04-21!Futbol 11!Esperando Jugadores!0!7;123!36.63479325,-6.38725705210204!123.0!4!2!123!2023-04-01!123!2023-04-05!Futbol 11!Esperando Jugadores!0!4;Prueba!36.63479325,-6.38725705210204!12.0!4!2!14:28!2023-04-05!17:28!2023-04-12!Futbol 11!Esperando Jugadores!0!5;
[10/05/2023 11:03:20] 14-x:CLI-TEAMSTOURNAMENT;7
[10/05/2023 11:03:20] 14-x:SEV-YOURTEAMSTOURNAMENT;
[10/05/2023 11:05:52] 14-x:SE HA DESCONECTADO
[10/05/2023 11:09:17] 0-:CLI-LOGIN;x;1;USUARIO
[10/05/2023 11:09:17] 14-x:SEV-LOGIN-OK-USER;14;x
[10/05/2023 11:09:19] 14-x:CLI-TOURNAMENTS-USER
[10/05/2023 11:09:19] 14-x:SEV-TOURNAMENTS-USER-OK;Prueba!36.4210849486101, -6.13348387670698!15.2!4!2!15:00!2023-04-04!15:00!2023-04-19!Futbol 11!Esperando Jugadores!1!2;
[10/05/2023 11:09:21] 14-x:CLI-TOURNAMENTS-AVAILABLE;36.6236867,-6.3601433;10
[10/05/2023 11:09:21] 14-x:SEV-TOURNAMENTS-AVAILABLE-OK;123!36.6228636,-6.3599595!2.0!4!2!0:0!2023-03-28!0:0!2023-04-21!Futbol 11!Esperando Jugadores!0!7;123!36.63479325,-6.38725705210204!123.0!4!2!123!2023-04-01!123!2023-04-05!Futbol 11!Esperando Jugadores!0!4;Prueba!36.63479325,-6.38725705210204!12.0!4!2!14:28!2023-04-05!17:28!2023-04-12!Futbol 11!Esperando Jugadores!0!5;
[10/05/2023 11:09:22] 14-x:CLI-TEAMSTOURNAMENT;7
[10/05/2023 11:09:22] 14-x:SEV-YOURTEAMSTOURNAMENT;
[10/05/2023 11:09:23] 14-x:SE HA DESCONECTADO
[10/05/2023 11:13:25] 0-:CLI-LOGIN;x;1;USUARIO
[10/05/2023 11:13:25] 14-x:SEV-LOGIN-OK-USER;14;x
[10/05/2023 11:13:27] 14-x:CLI-TOURNAMENTS-USER
[10/05/2023 11:13:27] 14-x:SEV-TOURNAMENTS-USER-OK;Prueba!36.4210849486101, -6.13348387670698!15.2!4!2!15:00!2023-04-04!15:00!2023-04-19!Futbol 11!Esperando Jugadores!1!2;
[10/05/2023 11:13:28] 14-x:CLI-TOURNAMENTS-AVAILABLE;36.6236867,-6.3601433;10
[10/05/2023 11:13:28] 14-x:SEV-TOURNAMENTS-AVAILABLE-OK;123!36.6228636,-6.3599595!2.0!4!2!0:0!2023-03-28!0:0!2023-04-21!Futbol 11!Esperando Jugadores!0!7;123!36.63479325,-6.38725705210204!123.0!4!2!123!2023-04-01!123!2023-04-05!Futbol 11!Esperando Jugadores!0!4;Prueba!36.63479325,-6.38725705210204!12.0!4!2!14:28!2023-04-05!17:28!2023-04-12!Futbol 11!Esperando Jugadores!0!5;
[10/05/2023 11:13:34] 14-x:CLI-TEAMSTOURNAMENT;7
[10/05/2023 11:13:34] 14-x:SEV-YOURTEAMSTOURNAMENT;
[10/05/2023 11:13:35] 14-x:SE HA DESCONECTADO
[10/05/2023 11:15:20] 0-:CLI-LOGIN;x;1;USUARIO
[10/05/2023 11:15:20] 14-x:SEV-LOGIN-OK-USER;14;x
[10/05/2023 11:15:38] 14-x:CLI-TOURNAMENTS-USER
[10/05/2023 11:15:38] 14-x:SEV-TOURNAMENTS-USER-OK;Prueba!36.4210849486101, -6.13348387670698!15.2!4!2!15:00!2023-04-04!15:00!2023-04-19!Futbol 11!Esperando Jugadores!1!2;
[10/05/2023 11:15:40] 14-x:CLI-TOURNAMENTS-USER
[10/05/2023 11:15:40] 14-x:SEV-TOURNAMENTS-USER-OK;Prueba!36.4210849486101, -6.13348387670698!15.2!4!2!15:00!2023-04-04!15:00!2023-04-19!Futbol 11!Esperando Jugadores!1!2;
[10/05/2023 11:15:42] 14-x:CLI-TOURNAMENTS-AVAILABLE;36.6236867,-6.3601433;10
[10/05/2023 11:15:42] 14-x:SEV-TOURNAMENTS-AVAILABLE-OK;123!36.6228636,-6.3599595!2.0!4!2!0:0!2023-03-28!0:0!2023-04-21!Futbol 11!Esperando Jugadores!0!7;123!36.63479325,-6.38725705210204!123.0!4!2!123!2023-04-01!123!2023-04-05!Futbol 11!Esperando Jugadores!0!4;Prueba!36.63479325,-6.38725705210204!12.0!4!2!14:28!2023-04-05!17:28!2023-04-12!Futbol 11!Esperando Jugadores!0!5;
[10/05/2023 11:15:43] 14-x:CLI-TEAMSTOURNAMENT;7
[10/05/2023 11:15:43] 14-x:SEV-YOURTEAMSTOURNAMENT;
[10/05/2023 11:15:44] 14-x:SE HA DESCONECTADO
[10/05/2023 11:18:25] 0-:CLI-LOGIN;x;1;USUARIO
[10/05/2023 11:18:25] 14-x:SEV-LOGIN-OK-USER;14;x
[10/05/2023 11:18:27] 14-x:CLI-TOURNAMENTS-USER
[10/05/2023 11:18:27] 14-x:SEV-TOURNAMENTS-USER-OK;Prueba!36.4210849486101, -6.13348387670698!15.2!4!2!15:00!2023-04-04!15:00!2023-04-19!Futbol 11!Esperando Jugadores!1!2;
[10/05/2023 11:18:30] 14-x:CLI-TOURNAMENTS-USER
[10/05/2023 11:18:30] 14-x:SEV-TOURNAMENTS-USER-OK;Prueba!36.4210849486101, -6.13348387670698!15.2!4!2!15:00!2023-04-04!15:00!2023-04-19!Futbol 11!Esperando Jugadores!1!2;
[10/05/2023 11:18:31] 14-x:CLI-TOURNAMENTS-AVAILABLE;36.6236867,-6.3601433;10
[10/05/2023 11:18:31] 14-x:SEV-TOURNAMENTS-AVAILABLE-OK;123!36.6228636,-6.3599595!2.0!4!2!0:0!2023-03-28!0:0!2023-04-21!Futbol 11!Esperando Jugadores!0!7;123!36.63479325,-6.38725705210204!123.0!4!2!123!2023-04-01!123!2023-04-05!Futbol 11!Esperando Jugadores!0!4;Prueba!36.63479325,-6.38725705210204!12.0!4!2!14:28!2023-04-05!17:28!2023-04-12!Futbol 11!Esperando Jugadores!0!5;
[10/05/2023 11:18:32] 14-x:CLI-TEAMSTOURNAMENT;4
[10/05/2023 11:18:32] 14-x:SEV-YOURTEAMSTOURNAMENT;
[10/05/2023 11:18:33] 14-x:SE HA DESCONECTADO
[10/05/2023 11:20:01] 0-:CLI-LOGIN;x;1;USUARIO
[10/05/2023 11:20:02] 14-x:SEV-LOGIN-OK-USER;14;x
[10/05/2023 11:20:04] 14-x:CLI-TOURNAMENTS-USER
[10/05/2023 11:20:04] 14-x:SEV-TOURNAMENTS-USER-OK;Prueba!36.4210849486101, -6.13348387670698!15.2!4!2!15:00!2023-04-04!15:00!2023-04-19!Futbol 11!Esperando Jugadores!1!2;
[10/05/2023 11:20:06] 14-x:CLI-TOURNAMENTS-USER
[10/05/2023 11:20:06] 14-x:SEV-TOURNAMENTS-USER-OK;Prueba!36.4210849486101, -6.13348387670698!15.2!4!2!15:00!2023-04-04!15:00!2023-04-19!Futbol 11!Esperando Jugadores!1!2;
[10/05/2023 11:20:07] 14-x:CLI-TOURNAMENTS-AVAILABLE;36.6236867,-6.3601433;10
[10/05/2023 11:20:07] 14-x:SEV-TOURNAMENTS-AVAILABLE-OK;123!36.6228636,-6.3599595!2.0!4!2!0:0!2023-03-28!0:0!2023-04-21!Futbol 11!Esperando Jugadores!0!7;123!36.63479325,-6.38725705210204!123.0!4!2!123!2023-04-01!123!2023-04-05!Futbol 11!Esperando Jugadores!0!4;Prueba!36.63479325,-6.38725705210204!12.0!4!2!14:28!2023-04-05!17:28!2023-04-12!Futbol 11!Esperando Jugadores!0!5;
[10/05/2023 11:20:08] 14-x:CLI-TEAMSTOURNAMENT;7
[10/05/2023 11:20:08] 14-x:SEV-YOURTEAMSTOURNAMENT;
[10/05/2023 11:20:19] 14-x:SE HA DESCONECTADO
[10/05/2023 11:20:45] 0-:CLI-LOGIN;x;1;USUARIO
[10/05/2023 11:20:45] 14-x:SEV-LOGIN-OK-USER;14;x
[10/05/2023 11:20:47] 14-x:CLI-TOURNAMENTS-USER
[10/05/2023 11:20:47] 14-x:SEV-TOURNAMENTS-USER-OK;Prueba!36.4210849486101, -6.13348387670698!15.2!4!2!15:00!2023-04-04!15:00!2023-04-19!Futbol 11!Esperando Jugadores!1!2;
[10/05/2023 11:20:50] 14-x:CLI-TOURNAMENTS-USER
[10/05/2023 11:20:50] 14-x:SEV-TOURNAMENTS-USER-OK;Prueba!36.4210849486101, -6.13348387670698!15.2!4!2!15:00!2023-04-04!15:00!2023-04-19!Futbol 11!Esperando Jugadores!1!2;
[10/05/2023 11:20:52] 14-x:CLI-TOURNAMENTS-AVAILABLE;36.6236867,-6.3601433;10
[10/05/2023 11:20:52] 14-x:SEV-TOURNAMENTS-AVAILABLE-OK;123!36.6228636,-6.3599595!2.0!4!2!0:0!2023-03-28!0:0!2023-04-21!Futbol 11!Esperando Jugadores!0!7;123!36.63479325,-6.38725705210204!123.0!4!2!123!2023-04-01!123!2023-04-05!Futbol 11!Esperando Jugadores!0!4;Prueba!36.63479325,-6.38725705210204!12.0!4!2!14:28!2023-04-05!17:28!2023-04-12!Futbol 11!Esperando Jugadores!0!5;
[10/05/2023 11:20:57] 14-x:CLI-TEAMSTOURNAMENT;5
[10/05/2023 11:20:57] 14-x:SEV-YOURTEAMSTOURNAMENT;
[10/05/2023 11:21:01] 14-x:CLI-TOURNAMENTS-AVAILABLE;36.6236867,-6.3601433;10
[10/05/2023 11:21:01] 14-x:SEV-TOURNAMENTS-AVAILABLE-OK;123!36.6228636,-6.3599595!2.0!4!2!0:0!2023-03-28!0:0!2023-04-21!Futbol 11!Esperando Jugadores!0!7;123!36.63479325,-6.38725705210204!123.0!4!2!123!2023-04-01!123!2023-04-05!Futbol 11!Esperando Jugadores!0!4;Prueba!36.63479325,-6.38725705210204!12.0!4!2!14:28!2023-04-05!17:28!2023-04-12!Futbol 11!Esperando Jugadores!0!5;
[10/05/2023 11:21:03] 14-x:CLI-TOURNAMENTS-AVAILABLE;36.6236867,-6.3601433;100
[10/05/2023 11:21:03] 14-x:SEV-TOURNAMENTS-AVAILABLE-OK;123!36.6228636,-6.3599595!2.0!4!2!0:0!2023-03-28!0:0!2023-04-21!Futbol 11!Esperando Jugadores!0!7;123!36.63479325,-6.38725705210204!123.0!4!2!123!2023-04-01!123!2023-04-05!Futbol 11!Esperando Jugadores!0!4;Prueba!36.63479325,-6.38725705210204!12.0!4!2!14:28!2023-04-05!17:28!2023-04-12!Futbol 11!Esperando Jugadores!0!5;ADADA!36.7355451,-6.4348221!123.0!4!2!3:13!2023-04-12!21:7!2023-04-21!Futbol 11!Esperando Jugadores!0!6;Prueba!36.4210849486101,-6.13348387670698!15.0!4!2!15:00!2023-04-04!15:00!2023-04-19!Futbol 11!Esperando Jugadores!0!1;Prueba!36.4210849486101, -6.13348387670698!15.2!4!2!15:00!2023-04-04!15:00!2023-04-19!Futbol 11!Esperando Jugadores!1!2;213!36.4210849486101, -6.13348387670698!123.0!4!2!123!2023-04-07!213!2023-04-13!Futbol 11!Esperando Jugadores!0!3;
[10/05/2023 11:21:04] 14-x:CLI-TEAMSTOURNAMENT;2
[10/05/2023 11:21:05] 14-x:SEV-YOURTEAMSTOURNAMENT;Prueba:x:Futbol 7;
[10/05/2023 11:21:07] 14-x:CLI-TOURNAMENTS-AVAILABLE;36.6236867,-6.3601433;100
[10/05/2023 11:21:07] 14-x:SEV-TOURNAMENTS-AVAILABLE-OK;123!36.6228636,-6.3599595!2.0!4!2!0:0!2023-03-28!0:0!2023-04-21!Futbol 11!Esperando Jugadores!0!7;123!36.63479325,-6.38725705210204!123.0!4!2!123!2023-04-01!123!2023-04-05!Futbol 11!Esperando Jugadores!0!4;Prueba!36.63479325,-6.38725705210204!12.0!4!2!14:28!2023-04-05!17:28!2023-04-12!Futbol 11!Esperando Jugadores!0!5;ADADA!36.7355451,-6.4348221!123.0!4!2!3:13!2023-04-12!21:7!2023-04-21!Futbol 11!Esperando Jugadores!0!6;Prueba!36.4210849486101,-6.13348387670698!15.0!4!2!15:00!2023-04-04!15:00!2023-04-19!Futbol 11!Esperando Jugadores!0!1;Prueba!36.4210849486101, -6.13348387670698!15.2!4!2!15:00!2023-04-04!15:00!2023-04-19!Futbol 11!Esperando Jugadores!1!2;213!36.4210849486101, -6.13348387670698!123.0!4!2!123!2023-04-07!213!2023-04-13!Futbol 11!Esperando Jugadores!0!3;
[10/05/2023 11:21:07] 14-x:CLI-TOURNAMENTS-AVAILABLE;36.6236867,-6.3601433;100
[10/05/2023 11:21:07] 14-x:SEV-TOURNAMENTS-AVAILABLE-OK;123!36.6228636,-6.3599595!2.0!4!2!0:0!2023-03-28!0:0!2023-04-21!Futbol 11!Esperando Jugadores!0!7;123!36.63479325,-6.38725705210204!123.0!4!2!123!2023-04-01!123!2023-04-05!Futbol 11!Esperando Jugadores!0!4;Prueba!36.63479325,-6.38725705210204!12.0!4!2!14:28!2023-04-05!17:28!2023-04-12!Futbol 11!Esperando Jugadores!0!5;ADADA!36.7355451,-6.4348221!123.0!4!2!3:13!2023-04-12!21:7!2023-04-21!Futbol 11!Esperando Jugadores!0!6;Prueba!36.4210849486101,-6.13348387670698!15.0!4!2!15:00!2023-04-04!15:00!2023-04-19!Futbol 11!Esperando Jugadores!0!1;Prueba!36.4210849486101, -6.13348387670698!15.2!4!2!15:00!2023-04-04!15:00!2023-04-19!Futbol 11!Esperando Jugadores!1!2;213!36.4210849486101, -6.13348387670698!123.0!4!2!123!2023-04-07!213!2023-04-13!Futbol 11!Esperando Jugadores!0!3;
[10/05/2023 11:21:08] 14-x:SE HA DESCONECTADO
[10/05/2023 11:24:24] 0-:CLI-LOGIN;x;1;USUARIO
[10/05/2023 11:24:24] 14-x:SEV-LOGIN-OK-USER;14;x
[10/05/2023 11:24:27] 14-x:CLI-TOURNAMENTS-USER
[10/05/2023 11:24:27] 14-x:SEV-TOURNAMENTS-USER-OK;Prueba!36.4210849486101, -6.13348387670698!15.2!4!2!15:00!2023-04-04!15:00!2023-04-19!Futbol 11!Esperando Jugadores!1!2;
[10/05/2023 11:24:28] 14-x:SE HA DESCONECTADO
[10/05/2023 11:34:20] 0-:CLI-LOGIN;x;1;USUARIO
[10/05/2023 11:34:21] 14-x:SEV-LOGIN-OK-USER;14;x
[10/05/2023 11:34:23] 14-x:CLI-TOURNAMENTS-USER
[10/05/2023 11:34:23] 14-x:SEV-TOURNAMENTS-USER-OK;Prueba!36.4210849486101, -6.13348387670698!15.2!4!2!15:00!2023-04-04!15:00!2023-04-19!Futbol 11!Esperando Jugadores!1!2;
[10/05/2023 11:34:25] 14-x:CLI-TOURNAMENTS-USER
[10/05/2023 11:34:25] 14-x:SEV-TOURNAMENTS-USER-OK;Prueba!36.4210849486101, -6.13348387670698!15.2!4!2!15:00!2023-04-04!15:00!2023-04-19!Futbol 11!Esperando Jugadores!1!2;
[10/05/2023 11:34:32] 14-x:CLI-TOURNAMENTS-AVAILABLE;36.6236867,-6.3601433;10
[10/05/2023 11:34:32] 14-x:SEV-TOURNAMENTS-AVAILABLE-OK;123!36.6228636,-6.3599595!2.0!4!2!0:0!2023-03-28!0:0!2023-04-21!Futbol 11!Esperando Jugadores!0!7;123!36.63479325,-6.38725705210204!123.0!4!2!123!2023-04-01!123!2023-04-05!Futbol 11!Esperando Jugadores!0!4;Prueba!36.63479325,-6.38725705210204!12.0!4!2!14:28!2023-04-05!17:28!2023-04-12!Futbol 11!Esperando Jugadores!0!5;
[10/05/2023 11:34:32] 14-x:CLI-TEAMSTOURNAMENT;7
[10/05/2023 11:34:32] 14-x:SEV-YOURTEAMSTOURNAMENT;
[10/05/2023 11:34:33] 14-x:SE HA DESCONECTADO
[10/05/2023 11:35:43] 0-:CLI-LOGIN;x;1;USUARIO
[10/05/2023 11:35:43] 14-x:SEV-LOGIN-OK-USER;14;x
[10/05/2023 11:35:47] 14-x:CLI-LOGOUT
[10/05/2023 11:35:47] 0-:SEV-LOGOUT-OK
[10/05/2023 11:35:48] 0-:CLI-LOGIN;x;1;USUARIO
[10/05/2023 11:35:48] 14-x:SEV-LOGIN-OK-USER;14;x
[10/05/2023 11:35:50] 14-x:CLI-TOURNAMENTS-USER
[10/05/2023 11:35:50] 14-x:SEV-TOURNAMENTS-USER-OK;Prueba!36.4210849486101, -6.13348387670698!15.2!4!2!15:00!2023-04-04!15:00!2023-04-19!Futbol 11!Esperando Jugadores!1!2;
[10/05/2023 11:35:51] 14-x:CLI-TOURNAMENTS-AVAILABLE;36.6236867,-6.3601433;10
[10/05/2023 11:35:52] 14-x:SEV-TOURNAMENTS-AVAILABLE-OK;123!36.6228636,-6.3599595!2.0!4!2!0:0!2023-03-28!0:0!2023-04-21!Futbol 11!Esperando Jugadores!0!7;123!36.63479325,-6.38725705210204!123.0!4!2!123!2023-04-01!123!2023-04-05!Futbol 11!Esperando Jugadores!0!4;Prueba!36.63479325,-6.38725705210204!12.0!4!2!14:28!2023-04-05!17:28!2023-04-12!Futbol 11!Esperando Jugadores!0!5;
[10/05/2023 11:35:53] 14-x:CLI-TEAMSTOURNAMENT;4
[10/05/2023 11:35:53] 14-x:SEV-YOURTEAMSTOURNAMENT;
[10/05/2023 11:35:58] 14-x:SE HA DESCONECTADO
[10/05/2023 11:54:21] 14-x:SE HA DESCONECTADO
[10/05/2023 11:57:16] 0-:CLI-LOGIN;x;1;USUARIO
[10/05/2023 11:57:16] 14-x:SEV-LOGIN-OK-USER;14;x
[10/05/2023 11:57:18] 14-x:CLI-TOURNAMENTS-USER
[10/05/2023 11:57:18] 14-x:SEV-TOURNAMENTS-USER-OK;Prueba!36.4210849486101, -6.13348387670698!15.2!4!2!15:00!2023-04-04!15:00!2023-04-19!Futbol 11!Esperando Jugadores!1!2;
[10/05/2023 11:57:31] 14-x:CLI-TOURNAMENTS-USER
[10/05/2023 11:57:31] 14-x:SEV-TOURNAMENTS-USER-OK;Prueba!36.4210849486101, -6.13348387670698!15.2!4!2!15:00!2023-04-04!15:00!2023-04-19!Futbol 11!Esperando Jugadores!1!2;
[10/05/2023 11:57:34] 14-x:CLI-TOURNAMENTS-AVAILABLE;36.6236867,-6.3601433;10
[10/05/2023 11:57:35] 14-x:SEV-TOURNAMENTS-AVAILABLE-OK;123!36.6228636,-6.3599595!2.0!4!2!0:0!2023-03-28!0:0!2023-04-21!Futbol 11!Esperando Jugadores!0!7;123!36.63479325,-6.38725705210204!123.0!4!2!123!2023-04-01!123!2023-04-05!Futbol 11!Esperando Jugadores!0!4;Prueba!36.63479325,-6.38725705210204!12.0!4!2!14:28!2023-04-05!17:28!2023-04-12!Futbol 11!Esperando Jugadores!0!5;
[10/05/2023 11:57:36] 14-x:CLI-TEAMSTOURNAMENT;4
[10/05/2023 11:57:36] 14-x:SEV-YOURTEAMSTOURNAMENT;
[10/05/2023 11:57:37] 14-x:SE HA DESCONECTADO
[10/05/2023 12:00:15] 0-:CLI-LOGIN;x;1;USUARIO
[10/05/2023 12:00:16] 14-x:SEV-LOGIN-OK-USER;14;x
[10/05/2023 12:00:19] 14-x:CLI-TOURNAMENTS-USER
[10/05/2023 12:00:19] 14-x:SEV-TOURNAMENTS-USER-OK;Prueba!36.4210849486101, -6.13348387670698!15.2!4!2!15:00!2023-04-04!15:00!2023-04-19!Futbol 11!Esperando Jugadores!1!2;
[10/05/2023 12:01:17] 14-x:SE HA DESCONECTADO
[10/05/2023 12:06:33] 0-:CLI-LOGIN;x;1;USUARIO
[10/05/2023 12:06:33] 14-x:SEV-LOGIN-OK-USER;14;x
[10/05/2023 12:06:35] 14-x:CLI-TOURNAMENTS-USER
[10/05/2023 12:06:36] 14-x:SEV-TOURNAMENTS-USER-OK;Prueba!36.4210849486101, -6.13348387670698!15.2!4!2!15:00!2023-04-04!15:00!2023-04-19!Futbol 11!Esperando Jugadores!1!2;
[10/05/2023 12:06:39] 14-x:CLI-TOURNAMENTS-USER
[10/05/2023 12:06:39] 14-x:SEV-TOURNAMENTS-USER-OK;Prueba!36.4210849486101, -6.13348387670698!15.2!4!2!15:00!2023-04-04!15:00!2023-04-19!Futbol 11!Esperando Jugadores!1!2;
[10/05/2023 12:06:41] 14-x:CLI-TOURNAMENTS-AVAILABLE;36.6236867,-6.3601433;10
[10/05/2023 12:06:41] 14-x:SEV-TOURNAMENTS-AVAILABLE-OK;123!36.6228636,-6.3599595!2.0!4!2!0:0!2023-03-28!0:0!2023-04-21!Futbol 11!Esperando Jugadores!0!7;123!36.63479325,-6.38725705210204!123.0!4!2!123!2023-04-01!123!2023-04-05!Futbol 11!Esperando Jugadores!0!4;Prueba!36.63479325,-6.38725705210204!12.0!4!2!14:28!2023-04-05!17:28!2023-04-12!Futbol 11!Esperando Jugadores!0!5;
[10/05/2023 12:06:42] 14-x:CLI-TEAMSTOURNAMENT;4
[10/05/2023 12:06:42] 14-x:SEV-YOURTEAMSTOURNAMENT;
[10/05/2023 12:06:43] 14-x:SE HA DESCONECTADO
[10/05/2023 12:07:52] 0-:CLI-LOGIN;x;1;USUARIO
[10/05/2023 12:07:52] 14-x:SEV-LOGIN-OK-USER;14;x
[10/05/2023 12:07:54] 14-x:CLI-TOURNAMENTS-USER
[10/05/2023 12:07:54] 14-x:SEV-TOURNAMENTS-USER-OK;Prueba!36.4210849486101, -6.13348387670698!15.2!4!2!15:00!2023-04-04!15:00!2023-04-19!Futbol 11!Esperando Jugadores!1!2;
[10/05/2023 12:07:57] 14-x:CLI-TOURNAMENTS-USER
[10/05/2023 12:07:57] 14-x:SEV-TOURNAMENTS-USER-OK;Prueba!36.4210849486101, -6.13348387670698!15.2!4!2!15:00!2023-04-04!15:00!2023-04-19!Futbol 11!Esperando Jugadores!1!2;
[10/05/2023 12:07:58] 14-x:CLI-TOURNAMENTS-AVAILABLE;36.6236867,-6.3601433;10
[10/05/2023 12:07:58] 14-x:SEV-TOURNAMENTS-AVAILABLE-OK;123!36.6228636,-6.3599595!2.0!4!2!0:0!2023-03-28!0:0!2023-04-21!Futbol 11!Esperando Jugadores!0!7;123!36.63479325,-6.38725705210204!123.0!4!2!123!2023-04-01!123!2023-04-05!Futbol 11!Esperando Jugadores!0!4;Prueba!36.63479325,-6.38725705210204!12.0!4!2!14:28!2023-04-05!17:28!2023-04-12!Futbol 11!Esperando Jugadores!0!5;
[10/05/2023 12:07:59] 14-x:CLI-TEAMSTOURNAMENT;7
[10/05/2023 12:07:59] 14-x:SEV-YOURTEAMSTOURNAMENT;
[10/05/2023 12:08:03] 14-x:CLI-TOURNAMENTS-AVAILABLE;36.6236867,-6.3601433;10
[10/05/2023 12:08:03] 14-x:SEV-TOURNAMENTS-AVAILABLE-OK;123!36.6228636,-6.3599595!2.0!4!2!0:0!2023-03-28!0:0!2023-04-21!Futbol 11!Esperando Jugadores!0!7;123!36.63479325,-6.38725705210204!123.0!4!2!123!2023-04-01!123!2023-04-05!Futbol 11!Esperando Jugadores!0!4;Prueba!36.63479325,-6.38725705210204!12.0!4!2!14:28!2023-04-05!17:28!2023-04-12!Futbol 11!Esperando Jugadores!0!5;
[10/05/2023 12:08:04] 14-x:CLI-TOURNAMENTS-AVAILABLE;36.6236867,-6.3601433;100
[10/05/2023 12:08:04] 14-x:SEV-TOURNAMENTS-AVAILABLE-OK;123!36.6228636,-6.3599595!2.0!4!2!0:0!2023-03-28!0:0!2023-04-21!Futbol 11!Esperando Jugadores!0!7;123!36.63479325,-6.38725705210204!123.0!4!2!123!2023-04-01!123!2023-04-05!Futbol 11!Esperando Jugadores!0!4;Prueba!36.63479325,-6.38725705210204!12.0!4!2!14:28!2023-04-05!17:28!2023-04-12!Futbol 11!Esperando Jugadores!0!5;ADADA!36.7355451,-6.4348221!123.0!4!2!3:13!2023-04-12!21:7!2023-04-21!Futbol 11!Esperando Jugadores!0!6;Prueba!36.4210849486101,-6.13348387670698!15.0!4!2!15:00!2023-04-04!15:00!2023-04-19!Futbol 11!Esperando Jugadores!0!1;Prueba!36.4210849486101, -6.13348387670698!15.2!4!2!15:00!2023-04-04!15:00!2023-04-19!Futbol 11!Esperando Jugadores!1!2;213!36.4210849486101, -6.13348387670698!123.0!4!2!123!2023-04-07!213!2023-04-13!Futbol 11!Esperando Jugadores!0!3;
[10/05/2023 12:08:06] 14-x:CLI-TEAMSTOURNAMENT;2
[10/05/2023 12:08:06] 14-x:SEV-YOURTEAMSTOURNAMENT;Prueba:x:Futbol 7;
[10/05/2023 12:08:45] 14-x:SE HA DESCONECTADO
[10/05/2023 12:13:14] 0-:CLI-LOGIN;x;1;USUARIO
[10/05/2023 12:13:14] 14-x:SEV-LOGIN-OK-USER;14;x
[10/05/2023 12:13:17] 14-x:CLI-TOURNAMENTS-USER
[10/05/2023 12:13:17] 14-x:SEV-TOURNAMENTS-USER-OK;Prueba!36.4210849486101, -6.13348387670698!15.2!4!2!15:00!2023-04-04!15:00!2023-04-19!Futbol 11!Esperando Jugadores!1!2;
[10/05/2023 12:13:19] 14-x:CLI-TOURNAMENTS-USER
[10/05/2023 12:13:19] 14-x:SEV-TOURNAMENTS-USER-OK;Prueba!36.4210849486101, -6.13348387670698!15.2!4!2!15:00!2023-04-04!15:00!2023-04-19!Futbol 11!Esperando Jugadores!1!2;
[10/05/2023 12:13:21] 14-x:CLI-TOURNAMENTS-AVAILABLE;36.6236867,-6.3601433;10
[10/05/2023 12:13:21] 14-x:SEV-TOURNAMENTS-AVAILABLE-OK;123!36.6228636,-6.3599595!2.0!4!2!0:0!2023-03-28!0:0!2023-04-21!Futbol 11!Esperando Jugadores!0!7;123!36.63479325,-6.38725705210204!123.0!4!2!123!2023-04-01!123!2023-04-05!Futbol 11!Esperando Jugadores!0!4;Prueba!36.63479325,-6.38725705210204!12.0!4!2!14:28!2023-04-05!17:28!2023-04-12!Futbol 11!Esperando Jugadores!0!5;
[10/05/2023 12:13:22] 14-x:CLI-TEAMSTOURNAMENT;7
[10/05/2023 12:13:22] 14-x:SEV-YOURTEAMSTOURNAMENT;
[10/05/2023 12:13:26] 14-x:SE HA DESCONECTADO
[10/05/2023 12:15:07] 0-:CLI-LOGIN;x;1;USUARIO
[10/05/2023 12:15:07] 14-x:SEV-LOGIN-OK-USER;14;x
[10/05/2023 12:15:09] 14-x:CLI-TOURNAMENTS-USER
[10/05/2023 12:15:09] 14-x:SEV-TOURNAMENTS-USER-OK;Prueba!36.4210849486101, -6.13348387670698!15.2!4!2!15:00!2023-04-04!15:00!2023-04-19!Futbol 11!Esperando Jugadores!1!2;
[10/05/2023 12:15:15] 14-x:CLI-TOURNAMENTS-USER
[10/05/2023 12:15:15] 14-x:SEV-TOURNAMENTS-USER-OK;Prueba!36.4210849486101, -6.13348387670698!15.2!4!2!15:00!2023-04-04!15:00!2023-04-19!Futbol 11!Esperando Jugadores!1!2;
[10/05/2023 12:15:16] 14-x:CLI-TOURNAMENTS-AVAILABLE;36.6236867,-6.3601433;10
[10/05/2023 12:15:16] 14-x:SEV-TOURNAMENTS-AVAILABLE-OK;123!36.6228636,-6.3599595!2.0!4!2!0:0!2023-03-28!0:0!2023-04-21!Futbol 11!Esperando Jugadores!0!7;123!36.63479325,-6.38725705210204!123.0!4!2!123!2023-04-01!123!2023-04-05!Futbol 11!Esperando Jugadores!0!4;Prueba!36.63479325,-6.38725705210204!12.0!4!2!14:28!2023-04-05!17:28!2023-04-12!Futbol 11!Esperando Jugadores!0!5;
[10/05/2023 12:15:18] 14-x:CLI-TOURNAMENTS-AVAILABLE;36.6236867,-6.3601433;50
[10/05/2023 12:15:18] 14-x:SEV-TOURNAMENTS-AVAILABLE-OK;123!36.6228636,-6.3599595!2.0!4!2!0:0!2023-03-28!0:0!2023-04-21!Futbol 11!Esperando Jugadores!0!7;123!36.63479325,-6.38725705210204!123.0!4!2!123!2023-04-01!123!2023-04-05!Futbol 11!Esperando Jugadores!0!4;Prueba!36.63479325,-6.38725705210204!12.0!4!2!14:28!2023-04-05!17:28!2023-04-12!Futbol 11!Esperando Jugadores!0!5;ADADA!36.7355451,-6.4348221!123.0!4!2!3:13!2023-04-12!21:7!2023-04-21!Futbol 11!Esperando Jugadores!0!6;Prueba!36.4210849486101,-6.13348387670698!15.0!4!2!15:00!2023-04-04!15:00!2023-04-19!Futbol 11!Esperando Jugadores!0!1;Prueba!36.4210849486101, -6.13348387670698!15.2!4!2!15:00!2023-04-04!15:00!2023-04-19!Futbol 11!Esperando Jugadores!1!2;213!36.4210849486101, -6.13348387670698!123.0!4!2!123!2023-04-07!213!2023-04-13!Futbol 11!Esperando Jugadores!0!3;
[10/05/2023 12:15:20] 14-x:CLI-TEAMSTOURNAMENT;3
[10/05/2023 12:15:20] 14-x:SEV-YOURTEAMSTOURNAMENT;
[10/05/2023 12:15:23] 14-x:CLI-TOURNAMENTS-AVAILABLE;36.6236867,-6.3601433;50
[10/05/2023 12:15:23] 14-x:SEV-TOURNAMENTS-AVAILABLE-OK;123!36.6228636,-6.3599595!2.0!4!2!0:0!2023-03-28!0:0!2023-04-21!Futbol 11!Esperando Jugadores!0!7;123!36.63479325,-6.38725705210204!123.0!4!2!123!2023-04-01!123!2023-04-05!Futbol 11!Esperando Jugadores!0!4;Prueba!36.63479325,-6.38725705210204!12.0!4!2!14:28!2023-04-05!17:28!2023-04-12!Futbol 11!Esperando Jugadores!0!5;ADADA!36.7355451,-6.4348221!123.0!4!2!3:13!2023-04-12!21:7!2023-04-21!Futbol 11!Esperando Jugadores!0!6;Prueba!36.4210849486101,-6.13348387670698!15.0!4!2!15:00!2023-04-04!15:00!2023-04-19!Futbol 11!Esperando Jugadores!0!1;Prueba!36.4210849486101, -6.13348387670698!15.2!4!2!15:00!2023-04-04!15:00!2023-04-19!Futbol 11!Esperando Jugadores!1!2;213!36.4210849486101, -6.13348387670698!123.0!4!2!123!2023-04-07!213!2023-04-13!Futbol 11!Esperando Jugadores!0!3;
[10/05/2023 12:15:23] 14-x:CLI-TOURNAMENTS-AVAILABLE;36.6236867,-6.3601433;50
[10/05/2023 12:15:23] 14-x:SEV-TOURNAMENTS-AVAILABLE-OK;123!36.6228636,-6.3599595!2.0!4!2!0:0!2023-03-28!0:0!2023-04-21!Futbol 11!Esperando Jugadores!0!7;123!36.63479325,-6.38725705210204!123.0!4!2!123!2023-04-01!123!2023-04-05!Futbol 11!Esperando Jugadores!0!4;Prueba!36.63479325,-6.38725705210204!12.0!4!2!14:28!2023-04-05!17:28!2023-04-12!Futbol 11!Esperando Jugadores!0!5;ADADA!36.7355451,-6.4348221!123.0!4!2!3:13!2023-04-12!21:7!2023-04-21!Futbol 11!Esperando Jugadores!0!6;Prueba!36.4210849486101,-6.13348387670698!15.0!4!2!15:00!2023-04-04!15:00!2023-04-19!Futbol 11!Esperando Jugadores!0!1;Prueba!36.4210849486101, -6.13348387670698!15.2!4!2!15:00!2023-04-04!15:00!2023-04-19!Futbol 11!Esperando Jugadores!1!2;213!36.4210849486101, -6.13348387670698!123.0!4!2!123!2023-04-07!213!2023-04-13!Futbol 11!Esperando Jugadores!0!3;
[10/05/2023 12:15:26] 14-x:CLI-TEAMSTOURNAMENT;2
[10/05/2023 12:15:26] 14-x:SEV-YOURTEAMSTOURNAMENT;Prueba:x:Futbol 7;
[10/05/2023 12:15:29] 14-x:SE HA DESCONECTADO
[10/05/2023 12:24:40] 0-:CLI-LOGIN;x;1;USUARIO
[10/05/2023 12:24:40] 14-x:SEV-LOGIN-OK-USER;14;x
[10/05/2023 12:24:44] 14-x:CLI-TOURNAMENTS-USER
[10/05/2023 12:24:44] 14-x:SEV-TOURNAMENTS-USER-OK;Prueba!36.4210849486101, -6.13348387670698!15.2!4!2!15:00!2023-04-04!15:00!2023-04-19!Futbol 11!Esperando Jugadores!1!2;
[10/05/2023 12:24:47] 14-x:CLI-TOURNAMENTS-USER
[10/05/2023 12:24:47] 14-x:SEV-TOURNAMENTS-USER-OK;Prueba!36.4210849486101, -6.13348387670698!15.2!4!2!15:00!2023-04-04!15:00!2023-04-19!Futbol 11!Esperando Jugadores!1!2;
[10/05/2023 12:24:47] 14-x:CLI-TOURNAMENTS-AVAILABLE;36.6236867,-6.3601433;10
[10/05/2023 12:24:48] 14-x:SEV-TOURNAMENTS-AVAILABLE-OK;123!36.6228636,-6.3599595!2.0!4!2!0:0!2023-03-28!0:0!2023-04-21!Futbol 11!Esperando Jugadores!0!7;123!36.63479325,-6.38725705210204!123.0!4!2!123!2023-04-01!123!2023-04-05!Futbol 11!Esperando Jugadores!0!4;Prueba!36.63479325,-6.38725705210204!12.0!4!2!14:28!2023-04-05!17:28!2023-04-12!Futbol 11!Esperando Jugadores!0!5;
[10/05/2023 12:24:48] 14-x:CLI-TEAMSTOURNAMENT;4
[10/05/2023 12:24:48] 14-x:SEV-YOURTEAMSTOURNAMENT;
[10/05/2023 12:24:51] 14-x:SE HA DESCONECTADO
[10/05/2023 12:36:37] 0-:CLI-LOGIN;x;1;USUARIO
[10/05/2023 12:36:38] 14-x:SEV-LOGIN-OK-USER;14;x
[10/05/2023 12:36:41] 14-x:CLI-TOURNAMENTS-USER
[10/05/2023 12:36:42] 14-x:SEV-TOURNAMENTS-USER-OK;Prueba!36.4210849486101, -6.13348387670698!15.2!4!2!15:00!2023-04-04!15:00!2023-04-19!Futbol 11!Esperando Jugadores!1!2;
[10/05/2023 12:36:44] 14-x:CLI-TOURNAMENTS-USER
[10/05/2023 12:36:44] 14-x:SEV-TOURNAMENTS-USER-OK;Prueba!36.4210849486101, -6.13348387670698!15.2!4!2!15:00!2023-04-04!15:00!2023-04-19!Futbol 11!Esperando Jugadores!1!2;
[10/05/2023 12:36:46] 14-x:CLI-TOURNAMENTS-AVAILABLE;36.6236867,-6.3601433;10
[10/05/2023 12:36:46] 14-x:SEV-TOURNAMENTS-AVAILABLE-OK;123!36.6228636,-6.3599595!2.0!4!2!0:0!2023-03-28!0:0!2023-04-21!Futbol 11!Esperando Jugadores!0!7;123!36.63479325,-6.38725705210204!123.0!4!2!123!2023-04-01!123!2023-04-05!Futbol 11!Esperando Jugadores!0!4;Prueba!36.63479325,-6.38725705210204!12.0!4!2!14:28!2023-04-05!17:28!2023-04-12!Futbol 11!Esperando Jugadores!0!5;
[10/05/2023 12:36:47] 14-x:CLI-TEAMSTOURNAMENT;4
[10/05/2023 12:36:47] 14-x:SEV-YOURTEAMSTOURNAMENT;
[10/05/2023 12:36:54] 14-x:CLI-TOURNAMENTS-AVAILABLE;36.6236867,-6.3601433;10
[10/05/2023 12:36:54] 14-x:SEV-TOURNAMENTS-AVAILABLE-OK;123!36.6228636,-6.3599595!2.0!4!2!0:0!2023-03-28!0:0!2023-04-21!Futbol 11!Esperando Jugadores!0!7;123!36.63479325,-6.38725705210204!123.0!4!2!123!2023-04-01!123!2023-04-05!Futbol 11!Esperando Jugadores!0!4;Prueba!36.63479325,-6.38725705210204!12.0!4!2!14:28!2023-04-05!17:28!2023-04-12!Futbol 11!Esperando Jugadores!0!5;
[10/05/2023 12:36:58] 14-x:CLI-TOURNAMENTS-AVAILABLE;36.6236867,-6.3601433;100
[10/05/2023 12:36:58] 14-x:SEV-TOURNAMENTS-AVAILABLE-OK;123!36.6228636,-6.3599595!2.0!4!2!0:0!2023-03-28!0:0!2023-04-21!Futbol 11!Esperando Jugadores!0!7;123!36.63479325,-6.38725705210204!123.0!4!2!123!2023-04-01!123!2023-04-05!Futbol 11!Esperando Jugadores!0!4;Prueba!36.63479325,-6.38725705210204!12.0!4!2!14:28!2023-04-05!17:28!2023-04-12!Futbol 11!Esperando Jugadores!0!5;ADADA!36.7355451,-6.4348221!123.0!4!2!3:13!2023-04-12!21:7!2023-04-21!Futbol 11!Esperando Jugadores!0!6;Prueba!36.4210849486101,-6.13348387670698!15.0!4!2!15:00!2023-04-04!15:00!2023-04-19!Futbol 11!Esperando Jugadores!0!1;Prueba!36.4210849486101, -6.13348387670698!15.2!4!2!15:00!2023-04-04!15:00!2023-04-19!Futbol 11!Esperando Jugadores!1!2;213!36.4210849486101, -6.13348387670698!123.0!4!2!123!2023-04-07!213!2023-04-13!Futbol 11!Esperando Jugadores!0!3;
[10/05/2023 12:37:00] 14-x:CLI-TEAMSTOURNAMENT;2
[10/05/2023 12:37:00] 14-x:SEV-YOURTEAMSTOURNAMENT;Prueba:x:Futbol 7;
[10/05/2023 12:37:13] 14-x:SE HA DESCONECTADO
---- [10/05/2023 14:16:02] SERVIDOR INICIADO ----
---- [10/05/2023 14:16:38] ---- [10/05/2023 14:16:38] SERVIDOR INICIADO ---- ----
---- [10/05/2023 14:16:51] SERVIDOR INICIADO ----
[10/05/2023 14:17:00] Se ha conectado un cliente
[10/05/2023 14:17:13] 0-:ads
[10/05/2023 14:17:13] 0-:ERROR
[10/05/2023 14:17:19] Un usuario se ha desconectado de forma abrupta
---- [10/05/2023 17:28:19] Obteniendo todos los torneos pendientes a generar ----
---- [10/05/2023 17:28:20] Creado el hilo encargado de las tareas ----
---- [10/05/2023 17:28:20] Iniciado el hilo encargado de las tareas ----
Iniciando la tarea: GENERATE-FIGHT-TOURNAMENTS;4
Iniciando la tarea: GENERATE-FIGHT-TOURNAMENTS;5
Iniciando la tarea: GENERATE-FIGHT-TOURNAMENTS;3
---- [10/05/2023 17:28:20] SERVIDOR INICIADO ----
Iniciando la tarea: GENERATE-FIGHT-TOURNAMENTS;2
Iniciando la tarea: GENERATE-FIGHT-TOURNAMENTS;1
Iniciando la tarea: GENERATE-FIGHT-TOURNAMENTS;7
Durmiendo 13119 segundos hasta la próxima tarea a las: 2023-04-21T21:07
---- [10/05/2023 17:32:45] Obteniendo todos los torneos pendientes a generar ----
---- [10/05/2023 17:32:45] Creado el hilo encargado de las tareas ----
---- [10/05/2023 17:32:45] Iniciado el hilo encargado de las tareas ----
---- [10/05/2023 17:32:45] SERVIDOR INICIADO ----
[10/05/2023 17:32:45] GENERATE-FIGHT-TOURNAMENTS;4: GENERANDO ENFRENTAMIENTO DEL TORNEO
[10/05/2023 17:32:45] GENERATE-FIGHT-TOURNAMENTS;4: LOS ENFRENTAMIENTOS YA ESTABAN GENERADOS
[10/05/2023 17:32:45] GENERATE-FIGHT-TOURNAMENTS;4: FINALIZADA LA GENRACION DE ENFRENTAMIENTOS
Iniciando la tarea: GENERATE-FIGHT-TOURNAMENTS;4
[10/05/2023 17:32:45] GENERATE-FIGHT-TOURNAMENTS;5: GENERANDO ENFRENTAMIENTO DEL TORNEO
[10/05/2023 17:32:45] GENERATE-FIGHT-TOURNAMENTS;5: LOS ENFRENTAMIENTOS YA ESTABAN GENERADOS
[10/05/2023 17:32:45] GENERATE-FIGHT-TOURNAMENTS;5: FINALIZADA LA GENRACION DE ENFRENTAMIENTOS
Iniciando la tarea: GENERATE-FIGHT-TOURNAMENTS;5
[10/05/2023 17:32:45] GENERATE-FIGHT-TOURNAMENTS;3: GENERANDO ENFRENTAMIENTO DEL TORNEO
[10/05/2023 17:32:45] GENERATE-FIGHT-TOURNAMENTS;3: LOS ENFRENTAMIENTOS YA ESTABAN GENERADOS
[10/05/2023 17:32:45] GENERATE-FIGHT-TOURNAMENTS;3: FINALIZADA LA GENRACION DE ENFRENTAMIENTOS
Iniciando la tarea: GENERATE-FIGHT-TOURNAMENTS;3
[10/05/2023 17:32:45] GENERATE-FIGHT-TOURNAMENTS;2: GENERANDO ENFRENTAMIENTO DEL TORNEO
[10/05/2023 17:32:45] GENERATE-FIGHT-TOURNAMENTS;2: LOS ENFRENTAMIENTOS YA ESTABAN GENERADOS
[10/05/2023 17:32:45] GENERATE-FIGHT-TOURNAMENTS;2: FINALIZADA LA GENRACION DE ENFRENTAMIENTOS
Iniciando la tarea: GENERATE-FIGHT-TOURNAMENTS;2
[10/05/2023 17:32:45] GENERATE-FIGHT-TOURNAMENTS;1: GENERANDO ENFRENTAMIENTO DEL TORNEO
[10/05/2023 17:32:45] GENERATE-FIGHT-TOURNAMENTS;1: LOS ENFRENTAMIENTOS YA ESTABAN GENERADOS
[10/05/2023 17:32:45] GENERATE-FIGHT-TOURNAMENTS;1: FINALIZADA LA GENRACION DE ENFRENTAMIENTOS
Iniciando la tarea: GENERATE-FIGHT-TOURNAMENTS;1
[10/05/2023 17:32:45] GENERATE-FIGHT-TOURNAMENTS;7: GENERANDO ENFRENTAMIENTO DEL TORNEO
[10/05/2023 17:32:45] GENERATE-FIGHT-TOURNAMENTS;7: LOS ENFRENTAMIENTOS YA ESTABAN GENERADOS
[10/05/2023 17:32:45] GENERATE-FIGHT-TOURNAMENTS;7: FINALIZADA LA GENRACION DE ENFRENTAMIENTOS
Iniciando la tarea: GENERATE-FIGHT-TOURNAMENTS;7
[10/05/2023 17:32:45] GENERATE-FIGHT-TOURNAMENTS;6: GENERANDO ENFRENTAMIENTO DEL TORNEO
[10/05/2023 17:32:45] GENERATE-FIGHT-TOURNAMENTS;6: LOS ENFRENTAMIENTOS YA ESTABAN GENERADOS
[10/05/2023 17:32:45] GENERATE-FIGHT-TOURNAMENTS;6: FINALIZADA LA GENRACION DE ENFRENTAMIENTOS
Iniciando la tarea: GENERATE-FIGHT-TOURNAMENTS;6
---- [10/05/2023 17:34:07] Obteniendo todos los torneos pendientes a generar ----
---- [10/05/2023 17:34:08] Creado el hilo encargado de las tareas ----
---- [10/05/2023 17:34:08] Iniciado el hilo encargado de las tareas ----
---- [10/05/2023 17:34:08] SERVIDOR INICIADO ----
[10/05/2023 17:34:08] GENERATE-FIGHT-TOURNAMENTS;4: GENERANDO ENFRENTAMIENTO DEL TORNEO
[10/05/2023 17:34:08] GENERATE-FIGHT-TOURNAMENTS;4: EL ESTADO DEL TORNEO ES ESPERANDO
[10/05/2023 17:34:08] GENERATE-FIGHT-TOURNAMENTS;4: COMPROBANDO QUE CUMPLE LOS MINIMOS INSCRITOS
[10/05/2023 17:34:08] GENERATE-FIGHT-TOURNAMENTS;4: OBTENIENDO LOS EQUIPOS INSCRITOS
[10/05/2023 17:34:08] GENERATE-FIGHT-TOURNAMENTS;4: GENERANDO LAS RONDAS
[10/05/2023 17:34:08] GENERATE-FIGHT-TOURNAMENTS;4: ALMACENANDO LAS RONDAS EN LA BASE DE DATOS
[10/05/2023 17:34:08] GENERATE-FIGHT-TOURNAMENTS;4: ESTADO DEL TORNEO ESTABLECIDO EN JUGANDOSE
[10/05/2023 17:34:08] GENERATE-FIGHT-TOURNAMENTS;4: FINALIZADA LA GENRACION DE ENFRENTAMIENTOS
Iniciando la tarea: GENERATE-FIGHT-TOURNAMENTS;4
[10/05/2023 17:34:08] GENERATE-FIGHT-TOURNAMENTS;5: GENERANDO ENFRENTAMIENTO DEL TORNEO
[10/05/2023 17:34:08] GENERATE-FIGHT-TOURNAMENTS;5: LOS ENFRENTAMIENTOS YA ESTABAN GENERADOS
[10/05/2023 17:34:08] GENERATE-FIGHT-TOURNAMENTS;5: FINALIZADA LA GENRACION DE ENFRENTAMIENTOS
Iniciando la tarea: GENERATE-FIGHT-TOURNAMENTS;5
[10/05/2023 17:34:08] GENERATE-FIGHT-TOURNAMENTS;3: GENERANDO ENFRENTAMIENTO DEL TORNEO
[10/05/2023 17:34:08] GENERATE-FIGHT-TOURNAMENTS;3: LOS ENFRENTAMIENTOS YA ESTABAN GENERADOS
[10/05/2023 17:34:08] GENERATE-FIGHT-TOURNAMENTS;3: FINALIZADA LA GENRACION DE ENFRENTAMIENTOS
Iniciando la tarea: GENERATE-FIGHT-TOURNAMENTS;3
[10/05/2023 17:34:08] GENERATE-FIGHT-TOURNAMENTS;2: GENERANDO ENFRENTAMIENTO DEL TORNEO
[10/05/2023 17:34:08] GENERATE-FIGHT-TOURNAMENTS;2: LOS ENFRENTAMIENTOS YA ESTABAN GENERADOS
[10/05/2023 17:34:08] GENERATE-FIGHT-TOURNAMENTS;2: FINALIZADA LA GENRACION DE ENFRENTAMIENTOS
Iniciando la tarea: GENERATE-FIGHT-TOURNAMENTS;2
[10/05/2023 17:34:08] GENERATE-FIGHT-TOURNAMENTS;1: GENERANDO ENFRENTAMIENTO DEL TORNEO
[10/05/2023 17:34:08] GENERATE-FIGHT-TOURNAMENTS;1: LOS ENFRENTAMIENTOS YA ESTABAN GENERADOS
[10/05/2023 17:34:08] GENERATE-FIGHT-TOURNAMENTS;1: FINALIZADA LA GENRACION DE ENFRENTAMIENTOS
Iniciando la tarea: GENERATE-FIGHT-TOURNAMENTS;1
[10/05/2023 17:34:08] GENERATE-FIGHT-TOURNAMENTS;7: GENERANDO ENFRENTAMIENTO DEL TORNEO
[10/05/2023 17:34:08] GENERATE-FIGHT-TOURNAMENTS;7: LOS ENFRENTAMIENTOS YA ESTABAN GENERADOS
[10/05/2023 17:34:08] GENERATE-FIGHT-TOURNAMENTS;7: FINALIZADA LA GENRACION DE ENFRENTAMIENTOS
Iniciando la tarea: GENERATE-FIGHT-TOURNAMENTS;7
[10/05/2023 17:34:08] GENERATE-FIGHT-TOURNAMENTS;6: GENERANDO ENFRENTAMIENTO DEL TORNEO
[10/05/2023 17:34:08] GENERATE-FIGHT-TOURNAMENTS;6: LOS ENFRENTAMIENTOS YA ESTABAN GENERADOS
[10/05/2023 17:34:08] GENERATE-FIGHT-TOURNAMENTS;6: FINALIZADA LA GENRACION DE ENFRENTAMIENTOS
Iniciando la tarea: GENERATE-FIGHT-TOURNAMENTS;6
---- [10/05/2023 17:34:36] Obteniendo todos los torneos pendientes a generar ----
---- [10/05/2023 17:34:36] Creado el hilo encargado de las tareas ----
---- [10/05/2023 17:34:36] Iniciado el hilo encargado de las tareas ----
---- [10/05/2023 17:34:36] SERVIDOR INICIADO ----
[10/05/2023 17:34:36] GENERATE-FIGHT-TOURNAMENTS;4: GENERANDO ENFRENTAMIENTO DEL TORNEO
[10/05/2023 17:34:36] GENERATE-FIGHT-TOURNAMENTS;4: LOS ENFRENTAMIENTOS YA ESTABAN GENERADOS
[10/05/2023 17:34:36] GENERATE-FIGHT-TOURNAMENTS;4: FINALIZADA LA GENRACION DE ENFRENTAMIENTOS
Iniciando la tarea: GENERATE-FIGHT-TOURNAMENTS;4
[10/05/2023 17:34:36] GENERATE-FIGHT-TOURNAMENTS;5: GENERANDO ENFRENTAMIENTO DEL TORNEO
[10/05/2023 17:34:36] GENERATE-FIGHT-TOURNAMENTS;5: LOS ENFRENTAMIENTOS YA ESTABAN GENERADOS
[10/05/2023 17:34:36] GENERATE-FIGHT-TOURNAMENTS;5: FINALIZADA LA GENRACION DE ENFRENTAMIENTOS
Iniciando la tarea: GENERATE-FIGHT-TOURNAMENTS;5
[10/05/2023 17:34:36] GENERATE-FIGHT-TOURNAMENTS;3: GENERANDO ENFRENTAMIENTO DEL TORNEO
[10/05/2023 17:34:36] GENERATE-FIGHT-TOURNAMENTS;3: LOS ENFRENTAMIENTOS YA ESTABAN GENERADOS
[10/05/2023 17:34:36] GENERATE-FIGHT-TOURNAMENTS;3: FINALIZADA LA GENRACION DE ENFRENTAMIENTOS
Iniciando la tarea: GENERATE-FIGHT-TOURNAMENTS;3
[10/05/2023 17:34:36] GENERATE-FIGHT-TOURNAMENTS;1: GENERANDO ENFRENTAMIENTO DEL TORNEO
[10/05/2023 17:34:36] GENERATE-FIGHT-TOURNAMENTS;1: LOS ENFRENTAMIENTOS YA ESTABAN GENERADOS
[10/05/2023 17:34:36] GENERATE-FIGHT-TOURNAMENTS;1: FINALIZADA LA GENRACION DE ENFRENTAMIENTOS
Iniciando la tarea: GENERATE-FIGHT-TOURNAMENTS;1
[10/05/2023 17:34:36] GENERATE-FIGHT-TOURNAMENTS;7: GENERANDO ENFRENTAMIENTO DEL TORNEO
[10/05/2023 17:34:36] GENERATE-FIGHT-TOURNAMENTS;7: LOS ENFRENTAMIENTOS YA ESTABAN GENERADOS
[10/05/2023 17:34:36] GENERATE-FIGHT-TOURNAMENTS;7: FINALIZADA LA GENRACION DE ENFRENTAMIENTOS
Iniciando la tarea: GENERATE-FIGHT-TOURNAMENTS;7
[10/05/2023 17:34:36] GENERATE-FIGHT-TOURNAMENTS;6: GENERANDO ENFRENTAMIENTO DEL TORNEO
[10/05/2023 17:34:36] GENERATE-FIGHT-TOURNAMENTS;6: LOS ENFRENTAMIENTOS YA ESTABAN GENERADOS
[10/05/2023 17:34:36] GENERATE-FIGHT-TOURNAMENTS;6: FINALIZADA LA GENRACION DE ENFRENTAMIENTOS
Iniciando la tarea: GENERATE-FIGHT-TOURNAMENTS;6
---- [10/05/2023 17:38:57] Obteniendo todos los torneos pendientes a generar ----
---- [10/05/2023 17:38:57] Creado el hilo encargado de las tareas ----
---- [10/05/2023 17:38:57] Iniciado el hilo encargado de las tareas ----
---- [10/05/2023 17:38:57] SERVIDOR INICIADO ----
[10/05/2023 17:38:57] GENERATE-FIGHT-TOURNAMENTS;4: GENERANDO ENFRENTAMIENTO DEL TORNEO
[10/05/2023 17:38:57] GENERATE-FIGHT-TOURNAMENTS;4: LOS ENFRENTAMIENTOS YA ESTABAN GENERADOS
[10/05/2023 17:38:57] GENERATE-FIGHT-TOURNAMENTS;4: FINALIZADA LA GENRACION DE ENFRENTAMIENTOS
Iniciando la tarea: GENERATE-FIGHT-TOURNAMENTS;4
[10/05/2023 17:38:57] GENERATE-FIGHT-TOURNAMENTS;5: GENERANDO ENFRENTAMIENTO DEL TORNEO
[10/05/2023 17:38:57] GENERATE-FIGHT-TOURNAMENTS;5: LOS ENFRENTAMIENTOS YA ESTABAN GENERADOS
[10/05/2023 17:38:57] GENERATE-FIGHT-TOURNAMENTS;5: FINALIZADA LA GENRACION DE ENFRENTAMIENTOS
Iniciando la tarea: GENERATE-FIGHT-TOURNAMENTS;5
[10/05/2023 17:38:57] GENERATE-FIGHT-TOURNAMENTS;3: GENERANDO ENFRENTAMIENTO DEL TORNEO
[10/05/2023 17:38:57] GENERATE-FIGHT-TOURNAMENTS;3: LOS ENFRENTAMIENTOS YA ESTABAN GENERADOS
[10/05/2023 17:38:57] GENERATE-FIGHT-TOURNAMENTS;3: FINALIZADA LA GENRACION DE ENFRENTAMIENTOS
Iniciando la tarea: GENERATE-FIGHT-TOURNAMENTS;3
[10/05/2023 17:38:57] GENERATE-FIGHT-TOURNAMENTS;2: GENERANDO ENFRENTAMIENTO DEL TORNEO
[10/05/2023 17:38:57] GENERATE-FIGHT-TOURNAMENTS;2: LOS ENFRENTAMIENTOS YA ESTABAN GENERADOS
[10/05/2023 17:38:57] GENERATE-FIGHT-TOURNAMENTS;2: FINALIZADA LA GENRACION DE ENFRENTAMIENTOS
Iniciando la tarea: GENERATE-FIGHT-TOURNAMENTS;2
[10/05/2023 17:38:57] GENERATE-FIGHT-TOURNAMENTS;1: GENERANDO ENFRENTAMIENTO DEL TORNEO
[10/05/2023 17:38:57] GENERATE-FIGHT-TOURNAMENTS;1: LOS ENFRENTAMIENTOS YA ESTABAN GENERADOS
[10/05/2023 17:38:57] GENERATE-FIGHT-TOURNAMENTS;1: FINALIZADA LA GENRACION DE ENFRENTAMIENTOS
Iniciando la tarea: GENERATE-FIGHT-TOURNAMENTS;1
[10/05/2023 17:38:57] GENERATE-FIGHT-TOURNAMENTS;7: GENERANDO ENFRENTAMIENTO DEL TORNEO
[10/05/2023 17:38:57] GENERATE-FIGHT-TOURNAMENTS;7: LOS ENFRENTAMIENTOS YA ESTABAN GENERADOS
[10/05/2023 17:38:57] GENERATE-FIGHT-TOURNAMENTS;7: FINALIZADA LA GENRACION DE ENFRENTAMIENTOS
Iniciando la tarea: GENERATE-FIGHT-TOURNAMENTS;7
[10/05/2023 17:38:57] GENERATE-FIGHT-TOURNAMENTS;6: GENERANDO ENFRENTAMIENTO DEL TORNEO
[10/05/2023 17:38:57] GENERATE-FIGHT-TOURNAMENTS;6: LOS ENFRENTAMIENTOS YA ESTABAN GENERADOS
[10/05/2023 17:38:57] GENERATE-FIGHT-TOURNAMENTS;6: FINALIZADA LA GENRACION DE ENFRENTAMIENTOS
Iniciando la tarea: GENERATE-FIGHT-TOURNAMENTS;6
No hay tareas en la cola. Esperando inserccion...
---- [10/05/2023 17:39:36] Obteniendo todos los torneos pendientes a generar ----
---- [10/05/2023 17:39:37] Creado el hilo encargado de las tareas ----
---- [10/05/2023 17:39:37] Iniciado el hilo encargado de las tareas ----
---- [10/05/2023 17:39:37] SERVIDOR INICIADO ----
[10/05/2023 17:39:37] GENERATE-FIGHT-TOURNAMENTS;4: GENERANDO ENFRENTAMIENTO DEL TORNEO
[10/05/2023 17:39:37] GENERATE-FIGHT-TOURNAMENTS;4: EL ESTADO DEL TORNEO ES ESPERANDO
[10/05/2023 17:39:37] GENERATE-FIGHT-TOURNAMENTS;4: COMPROBANDO QUE CUMPLE LOS MINIMOS INSCRITOS
[10/05/2023 17:39:37] GENERATE-FIGHT-TOURNAMENTS;4: OBTENIENDO LOS EQUIPOS INSCRITOS
[10/05/2023 17:39:37] GENERATE-FIGHT-TOURNAMENTS;4: GENERANDO LAS RONDAS
[10/05/2023 17:39:37] GENERATE-FIGHT-TOURNAMENTS;4: ALMACENANDO LAS RONDAS EN LA BASE DE DATOS
[10/05/2023 17:39:37] GENERATE-FIGHT-TOURNAMENTS;4: ESTADO DEL TORNEO ESTABLECIDO EN JUGANDOSE
[10/05/2023 17:39:37] GENERATE-FIGHT-TOURNAMENTS;4: FINALIZADA LA GENRACION DE ENFRENTAMIENTOS
Iniciando la tarea: GENERATE-FIGHT-TOURNAMENTS;4
[10/05/2023 17:39:37] GENERATE-FIGHT-TOURNAMENTS;5: GENERANDO ENFRENTAMIENTO DEL TORNEO
[10/05/2023 17:39:37] GENERATE-FIGHT-TOURNAMENTS;5: LOS ENFRENTAMIENTOS YA ESTABAN GENERADOS
[10/05/2023 17:39:37] GENERATE-FIGHT-TOURNAMENTS;5: FINALIZADA LA GENRACION DE ENFRENTAMIENTOS
Iniciando la tarea: GENERATE-FIGHT-TOURNAMENTS;5
[10/05/2023 17:39:37] GENERATE-FIGHT-TOURNAMENTS;3: GENERANDO ENFRENTAMIENTO DEL TORNEO
[10/05/2023 17:39:37] GENERATE-FIGHT-TOURNAMENTS;3: LOS ENFRENTAMIENTOS YA ESTABAN GENERADOS
[10/05/2023 17:39:37] GENERATE-FIGHT-TOURNAMENTS;3: FINALIZADA LA GENRACION DE ENFRENTAMIENTOS
Iniciando la tarea: GENERATE-FIGHT-TOURNAMENTS;3
[10/05/2023 17:39:37] GENERATE-FIGHT-TOURNAMENTS;2: GENERANDO ENFRENTAMIENTO DEL TORNEO
[10/05/2023 17:39:37] GENERATE-FIGHT-TOURNAMENTS;2: LOS ENFRENTAMIENTOS YA ESTABAN GENERADOS
[10/05/2023 17:39:37] GENERATE-FIGHT-TOURNAMENTS;2: FINALIZADA LA GENRACION DE ENFRENTAMIENTOS
Iniciando la tarea: GENERATE-FIGHT-TOURNAMENTS;2
[10/05/2023 17:39:37] GENERATE-FIGHT-TOURNAMENTS;1: GENERANDO ENFRENTAMIENTO DEL TORNEO
[10/05/2023 17:39:37] GENERATE-FIGHT-TOURNAMENTS;1: LOS ENFRENTAMIENTOS YA ESTABAN GENERADOS
[10/05/2023 17:39:37] GENERATE-FIGHT-TOURNAMENTS;1: FINALIZADA LA GENRACION DE ENFRENTAMIENTOS
Iniciando la tarea: GENERATE-FIGHT-TOURNAMENTS;1
[10/05/2023 17:39:37] GENERATE-FIGHT-TOURNAMENTS;7: GENERANDO ENFRENTAMIENTO DEL TORNEO
[10/05/2023 17:39:37] GENERATE-FIGHT-TOURNAMENTS;7: LOS ENFRENTAMIENTOS YA ESTABAN GENERADOS
[10/05/2023 17:39:37] GENERATE-FIGHT-TOURNAMENTS;7: FINALIZADA LA GENRACION DE ENFRENTAMIENTOS
Iniciando la tarea: GENERATE-FIGHT-TOURNAMENTS;7
[10/05/2023 17:39:37] GENERATE-FIGHT-TOURNAMENTS;6: GENERANDO ENFRENTAMIENTO DEL TORNEO
[10/05/2023 17:39:37] GENERATE-FIGHT-TOURNAMENTS;6: LOS ENFRENTAMIENTOS YA ESTABAN GENERADOS
[10/05/2023 17:39:37] GENERATE-FIGHT-TOURNAMENTS;6: FINALIZADA LA GENRACION DE ENFRENTAMIENTOS
Iniciando la tarea: GENERATE-FIGHT-TOURNAMENTS;6
No hay tareas en la cola. Esperando inserccion...
---- [10/05/2023 17:40:23] Obteniendo todos los torneos pendientes a generar ----
---- [10/05/2023 17:40:24] Creado el hilo encargado de las tareas ----
---- [10/05/2023 17:40:24] Iniciado el hilo encargado de las tareas ----
---- [10/05/2023 17:40:24] SERVIDOR INICIADO ----
[10/05/2023 17:40:30] GENERATE-FIGHT-TOURNAMENTS;4: GENERANDO ENFRENTAMIENTO DEL TORNEO
[10/05/2023 17:41:40] GENERATE-FIGHT-TOURNAMENTS;4: EL ESTADO DEL TORNEO ES ESPERANDO
[10/05/2023 17:41:41] GENERATE-FIGHT-TOURNAMENTS;4: COMPROBANDO QUE CUMPLE LOS MINIMOS INSCRITOS
[10/05/2023 17:41:45] GENERATE-FIGHT-TOURNAMENTS;4: EL TORNEO NO HA OBTENIDO LAS INSCRIPCCIONES SUFICIENTES
[10/05/2023 17:41:46] GENERATE-FIGHT-TOURNAMENTS;4: FINALIZADA LA GENRACION DE ENFRENTAMIENTOS
Iniciando la tarea: GENERATE-FIGHT-TOURNAMENTS;4
---- [10/05/2023 17:42:07] Obteniendo todos los torneos pendientes a generar ----
---- [10/05/2023 17:42:08] Creado el hilo encargado de las tareas ----
---- [10/05/2023 17:42:08] Iniciado el hilo encargado de las tareas ----
[10/05/2023 17:42:11] GENERATE-FIGHT-TOURNAMENTS;5: GENERANDO ENFRENTAMIENTO DEL TORNEO
[10/05/2023 17:42:11] GENERATE-FIGHT-TOURNAMENTS;5: LOS ENFRENTAMIENTOS YA ESTABAN GENERADOS
[10/05/2023 17:42:11] GENERATE-FIGHT-TOURNAMENTS;5: FINALIZADA LA GENRACION DE ENFRENTAMIENTOS
Iniciando la tarea: GENERATE-FIGHT-TOURNAMENTS;5
[10/05/2023 17:42:13] GENERATE-FIGHT-TOURNAMENTS;3: GENERANDO ENFRENTAMIENTO DEL TORNEO
[10/05/2023 17:42:13] GENERATE-FIGHT-TOURNAMENTS;3: LOS ENFRENTAMIENTOS YA ESTABAN GENERADOS
[10/05/2023 17:42:13] GENERATE-FIGHT-TOURNAMENTS;3: FINALIZADA LA GENRACION DE ENFRENTAMIENTOS
Iniciando la tarea: GENERATE-FIGHT-TOURNAMENTS;3
[10/05/2023 17:42:24] GENERATE-FIGHT-TOURNAMENTS;2: GENERANDO ENFRENTAMIENTO DEL TORNEO
[10/05/2023 17:42:25] GENERATE-FIGHT-TOURNAMENTS;2: LOS ENFRENTAMIENTOS YA ESTABAN GENERADOS
[10/05/2023 17:42:25] GENERATE-FIGHT-TOURNAMENTS;2: FINALIZADA LA GENRACION DE ENFRENTAMIENTOS
Iniciando la tarea: GENERATE-FIGHT-TOURNAMENTS;2
[10/05/2023 17:42:29] GENERATE-FIGHT-TOURNAMENTS;1: GENERANDO ENFRENTAMIENTO DEL TORNEO
[10/05/2023 17:42:29] GENERATE-FIGHT-TOURNAMENTS;1: LOS ENFRENTAMIENTOS YA ESTABAN GENERADOS
[10/05/2023 17:42:29] GENERATE-FIGHT-TOURNAMENTS;1: FINALIZADA LA GENRACION DE ENFRENTAMIENTOS
Iniciando la tarea: GENERATE-FIGHT-TOURNAMENTS;1
[10/05/2023 17:42:29] GENERATE-FIGHT-TOURNAMENTS;7: GENERANDO ENFRENTAMIENTO DEL TORNEO
[10/05/2023 17:42:29] GENERATE-FIGHT-TOURNAMENTS;7: LOS ENFRENTAMIENTOS YA ESTABAN GENERADOS
[10/05/2023 17:42:29] GENERATE-FIGHT-TOURNAMENTS;7: FINALIZADA LA GENRACION DE ENFRENTAMIENTOS
Iniciando la tarea: GENERATE-FIGHT-TOURNAMENTS;7
[10/05/2023 17:42:29] GENERATE-FIGHT-TOURNAMENTS;6: GENERANDO ENFRENTAMIENTO DEL TORNEO
[10/05/2023 17:42:29] GENERATE-FIGHT-TOURNAMENTS;6: LOS ENFRENTAMIENTOS YA ESTABAN GENERADOS
[10/05/2023 17:42:29] GENERATE-FIGHT-TOURNAMENTS;6: FINALIZADA LA GENRACION DE ENFRENTAMIENTOS
Iniciando la tarea: GENERATE-FIGHT-TOURNAMENTS;6
No hay tareas en la cola. Esperando inserccion...
---- [10/05/2023 17:44:07] Obteniendo todos los torneos pendientes a generar ----
---- [10/05/2023 17:44:08] Creado el hilo encargado de las tareas ----
---- [10/05/2023 17:44:08] Iniciado el hilo encargado de las tareas ----
---- [10/05/2023 17:44:08] SERVIDOR INICIADO ----
[10/05/2023 17:44:08] GENERATE-FIGHT-TOURNAMENTS;4: GENERANDO ENFRENTAMIENTO DEL TORNEO
[10/05/2023 17:44:08] GENERATE-FIGHT-TOURNAMENTS;4: EL ESTADO DEL TORNEO ES ESPERANDO
[10/05/2023 17:44:08] GENERATE-FIGHT-TOURNAMENTS;4: COMPROBANDO QUE CUMPLE LOS MINIMOS INSCRITOS
[10/05/2023 17:44:08] GENERATE-FIGHT-TOURNAMENTS;4: EL TORNEO NO HA OBTENIDO LAS INSCRIPCCIONES SUFICIENTES
[10/05/2023 17:44:08] GENERATE-FIGHT-TOURNAMENTS;4: FINALIZADA LA GENRACION DE ENFRENTAMIENTOS
Iniciando la tarea: GENERATE-FIGHT-TOURNAMENTS;4
[10/05/2023 17:44:08] GENERATE-FIGHT-TOURNAMENTS;5: GENERANDO ENFRENTAMIENTO DEL TORNEO
[10/05/2023 17:44:08] GENERATE-FIGHT-TOURNAMENTS;5: LOS ENFRENTAMIENTOS YA ESTABAN GENERADOS
[10/05/2023 17:44:08] GENERATE-FIGHT-TOURNAMENTS;5: FINALIZADA LA GENRACION DE ENFRENTAMIENTOS
Iniciando la tarea: GENERATE-FIGHT-TOURNAMENTS;5
[10/05/2023 17:44:08] GENERATE-FIGHT-TOURNAMENTS;3: GENERANDO ENFRENTAMIENTO DEL TORNEO
[10/05/2023 17:44:08] GENERATE-FIGHT-TOURNAMENTS;3: LOS ENFRENTAMIENTOS YA ESTABAN GENERADOS
[10/05/2023 17:44:08] GENERATE-FIGHT-TOURNAMENTS;3: FINALIZADA LA GENRACION DE ENFRENTAMIENTOS
Iniciando la tarea: GENERATE-FIGHT-TOURNAMENTS;3
[10/05/2023 17:44:08] GENERATE-FIGHT-TOURNAMENTS;2: GENERANDO ENFRENTAMIENTO DEL TORNEO
[10/05/2023 17:44:08] GENERATE-FIGHT-TOURNAMENTS;2: LOS ENFRENTAMIENTOS YA ESTABAN GENERADOS
[10/05/2023 17:44:08] GENERATE-FIGHT-TOURNAMENTS;2: FINALIZADA LA GENRACION DE ENFRENTAMIENTOS
Iniciando la tarea: GENERATE-FIGHT-TOURNAMENTS;2
[10/05/2023 17:44:08] GENERATE-FIGHT-TOURNAMENTS;1: GENERANDO ENFRENTAMIENTO DEL TORNEO
[10/05/2023 17:44:08] GENERATE-FIGHT-TOURNAMENTS;1: LOS ENFRENTAMIENTOS YA ESTABAN GENERADOS
[10/05/2023 17:44:08] GENERATE-FIGHT-TOURNAMENTS;1: FINALIZADA LA GENRACION DE ENFRENTAMIENTOS
Iniciando la tarea: GENERATE-FIGHT-TOURNAMENTS;1
[10/05/2023 17:44:08] GENERATE-FIGHT-TOURNAMENTS;7: GENERANDO ENFRENTAMIENTO DEL TORNEO
[10/05/2023 17:44:08] GENERATE-FIGHT-TOURNAMENTS;7: LOS ENFRENTAMIENTOS YA ESTABAN GENERADOS
[10/05/2023 17:44:08] GENERATE-FIGHT-TOURNAMENTS;7: FINALIZADA LA GENRACION DE ENFRENTAMIENTOS
Iniciando la tarea: GENERATE-FIGHT-TOURNAMENTS;7
[10/05/2023 17:44:08] GENERATE-FIGHT-TOURNAMENTS;6: GENERANDO ENFRENTAMIENTO DEL TORNEO
[10/05/2023 17:44:08] GENERATE-FIGHT-TOURNAMENTS;6: LOS ENFRENTAMIENTOS YA ESTABAN GENERADOS
[10/05/2023 17:44:08] GENERATE-FIGHT-TOURNAMENTS;6: FINALIZADA LA GENRACION DE ENFRENTAMIENTOS
Iniciando la tarea: GENERATE-FIGHT-TOURNAMENTS;6
No hay tareas en la cola. Esperando inserccion...
---- [10/05/2023 17:45:30] Obteniendo todos los torneos pendientes a generar ----
---- [10/05/2023 17:45:31] Creado el hilo encargado de las tareas ----
---- [10/05/2023 17:45:31] Iniciado el hilo encargado de las tareas ----
---- [10/05/2023 17:45:31] SERVIDOR INICIADO ----
[10/05/2023 17:45:34] GENERATE-FIGHT-TOURNAMENTS;4: GENERANDO ENFRENTAMIENTO DEL TORNEO
[10/05/2023 17:46:25] GENERATE-FIGHT-TOURNAMENTS;4: EL ESTADO DEL TORNEO ES ESPERANDO
[10/05/2023 17:46:26] GENERATE-FIGHT-TOURNAMENTS;4: COMPROBANDO QUE CUMPLE LOS MINIMOS INSCRITOS
[10/05/2023 17:46:33] GENERATE-FIGHT-TOURNAMENTS;4: EL TORNEO NO HA OBTENIDO LAS INSCRIPCCIONES SUFICIENTES
[10/05/2023 17:46:35] GENERATE-FIGHT-TOURNAMENTS;4: FINALIZADA LA GENRACION DE ENFRENTAMIENTOS
Iniciando la tarea: GENERATE-FIGHT-TOURNAMENTS;4
---- [10/05/2023 17:47:37] Obteniendo todos los torneos pendientes a generar ----
---- [10/05/2023 17:47:38] Creado el hilo encargado de las tareas ----
---- [10/05/2023 17:47:38] Iniciado el hilo encargado de las tareas ----
---- [10/05/2023 17:47:38] SERVIDOR INICIADO ----
[10/05/2023 17:47:38] GENERATE-FIGHT-TOURNAMENTS;4: GENERANDO ENFRENTAMIENTO DEL TORNEO
[10/05/2023 17:47:38] GENERATE-FIGHT-TOURNAMENTS;4: EL ESTADO DEL TORNEO ES ESPERANDO
[10/05/2023 17:47:38] GENERATE-FIGHT-TOURNAMENTS;4: COMPROBANDO QUE CUMPLE LOS MINIMOS INSCRITOS
[10/05/2023 17:47:38] GENERATE-FIGHT-TOURNAMENTS;4: EL TORNEO NO HA OBTENIDO LAS INSCRIPCCIONES SUFICIENTES
[10/05/2023 17:47:38] GENERATE-FIGHT-TOURNAMENTS;4: FINALIZADA LA GENRACION DE ENFRENTAMIENTOS
Iniciando la tarea: GENERATE-FIGHT-TOURNAMENTS;4
[10/05/2023 17:47:38] GENERATE-FIGHT-TOURNAMENTS;5: GENERANDO ENFRENTAMIENTO DEL TORNEO
[10/05/2023 17:47:38] GENERATE-FIGHT-TOURNAMENTS;5: EL ESTADO DEL TORNEO ES ESPERANDO
[10/05/2023 17:47:38] GENERATE-FIGHT-TOURNAMENTS;5: COMPROBANDO QUE CUMPLE LOS MINIMOS INSCRITOS
[10/05/2023 17:47:38] GENERATE-FIGHT-TOURNAMENTS;5: EL TORNEO NO HA OBTENIDO LAS INSCRIPCCIONES SUFICIENTES
[10/05/2023 17:47:38] GENERATE-FIGHT-TOURNAMENTS;5: FINALIZADA LA GENRACION DE ENFRENTAMIENTOS
Iniciando la tarea: GENERATE-FIGHT-TOURNAMENTS;5
[10/05/2023 17:47:38] GENERATE-FIGHT-TOURNAMENTS;3: GENERANDO ENFRENTAMIENTO DEL TORNEO
[10/05/2023 17:47:38] GENERATE-FIGHT-TOURNAMENTS;3: EL ESTADO DEL TORNEO ES ESPERANDO
[10/05/2023 17:47:38] GENERATE-FIGHT-TOURNAMENTS;3: COMPROBANDO QUE CUMPLE LOS MINIMOS INSCRITOS
[10/05/2023 17:47:38] GENERATE-FIGHT-TOURNAMENTS;3: EL TORNEO NO HA OBTENIDO LAS INSCRIPCCIONES SUFICIENTES
[10/05/2023 17:47:38] GENERATE-FIGHT-TOURNAMENTS;3: FINALIZADA LA GENRACION DE ENFRENTAMIENTOS
Iniciando la tarea: GENERATE-FIGHT-TOURNAMENTS;3
[10/05/2023 17:47:38] GENERATE-FIGHT-TOURNAMENTS;2: GENERANDO ENFRENTAMIENTO DEL TORNEO
[10/05/2023 17:47:38] GENERATE-FIGHT-TOURNAMENTS;2: EL ESTADO DEL TORNEO ES ESPERANDO
[10/05/2023 17:47:38] GENERATE-FIGHT-TOURNAMENTS;2: COMPROBANDO QUE CUMPLE LOS MINIMOS INSCRITOS
[10/05/2023 17:47:38] GENERATE-FIGHT-TOURNAMENTS;2: EL TORNEO NO HA OBTENIDO LAS INSCRIPCCIONES SUFICIENTES
[10/05/2023 17:47:38] GENERATE-FIGHT-TOURNAMENTS;2: FINALIZADA LA GENRACION DE ENFRENTAMIENTOS
Iniciando la tarea: GENERATE-FIGHT-TOURNAMENTS;2
[10/05/2023 17:47:38] GENERATE-FIGHT-TOURNAMENTS;1: GENERANDO ENFRENTAMIENTO DEL TORNEO
[10/05/2023 17:47:38] GENERATE-FIGHT-TOURNAMENTS;1: EL ESTADO DEL TORNEO ES ESPERANDO
[10/05/2023 17:47:38] GENERATE-FIGHT-TOURNAMENTS;1: COMPROBANDO QUE CUMPLE LOS MINIMOS INSCRITOS
[10/05/2023 17:47:38] GENERATE-FIGHT-TOURNAMENTS;1: OBTENIENDO LOS EQUIPOS INSCRITOS
[10/05/2023 17:47:38] GENERATE-FIGHT-TOURNAMENTS;1: GENERANDO LAS RONDAS
[10/05/2023 17:47:38] GENERATE-FIGHT-TOURNAMENTS;1: ALMACENANDO LAS RONDAS EN LA BASE DE DATOS
[10/05/2023 17:47:38] GENERATE-FIGHT-TOURNAMENTS;1: ESTADO DEL TORNEO ESTABLECIDO EN JUGANDOSE
[10/05/2023 17:47:38] GENERATE-FIGHT-TOURNAMENTS;1: FINALIZADA LA GENRACION DE ENFRENTAMIENTOS
Iniciando la tarea: GENERATE-FIGHT-TOURNAMENTS;1
[10/05/2023 17:47:38] GENERATE-FIGHT-TOURNAMENTS;7: GENERANDO ENFRENTAMIENTO DEL TORNEO
[10/05/2023 17:47:38] GENERATE-FIGHT-TOURNAMENTS;7: EL ESTADO DEL TORNEO ES ESPERANDO
[10/05/2023 17:47:38] GENERATE-FIGHT-TOURNAMENTS;7: COMPROBANDO QUE CUMPLE LOS MINIMOS INSCRITOS
[10/05/2023 17:47:38] GENERATE-FIGHT-TOURNAMENTS;7: EL TORNEO NO HA OBTENIDO LAS INSCRIPCCIONES SUFICIENTES
[10/05/2023 17:47:38] GENERATE-FIGHT-TOURNAMENTS;7: FINALIZADA LA GENRACION DE ENFRENTAMIENTOS
Iniciando la tarea: GENERATE-FIGHT-TOURNAMENTS;7
[10/05/2023 17:47:38] GENERATE-FIGHT-TOURNAMENTS;6: GENERANDO ENFRENTAMIENTO DEL TORNEO
[10/05/2023 17:47:38] GENERATE-FIGHT-TOURNAMENTS;6: EL ESTADO DEL TORNEO ES ESPERANDO
[10/05/2023 17:47:38] GENERATE-FIGHT-TOURNAMENTS;6: COMPROBANDO QUE CUMPLE LOS MINIMOS INSCRITOS
[10/05/2023 17:47:38] GENERATE-FIGHT-TOURNAMENTS;6: EL TORNEO NO HA OBTENIDO LAS INSCRIPCCIONES SUFICIENTES
[10/05/2023 17:47:38] GENERATE-FIGHT-TOURNAMENTS;6: FINALIZADA LA GENRACION DE ENFRENTAMIENTOS
Iniciando la tarea: GENERATE-FIGHT-TOURNAMENTS;6
No hay tareas en la cola. Esperando inserccion...
---- [10/05/2023 17:48:44] Obteniendo todos los torneos pendientes a generar ----
---- [10/05/2023 17:48:44] Creado el hilo encargado de las tareas ----
---- [10/05/2023 17:48:44] Iniciado el hilo encargado de las tareas ----
---- [10/05/2023 17:48:44] SERVIDOR INICIADO ----
[10/05/2023 17:48:44] GENERATE-FIGHT-TOURNAMENTS;4: GENERANDO ENFRENTAMIENTO DEL TORNEO
[10/05/2023 17:48:44] GENERATE-FIGHT-TOURNAMENTS;4: EL ESTADO DEL TORNEO ES ESPERANDO
[10/05/2023 17:48:44] GENERATE-FIGHT-TOURNAMENTS;4: COMPROBANDO QUE CUMPLE LOS MINIMOS INSCRITOS
[10/05/2023 17:48:44] GENERATE-FIGHT-TOURNAMENTS;4: EL TORNEO NO HA OBTENIDO LAS INSCRIPCCIONES SUFICIENTES
[10/05/2023 17:48:44] GENERATE-FIGHT-TOURNAMENTS;4: FINALIZADA LA GENRACION DE ENFRENTAMIENTOS
Iniciando la tarea: GENERATE-FIGHT-TOURNAMENTS;4
[10/05/2023 17:48:44] GENERATE-FIGHT-TOURNAMENTS;5: GENERANDO ENFRENTAMIENTO DEL TORNEO
[10/05/2023 17:48:44] GENERATE-FIGHT-TOURNAMENTS;5: EL ESTADO DEL TORNEO ES ESPERANDO
[10/05/2023 17:48:44] GENERATE-FIGHT-TOURNAMENTS;5: COMPROBANDO QUE CUMPLE LOS MINIMOS INSCRITOS
[10/05/2023 17:48:44] GENERATE-FIGHT-TOURNAMENTS;5: EL TORNEO NO HA OBTENIDO LAS INSCRIPCCIONES SUFICIENTES
[10/05/2023 17:48:44] GENERATE-FIGHT-TOURNAMENTS;5: FINALIZADA LA GENRACION DE ENFRENTAMIENTOS
Iniciando la tarea: GENERATE-FIGHT-TOURNAMENTS;5
[10/05/2023 17:48:44] GENERATE-FIGHT-TOURNAMENTS;3: GENERANDO ENFRENTAMIENTO DEL TORNEO
[10/05/2023 17:48:44] GENERATE-FIGHT-TOURNAMENTS;3: EL ESTADO DEL TORNEO ES ESPERANDO
[10/05/2023 17:48:44] GENERATE-FIGHT-TOURNAMENTS;3: COMPROBANDO QUE CUMPLE LOS MINIMOS INSCRITOS
[10/05/2023 17:48:44] GENERATE-FIGHT-TOURNAMENTS;3: EL TORNEO NO HA OBTENIDO LAS INSCRIPCCIONES SUFICIENTES
[10/05/2023 17:48:44] GENERATE-FIGHT-TOURNAMENTS;3: FINALIZADA LA GENRACION DE ENFRENTAMIENTOS
Iniciando la tarea: GENERATE-FIGHT-TOURNAMENTS;3
[10/05/2023 17:48:44] GENERATE-FIGHT-TOURNAMENTS;2: GENERANDO ENFRENTAMIENTO DEL TORNEO
[10/05/2023 17:48:44] GENERATE-FIGHT-TOURNAMENTS;2: EL ESTADO DEL TORNEO ES ESPERANDO
[10/05/2023 17:48:44] GENERATE-FIGHT-TOURNAMENTS;2: COMPROBANDO QUE CUMPLE LOS MINIMOS INSCRITOS
[10/05/2023 17:48:44] GENERATE-FIGHT-TOURNAMENTS;2: EL TORNEO NO HA OBTENIDO LAS INSCRIPCCIONES SUFICIENTES
[10/05/2023 17:48:44] GENERATE-FIGHT-TOURNAMENTS;2: FINALIZADA LA GENRACION DE ENFRENTAMIENTOS
Iniciando la tarea: GENERATE-FIGHT-TOURNAMENTS;2
[10/05/2023 17:48:44] GENERATE-FIGHT-TOURNAMENTS;1: GENERANDO ENFRENTAMIENTO DEL TORNEO
[10/05/2023 17:48:44] GENERATE-FIGHT-TOURNAMENTS;1: EL ESTADO DEL TORNEO ES ESPERANDO
[10/05/2023 17:48:44] GENERATE-FIGHT-TOURNAMENTS;1: COMPROBANDO QUE CUMPLE LOS MINIMOS INSCRITOS
[10/05/2023 17:48:44] GENERATE-FIGHT-TOURNAMENTS;1: OBTENIENDO LOS EQUIPOS INSCRITOS
[10/05/2023 17:48:45] GENERATE-FIGHT-TOURNAMENTS;1: GENERANDO LAS RONDAS
[10/05/2023 17:48:45] GENERATE-FIGHT-TOURNAMENTS;1: Ronda 1:9-7
[10/05/2023 17:48:45] GENERATE-FIGHT-TOURNAMENTS;1: Ronda 1:6-1
[10/05/2023 17:48:45] GENERATE-FIGHT-TOURNAMENTS;1: Ronda 2:-
[10/05/2023 17:48:45] GENERATE-FIGHT-TOURNAMENTS;1: ALMACENANDO LAS RONDAS EN LA BASE DE DATOS
[10/05/2023 17:48:45] GENERATE-FIGHT-TOURNAMENTS;1: INSERTADO LA RONDA: 1! 9-7
[10/05/2023 17:48:45] GENERATE-FIGHT-TOURNAMENTS;1: INSERTADO LA RONDA: 1! 6-1
---- [10/05/2023 17:52:44] Obteniendo todos los torneos pendientes a generar ----
---- [10/05/2023 17:52:44] Creado el hilo encargado de las tareas ----
---- [10/05/2023 17:52:44] Iniciado el hilo encargado de las tareas ----
---- [10/05/2023 17:52:44] SERVIDOR INICIADO ----
[10/05/2023 17:52:44] GENERATE-FIGHT-TOURNAMENTS;4: GENERANDO ENFRENTAMIENTO DEL TORNEO
[10/05/2023 17:52:45] GENERATE-FIGHT-TOURNAMENTS;4: EL ESTADO DEL TORNEO ES ESPERANDO
[10/05/2023 17:52:45] GENERATE-FIGHT-TOURNAMENTS;4: COMPROBANDO QUE CUMPLE LOS MINIMOS INSCRITOS
[10/05/2023 17:52:45] GENERATE-FIGHT-TOURNAMENTS;4: EL TORNEO NO HA OBTENIDO LAS INSCRIPCCIONES SUFICIENTES
[10/05/2023 17:52:45] GENERATE-FIGHT-TOURNAMENTS;4: FINALIZADA LA GENRACION DE ENFRENTAMIENTOS
Iniciando la tarea: GENERATE-FIGHT-TOURNAMENTS;4
[10/05/2023 17:52:45] GENERATE-FIGHT-TOURNAMENTS;5: GENERANDO ENFRENTAMIENTO DEL TORNEO
[10/05/2023 17:52:45] GENERATE-FIGHT-TOURNAMENTS;5: EL ESTADO DEL TORNEO ES ESPERANDO
[10/05/2023 17:52:45] GENERATE-FIGHT-TOURNAMENTS;5: COMPROBANDO QUE CUMPLE LOS MINIMOS INSCRITOS
[10/05/2023 17:52:45] GENERATE-FIGHT-TOURNAMENTS;5: EL TORNEO NO HA OBTENIDO LAS INSCRIPCCIONES SUFICIENTES
[10/05/2023 17:52:45] GENERATE-FIGHT-TOURNAMENTS;5: FINALIZADA LA GENRACION DE ENFRENTAMIENTOS
Iniciando la tarea: GENERATE-FIGHT-TOURNAMENTS;5
[10/05/2023 17:52:45] GENERATE-FIGHT-TOURNAMENTS;3: GENERANDO ENFRENTAMIENTO DEL TORNEO
[10/05/2023 17:52:45] GENERATE-FIGHT-TOURNAMENTS;3: EL ESTADO DEL TORNEO ES ESPERANDO
[10/05/2023 17:52:45] GENERATE-FIGHT-TOURNAMENTS;3: COMPROBANDO QUE CUMPLE LOS MINIMOS INSCRITOS
[10/05/2023 17:52:45] GENERATE-FIGHT-TOURNAMENTS;3: EL TORNEO NO HA OBTENIDO LAS INSCRIPCCIONES SUFICIENTES
[10/05/2023 17:52:45] GENERATE-FIGHT-TOURNAMENTS;3: FINALIZADA LA GENRACION DE ENFRENTAMIENTOS
Iniciando la tarea: GENERATE-FIGHT-TOURNAMENTS;3
[10/05/2023 17:52:45] GENERATE-FIGHT-TOURNAMENTS;2: GENERANDO ENFRENTAMIENTO DEL TORNEO
[10/05/2023 17:52:45] GENERATE-FIGHT-TOURNAMENTS;2: EL ESTADO DEL TORNEO ES ESPERANDO
[10/05/2023 17:52:45] GENERATE-FIGHT-TOURNAMENTS;2: COMPROBANDO QUE CUMPLE LOS MINIMOS INSCRITOS
[10/05/2023 17:52:45] GENERATE-FIGHT-TOURNAMENTS;2: EL TORNEO NO HA OBTENIDO LAS INSCRIPCCIONES SUFICIENTES
[10/05/2023 17:52:45] GENERATE-FIGHT-TOURNAMENTS;2: FINALIZADA LA GENRACION DE ENFRENTAMIENTOS
Iniciando la tarea: GENERATE-FIGHT-TOURNAMENTS;2
[10/05/2023 17:52:45] GENERATE-FIGHT-TOURNAMENTS;1: GENERANDO ENFRENTAMIENTO DEL TORNEO
[10/05/2023 17:52:45] GENERATE-FIGHT-TOURNAMENTS;1: EL ESTADO DEL TORNEO ES ESPERANDO
[10/05/2023 17:52:45] GENERATE-FIGHT-TOURNAMENTS;1: COMPROBANDO QUE CUMPLE LOS MINIMOS INSCRITOS
[10/05/2023 17:52:45] GENERATE-FIGHT-TOURNAMENTS;1: OBTENIENDO LOS EQUIPOS INSCRITOS
[10/05/2023 17:52:45] GENERATE-FIGHT-TOURNAMENTS;1: GENERANDO LAS RONDAS
[10/05/2023 17:52:45] GENERATE-FIGHT-TOURNAMENTS;1: Ronda 1:9-7
[10/05/2023 17:52:45] GENERATE-FIGHT-TOURNAMENTS;1: Ronda 1:6-1
[10/05/2023 17:52:45] GENERATE-FIGHT-TOURNAMENTS;1: Ronda 2:-
[10/05/2023 17:52:45] GENERATE-FIGHT-TOURNAMENTS;1: ALMACENANDO LAS RONDAS EN LA BASE DE DATOS
[10/05/2023 17:52:45] GENERATE-FIGHT-TOURNAMENTS;1: INSERTADO LA RONDA: 1! 9-7
[10/05/2023 17:52:45] GENERATE-FIGHT-TOURNAMENTS;1: INSERTADO LA RONDA: 1! 6-1
[10/05/2023 17:52:45] GENERATE-FIGHT-TOURNAMENTS;1: INSERTADO LA RONDA: 2! -1--1
[10/05/2023 17:52:45] GENERATE-FIGHT-TOURNAMENTS;1: ESTADO DEL TORNEO ESTABLECIDO EN JUGANDOSE
[10/05/2023 17:52:45] GENERATE-FIGHT-TOURNAMENTS;1: FINALIZADA LA GENRACION DE ENFRENTAMIENTOS
Iniciando la tarea: GENERATE-FIGHT-TOURNAMENTS;1
[10/05/2023 17:52:45] GENERATE-FIGHT-TOURNAMENTS;7: GENERANDO ENFRENTAMIENTO DEL TORNEO
[10/05/2023 17:52:45] GENERATE-FIGHT-TOURNAMENTS;7: EL ESTADO DEL TORNEO ES ESPERANDO
[10/05/2023 17:52:45] GENERATE-FIGHT-TOURNAMENTS;7: COMPROBANDO QUE CUMPLE LOS MINIMOS INSCRITOS
[10/05/2023 17:52:45] GENERATE-FIGHT-TOURNAMENTS;7: EL TORNEO NO HA OBTENIDO LAS INSCRIPCCIONES SUFICIENTES
[10/05/2023 17:52:45] GENERATE-FIGHT-TOURNAMENTS;7: FINALIZADA LA GENRACION DE ENFRENTAMIENTOS
Iniciando la tarea: GENERATE-FIGHT-TOURNAMENTS;7
[10/05/2023 17:52:45] GENERATE-FIGHT-TOURNAMENTS;6: GENERANDO ENFRENTAMIENTO DEL TORNEO
[10/05/2023 17:52:45] GENERATE-FIGHT-TOURNAMENTS;6: EL ESTADO DEL TORNEO ES ESPERANDO
[10/05/2023 17:52:45] GENERATE-FIGHT-TOURNAMENTS;6: COMPROBANDO QUE CUMPLE LOS MINIMOS INSCRITOS
[10/05/2023 17:52:45] GENERATE-FIGHT-TOURNAMENTS;6: EL TORNEO NO HA OBTENIDO LAS INSCRIPCCIONES SUFICIENTES
[10/05/2023 17:52:45] GENERATE-FIGHT-TOURNAMENTS;6: FINALIZADA LA GENRACION DE ENFRENTAMIENTOS
Iniciando la tarea: GENERATE-FIGHT-TOURNAMENTS;6
No hay tareas en la cola. Esperando inserccion...
[10/05/2023 18:03:16] Se ha conectado un cliente
[10/05/2023 18:03:20] 0-:CLI-LOGIN;x;1;ORGANIZADOR
[10/05/2023 18:03:20] 14-x:SEV-LOGIN-OK-ORGANIZER;14;x
[10/05/2023 18:03:20] 14-x:CLI-GIVETOURNAMENTS-ORGANIZER
[10/05/2023 18:03:20] 14-x:SEV-SEND-YOUR-TOURNAMENTS;
[10/05/2023 18:03:24] 14-x:CLI-GIVE-SPORTS
[10/05/2023 18:03:24] 14-x:SEV-SEND-SPORTS;Futbol 11:22;Futbol 7:14;Futbol Sala:10;Voleibol:12;Voleibol Playa:4;
[10/05/2023 18:04:01] 14-x:CLI-CREATETOURNAMENT;x!36.508976,-4.88562!2!8!6!11:08!2023-06-11!06:04!2023-05-11!Futbol 11
[10/05/2023 18:04:01] 14-x:SEV-TOURNAMENT-CREATE
[10/05/2023 18:04:01] 14-x:CLI-GIVETOURNAMENTS-ORGANIZER
[10/05/2023 18:04:01] 14-x:SEV-SEND-YOUR-TOURNAMENTS;x!36.508976,-4.88562!2.0!8!6!11:08!2023-06-11!06:04!2023-05-11!Futbol 11!Esperando Jugadores!0!8;
[10/05/2023 18:04:06] 14-x:CLI-TEAMSTOURNAMENT;8
[10/05/2023 18:04:06] 14-x:SEV-YOURTEAMSTOURNAMENT;
[10/05/2023 18:04:22] 14-x:CLI-TEAMSTOURNAMENT;8
[10/05/2023 18:04:22] 14-x:SEV-YOURTEAMSTOURNAMENT;
[10/05/2023 18:04:56] 14-x:CLI-TEAMSTOURNAMENT;8
[10/05/2023 18:04:56] 14-x:SEV-YOURTEAMSTOURNAMENT;
[10/05/2023 18:04:58] 14-x:CLI-TEAMSTOURNAMENT;8
[10/05/2023 18:04:58] 14-x:SEV-YOURTEAMSTOURNAMENT;
[10/05/2023 18:04:59] 14-x:CLI-TEAMSTOURNAMENT;8
[10/05/2023 18:04:59] 14-x:SEV-YOURTEAMSTOURNAMENT;
[10/05/2023 18:05:02] 14-x:CLI-GIVELIGUES-ORGANIZER
[10/05/2023 18:05:02] 14-x:SEV-SEND-YOUR-LIGUES;
[10/05/2023 18:05:03] 14-x:CLI-GIVETOURNAMENTS-ORGANIZER
[10/05/2023 18:05:03] 14-x:SEV-SEND-YOUR-TOURNAMENTS;x!36.508976,-4.88562!2.0!8!6!11:08!2023-06-11!06:04!2023-05-11!Futbol 11!Esperando Jugadores!0!8;
[10/05/2023 18:05:05] 14-x:CLI-EXIT
[10/05/2023 18:05:05] 14-x:SE HA DESCONECTADO
---- [10/05/2023 19:32:02] Obteniendo todos los torneos pendientes a generar ----
---- [10/05/2023 19:32:03] Creado el hilo encargado de las tareas ----
---- [10/05/2023 19:32:03] Iniciado el hilo encargado de las tareas ----
---- [10/05/2023 19:32:03] SERVIDOR INICIADO ----
Durmiendo 37916 segundos hasta la próxima tarea a las: 2023-05-11T06:04
[10/05/2023 19:40:42] Se ha conectado un cliente
[10/05/2023 19:41:44] 0-:SE HA DESCONECTADO
[10/05/2023 19:42:55] Se ha conectado un cliente
[10/05/2023 19:43:13] 0-:CLI-LOGIN;x;1;USUARIO
[10/05/2023 19:43:14] 14-x:SEV-LOGIN-OK-USER;14;x
[10/05/2023 19:43:21] 14-x:CLI-TOURNAMENTS-USER
[10/05/2023 19:43:21] 14-x:SEV-TOURNAMENTS-USER-OK;
[10/05/2023 19:43:47] 14-x:CLI-TOURNAMENTS-AVAILABLE;36.6236867,-6.3601433;-1
[10/05/2023 19:43:48] 14-x:SEV-TOURNAMENTS-AVAILABLE-OK;x!36.508976,-4.88562!2.0!8!6!11:08!2023-06-11!06:04!2023-05-11!Futbol 11!Esperando Jugadores!0!8;
[10/05/2023 19:43:48] 14-x:CLI-TOURNAMENTS-AVAILABLE;36.6236867,-6.3601433;-1
[10/05/2023 19:43:48] 14-x:SEV-TOURNAMENTS-AVAILABLE-OK;x!36.508976,-4.88562!2.0!8!6!11:08!2023-06-11!06:04!2023-05-11!Futbol 11!Esperando Jugadores!0!8;
[10/05/2023 19:43:57] 14-x:CLI-TEAMSTOURNAMENT;8
[10/05/2023 19:43:57] 14-x:SEV-YOURTEAMSTOURNAMENT;
[10/05/2023 19:46:09] 14-x:SE HA DESCONECTADO
[10/05/2023 19:47:24] Se ha conectado un cliente
[10/05/2023 19:47:35] 0-:CLI-LOGIN;x;1;USUARIO
[10/05/2023 19:47:35] 14-x:SEV-LOGIN-OK-USER;14;x
[10/05/2023 19:47:42] 14-x:CLI-TOURNAMENTS-USER
[10/05/2023 19:47:42] 14-x:SEV-TOURNAMENTS-USER-OK;
[10/05/2023 19:47:45] 14-x:CLI-TOURNAMENTS-AVAILABLE;36.6236867,-6.3601433;10
[10/05/2023 19:50:10] Se ha conectado un cliente
[10/05/2023 19:50:38] 0-:CLI-LOGIN;x;1;USUARIO
[10/05/2023 19:50:38] 14-x:SEV-LOGIN-OK-USER;14;x
[10/05/2023 19:50:50] 14-x:CLI-TOURNAMENTS-USER
[10/05/2023 19:50:50] 14-x:SEV-TOURNAMENTS-USER-OK;
[10/05/2023 19:50:58] 14-x:CLI-TOURNAMENTS-AVAILABLE;36.6236867,-6.3601433;10
---- [10/05/2023 19:51:54] Obteniendo todos los torneos pendientes a generar ----
---- [10/05/2023 19:51:57] Creado el hilo encargado de las tareas ----
---- [10/05/2023 19:51:57] Iniciado el hilo encargado de las tareas ----
---- [10/05/2023 19:51:57] SERVIDOR INICIADO ----
Esperando 36722 segundos hasta la próxima tarea en: 2023-05-11T06:04
[10/05/2023 19:52:56] Se ha conectado un cliente
[10/05/2023 19:53:08] 0-:CLI-LOGIN;x;1;USUARIO
[10/05/2023 19:53:09] 14-x:SEV-LOGIN-OK-USER;14;x
[10/05/2023 19:53:16] 14-x:CLI-TOURNAMENTS-USER
[10/05/2023 19:53:16] 14-x:SEV-TOURNAMENTS-USER-OK;
[10/05/2023 19:53:18] 14-x:CLI-TOURNAMENTS-AVAILABLE;36.6236867,-6.3601433;10
[10/05/2023 19:53:18] 14-x:SEV-TOURNAMENTS-AVAILABLE-OK;
[10/05/2023 19:53:35] 14-x:CLI-TOURNAMENTS-AVAILABLE;36.6236867,-6.3601433;-1
[10/05/2023 19:53:35] 14-x:SEV-TOURNAMENTS-AVAILABLE-OK;x!36.508976,-4.88562!2.0!8!6!11:08!2023-06-11!06:04!2023-05-11!Futbol 11!Esperando Jugadores!0!8;
[10/05/2023 19:53:43] 14-x:CLI-TOURNAMENTS-AVAILABLE;36.6236867,-6.3601433;100
[10/05/2023 19:53:43] 14-x:SEV-TOURNAMENTS-AVAILABLE-OK;
[10/05/2023 19:53:45] 14-x:CLI-TOURNAMENTS-AVAILABLE;36.6236867,-6.3601433;-1
[10/05/2023 19:53:45] 14-x:SEV-TOURNAMENTS-AVAILABLE-OK;x!36.508976,-4.88562!2.0!8!6!11:08!2023-06-11!06:04!2023-05-11!Futbol 11!Esperando Jugadores!0!8;
[10/05/2023 19:53:46] 14-x:CLI-TOURNAMENTS-AVAILABLE;36.6236867,-6.3601433;50
[10/05/2023 19:53:46] 14-x:SEV-TOURNAMENTS-AVAILABLE-OK;
[10/05/2023 19:53:48] 14-x:CLI-TOURNAMENTS-AVAILABLE;36.6236867,-6.3601433;100
[10/05/2023 19:53:48] 14-x:SEV-TOURNAMENTS-AVAILABLE-OK;
[10/05/2023 19:53:50] 14-x:CLI-TOURNAMENTS-AVAILABLE;36.6236867,-6.3601433;-1
[10/05/2023 19:53:50] 14-x:SEV-TOURNAMENTS-AVAILABLE-OK;x!36.508976,-4.88562!2.0!8!6!11:08!2023-06-11!06:04!2023-05-11!Futbol 11!Esperando Jugadores!0!8;
[10/05/2023 19:53:53] 14-x:CLI-TEAMSTOURNAMENT;8
[10/05/2023 19:53:53] 14-x:SEV-YOURTEAMSTOURNAMENT;
[10/05/2023 19:54:14] 14-x:CLI-USERTEAMS
[10/05/2023 19:54:14] 14-x:SEV-USERTEAMS_OK;Prueba:Futbol 7:x:124!x!;Pa:Futbol 11:x:123!x!;xa:Futbol Sala:x:124!x!111!;122:Futbol 11:111:x!111!;
[10/05/2023 19:54:15] 14-x:CLI-TOURNAMENTS-USER
[10/05/2023 19:54:15] 14-x:SEV-TOURNAMENTS-USER-OK;
[10/05/2023 19:54:20] 14-x:CLI-TOURNAMENTS-AVAILABLE;36.6236867,-6.3601433;10
[10/05/2023 19:54:20] 14-x:SEV-TOURNAMENTS-AVAILABLE-OK;
[10/05/2023 19:54:20] 14-x:CLI-TOURNAMENTS-AVAILABLE;36.6236867,-6.3601433;10
[10/05/2023 19:54:20] 14-x:SEV-TOURNAMENTS-AVAILABLE-OK;
[10/05/2023 19:54:22] 14-x:CLI-TOURNAMENTS-AVAILABLE;36.6236867,-6.3601433;100
[10/05/2023 19:54:23] 14-x:SEV-TOURNAMENTS-AVAILABLE-OK;
[10/05/2023 19:54:29] 14-x:CLI-TOURNAMENTS-AVAILABLE;36.6236867,-6.3601433;-1
[10/05/2023 19:54:29] 14-x:SEV-TOURNAMENTS-AVAILABLE-OK;x!36.508976,-4.88562!2.0!8!6!11:08!2023-06-11!06:04!2023-05-11!Futbol 11!Esperando Jugadores!0!8;
[10/05/2023 19:54:34] 14-x:CLI-TEAMSTOURNAMENT;8
[10/05/2023 19:54:34] 14-x:SEV-YOURTEAMSTOURNAMENT;
[10/05/2023 19:56:37] 14-x:SE HA DESCONECTADO
---- [10/05/2023 21:22:27] Obteniendo todos los torneos pendientes a generar ----
---- [10/05/2023 21:22:28] Creado el hilo encargado de las tareas ----
---- [10/05/2023 21:22:28] Iniciado el hilo encargado de las tareas ----
---- [10/05/2023 21:22:40] Obteniendo todos los torneos pendientes a generar ----
---- [10/05/2023 21:22:41] Creado el hilo encargado de las tareas ----
---- [10/05/2023 21:22:41] Iniciado el hilo encargado de las tareas ----
---- [10/05/2023 21:22:41] SERVIDOR INICIADO ----
Esperando 31278 segundos hasta la próxima tarea en: 2023-05-11T06:04
[10/05/2023 21:22:51] Se ha conectado un cliente
[10/05/2023 21:22:57] 0-:CLI-LOGIN;123;123;ORGANIZADOR
[10/05/2023 21:22:57] 1-123:SEV-LOGIN-OK-ORGANIZER;1;123
[10/05/2023 21:22:58] 1-123:CLI-GIVETOURNAMENTS-ORGANIZER
[10/05/2023 21:22:58] 1-123:SEV-SEND-YOUR-TOURNAMENTS;Prueba!36.4210849486101,-6.13348387670698!15.0!4!2!15:00!2023-04-04!15:00!2023-04-19!Futbol 11!Jugandose!4!1;Prueba!36.4210849486101, -6.13348387670698!15.2!4!2!15:00!2023-04-04!15:00!2023-04-19!Futbol 11!Cancelado!0!2;213!36.4210849486101, -6.13348387670698!123.0!4!2!15:00!2023-04-07!12:34!2023-04-13!Futbol 11!Cancelado!0!3;123!36.63479325,-6.38725705210204!123.0!4!2!15:00!2023-04-01!11:15!2023-04-05!Futbol 11!Cancelado!0!4;Prueba!36.63479325,-6.38725705210204!12.0!4!2!14:28!2023-04-05!17:28!2023-04-12!Futbol 11!Cancelado!0!5;ADADA!36.7355451,-6.4348221!123.0!4!2!15:00!2023-04-12!21:07!2023-04-21!Futbol 11!Cancelado!0!6;123!36.6228636,-6.3599595!2.0!4!2!15:00!2023-03-28!00:00!2023-04-21!Futbol 11!Cancelado!0!7;
[10/05/2023 21:23:01] 1-123:CLI-GIVE-SPORTS
[10/05/2023 21:23:01] 1-123:SEV-SEND-SPORTS;Futbol 11:22;Futbol 7:14;Futbol Sala:10;Voleibol:12;Voleibol Playa:4;
[10/05/2023 21:23:21] 1-123:CLI-CREATETOURNAMENT;x!36.6228636,-6.3599595!0!4!2!00:00!2023-06-11!00:00!2023-06-11!Voleibol Playa
[10/05/2023 21:23:21] 1-123:SEV-TOURNAMENT-CREATE
[10/05/2023 21:23:21] 1-123:CLI-GIVETOURNAMENTS-ORGANIZER
[10/05/2023 21:23:22] 1-123:SEV-SEND-YOUR-TOURNAMENTS;Prueba!36.4210849486101,-6.13348387670698!15.0!4!2!15:00!2023-04-04!15:00!2023-04-19!Futbol 11!Jugandose!4!1;Prueba!36.4210849486101, -6.13348387670698!15.2!4!2!15:00!2023-04-04!15:00!2023-04-19!Futbol 11!Cancelado!0!2;213!36.4210849486101, -6.13348387670698!123.0!4!2!15:00!2023-04-07!12:34!2023-04-13!Futbol 11!Cancelado!0!3;123!36.63479325,-6.38725705210204!123.0!4!2!15:00!2023-04-01!11:15!2023-04-05!Futbol 11!Cancelado!0!4;Prueba!36.63479325,-6.38725705210204!12.0!4!2!14:28!2023-04-05!17:28!2023-04-12!Futbol 11!Cancelado!0!5;ADADA!36.7355451,-6.4348221!123.0!4!2!15:00!2023-04-12!21:07!2023-04-21!Futbol 11!Cancelado!0!6;123!36.6228636,-6.3599595!2.0!4!2!15:00!2023-03-28!00:00!2023-04-21!Futbol 11!Cancelado!0!7;x!36.6228636,-6.3599595!0.0!4!2!00:00!2023-06-11!00:00!2023-06-11!Voleibol Playa!Esperando Jugadores!0!9;
[10/05/2023 21:23:32] 1-123:CLI-TEAMSTOURNAMENT;9
[10/05/2023 21:23:32] 1-123:SEV-YOURTEAMSTOURNAMENT;
[10/05/2023 21:23:35] 1-123:CLI-GIVETOURNAMENTS-ORGANIZER
[10/05/2023 21:23:35] 1-123:SEV-SEND-YOUR-TOURNAMENTS;Prueba!36.4210849486101,-6.13348387670698!15.0!4!2!15:00!2023-04-04!15:00!2023-04-19!Futbol 11!Jugandose!4!1;Prueba!36.4210849486101, -6.13348387670698!15.2!4!2!15:00!2023-04-04!15:00!2023-04-19!Futbol 11!Cancelado!0!2;213!36.4210849486101, -6.13348387670698!123.0!4!2!15:00!2023-04-07!12:34!2023-04-13!Futbol 11!Cancelado!0!3;123!36.63479325,-6.38725705210204!123.0!4!2!15:00!2023-04-01!11:15!2023-04-05!Futbol 11!Cancelado!0!4;Prueba!36.63479325,-6.38725705210204!12.0!4!2!14:28!2023-04-05!17:28!2023-04-12!Futbol 11!Cancelado!0!5;ADADA!36.7355451,-6.4348221!123.0!4!2!15:00!2023-04-12!21:07!2023-04-21!Futbol 11!Cancelado!0!6;123!36.6228636,-6.3599595!2.0!4!2!15:00!2023-03-28!00:00!2023-04-21!Futbol 11!Cancelado!0!7;x!36.6228636,-6.3599595!0.0!4!2!00:00!2023-06-11!00:00!2023-06-11!Voleibol Playa!Esperando Jugadores!0!9;
[10/05/2023 21:23:47] 1-123:CLI-GIVETOURNAMENTS-ORGANIZER
[10/05/2023 21:23:47] 1-123:SEV-SEND-YOUR-TOURNAMENTS;Prueba!36.4210849486101,-6.13348387670698!15.0!4!2!15:00!2023-04-04!15:00!2023-04-19!Futbol 11!Jugandose!4!1;Prueba!36.4210849486101, -6.13348387670698!15.2!4!2!15:00!2023-04-04!15:00!2023-04-19!Futbol 11!Cancelado!0!2;213!36.4210849486101, -6.13348387670698!123.0!4!2!15:00!2023-04-07!12:34!2023-04-13!Futbol 11!Cancelado!0!3;123!36.63479325,-6.38725705210204!123.0!4!2!15:00!2023-04-01!11:15!2023-04-05!Futbol 11!Cancelado!0!4;Prueba!36.63479325,-6.38725705210204!12.0!4!2!14:28!2023-04-05!17:28!2023-04-12!Futbol 11!Cancelado!0!5;ADADA!36.7355451,-6.4348221!123.0!4!2!15:00!2023-04-12!21:07!2023-04-21!Futbol 11!Cancelado!0!6;123!36.6228636,-6.3599595!2.0!4!2!15:00!2023-03-28!00:00!2023-04-21!Futbol 11!Cancelado!0!7;x!36.6228636,-6.3599595!0.0!4!2!00:00!2023-06-11!00:00!2023-06-11!Voleibol Playa!Esperando Jugadores!0!9;
[10/05/2023 21:23:49] 1-123:CLI-TEAMSTOURNAMENT;1
[10/05/2023 21:23:49] 1-123:SEV-YOURTEAMSTOURNAMENT;Prueba:x:124!x!;Pa:x:x!;xa:x:124!x!111!;122:111:x!111!;
[10/05/2023 21:23:50] 1-123:CLI-GIVETOURNAMENTS-ORGANIZER
[10/05/2023 21:23:50] 1-123:SEV-SEND-YOUR-TOURNAMENTS;Prueba!36.4210849486101,-6.13348387670698!15.0!4!2!15:00!2023-04-04!15:00!2023-04-19!Futbol 11!Jugandose!4!1;Prueba!36.4210849486101, -6.13348387670698!15.2!4!2!15:00!2023-04-04!15:00!2023-04-19!Futbol 11!Cancelado!0!2;213!36.4210849486101, -6.13348387670698!123.0!4!2!15:00!2023-04-07!12:34!2023-04-13!Futbol 11!Cancelado!0!3;123!36.63479325,-6.38725705210204!123.0!4!2!15:00!2023-04-01!11:15!2023-04-05!Futbol 11!Cancelado!0!4;Prueba!36.63479325,-6.38725705210204!12.0!4!2!14:28!2023-04-05!17:28!2023-04-12!Futbol 11!Cancelado!0!5;ADADA!36.7355451,-6.4348221!123.0!4!2!15:00!2023-04-12!21:07!2023-04-21!Futbol 11!Cancelado!0!6;123!36.6228636,-6.3599595!2.0!4!2!15:00!2023-03-28!00:00!2023-04-21!Futbol 11!Cancelado!0!7;x!36.6228636,-6.3599595!0.0!4!2!00:00!2023-06-11!00:00!2023-06-11!Voleibol Playa!Esperando Jugadores!0!9;
[10/05/2023 21:23:52] 1-123:CLI-TEAMSTOURNAMENT;9
[10/05/2023 21:23:52] 1-123:SEV-YOURTEAMSTOURNAMENT;
[10/05/2023 21:23:54] 1-123:CLI-EXIT
[10/05/2023 21:23:54] 1-123:SE HA DESCONECTADO
[10/05/2023 21:25:22] Se ha conectado un cliente
[10/05/2023 21:26:43] 0-:CLI-LOGIN;x;1;USUARIO
[10/05/2023 21:26:44] 14-x:SEV-LOGIN-OK-USER;14;x
[10/05/2023 21:26:47] 14-x:CLI-TOURNAMENTS-USER
[10/05/2023 21:26:47] 14-x:SEV-TOURNAMENTS-USER-OK;
[10/05/2023 21:26:51] 14-x:CLI-TOURNAMENTS-AVAILABLE;36.6236867,-6.3601433;10
[10/05/2023 21:26:51] 14-x:SEV-TOURNAMENTS-AVAILABLE-OK;x!36.6228636,-6.3599595!0.0!4!2!00:00!2023-06-11!00:00!2023-06-11!Voleibol Playa!Esperando Jugadores!0!9;
[10/05/2023 21:26:55] 14-x:CLI-TOURNAMENTS-STATE-USER;9
[10/05/2023 21:26:55] 14-x:SEV-TOURNAMENTS-STATE-USER-OK;CERRADO
[10/05/2023 21:26:55] 14-x:CLI-TEAMSTOURNAMENT;9
[10/05/2023 21:26:55] 14-x:SEV-YOURTEAMSTOURNAMENT;
[10/05/2023 21:31:24] 14-x:SE HA DESCONECTADO
[10/05/2023 21:31:39] Se ha conectado un cliente
[10/05/2023 21:31:48] 0-:CLI-LOGIN;x;1;USUARIO
[10/05/2023 21:31:48] 14-x:SEV-LOGIN-OK-USER;14;x
[10/05/2023 21:31:52] 14-x:CLI-USERTEAMS
[10/05/2023 21:31:53] 14-x:SEV-USERTEAMS_OK;Prueba:Futbol 7:x:124!x!;Pa:Futbol 11:x:x!;xa:Futbol Sala:x:124!x!111!;122:Voleibol Playa:111:x!111!;
[10/05/2023 21:31:57] 14-x:CLI-TOURNAMENTS-USER
[10/05/2023 21:31:57] 14-x:SEV-TOURNAMENTS-USER-OK;
[10/05/2023 21:31:59] 14-x:CLI-TOURNAMENTS-AVAILABLE;36.6236867,-6.3601433;10
[10/05/2023 21:31:59] 14-x:SEV-TOURNAMENTS-AVAILABLE-OK;x!36.6228636,-6.3599595!0.0!4!2!00:00!2023-06-11!00:00!2023-06-11!Voleibol Playa!Esperando Jugadores!0!9;
[10/05/2023 21:32:01] 14-x:CLI-TOURNAMENTS-AVAILABLE;36.6236867,-6.3601433;-1
[10/05/2023 21:32:01] 14-x:SEV-TOURNAMENTS-AVAILABLE-OK;x!36.6228636,-6.3599595!0.0!4!2!00:00!2023-06-11!00:00!2023-06-11!Voleibol Playa!Esperando Jugadores!0!9;x!36.508976,-4.88562!2.0!8!6!11:08!2023-06-11!06:04!2023-05-11!Futbol 11!Esperando Jugadores!0!8;
[10/05/2023 21:32:02] 14-x:CLI-TOURNAMENTS-STATE-USER;9
[10/05/2023 21:32:02] 14-x:SEV-TOURNAMENTS-STATE-USER-OK;CERRADO
[10/05/2023 21:32:02] 14-x:CLI-TEAMSTOURNAMENT;9
[10/05/2023 21:32:02] 14-x:SEV-YOURTEAMSTOURNAMENT;
---- [10/05/2023 21:33:27] Obteniendo todos los torneos pendientes a generar ----
---- [10/05/2023 21:33:28] Creado el hilo encargado de las tareas ----
---- [10/05/2023 21:33:28] Iniciado el hilo encargado de las tareas ----
---- [10/05/2023 21:33:28] SERVIDOR INICIADO ----
Esperando 30631 segundos hasta la próxima tarea en: 2023-05-11T06:04
[10/05/2023 21:33:38] Se ha conectado un cliente
[10/05/2023 21:33:43] 0-:CLI-LOGIN;x;1;USUARIO
[10/05/2023 21:33:43] 14-x:SEV-LOGIN-OK-USER;14;x
[10/05/2023 21:33:45] 14-x:CLI-TOURNAMENTS-USER
[10/05/2023 21:33:45] 14-x:SEV-TOURNAMENTS-USER-OK;
[10/05/2023 21:33:47] 14-x:CLI-TOURNAMENTS-AVAILABLE;36.6236867,-6.3601433;10
[10/05/2023 21:33:47] 14-x:SEV-TOURNAMENTS-AVAILABLE-OK;x!36.6228636,-6.3599595!0.0!4!2!00:00!2023-06-11!00:00!2023-06-11!Voleibol Playa!Esperando Jugadores!0!9;
[10/05/2023 21:33:49] 14-x:CLI-TOURNAMENTS-STATE-USER;9
[10/05/2023 21:33:49] 14-x:SEV-TOURNAMENTS-STATE-USER-OK;INSCRIBIRSE
[10/05/2023 21:33:49] 14-x:CLI-TEAMSTOURNAMENT;9
[10/05/2023 21:33:49] 14-x:SEV-YOURTEAMSTOURNAMENT;
[10/05/2023 21:39:22] 14-x:SE HA DESCONECTADO
[10/05/2023 21:40:10] Se ha conectado un cliente
[10/05/2023 21:40:14] 0-:CLI-LOGIN;x;1;USUARIO
[10/05/2023 21:40:14] 14-x:SEV-LOGIN-OK-USER;14;x
[10/05/2023 21:40:17] 14-x:CLI-TOURNAMENTS-USER
[10/05/2023 21:40:17] 14-x:SEV-TOURNAMENTS-USER-OK;
[10/05/2023 21:40:18] 14-x:CLI-TOURNAMENTS-AVAILABLE;36.6236867,-6.3601433;10
[10/05/2023 21:40:18] 14-x:SEV-TOURNAMENTS-AVAILABLE-OK;x!36.6228636,-6.3599595!0.0!4!2!00:00!2023-06-11!00:00!2023-06-11!Voleibol Playa!Esperando Jugadores!0!9;
[10/05/2023 21:40:21] 14-x:CLI-TOURNAMENTS-STATE-USER;9
[10/05/2023 21:40:21] 14-x:SEV-TOURNAMENTS-STATE-USER-OK;INSCRIBIRSE
[10/05/2023 21:40:33] 14-x:CLI-TEAMSTOURNAMENT;9
[10/05/2023 21:40:33] 14-x:SEV-YOURTEAMSTOURNAMENT;
[10/05/2023 21:40:36] 14-x:CLI-TEAMSTOURNAMENT;9
[10/05/2023 21:40:36] 14-x:SEV-YOURTEAMSTOURNAMENT;
[10/05/2023 21:40:40] 14-x:CLI-TOURNAMENTS-TEAMS-INSCRIBE-USER;9
[10/05/2023 21:40:40] 14-x:SEV-TOURNAMENTS-TEAMS-INSCRIBE-USER-OK;
[10/05/2023 21:40:46] 14-x:CLI-TOURNAMENTS-TEAMS-INSCRIBE-USER;9
[10/05/2023 21:40:46] 14-x:SEV-TOURNAMENTS-TEAMS-INSCRIBE-USER-OK;
[10/05/2023 21:43:11] 14-x:SE HA DESCONECTADO
[10/05/2023 21:43:17] Se ha conectado un cliente
[10/05/2023 21:43:21] 0-:CLI-LOGIN;x;1;USUARIO
[10/05/2023 21:43:21] 14-x:SEV-LOGIN-OK-USER;14;x
[10/05/2023 21:43:24] 14-x:CLI-TOURNAMENTS-USER
[10/05/2023 21:43:24] 14-x:SEV-TOURNAMENTS-USER-OK;
[10/05/2023 21:43:26] 14-x:CLI-TOURNAMENTS-AVAILABLE;36.6236867,-6.3601433;10
[10/05/2023 21:43:26] 14-x:SEV-TOURNAMENTS-AVAILABLE-OK;x!36.6228636,-6.3599595!0.0!4!2!00:00!2023-06-11!00:00!2023-06-11!Voleibol Playa!Esperando Jugadores!0!9;
[10/05/2023 21:43:28] 14-x:CLI-TOURNAMENTS-STATE-USER;9
[10/05/2023 21:43:29] 14-x:SEV-TOURNAMENTS-STATE-USER-OK;INSCRIBIRSE
[10/05/2023 21:43:31] 14-x:CLI-TEAMSTOURNAMENT;9
[10/05/2023 21:43:31] 14-x:SEV-YOURTEAMSTOURNAMENT;
[10/05/2023 21:43:39] 14-x:CLI-TOURNAMENTS-TEAMS-INSCRIBE-USER;9
[10/05/2023 21:43:39] 14-x:SEV-TOURNAMENTS-TEAMS-INSCRIBE-USER-OK;
[10/05/2023 21:43:50] 14-x:CLI-TOURNAMENTS-USER
[10/05/2023 21:43:50] 14-x:SEV-TOURNAMENTS-USER-OK;
[10/05/2023 21:43:51] 14-x:CLI-USERTEAMS
[10/05/2023 21:43:51] 14-x:SEV-USERTEAMS_OK;Prueba:Futbol 7:x:124!x!;Pa:Futbol 11:x:x!;xa:Futbol Sala:x:124!x!111!;122:Voleibol Playa:111:x!111!;
[10/05/2023 21:43:54] 14-x:CLI-TOURNAMENTS-AVAILABLE;36.6236867,-6.3601433;10
[10/05/2023 21:43:54] 14-x:SEV-TOURNAMENTS-AVAILABLE-OK;x!36.6228636,-6.3599595!0.0!4!2!00:00!2023-06-11!00:00!2023-06-11!Voleibol Playa!Esperando Jugadores!0!9;
[10/05/2023 21:43:57] 14-x:CLI-TOURNAMENTS-USER
[10/05/2023 21:43:57] 14-x:SEV-TOURNAMENTS-USER-OK;
[10/05/2023 21:43:59] 14-x:CLI-LOGOUT
[10/05/2023 21:43:59] 0-:SEV-LOGOUT-OK
[10/05/2023 21:44:34] 0-:CLI-LOGIN;111;123;USUARIO
[10/05/2023 21:44:34] 17-111:SEV-LOGIN-OK-USER;17;111
[10/05/2023 21:44:36] 17-111:CLI-TOURNAMENTS-USER
[10/05/2023 21:44:36] 17-111:SEV-TOURNAMENTS-USER-OK;
[10/05/2023 21:44:37] 17-111:CLI-TOURNAMENTS-AVAILABLE;36.6236867,-6.3601433;10
[10/05/2023 21:44:38] 17-111:SEV-TOURNAMENTS-AVAILABLE-OK;x!36.6228636,-6.3599595!0.0!4!2!00:00!2023-06-11!00:00!2023-06-11!Voleibol Playa!Esperando Jugadores!0!9;
[10/05/2023 21:44:38] 17-111:CLI-TOURNAMENTS-STATE-USER;9
[10/05/2023 21:44:38] 17-111:SEV-TOURNAMENTS-STATE-USER-OK;INSCRIBIRSE
[10/05/2023 21:44:41] 17-111:CLI-TOURNAMENTS-TEAMS-INSCRIBE-USER;9
[10/05/2023 21:44:41] 17-111:SEV-TOURNAMENTS-TEAMS-INSCRIBE-USER-OK;122:
[10/05/2023 21:44:48] 17-111:CLI-TOURNAMENTS-TEAMS-INSCRIBE-USER;9
[10/05/2023 21:44:48] 17-111:SEV-TOURNAMENTS-TEAMS-INSCRIBE-USER-OK;122:
[10/05/2023 21:44:50] 17-111:CLI-TOURNAMENTS-INSCRIBE-TEAM-USER;9;122
[10/05/2023 21:44:50] 17-111:SEV-TOURNAMENTS-INSCRIBE-TEAM-USER-ERROR
---- [10/05/2023 21:51:11] Obteniendo todos los torneos pendientes a generar ----
---- [10/05/2023 21:51:12] Creado el hilo encargado de las tareas ----
---- [10/05/2023 21:51:12] Iniciado el hilo encargado de las tareas ----
---- [10/05/2023 21:51:12] SERVIDOR INICIADO ----
Esperando 29567 segundos hasta la próxima tarea en: 2023-05-11T06:04
[10/05/2023 21:51:53] Se ha conectado un cliente
[10/05/2023 21:52:02] 0-:CLI-LOGIN;111;123;USUARIO
[10/05/2023 21:52:02] 17-111:SEV-LOGIN-OK-USER;17;111
[10/05/2023 21:52:05] 17-111:CLI-TOURNAMENTS-USER
[10/05/2023 21:52:05] 17-111:SEV-TOURNAMENTS-USER-OK;
[10/05/2023 21:52:07] 17-111:CLI-TOURNAMENTS-AVAILABLE;36.6236867,-6.3601433;10
[10/05/2023 21:52:07] 17-111:SEV-TOURNAMENTS-AVAILABLE-OK;x!36.6228636,-6.3599595!0.0!4!2!00:00!2023-06-11!00:00!2023-06-11!Voleibol Playa!Esperando Jugadores!0!9;
[10/05/2023 21:52:08] 17-111:CLI-TOURNAMENTS-STATE-USER;9
[10/05/2023 21:52:08] 17-111:SEV-TOURNAMENTS-STATE-USER-OK;INSCRIBIRSE
[10/05/2023 21:52:11] 17-111:CLI-TOURNAMENTS-TEAMS-INSCRIBE-USER;9
[10/05/2023 21:52:11] 17-111:SEV-TOURNAMENTS-TEAMS-INSCRIBE-USER-OK;122:
[10/05/2023 21:52:12] 17-111:CLI-TOURNAMENTS-INSCRIBE-TEAM-USER;9;122
[10/05/2023 21:52:12] 17-111:SEV-TOURNAMENTS-INSCRIBE-TEAM-USER-OK
[10/05/2023 21:52:15] 17-111:CLI-TOURNAMENTS-USER
[10/05/2023 21:52:15] 17-111:SEV-TOURNAMENTS-USER-OK;x!36.6228636,-6.3599595!0.0!4!2!00:00!2023-06-11!00:00!2023-06-11!Voleibol Playa!Esperando Jugadores!1!9;
[10/05/2023 21:52:22] 17-111:CLI-TOURNAMENTS-AVAILABLE;36.6236867,-6.3601433;10
[10/05/2023 21:52:22] 17-111:SEV-TOURNAMENTS-AVAILABLE-OK;x!36.6228636,-6.3599595!0.0!4!2!00:00!2023-06-11!00:00!2023-06-11!Voleibol Playa!Esperando Jugadores!1!9;
[10/05/2023 21:52:23] 17-111:CLI-TOURNAMENTS-STATE-USER;9
[10/05/2023 21:52:23] 17-111:SEV-TOURNAMENTS-STATE-USER-OK;INSCRITO
[10/05/2023 21:52:25] 17-111:CLI-TEAMSTOURNAMENT;9
[10/05/2023 21:52:25] 17-111:SEV-YOURTEAMSTOURNAMENT;122:111:Voleibol Playa;
[10/05/2023 21:52:34] 17-111:CLI-TOURNAMENTS-AVAILABLE;36.6236867,-6.3601433;10
[10/05/2023 21:52:34] 17-111:SEV-TOURNAMENTS-AVAILABLE-OK;x!36.6228636,-6.3599595!0.0!4!2!00:00!2023-06-11!00:00!2023-06-11!Voleibol Playa!Esperando Jugadores!1!9;
[10/05/2023 21:52:35] 17-111:CLI-TOURNAMENTS-USER
[10/05/2023 21:52:35] 17-111:SEV-TOURNAMENTS-USER-OK;x!36.6228636,-6.3599595!0.0!4!2!00:00!2023-06-11!00:00!2023-06-11!Voleibol Playa!Esperando Jugadores!1!9;
[10/05/2023 21:52:36] 17-111:CLI-TOURNAMENTS-AVAILABLE;36.6236867,-6.3601433;10
[10/05/2023 21:52:36] 17-111:SEV-TOURNAMENTS-AVAILABLE-OK;x!36.6228636,-6.3599595!0.0!4!2!00:00!2023-06-11!00:00!2023-06-11!Voleibol Playa!Esperando Jugadores!1!9;
[10/05/2023 21:52:37] 17-111:CLI-TOURNAMENTS-USER
[10/05/2023 21:52:37] 17-111:SEV-TOURNAMENTS-USER-OK;x!36.6228636,-6.3599595!0.0!4!2!00:00!2023-06-11!00:00!2023-06-11!Voleibol Playa!Esperando Jugadores!1!9;
[10/05/2023 21:52:39] 17-111:CLI-LOGOUT
[10/05/2023 21:52:39] 0-:SEV-LOGOUT-OK
[10/05/2023 21:52:46] 0-:CLI-LOGIN;x;1;USUARIO
[10/05/2023 21:52:46] 14-x:SEV-LOGIN-OK-USER;14;x
[10/05/2023 21:52:48] 14-x:CLI-TOURNAMENTS-USER
[10/05/2023 21:52:48] 14-x:SEV-TOURNAMENTS-USER-OK;x!36.6228636,-6.3599595!0.0!4!2!00:00!2023-06-11!00:00!2023-06-11!Voleibol Playa!Esperando Jugadores!1!9;
[10/05/2023 21:52:53] 14-x:CLI-TOURNAMENTS-AVAILABLE;36.6236867,-6.3601433;10
[10/05/2023 21:52:53] 14-x:SEV-TOURNAMENTS-AVAILABLE-OK;x!36.6228636,-6.3599595!0.0!4!2!00:00!2023-06-11!00:00!2023-06-11!Voleibol Playa!Esperando Jugadores!1!9;
[10/05/2023 21:52:54] 14-x:CLI-TOURNAMENTS-STATE-USER;9
[10/05/2023 21:52:54] 14-x:SEV-TOURNAMENTS-STATE-USER-OK;INSCRITO
[10/05/2023 21:52:57] 14-x:CLI-TOURNAMENTS-AVAILABLE;36.6236867,-6.3601433;10
[10/05/2023 21:52:58] 14-x:SEV-TOURNAMENTS-AVAILABLE-OK;x!36.6228636,-6.3599595!0.0!4!2!00:00!2023-06-11!00:00!2023-06-11!Voleibol Playa!Esperando Jugadores!1!9;
[10/05/2023 21:52:59] 14-x:CLI-TOURNAMENTS-USER
[10/05/2023 21:52:59] 14-x:SEV-TOURNAMENTS-USER-OK;x!36.6228636,-6.3599595!0.0!4!2!00:00!2023-06-11!00:00!2023-06-11!Voleibol Playa!Esperando Jugadores!1!9;
[10/05/2023 21:53:00] 14-x:CLI-TOURNAMENTS-AVAILABLE;36.6236867,-6.3601433;10
[10/05/2023 21:53:00] 14-x:SEV-TOURNAMENTS-AVAILABLE-OK;x!36.6228636,-6.3599595!0.0!4!2!00:00!2023-06-11!00:00!2023-06-11!Voleibol Playa!Esperando Jugadores!1!9;
[10/05/2023 21:53:01] 14-x:CLI-TOURNAMENTS-AVAILABLE;36.6236867,-6.3601433;-1
[10/05/2023 21:53:01] 14-x:SEV-TOURNAMENTS-AVAILABLE-OK;x!36.6228636,-6.3599595!0.0!4!2!00:00!2023-06-11!00:00!2023-06-11!Voleibol Playa!Esperando Jugadores!1!9;x!36.508976,-4.88562!2.0!8!6!11:08!2023-06-11!06:04!2023-05-11!Futbol 11!Esperando Jugadores!0!8;
[10/05/2023 21:53:02] 14-x:CLI-TOURNAMENTS-STATE-USER;8
[10/05/2023 21:53:02] 14-x:SEV-TOURNAMENTS-STATE-USER-OK;INSCRIBIRSE
[10/05/2023 21:53:04] 14-x:CLI-TOURNAMENTS-TEAMS-INSCRIBE-USER;8
[10/05/2023 21:53:04] 14-x:SEV-TOURNAMENTS-TEAMS-INSCRIBE-USER-OK;
[10/05/2023 21:53:09] 14-x:SE HA DESCONECTADO
