---- [14/05/2023 17:57:56] Obteniendo todos los torneos pendientes a generar ----
---- [14/05/2023 17:57:56] Creado el hilo encargado de las tareas ----
---- [14/05/2023 17:57:56] Iniciado el hilo encargado de las tareas ----
No hay tareas en la cola. Esperando inserccion...
---- [14/05/2023 17:57:56] SERVIDOR INICIADO ----
[14/05/2023 17:58:02] Se ha conectado un cliente
[14/05/2023 17:58:49] 0-:CLI-EXIT
[14/05/2023 17:58:50] 0-:SE HA DESCONECTADO
---- [14/05/2023 17:59:00] Obteniendo todos los torneos pendientes a generar ----
---- [14/05/2023 17:59:01] Creado el hilo encargado de las tareas ----
---- [14/05/2023 17:59:01] Iniciado el hilo encargado de las tareas ----
---- [14/05/2023 17:59:01] SERVIDOR INICIADO ----
Esperando 1144858 segundos hasta la próxima tarea en: 2023-05-28T00:00
[14/05/2023 17:59:04] Se ha conectado un cliente
[14/05/2023 17:59:34] 0-:CLI-LOGIN;123;123;ORGANIZADOR
[14/05/2023 17:59:35] 1-123:SEV-LOGIN-OK-ORGANIZER;1;123
[14/05/2023 17:59:35] 1-123:CLI-GIVETOURNAMENTS-ORGANIZER
[14/05/2023 17:59:35] 1-123:SEV-SEND-YOUR-TOURNAMENTS;Prueba!36.4210849486101,-6.13348387670698!15.0!4!2!15:00!2023-04-04!15:00!2023-04-19!Futbol 11!Jugandose!4!1;21!36.294487399999994,-6.092790754888084!0.0!4!2!00:00!2023-05-19!00:00!2023-05-28!Futbol Sala!Esperando Jugadores!0!11;x!36.6228636,-6.3599595!0.0!4!2!00:00!2023-06-11!00:00!2023-06-11!Voleibol Playa!Esperando Jugadores!1!9;Prueba!36.4210849486101, -6.13348387670698!15.2!4!2!15:00!2023-04-04!15:00!2023-04-19!Futbol 11!Cancelado!0!2;213!36.4210849486101, -6.13348387670698!123.0!4!2!15:00!2023-04-07!12:34!2023-04-13!Futbol 11!Cancelado!0!3;123!36.63479325,-6.38725705210204!123.0!4!2!15:00!2023-04-01!11:15!2023-04-05!Futbol 11!Cancelado!0!4;Prueba!36.63479325,-6.38725705210204!12.0!4!2!14:28!2023-04-05!17:28!2023-04-12!Futbol 11!Cancelado!0!5;ADADA!36.7355451,-6.4348221!123.0!4!2!15:00!2023-04-12!21:07!2023-04-21!Futbol 11!Cancelado!0!6;123!36.6228636,-6.3599595!2.0!4!2!15:00!2023-03-28!00:00!2023-04-21!Futbol 11!Cancelado!0!7;
[14/05/2023 17:59:44] 1-123:CLI-TOURNAMENTS-ROUNDS;1
[14/05/2023 17:59:44] 1-123:SEV-TOURNAMENTS-ROUNDS;3/1/122/?/xa/?/1!4/1/Pa/?/Prueba/?/1!:5/2/?/?/?/?/1!
[14/05/2023 17:59:46] 1-123:CLI-TEAMSTOURNAMENT;0
[14/05/2023 17:59:46] 1-123:SEV-YOURTEAMSTOURNAMENT;
[14/05/2023 17:59:57] 1-123:CLI-EXIT
[14/05/2023 17:59:57] 1-123:SE HA DESCONECTADO
[14/05/2023 18:01:15] Se ha conectado un cliente
[14/05/2023 18:01:19] 0-:CLI-LOGIN;123;123;ORGANIZADOR
[14/05/2023 18:01:19] 1-123:SEV-LOGIN-OK-ORGANIZER;1;123
[14/05/2023 18:01:19] 1-123:CLI-GIVETOURNAMENTS-ORGANIZER
[14/05/2023 18:01:19] 1-123:SEV-SEND-YOUR-TOURNAMENTS;Prueba!36.4210849486101,-6.13348387670698!15.0!4!2!15:00!2023-04-04!15:00!2023-04-19!Futbol 11!Jugandose!4!1;x!36.6228636,-6.3599595!0.0!4!2!00:00!2023-06-11!00:00!2023-06-11!Voleibol Playa!Esperando Jugadores!1!9;21!36.294487399999994,-6.092790754888084!0.0!4!2!00:00!2023-05-19!00:00!2023-05-28!Futbol Sala!Esperando Jugadores!0!11;Prueba!36.4210849486101, -6.13348387670698!15.2!4!2!15:00!2023-04-04!15:00!2023-04-19!Futbol 11!Cancelado!0!2;213!36.4210849486101, -6.13348387670698!123.0!4!2!15:00!2023-04-07!12:34!2023-04-13!Futbol 11!Cancelado!0!3;123!36.63479325,-6.38725705210204!123.0!4!2!15:00!2023-04-01!11:15!2023-04-05!Futbol 11!Cancelado!0!4;Prueba!36.63479325,-6.38725705210204!12.0!4!2!14:28!2023-04-05!17:28!2023-04-12!Futbol 11!Cancelado!0!5;ADADA!36.7355451,-6.4348221!123.0!4!2!15:00!2023-04-12!21:07!2023-04-21!Futbol 11!Cancelado!0!6;123!36.6228636,-6.3599595!2.0!4!2!15:00!2023-03-28!00:00!2023-04-21!Futbol 11!Cancelado!0!7;
[14/05/2023 18:02:01] Se ha conectado un cliente
[14/05/2023 18:02:04] 0-:CLI-LOGIN;123;123;ORGANIZADOR
[14/05/2023 18:02:04] 1-123:SEV-LOGIN-OK-ORGANIZER;1;123
[14/05/2023 18:02:04] 1-123:CLI-GIVETOURNAMENTS-ORGANIZER
[14/05/2023 18:02:04] 1-123:SEV-SEND-YOUR-TOURNAMENTS;Prueba!36.4210849486101,-6.13348387670698!15.0!4!2!15:00!2023-04-04!15:00!2023-04-19!Futbol 11!Jugandose!4!1;x!36.6228636,-6.3599595!0.0!4!2!00:00!2023-06-11!00:00!2023-06-11!Voleibol Playa!Esperando Jugadores!1!9;21!36.294487399999994,-6.092790754888084!0.0!4!2!00:00!2023-05-19!00:00!2023-05-28!Futbol Sala!Esperando Jugadores!0!11;Prueba!36.4210849486101, -6.13348387670698!15.2!4!2!15:00!2023-04-04!15:00!2023-04-19!Futbol 11!Cancelado!0!2;213!36.4210849486101, -6.13348387670698!123.0!4!2!15:00!2023-04-07!12:34!2023-04-13!Futbol 11!Cancelado!0!3;123!36.63479325,-6.38725705210204!123.0!4!2!15:00!2023-04-01!11:15!2023-04-05!Futbol 11!Cancelado!0!4;Prueba!36.63479325,-6.38725705210204!12.0!4!2!14:28!2023-04-05!17:28!2023-04-12!Futbol 11!Cancelado!0!5;ADADA!36.7355451,-6.4348221!123.0!4!2!15:00!2023-04-12!21:07!2023-04-21!Futbol 11!Cancelado!0!6;123!36.6228636,-6.3599595!2.0!4!2!15:00!2023-03-28!00:00!2023-04-21!Futbol 11!Cancelado!0!7;
[14/05/2023 18:02:08] 1-123:CLI-GIVETOURNAMENTS-ORGANIZER
[14/05/2023 18:02:08] 1-123:SEV-SEND-YOUR-TOURNAMENTS;Prueba!36.4210849486101,-6.13348387670698!15.0!4!2!15:00!2023-04-04!15:00!2023-04-19!Futbol 11!Jugandose!4!1;21!36.294487399999994,-6.092790754888084!0.0!4!2!00:00!2023-05-19!00:00!2023-05-28!Futbol Sala!Esperando Jugadores!0!11;x!36.6228636,-6.3599595!0.0!4!2!00:00!2023-06-11!00:00!2023-06-11!Voleibol Playa!Esperando Jugadores!1!9;Prueba!36.4210849486101, -6.13348387670698!15.2!4!2!15:00!2023-04-04!15:00!2023-04-19!Futbol 11!Cancelado!0!2;213!36.4210849486101, -6.13348387670698!123.0!4!2!15:00!2023-04-07!12:34!2023-04-13!Futbol 11!Cancelado!0!3;123!36.63479325,-6.38725705210204!123.0!4!2!15:00!2023-04-01!11:15!2023-04-05!Futbol 11!Cancelado!0!4;Prueba!36.63479325,-6.38725705210204!12.0!4!2!14:28!2023-04-05!17:28!2023-04-12!Futbol 11!Cancelado!0!5;ADADA!36.7355451,-6.4348221!123.0!4!2!15:00!2023-04-12!21:07!2023-04-21!Futbol 11!Cancelado!0!6;123!36.6228636,-6.3599595!2.0!4!2!15:00!2023-03-28!00:00!2023-04-21!Futbol 11!Cancelado!0!7;
[14/05/2023 18:02:10] 1-123:CLI-EXIT
[14/05/2023 18:02:10] 1-123:SE HA DESCONECTADO
[14/05/2023 18:02:57] 1-123:CLI-EXIT
[14/05/2023 18:02:57] 1-123:SE HA DESCONECTADO
[14/05/2023 18:03:02] Se ha conectado un cliente
[14/05/2023 18:03:16] 0-:CLI-LOGIN;123;123;ORGANIZADOR
[14/05/2023 18:03:16] 1-123:SEV-LOGIN-OK-ORGANIZER;1;123
[14/05/2023 18:03:16] 1-123:CLI-GIVETOURNAMENTS-ORGANIZER
[14/05/2023 18:03:16] 1-123:SEV-SEND-YOUR-TOURNAMENTS;Prueba!36.4210849486101,-6.13348387670698!15.0!4!2!15:00!2023-04-04!15:00!2023-04-19!Futbol 11!Jugandose!4!1;21!36.294487399999994,-6.092790754888084!0.0!4!2!00:00!2023-05-19!00:00!2023-05-28!Futbol Sala!Esperando Jugadores!0!11;x!36.6228636,-6.3599595!0.0!4!2!00:00!2023-06-11!00:00!2023-06-11!Voleibol Playa!Esperando Jugadores!1!9;Prueba!36.4210849486101, -6.13348387670698!15.2!4!2!15:00!2023-04-04!15:00!2023-04-19!Futbol 11!Cancelado!0!2;213!36.4210849486101, -6.13348387670698!123.0!4!2!15:00!2023-04-07!12:34!2023-04-13!Futbol 11!Cancelado!0!3;123!36.63479325,-6.38725705210204!123.0!4!2!15:00!2023-04-01!11:15!2023-04-05!Futbol 11!Cancelado!0!4;Prueba!36.63479325,-6.38725705210204!12.0!4!2!14:28!2023-04-05!17:28!2023-04-12!Futbol 11!Cancelado!0!5;ADADA!36.7355451,-6.4348221!123.0!4!2!15:00!2023-04-12!21:07!2023-04-21!Futbol 11!Cancelado!0!6;123!36.6228636,-6.3599595!2.0!4!2!15:00!2023-03-28!00:00!2023-04-21!Futbol 11!Cancelado!0!7;
[14/05/2023 18:03:38] 1-123:CLI-TOURNAMENTS-ROUNDS;1
[14/05/2023 18:03:38] 1-123:SEV-TOURNAMENTS-ROUNDS;3/1/122/?/xa/?/1!4/1/Pa/?/Prueba/?/1!:5/2/?/?/?/?/1!
[14/05/2023 18:04:17] 1-123:CLI-EXIT
[14/05/2023 18:04:17] 1-123:SE HA DESCONECTADO
[14/05/2023 18:05:37] Se ha conectado un cliente
[14/05/2023 18:05:42] 0-:CLI-LOGIN;123;123;ORGANIZADOR
[14/05/2023 18:05:42] 1-123:SEV-LOGIN-OK-ORGANIZER;1;123
[14/05/2023 18:05:42] 1-123:CLI-GIVETOURNAMENTS-ORGANIZER
[14/05/2023 18:05:42] 1-123:SEV-SEND-YOUR-TOURNAMENTS;Prueba!36.4210849486101,-6.13348387670698!15.0!4!2!15:00!2023-04-04!15:00!2023-04-19!Futbol 11!Jugandose!4!1;21!36.294487399999994,-6.092790754888084!0.0!4!2!00:00!2023-05-19!00:00!2023-05-28!Futbol Sala!Esperando Jugadores!0!11;x!36.6228636,-6.3599595!0.0!4!2!00:00!2023-06-11!00:00!2023-06-11!Voleibol Playa!Esperando Jugadores!1!9;Prueba!36.4210849486101, -6.13348387670698!15.2!4!2!15:00!2023-04-04!15:00!2023-04-19!Futbol 11!Cancelado!0!2;213!36.4210849486101, -6.13348387670698!123.0!4!2!15:00!2023-04-07!12:34!2023-04-13!Futbol 11!Cancelado!0!3;123!36.63479325,-6.38725705210204!123.0!4!2!15:00!2023-04-01!11:15!2023-04-05!Futbol 11!Cancelado!0!4;Prueba!36.63479325,-6.38725705210204!12.0!4!2!14:28!2023-04-05!17:28!2023-04-12!Futbol 11!Cancelado!0!5;ADADA!36.7355451,-6.4348221!123.0!4!2!15:00!2023-04-12!21:07!2023-04-21!Futbol 11!Cancelado!0!6;123!36.6228636,-6.3599595!2.0!4!2!15:00!2023-03-28!00:00!2023-04-21!Futbol 11!Cancelado!0!7;
[14/05/2023 18:05:45] 1-123:CLI-TOURNAMENTS-ROUNDS;1
[14/05/2023 18:05:45] 1-123:SEV-TOURNAMENTS-ROUNDS;3/1/122/?/xa/?/1!4/1/Pa/?/Prueba/?/1!:5/2/?/?/?/?/1!
[14/05/2023 18:05:46] 1-123:CLI-TEAMSTOURNAMENT;1
[14/05/2023 18:05:46] 1-123:SEV-YOURTEAMSTOURNAMENT;Prueba:x:124!x!;Pa:x:x!;xa:x:124!x!111!;122:111:x!111!;
[14/05/2023 18:06:43] 1-123:CLI-TEAMSTOURNAMENT;2
[14/05/2023 18:06:43] 1-123:SEV-YOURTEAMSTOURNAMENT;
[14/05/2023 18:06:44] 1-123:CLI-TEAMSTOURNAMENT;1
[14/05/2023 18:06:44] 1-123:SEV-YOURTEAMSTOURNAMENT;Prueba:x:124!x!;Pa:x:x!;xa:x:124!x!111!;122:111:x!111!;
[14/05/2023 18:06:46] 1-123:CLI-EXIT
[14/05/2023 18:06:46] 1-123:SE HA DESCONECTADO
[14/05/2023 18:12:17] Se ha conectado un cliente
[14/05/2023 18:12:22] 0-:CLI-LOGIN;123;123;ORGANIZADOR
[14/05/2023 18:12:22] 1-123:SEV-LOGIN-OK-ORGANIZER;1;123
[14/05/2023 18:12:22] 1-123:CLI-GIVETOURNAMENTS-ORGANIZER
[14/05/2023 18:12:22] 1-123:SEV-SEND-YOUR-TOURNAMENTS;Prueba!36.4210849486101,-6.13348387670698!15.0!4!2!15:00!2023-04-04!15:00!2023-04-19!Futbol 11!Jugandose!4!1;x!36.6228636,-6.3599595!0.0!4!2!00:00!2023-06-11!00:00!2023-06-11!Voleibol Playa!Esperando Jugadores!1!9;21!36.294487399999994,-6.092790754888084!0.0!4!2!00:00!2023-05-19!00:00!2023-05-28!Futbol Sala!Esperando Jugadores!0!11;ADADA!36.7355451,-6.4348221!123.0!4!2!15:00!2023-04-12!21:07!2023-04-21!Futbol 11!Cancelado!0!6;123!36.6228636,-6.3599595!2.0!4!2!15:00!2023-03-28!00:00!2023-04-21!Futbol 11!Cancelado!0!7;Prueba!36.4210849486101, -6.13348387670698!15.2!4!2!15:00!2023-04-04!15:00!2023-04-19!Futbol 11!Cancelado!0!2;213!36.4210849486101, -6.13348387670698!123.0!4!2!15:00!2023-04-07!12:34!2023-04-13!Futbol 11!Cancelado!0!3;123!36.63479325,-6.38725705210204!123.0!4!2!15:00!2023-04-01!11:15!2023-04-05!Futbol 11!Cancelado!0!4;Prueba!36.63479325,-6.38725705210204!12.0!4!2!14:28!2023-04-05!17:28!2023-04-12!Futbol 11!Cancelado!0!5;
[14/05/2023 18:12:26] 1-123:CLI-TOURNAMENTS-ROUNDS;1
[14/05/2023 18:12:26] 1-123:SEV-TOURNAMENTS-ROUNDS;3/1/122/?/xa/?/1!4/1/Pa/?/Prueba/?/1!:5/2/?/?/?/?/1!
[14/05/2023 18:12:27] 1-123:CLI-TEAMSTOURNAMENT;1
[14/05/2023 18:12:27] 1-123:SEV-YOURTEAMSTOURNAMENT;Prueba:x:124!x!;Pa:x:x!;xa:x:124!x!111!;122:111:x!111!;
[14/05/2023 18:12:29] 1-123:CLI-TEAMSTOURNAMENT;1
[14/05/2023 18:12:29] 1-123:SEV-YOURTEAMSTOURNAMENT;Prueba:x:124!x!;Pa:x:x!;xa:x:124!x!111!;122:111:x!111!;
[14/05/2023 18:12:29] 1-123:CLI-TEAMSTOURNAMENT;2
[14/05/2023 18:12:29] 1-123:SEV-YOURTEAMSTOURNAMENT;
[14/05/2023 18:12:35] 1-123:CLI-EXIT
[14/05/2023 18:12:35] 1-123:SE HA DESCONECTADO
[14/05/2023 18:15:36] Se ha conectado un cliente
[14/05/2023 18:15:40] 0-:CLI-LOGIN;123;123;ORGANIZADOR
[14/05/2023 18:15:40] 1-123:SEV-LOGIN-OK-ORGANIZER;1;123
[14/05/2023 18:15:40] 1-123:CLI-GIVETOURNAMENTS-ORGANIZER
[14/05/2023 18:15:40] 1-123:SEV-SEND-YOUR-TOURNAMENTS;Prueba!36.4210849486101,-6.13348387670698!15.0!4!2!15:00!2023-04-04!15:00!2023-04-19!Futbol 11!Jugandose!4!1;x!36.6228636,-6.3599595!0.0!4!2!00:00!2023-06-11!00:00!2023-06-11!Voleibol Playa!Esperando Jugadores!1!9;21!36.294487399999994,-6.092790754888084!0.0!4!2!00:00!2023-05-19!00:00!2023-05-28!Futbol Sala!Esperando Jugadores!0!11;ADADA!36.7355451,-6.4348221!123.0!4!2!15:00!2023-04-12!21:07!2023-04-21!Futbol 11!Cancelado!0!6;123!36.6228636,-6.3599595!2.0!4!2!15:00!2023-03-28!00:00!2023-04-21!Futbol 11!Cancelado!0!7;Prueba!36.4210849486101, -6.13348387670698!15.2!4!2!15:00!2023-04-04!15:00!2023-04-19!Futbol 11!Cancelado!0!2;213!36.4210849486101, -6.13348387670698!123.0!4!2!15:00!2023-04-07!12:34!2023-04-13!Futbol 11!Cancelado!0!3;123!36.63479325,-6.38725705210204!123.0!4!2!15:00!2023-04-01!11:15!2023-04-05!Futbol 11!Cancelado!0!4;Prueba!36.63479325,-6.38725705210204!12.0!4!2!14:28!2023-04-05!17:28!2023-04-12!Futbol 11!Cancelado!0!5;
[14/05/2023 18:15:43] 1-123:CLI-TOURNAMENTS-ROUNDS;1
[14/05/2023 18:15:43] 1-123:SEV-TOURNAMENTS-ROUNDS;3/1/122/?/xa/?/1!4/1/Pa/?/Prueba/?/1!:5/2/?/?/?/?/1!
[14/05/2023 18:15:44] 1-123:CLI-TEAMSTOURNAMENT;1
[14/05/2023 18:15:44] 1-123:SEV-YOURTEAMSTOURNAMENT;Prueba:x:124!x!;Pa:x:x!;xa:x:124!x!111!;122:111:x!111!;
[14/05/2023 18:15:59] 1-123:CLI-EXIT
[14/05/2023 18:15:59] 1-123:SE HA DESCONECTADO
[14/05/2023 18:16:07] Se ha conectado un cliente
[14/05/2023 18:16:10] 0-:CLI-LOGIN;123;123;ORGANIZADOR
[14/05/2023 18:16:10] 1-123:SEV-LOGIN-OK-ORGANIZER;1;123
[14/05/2023 18:16:10] 1-123:CLI-GIVETOURNAMENTS-ORGANIZER
[14/05/2023 18:16:10] 1-123:SEV-SEND-YOUR-TOURNAMENTS;Prueba!36.4210849486101,-6.13348387670698!15.0!4!2!15:00!2023-04-04!15:00!2023-04-19!Futbol 11!Jugandose!4!1;x!36.6228636,-6.3599595!0.0!4!2!00:00!2023-06-11!00:00!2023-06-11!Voleibol Playa!Esperando Jugadores!1!9;21!36.294487399999994,-6.092790754888084!0.0!4!2!00:00!2023-05-19!00:00!2023-05-28!Futbol Sala!Esperando Jugadores!0!11;ADADA!36.7355451,-6.4348221!123.0!4!2!15:00!2023-04-12!21:07!2023-04-21!Futbol 11!Cancelado!0!6;123!36.6228636,-6.3599595!2.0!4!2!15:00!2023-03-28!00:00!2023-04-21!Futbol 11!Cancelado!0!7;Prueba!36.4210849486101, -6.13348387670698!15.2!4!2!15:00!2023-04-04!15:00!2023-04-19!Futbol 11!Cancelado!0!2;213!36.4210849486101, -6.13348387670698!123.0!4!2!15:00!2023-04-07!12:34!2023-04-13!Futbol 11!Cancelado!0!3;123!36.63479325,-6.38725705210204!123.0!4!2!15:00!2023-04-01!11:15!2023-04-05!Futbol 11!Cancelado!0!4;Prueba!36.63479325,-6.38725705210204!12.0!4!2!14:28!2023-04-05!17:28!2023-04-12!Futbol 11!Cancelado!0!5;
[14/05/2023 18:16:13] 1-123:CLI-TOURNAMENTS-ROUNDS;1
[14/05/2023 18:16:13] 1-123:SEV-TOURNAMENTS-ROUNDS;3/1/122/?/xa/?/1!4/1/Pa/?/Prueba/?/1!:5/2/?/?/?/?/1!
[14/05/2023 18:16:14] 1-123:CLI-TEAMSTOURNAMENT;1
[14/05/2023 18:16:14] 1-123:SEV-YOURTEAMSTOURNAMENT;Prueba:x:124!x!;Pa:x:x!;xa:x:124!x!111!;122:111:x!111!;
[14/05/2023 18:16:16] 1-123:CLI-TEAMSTOURNAMENT;2
[14/05/2023 18:16:16] 1-123:SEV-YOURTEAMSTOURNAMENT;
[14/05/2023 18:16:17] 1-123:CLI-TEAMSTOURNAMENT;1
[14/05/2023 18:16:17] 1-123:SEV-YOURTEAMSTOURNAMENT;Prueba:x:124!x!;Pa:x:x!;xa:x:124!x!111!;122:111:x!111!;
[14/05/2023 18:16:19] 1-123:CLI-TEAMSTOURNAMENT;2
[14/05/2023 18:16:19] 1-123:SEV-YOURTEAMSTOURNAMENT;
[14/05/2023 18:16:24] 1-123:CLI-TEAMSTOURNAMENT;1
[14/05/2023 18:16:24] 1-123:SEV-YOURTEAMSTOURNAMENT;Prueba:x:124!x!;Pa:x:x!;xa:x:124!x!111!;122:111:x!111!;
[14/05/2023 18:16:40] 1-123:CLI-EXIT
[14/05/2023 18:16:40] 1-123:SE HA DESCONECTADO
[14/05/2023 18:18:42] Se ha conectado un cliente
[14/05/2023 18:18:51] 0-:CLI-LOGIN;123;123;ORGANIZADOR
[14/05/2023 18:18:51] 1-123:SEV-LOGIN-OK-ORGANIZER;1;123
[14/05/2023 18:18:51] 1-123:CLI-GIVETOURNAMENTS-ORGANIZER
[14/05/2023 18:18:51] 1-123:SEV-SEND-YOUR-TOURNAMENTS;Prueba!36.4210849486101,-6.13348387670698!15.0!4!2!15:00!2023-04-04!15:00!2023-04-19!Futbol 11!Jugandose!4!1;x!36.6228636,-6.3599595!0.0!4!2!00:00!2023-06-11!00:00!2023-06-11!Voleibol Playa!Esperando Jugadores!1!9;21!36.294487399999994,-6.092790754888084!0.0!4!2!00:00!2023-05-19!00:00!2023-05-28!Futbol Sala!Esperando Jugadores!0!11;ADADA!36.7355451,-6.4348221!123.0!4!2!15:00!2023-04-12!21:07!2023-04-21!Futbol 11!Cancelado!0!6;123!36.6228636,-6.3599595!2.0!4!2!15:00!2023-03-28!00:00!2023-04-21!Futbol 11!Cancelado!0!7;Prueba!36.4210849486101, -6.13348387670698!15.2!4!2!15:00!2023-04-04!15:00!2023-04-19!Futbol 11!Cancelado!0!2;213!36.4210849486101, -6.13348387670698!123.0!4!2!15:00!2023-04-07!12:34!2023-04-13!Futbol 11!Cancelado!0!3;123!36.63479325,-6.38725705210204!123.0!4!2!15:00!2023-04-01!11:15!2023-04-05!Futbol 11!Cancelado!0!4;Prueba!36.63479325,-6.38725705210204!12.0!4!2!14:28!2023-04-05!17:28!2023-04-12!Futbol 11!Cancelado!0!5;
[14/05/2023 18:18:53] 1-123:CLI-TOURNAMENTS-ROUNDS;1
[14/05/2023 18:18:53] 1-123:SEV-TOURNAMENTS-ROUNDS;3/1/122/?/xa/?/1!4/1/Pa/?/Prueba/?/1!:5/2/?/?/?/?/1!
[14/05/2023 18:18:54] 1-123:CLI-TEAMSTOURNAMENT;1
[14/05/2023 18:18:54] 1-123:SEV-YOURTEAMSTOURNAMENT;Prueba:x:124!x!;Pa:x:x!;xa:x:124!x!111!;122:111:x!111!;
[14/05/2023 18:19:00] 1-123:CLI-EXIT
[14/05/2023 18:19:00] 1-123:SE HA DESCONECTADO
[14/05/2023 18:22:36] Se ha conectado un cliente
[14/05/2023 18:22:39] 0-:CLI-LOGIN;123;123;ORGANIZADOR
[14/05/2023 18:22:39] 1-123:SEV-LOGIN-OK-ORGANIZER;1;123
[14/05/2023 18:22:39] 1-123:CLI-GIVETOURNAMENTS-ORGANIZER
[14/05/2023 18:22:39] 1-123:SEV-SEND-YOUR-TOURNAMENTS;Prueba!36.4210849486101,-6.13348387670698!15.0!4!2!15:00!2023-04-04!15:00!2023-04-19!Futbol 11!Jugandose!4!1;x!36.6228636,-6.3599595!0.0!4!2!00:00!2023-06-11!00:00!2023-06-11!Voleibol Playa!Esperando Jugadores!1!9;21!36.294487399999994,-6.092790754888084!0.0!4!2!00:00!2023-05-19!00:00!2023-05-28!Futbol Sala!Esperando Jugadores!0!11;ADADA!36.7355451,-6.4348221!123.0!4!2!15:00!2023-04-12!21:07!2023-04-21!Futbol 11!Cancelado!0!6;123!36.6228636,-6.3599595!2.0!4!2!15:00!2023-03-28!00:00!2023-04-21!Futbol 11!Cancelado!0!7;Prueba!36.4210849486101, -6.13348387670698!15.2!4!2!15:00!2023-04-04!15:00!2023-04-19!Futbol 11!Cancelado!0!2;213!36.4210849486101, -6.13348387670698!123.0!4!2!15:00!2023-04-07!12:34!2023-04-13!Futbol 11!Cancelado!0!3;123!36.63479325,-6.38725705210204!123.0!4!2!15:00!2023-04-01!11:15!2023-04-05!Futbol 11!Cancelado!0!4;Prueba!36.63479325,-6.38725705210204!12.0!4!2!14:28!2023-04-05!17:28!2023-04-12!Futbol 11!Cancelado!0!5;
[14/05/2023 18:22:41] 1-123:CLI-TOURNAMENTS-ROUNDS;1
[14/05/2023 18:22:41] 1-123:SEV-TOURNAMENTS-ROUNDS;3/1/122/?/xa/?/1!4/1/Pa/?/Prueba/?/1!:5/2/?/?/?/?/1!
[14/05/2023 18:22:41] 1-123:CLI-TEAMSTOURNAMENT;1
[14/05/2023 18:22:42] 1-123:SEV-YOURTEAMSTOURNAMENT;Prueba:x:124!x!;Pa:x:x!;xa:x:124!x!111!;122:111:x!111!;
[14/05/2023 18:22:45] 1-123:CLI-TEAMSTOURNAMENT;1
[14/05/2023 18:22:45] 1-123:SEV-YOURTEAMSTOURNAMENT;Prueba:x:124!x!;Pa:x:x!;xa:x:124!x!111!;122:111:x!111!;
[14/05/2023 18:22:48] 1-123:CLI-EXIT
[14/05/2023 18:22:48] 1-123:SE HA DESCONECTADO
[14/05/2023 18:24:25] Se ha conectado un cliente
[14/05/2023 18:24:29] 0-:CLI-LOGIN;123;123;ORGANIZADOR
[14/05/2023 18:24:29] 1-123:SEV-LOGIN-OK-ORGANIZER;1;123
[14/05/2023 18:24:29] 1-123:CLI-GIVETOURNAMENTS-ORGANIZER
[14/05/2023 18:24:29] 1-123:SEV-SEND-YOUR-TOURNAMENTS;Prueba!36.4210849486101,-6.13348387670698!15.0!4!2!15:00!2023-04-04!15:00!2023-04-19!Futbol 11!Jugandose!4!1;x!36.6228636,-6.3599595!0.0!4!2!00:00!2023-06-11!00:00!2023-06-11!Voleibol Playa!Esperando Jugadores!1!9;21!36.294487399999994,-6.092790754888084!0.0!4!2!00:00!2023-05-19!00:00!2023-05-28!Futbol Sala!Esperando Jugadores!0!11;ADADA!36.7355451,-6.4348221!123.0!4!2!15:00!2023-04-12!21:07!2023-04-21!Futbol 11!Cancelado!0!6;123!36.6228636,-6.3599595!2.0!4!2!15:00!2023-03-28!00:00!2023-04-21!Futbol 11!Cancelado!0!7;Prueba!36.4210849486101, -6.13348387670698!15.2!4!2!15:00!2023-04-04!15:00!2023-04-19!Futbol 11!Cancelado!0!2;213!36.4210849486101, -6.13348387670698!123.0!4!2!15:00!2023-04-07!12:34!2023-04-13!Futbol 11!Cancelado!0!3;123!36.63479325,-6.38725705210204!123.0!4!2!15:00!2023-04-01!11:15!2023-04-05!Futbol 11!Cancelado!0!4;Prueba!36.63479325,-6.38725705210204!12.0!4!2!14:28!2023-04-05!17:28!2023-04-12!Futbol 11!Cancelado!0!5;
[14/05/2023 18:24:31] 1-123:CLI-TOURNAMENTS-ROUNDS;1
[14/05/2023 18:24:31] 1-123:SEV-TOURNAMENTS-ROUNDS;3/1/122/?/xa/?/1!4/1/Pa/?/Prueba/?/1!:5/2/?/?/?/?/1!
[14/05/2023 18:24:32] 1-123:CLI-TEAMSTOURNAMENT;1
[14/05/2023 18:24:32] 1-123:SEV-YOURTEAMSTOURNAMENT;Prueba:x:124!x!;Pa:x:x!;xa:x:124!x!111!;122:111:x!111!;
[14/05/2023 18:24:35] 1-123:CLI-TEAMSTOURNAMENT;1
[14/05/2023 18:24:35] 1-123:SEV-YOURTEAMSTOURNAMENT;Prueba:x:124!x!;Pa:x:x!;xa:x:124!x!111!;122:111:x!111!;
[14/05/2023 18:24:38] 1-123:CLI-EXIT
[14/05/2023 18:24:38] 1-123:SE HA DESCONECTADO
---- [14/05/2023 18:48:54] Obteniendo todos los torneos pendientes a generar ----
---- [14/05/2023 18:48:55] Creado el hilo encargado de las tareas ----
---- [14/05/2023 18:48:55] Iniciado el hilo encargado de las tareas ----
---- [14/05/2023 18:48:55] SERVIDOR INICIADO ----
Esperando 1141864 segundos hasta la próxima tarea en: 2023-05-28T00:00
[14/05/2023 18:48:56] Se ha conectado un cliente
[14/05/2023 18:49:07] 0-:CLI-LOGIN;123;123;ORGANIZADOR
[14/05/2023 18:49:07] 1-123:SEV-LOGIN-OK-ORGANIZER;1;123
[14/05/2023 18:49:07] 1-123:CLI-GIVETOURNAMENTS-ORGANIZER
[14/05/2023 18:49:07] 1-123:SEV-SEND-YOUR-TOURNAMENTS;Prueba!36.4210849486101,-6.13348387670698!15.0!4!2!15:00!2023-04-04!15:00!2023-04-19!Futbol 11!Jugandose!4!1;x!36.6228636,-6.3599595!0.0!4!2!00:00!2023-06-11!00:00!2023-06-11!Voleibol Playa!Esperando Jugadores!1!9;21!36.294487399999994,-6.092790754888084!0.0!4!2!00:00!2023-05-19!00:00!2023-05-28!Futbol Sala!Esperando Jugadores!0!11;ADADA!36.7355451,-6.4348221!123.0!4!2!15:00!2023-04-12!21:07!2023-04-21!Futbol 11!Cancelado!0!6;123!36.6228636,-6.3599595!2.0!4!2!15:00!2023-03-28!00:00!2023-04-21!Futbol 11!Cancelado!0!7;Prueba!36.4210849486101, -6.13348387670698!15.2!4!2!15:00!2023-04-04!15:00!2023-04-19!Futbol 11!Cancelado!0!2;213!36.4210849486101, -6.13348387670698!123.0!4!2!15:00!2023-04-07!12:34!2023-04-13!Futbol 11!Cancelado!0!3;123!36.63479325,-6.38725705210204!123.0!4!2!15:00!2023-04-01!11:15!2023-04-05!Futbol 11!Cancelado!0!4;Prueba!36.63479325,-6.38725705210204!12.0!4!2!14:28!2023-04-05!17:28!2023-04-12!Futbol 11!Cancelado!0!5;
[14/05/2023 18:49:10] 1-123:CLI-TOURNAMENTS-ROUNDS;1
[14/05/2023 18:49:10] 1-123:SEV-TOURNAMENTS-ROUNDS;3/1/122/?/xa/?/1!4/1/Pa/?/Prueba/?/1!:5/2/?/?/?/?/1!
[14/05/2023 18:49:11] 1-123:CLI-TEAMSTOURNAMENT;1
[14/05/2023 18:49:11] 1-123:SEV-YOURTEAMSTOURNAMENT;Prueba:x:124!x!;Pa:x:x!;xa:x:124!x!111!;122:111:x!111!;
[14/05/2023 18:49:53] Se ha conectado un cliente
[14/05/2023 18:49:55] 1-123:CLI-EXIT
[14/05/2023 18:49:55] 1-123:SE HA DESCONECTADO
[14/05/2023 18:49:57] 0-:CLI-LOGIN;123;123;ORGANIZADOR
[14/05/2023 18:49:57] 1-123:SEV-LOGIN-OK-ORGANIZER;1;123
[14/05/2023 18:49:57] 1-123:CLI-GIVETOURNAMENTS-ORGANIZER
[14/05/2023 18:49:57] 1-123:SEV-SEND-YOUR-TOURNAMENTS;Prueba!36.4210849486101,-6.13348387670698!15.0!4!2!15:00!2023-04-04!15:00!2023-04-19!Futbol 11!Jugandose!4!1;x!36.6228636,-6.3599595!0.0!4!2!00:00!2023-06-11!00:00!2023-06-11!Voleibol Playa!Esperando Jugadores!1!9;21!36.294487399999994,-6.092790754888084!0.0!4!2!00:00!2023-05-19!00:00!2023-05-28!Futbol Sala!Esperando Jugadores!0!11;ADADA!36.7355451,-6.4348221!123.0!4!2!15:00!2023-04-12!21:07!2023-04-21!Futbol 11!Cancelado!0!6;123!36.6228636,-6.3599595!2.0!4!2!15:00!2023-03-28!00:00!2023-04-21!Futbol 11!Cancelado!0!7;Prueba!36.4210849486101, -6.13348387670698!15.2!4!2!15:00!2023-04-04!15:00!2023-04-19!Futbol 11!Cancelado!0!2;213!36.4210849486101, -6.13348387670698!123.0!4!2!15:00!2023-04-07!12:34!2023-04-13!Futbol 11!Cancelado!0!3;123!36.63479325,-6.38725705210204!123.0!4!2!15:00!2023-04-01!11:15!2023-04-05!Futbol 11!Cancelado!0!4;Prueba!36.63479325,-6.38725705210204!12.0!4!2!14:28!2023-04-05!17:28!2023-04-12!Futbol 11!Cancelado!0!5;
[14/05/2023 18:50:00] 1-123:CLI-TOURNAMENTS-ROUNDS;1
[14/05/2023 18:50:00] 1-123:SEV-TOURNAMENTS-ROUNDS;3/1/122/?/xa/?/1!4/1/Pa/?/Prueba/?/1!:5/2/?/?/?/?/1!
[14/05/2023 18:50:01] 1-123:CLI-TEAMSTOURNAMENT;1
[14/05/2023 18:50:01] 1-123:SEV-YOURTEAMSTOURNAMENT;Prueba:x:124!x!;Pa:x:x!;xa:x:124!x!111!;122:111:x!111!;
[14/05/2023 18:50:06] 1-123:CLI-SAVE-ROUNDS;3;122;12;xa;3
---- [14/05/2023 18:51:11] Obteniendo todos los torneos pendientes a generar ----
---- [14/05/2023 18:51:11] Creado el hilo encargado de las tareas ----
---- [14/05/2023 18:51:11] Iniciado el hilo encargado de las tareas ----
---- [14/05/2023 18:51:14] Obteniendo todos los torneos pendientes a generar ----
---- [14/05/2023 18:51:15] Creado el hilo encargado de las tareas ----
---- [14/05/2023 18:51:15] Iniciado el hilo encargado de las tareas ----
[14/05/2023 18:51:23] Se ha conectado un cliente
[14/05/2023 18:51:28] 0-:CLI-LOGIN;123;123;ORGANIZADOR
[14/05/2023 18:51:28] 1-123:SEV-LOGIN-OK-ORGANIZER;1;123
[14/05/2023 18:51:28] 1-123:CLI-GIVETOURNAMENTS-ORGANIZER
[14/05/2023 18:51:28] 1-123:SEV-SEND-YOUR-TOURNAMENTS;Prueba!36.4210849486101,-6.13348387670698!15.0!4!2!15:00!2023-04-04!15:00!2023-04-19!Futbol 11!Jugandose!4!1;x!36.6228636,-6.3599595!0.0!4!2!00:00!2023-06-11!00:00!2023-06-11!Voleibol Playa!Esperando Jugadores!1!9;21!36.294487399999994,-6.092790754888084!0.0!4!2!00:00!2023-05-19!00:00!2023-05-28!Futbol Sala!Esperando Jugadores!0!11;ADADA!36.7355451,-6.4348221!123.0!4!2!15:00!2023-04-12!21:07!2023-04-21!Futbol 11!Cancelado!0!6;123!36.6228636,-6.3599595!2.0!4!2!15:00!2023-03-28!00:00!2023-04-21!Futbol 11!Cancelado!0!7;Prueba!36.4210849486101, -6.13348387670698!15.2!4!2!15:00!2023-04-04!15:00!2023-04-19!Futbol 11!Cancelado!0!2;213!36.4210849486101, -6.13348387670698!123.0!4!2!15:00!2023-04-07!12:34!2023-04-13!Futbol 11!Cancelado!0!3;123!36.63479325,-6.38725705210204!123.0!4!2!15:00!2023-04-01!11:15!2023-04-05!Futbol 11!Cancelado!0!4;Prueba!36.63479325,-6.38725705210204!12.0!4!2!14:28!2023-04-05!17:28!2023-04-12!Futbol 11!Cancelado!0!5;
[14/05/2023 18:51:30] 1-123:CLI-TOURNAMENTS-ROUNDS;1
[14/05/2023 18:51:30] 1-123:SEV-TOURNAMENTS-ROUNDS;3/1/122/?/xa/?/1!4/1/Pa/?/Prueba/?/1!:5/2/?/?/?/?/1!
[14/05/2023 18:51:31] 1-123:CLI-TEAMSTOURNAMENT;1
[14/05/2023 18:51:31] 1-123:SEV-YOURTEAMSTOURNAMENT;Prueba:x:124!x!;Pa:x:x!;xa:x:124!x!111!;122:111:x!111!;
[14/05/2023 18:51:34] 1-123:CLI-SAVE-ROUNDS;3;122;3;xa;1
---- [14/05/2023 18:51:54] Obteniendo todos los torneos pendientes a generar ----
---- [14/05/2023 18:51:54] Creado el hilo encargado de las tareas ----
---- [14/05/2023 18:51:54] Iniciado el hilo encargado de las tareas ----
---- [14/05/2023 18:51:59] Obteniendo todos los torneos pendientes a generar ----
---- [14/05/2023 18:51:59] Creado el hilo encargado de las tareas ----
---- [14/05/2023 18:51:59] Iniciado el hilo encargado de las tareas ----
---- [14/05/2023 18:51:59] SERVIDOR INICIADO ----
Esperando 1141680 segundos hasta la próxima tarea en: 2023-05-28T00:00
[14/05/2023 18:52:06] Se ha conectado un cliente
[14/05/2023 18:52:10] 0-:CLI-LOGIN;123;123;ORGANIZADOR
[14/05/2023 18:52:10] 1-123:SEV-LOGIN-OK-ORGANIZER;1;123
[14/05/2023 18:52:10] 1-123:CLI-GIVETOURNAMENTS-ORGANIZER
[14/05/2023 18:52:10] 1-123:SEV-SEND-YOUR-TOURNAMENTS;Prueba!36.4210849486101,-6.13348387670698!15.0!4!2!15:00!2023-04-04!15:00!2023-04-19!Futbol 11!Jugandose!4!1;x!36.6228636,-6.3599595!0.0!4!2!00:00!2023-06-11!00:00!2023-06-11!Voleibol Playa!Esperando Jugadores!1!9;21!36.294487399999994,-6.092790754888084!0.0!4!2!00:00!2023-05-19!00:00!2023-05-28!Futbol Sala!Esperando Jugadores!0!11;ADADA!36.7355451,-6.4348221!123.0!4!2!15:00!2023-04-12!21:07!2023-04-21!Futbol 11!Cancelado!0!6;123!36.6228636,-6.3599595!2.0!4!2!15:00!2023-03-28!00:00!2023-04-21!Futbol 11!Cancelado!0!7;Prueba!36.4210849486101, -6.13348387670698!15.2!4!2!15:00!2023-04-04!15:00!2023-04-19!Futbol 11!Cancelado!0!2;213!36.4210849486101, -6.13348387670698!123.0!4!2!15:00!2023-04-07!12:34!2023-04-13!Futbol 11!Cancelado!0!3;123!36.63479325,-6.38725705210204!123.0!4!2!15:00!2023-04-01!11:15!2023-04-05!Futbol 11!Cancelado!0!4;Prueba!36.63479325,-6.38725705210204!12.0!4!2!14:28!2023-04-05!17:28!2023-04-12!Futbol 11!Cancelado!0!5;
[14/05/2023 18:52:13] 1-123:CLI-TOURNAMENTS-ROUNDS;1
[14/05/2023 18:52:13] 1-123:SEV-TOURNAMENTS-ROUNDS;3/1/122/?/xa/?/1!4/1/Pa/?/Prueba/?/1!:5/2/?/?/?/?/1!
[14/05/2023 18:52:14] 1-123:CLI-TEAMSTOURNAMENT;1
[14/05/2023 18:52:14] 1-123:SEV-YOURTEAMSTOURNAMENT;Prueba:x:124!x!;Pa:x:x!;xa:x:124!x!111!;122:111:x!111!;
[14/05/2023 18:52:17] 1-123:CLI-SAVE-ROUNDS;3;122;1;xa;2
[14/05/2023 18:52:17] 1-123:SEV-SAVE-ROUNDS
[14/05/2023 18:52:51] Se ha conectado un cliente
[14/05/2023 18:52:56] 0-:CLI-LOGIN;123;123;ORGANIZADOR
[14/05/2023 18:52:56] 1-123:SEV-LOGIN-OK-ORGANIZER;1;123
[14/05/2023 18:52:56] 1-123:CLI-GIVETOURNAMENTS-ORGANIZER
[14/05/2023 18:52:56] 1-123:SEV-SEND-YOUR-TOURNAMENTS;Prueba!36.4210849486101,-6.13348387670698!15.0!4!2!15:00!2023-04-04!15:00!2023-04-19!Futbol 11!Jugandose!4!1;x!36.6228636,-6.3599595!0.0!4!2!00:00!2023-06-11!00:00!2023-06-11!Voleibol Playa!Esperando Jugadores!1!9;21!36.294487399999994,-6.092790754888084!0.0!4!2!00:00!2023-05-19!00:00!2023-05-28!Futbol Sala!Esperando Jugadores!0!11;ADADA!36.7355451,-6.4348221!123.0!4!2!15:00!2023-04-12!21:07!2023-04-21!Futbol 11!Cancelado!0!6;123!36.6228636,-6.3599595!2.0!4!2!15:00!2023-03-28!00:00!2023-04-21!Futbol 11!Cancelado!0!7;Prueba!36.4210849486101, -6.13348387670698!15.2!4!2!15:00!2023-04-04!15:00!2023-04-19!Futbol 11!Cancelado!0!2;213!36.4210849486101, -6.13348387670698!123.0!4!2!15:00!2023-04-07!12:34!2023-04-13!Futbol 11!Cancelado!0!3;123!36.63479325,-6.38725705210204!123.0!4!2!15:00!2023-04-01!11:15!2023-04-05!Futbol 11!Cancelado!0!4;Prueba!36.63479325,-6.38725705210204!12.0!4!2!14:28!2023-04-05!17:28!2023-04-12!Futbol 11!Cancelado!0!5;
[14/05/2023 18:52:59] 1-123:CLI-TOURNAMENTS-ROUNDS;1
[14/05/2023 18:52:59] 1-123:SEV-TOURNAMENTS-ROUNDS;3/1/122/1/xa/2/1!4/1/Pa/?/Prueba/?/1!:5/2/?/?/?/?/1!
[14/05/2023 18:53:00] 1-123:CLI-TEAMSTOURNAMENT;1
[14/05/2023 18:53:00] 1-123:SEV-YOURTEAMSTOURNAMENT;Prueba:x:124!x!;Pa:x:x!;xa:x:124!x!111!;122:111:x!111!;
[14/05/2023 18:53:02] 1-123:CLI-SAVE-ROUNDS;3;122;1;xa;2
[14/05/2023 18:53:02] 1-123:SEV-SAVE-ROUNDS
[14/05/2023 19:02:18] 1-123:CLI-TEAMSTOURNAMENT;1
[14/05/2023 19:02:18] 1-123:SEV-YOURTEAMSTOURNAMENT;Prueba:x:124!x!;Pa:x:x!;xa:x:124!x!111!;122:111:x!111!;
[14/05/2023 19:02:20] 1-123:CLI-TEAMSTOURNAMENT;1
[14/05/2023 19:02:20] 1-123:SEV-YOURTEAMSTOURNAMENT;Prueba:x:124!x!;Pa:x:x!;xa:x:124!x!111!;122:111:x!111!;
[14/05/2023 19:02:23] 1-123:CLI-SAVE-ROUNDS;4;Pa;4;Prueba;2
[14/05/2023 19:02:23] 1-123:SEV-SAVE-ROUNDS
[14/05/2023 19:02:29] 1-123:CLI-TEAMSTOURNAMENT;1
[14/05/2023 19:02:29] 1-123:SEV-YOURTEAMSTOURNAMENT;Prueba:x:124!x!;Pa:x:x!;xa:x:124!x!111!;122:111:x!111!;
[14/05/2023 19:02:31] 1-123:CLI-TOURNAMENTS-ROUNDS;1
[14/05/2023 19:02:31] 1-123:SEV-TOURNAMENTS-ROUNDS;3/1/122/1/xa/2/1!4/1/Pa/4/Prueba/2/1!:5/2/?/?/?/?/1!
[14/05/2023 19:04:00] Un usuario se ha desconectado de forma abrupta
---- [14/05/2023 19:06:50] Obteniendo todos los torneos pendientes a generar ----
---- [14/05/2023 19:06:50] Creado el hilo encargado de las tareas ----
---- [14/05/2023 19:06:50] Iniciado el hilo encargado de las tareas ----
---- [14/05/2023 19:06:50] SERVIDOR INICIADO ----
Esperando 1140789 segundos hasta la próxima tarea en: 2023-05-28T00:00
[14/05/2023 19:06:55] Se ha conectado un cliente
[14/05/2023 19:07:11] 0-:CLI-LOGIN;123;213;ORGANIZADOR
[14/05/2023 19:07:11] 0-:SER-LOGIN-ERROR-ORGANIZER
[14/05/2023 19:07:13] 0-:CLI-LOGIN;123;123;ORGANIZADOR
[14/05/2023 19:07:13] 1-123:SEV-LOGIN-OK-ORGANIZER;1;123
[14/05/2023 19:07:13] 1-123:CLI-GIVETOURNAMENTS-ORGANIZER
[14/05/2023 19:07:13] 1-123:SEV-SEND-YOUR-TOURNAMENTS;Prueba!36.4210849486101,-6.13348387670698!15.0!4!2!15:00!2023-04-04!15:00!2023-04-19!Futbol 11!Jugandose!4!1;x!36.6228636,-6.3599595!0.0!4!2!00:00!2023-06-11!00:00!2023-06-11!Voleibol Playa!Esperando Jugadores!1!9;21!36.294487399999994,-6.092790754888084!0.0!4!2!00:00!2023-05-19!00:00!2023-05-28!Futbol Sala!Esperando Jugadores!0!11;ADADA!36.7355451,-6.4348221!123.0!4!2!15:00!2023-04-12!21:07!2023-04-21!Futbol 11!Cancelado!0!6;123!36.6228636,-6.3599595!2.0!4!2!15:00!2023-03-28!00:00!2023-04-21!Futbol 11!Cancelado!0!7;Prueba!36.4210849486101, -6.13348387670698!15.2!4!2!15:00!2023-04-04!15:00!2023-04-19!Futbol 11!Cancelado!0!2;213!36.4210849486101, -6.13348387670698!123.0!4!2!15:00!2023-04-07!12:34!2023-04-13!Futbol 11!Cancelado!0!3;123!36.63479325,-6.38725705210204!123.0!4!2!15:00!2023-04-01!11:15!2023-04-05!Futbol 11!Cancelado!0!4;Prueba!36.63479325,-6.38725705210204!12.0!4!2!14:28!2023-04-05!17:28!2023-04-12!Futbol 11!Cancelado!0!5;
[14/05/2023 19:07:16] 1-123:CLI-TOURNAMENTS-ROUNDS;1
[14/05/2023 19:07:16] 1-123:SEV-TOURNAMENTS-ROUNDS;3/1/122/1/xa/2/1!4/1/Pa/4/Prueba/2/1!:5/2/?/?/?/?/1!
[14/05/2023 19:07:17] 1-123:CLI-TEAMSTOURNAMENT;1
[14/05/2023 19:07:17] 1-123:SEV-YOURTEAMSTOURNAMENT;Prueba:x:124!x!;Pa:x:x!;xa:x:124!x!111!;122:111:x!111!;
[14/05/2023 19:07:30] 1-123:CLI-SAVE-ROUNDS;5;122;4;xa;2
[14/05/2023 19:07:30] 1-123:SEV-SAVE-ROUNDS-OK
[14/05/2023 19:07:39] 1-123:CLI-TOURNAMENTS-ROUNDS;1
[14/05/2023 19:07:39] 1-123:SEV-TOURNAMENTS-ROUNDS;3/1/122/1/xa/2/1!4/1/Pa/4/Prueba/2/1!:5/2/122/4/xa/2/1!
[14/05/2023 19:08:43] Se ha conectado un cliente
[14/05/2023 19:08:47] 0-:CLI-LOGIN;123;123;ORGANIZADOR
[14/05/2023 19:08:47] 1-123:SEV-LOGIN-OK-ORGANIZER;1;123
[14/05/2023 19:08:47] 1-123:CLI-GIVETOURNAMENTS-ORGANIZER
[14/05/2023 19:08:47] 1-123:SEV-SEND-YOUR-TOURNAMENTS;Prueba!36.4210849486101,-6.13348387670698!15.0!4!2!15:00!2023-04-04!15:00!2023-04-19!Futbol 11!Jugandose!4!1;x!36.6228636,-6.3599595!0.0!4!2!00:00!2023-06-11!00:00!2023-06-11!Voleibol Playa!Esperando Jugadores!1!9;21!36.294487399999994,-6.092790754888084!0.0!4!2!00:00!2023-05-19!00:00!2023-05-28!Futbol Sala!Esperando Jugadores!0!11;ADADA!36.7355451,-6.4348221!123.0!4!2!15:00!2023-04-12!21:07!2023-04-21!Futbol 11!Cancelado!0!6;123!36.6228636,-6.3599595!2.0!4!2!15:00!2023-03-28!00:00!2023-04-21!Futbol 11!Cancelado!0!7;Prueba!36.4210849486101, -6.13348387670698!15.2!4!2!15:00!2023-04-04!15:00!2023-04-19!Futbol 11!Cancelado!0!2;213!36.4210849486101, -6.13348387670698!123.0!4!2!15:00!2023-04-07!12:34!2023-04-13!Futbol 11!Cancelado!0!3;123!36.63479325,-6.38725705210204!123.0!4!2!15:00!2023-04-01!11:15!2023-04-05!Futbol 11!Cancelado!0!4;Prueba!36.63479325,-6.38725705210204!12.0!4!2!14:28!2023-04-05!17:28!2023-04-12!Futbol 11!Cancelado!0!5;
[14/05/2023 19:08:50] 1-123:CLI-TOURNAMENTS-ROUNDS;1
[14/05/2023 19:08:50] 1-123:SEV-TOURNAMENTS-ROUNDS;3/1/122/1/xa/2/1!4/1/Pa/4/Prueba/2/1!:5/2/122/4/xa/2/1!
[14/05/2023 19:08:51] 1-123:CLI-TEAMSTOURNAMENT;1
[14/05/2023 19:08:51] 1-123:SEV-YOURTEAMSTOURNAMENT;Prueba:x:124!x!;Pa:x:x!;xa:x:124!x!111!;122:111:x!111!;
[14/05/2023 19:08:53] 1-123:CLI-SAVE-ROUNDS;5;122;3;xa;2
[14/05/2023 19:08:53] 1-123:SEV-SAVE-ROUNDS-OK
[14/05/2023 19:08:56] 1-123:CLI-TOURNAMENTS-ROUNDS;1
[14/05/2023 19:08:56] 1-123:SEV-TOURNAMENTS-ROUNDS;3/1/122/1/xa/2/1!4/1/Pa/4/Prueba/2/1!:5/2/122/3/xa/2/1!
[14/05/2023 19:08:58] 1-123:CLI-EXIT
[14/05/2023 19:08:58] 1-123:SE HA DESCONECTADO
[14/05/2023 19:09:49] Se ha conectado un cliente
[14/05/2023 19:09:55] 0-:CLI-LOGIN;123;123;ORGANIZADOR
[14/05/2023 19:09:55] 1-123:SEV-LOGIN-OK-ORGANIZER;1;123
[14/05/2023 19:09:55] 1-123:CLI-GIVETOURNAMENTS-ORGANIZER
[14/05/2023 19:09:55] 1-123:SEV-SEND-YOUR-TOURNAMENTS;Prueba!36.4210849486101,-6.13348387670698!15.0!4!2!15:00!2023-04-04!15:00!2023-04-19!Futbol 11!Jugandose!4!1;x!36.6228636,-6.3599595!0.0!4!2!00:00!2023-06-11!00:00!2023-06-11!Voleibol Playa!Esperando Jugadores!1!9;21!36.294487399999994,-6.092790754888084!0.0!4!2!00:00!2023-05-19!00:00!2023-05-28!Futbol Sala!Esperando Jugadores!0!11;ADADA!36.7355451,-6.4348221!123.0!4!2!15:00!2023-04-12!21:07!2023-04-21!Futbol 11!Cancelado!0!6;123!36.6228636,-6.3599595!2.0!4!2!15:00!2023-03-28!00:00!2023-04-21!Futbol 11!Cancelado!0!7;Prueba!36.4210849486101, -6.13348387670698!15.2!4!2!15:00!2023-04-04!15:00!2023-04-19!Futbol 11!Cancelado!0!2;213!36.4210849486101, -6.13348387670698!123.0!4!2!15:00!2023-04-07!12:34!2023-04-13!Futbol 11!Cancelado!0!3;123!36.63479325,-6.38725705210204!123.0!4!2!15:00!2023-04-01!11:15!2023-04-05!Futbol 11!Cancelado!0!4;Prueba!36.63479325,-6.38725705210204!12.0!4!2!14:28!2023-04-05!17:28!2023-04-12!Futbol 11!Cancelado!0!5;
[14/05/2023 19:09:56] Se ha conectado un cliente
[14/05/2023 19:09:57] 1-123:CLI-TOURNAMENTS-ROUNDS;1
[14/05/2023 19:09:57] 1-123:SEV-TOURNAMENTS-ROUNDS;3/1/122/1/xa/2/1!4/1/Pa/4/Prueba/2/1!:5/2/122/3/xa/2/1!
[14/05/2023 19:09:58] 1-123:CLI-TEAMSTOURNAMENT;1
[14/05/2023 19:09:59] 1-123:SEV-YOURTEAMSTOURNAMENT;Prueba:x:124!x!;Pa:x:x!;xa:x:124!x!111!;122:111:x!111!;
[14/05/2023 19:10:01] 1-123:CLI-SAVE-ROUNDS;4;Pa;5;Prueba;2
[14/05/2023 19:10:01] 1-123:SEV-SAVE-ROUNDS-OK
[14/05/2023 19:11:42] 0-:CLI-EXIT
[14/05/2023 19:11:42] 0-:SE HA DESCONECTADO
[14/05/2023 19:11:43] 1-123:CLI-EXIT
[14/05/2023 19:11:43] 1-123:SE HA DESCONECTADO
[14/05/2023 19:11:44] 1-123:CLI-EXIT
[14/05/2023 19:11:44] 1-123:SE HA DESCONECTADO
[14/05/2023 19:11:46] Se ha conectado un cliente
[14/05/2023 19:11:51] 0-:CLI-LOGIN;123;123;ORGANIZADOR
[14/05/2023 19:11:51] 1-123:SEV-LOGIN-OK-ORGANIZER;1;123
[14/05/2023 19:11:51] 1-123:CLI-GIVETOURNAMENTS-ORGANIZER
[14/05/2023 19:11:52] 1-123:SEV-SEND-YOUR-TOURNAMENTS;Prueba!36.4210849486101,-6.13348387670698!15.0!4!2!15:00!2023-04-04!15:00!2023-04-19!Futbol 11!Jugandose!4!1;x!36.6228636,-6.3599595!0.0!4!2!00:00!2023-06-11!00:00!2023-06-11!Voleibol Playa!Esperando Jugadores!1!9;21!36.294487399999994,-6.092790754888084!0.0!4!2!00:00!2023-05-19!00:00!2023-05-28!Futbol Sala!Esperando Jugadores!0!11;ADADA!36.7355451,-6.4348221!123.0!4!2!15:00!2023-04-12!21:07!2023-04-21!Futbol 11!Cancelado!0!6;123!36.6228636,-6.3599595!2.0!4!2!15:00!2023-03-28!00:00!2023-04-21!Futbol 11!Cancelado!0!7;Prueba!36.4210849486101, -6.13348387670698!15.2!4!2!15:00!2023-04-04!15:00!2023-04-19!Futbol 11!Cancelado!0!2;213!36.4210849486101, -6.13348387670698!123.0!4!2!15:00!2023-04-07!12:34!2023-04-13!Futbol 11!Cancelado!0!3;123!36.63479325,-6.38725705210204!123.0!4!2!15:00!2023-04-01!11:15!2023-04-05!Futbol 11!Cancelado!0!4;Prueba!36.63479325,-6.38725705210204!12.0!4!2!14:28!2023-04-05!17:28!2023-04-12!Futbol 11!Cancelado!0!5;
[14/05/2023 19:11:54] 1-123:CLI-TOURNAMENTS-ROUNDS;1
[14/05/2023 19:11:54] 1-123:SEV-TOURNAMENTS-ROUNDS;3/1/122/1/xa/2/1!4/1/Pa/5/Prueba/2/1!:5/2/122/3/xa/2/1!
[14/05/2023 19:11:56] 1-123:CLI-TEAMSTOURNAMENT;1
[14/05/2023 19:11:56] 1-123:SEV-YOURTEAMSTOURNAMENT;Prueba:x:124!x!;Pa:x:x!;xa:x:124!x!111!;122:111:x!111!;
[14/05/2023 19:11:58] 1-123:CLI-SAVE-ROUNDS;5;122;5;xa;2
[14/05/2023 19:11:58] 1-123:SEV-SAVE-ROUNDS-OK
[14/05/2023 19:12:01] 1-123:CLI-TEAMSTOURNAMENT;1
[14/05/2023 19:12:01] 1-123:SEV-YOURTEAMSTOURNAMENT;Prueba:x:124!x!;Pa:x:x!;xa:x:124!x!111!;122:111:x!111!;
[14/05/2023 19:12:03] 1-123:CLI-TEAMSTOURNAMENT;1
[14/05/2023 19:12:03] 1-123:SEV-YOURTEAMSTOURNAMENT;Prueba:x:124!x!;Pa:x:x!;xa:x:124!x!111!;122:111:x!111!;
[14/05/2023 19:12:10] 1-123:CLI-EXIT
[14/05/2023 19:12:10] 1-123:SE HA DESCONECTADO
[14/05/2023 19:12:39] Se ha conectado un cliente
[14/05/2023 19:12:43] 0-:CLI-EXIT
[14/05/2023 19:12:43] 0-:SE HA DESCONECTADO
[14/05/2023 19:12:55] Se ha conectado un cliente
[14/05/2023 19:12:59] 0-:CLI-LOGIN;123;123;ORGANIZADOR
[14/05/2023 19:12:59] 1-123:SEV-LOGIN-OK-ORGANIZER;1;123
[14/05/2023 19:12:59] 1-123:CLI-GIVETOURNAMENTS-ORGANIZER
[14/05/2023 19:12:59] 1-123:SEV-SEND-YOUR-TOURNAMENTS;Prueba!36.4210849486101,-6.13348387670698!15.0!4!2!15:00!2023-04-04!15:00!2023-04-19!Futbol 11!Jugandose!4!1;x!36.6228636,-6.3599595!0.0!4!2!00:00!2023-06-11!00:00!2023-06-11!Voleibol Playa!Esperando Jugadores!1!9;21!36.294487399999994,-6.092790754888084!0.0!4!2!00:00!2023-05-19!00:00!2023-05-28!Futbol Sala!Esperando Jugadores!0!11;ADADA!36.7355451,-6.4348221!123.0!4!2!15:00!2023-04-12!21:07!2023-04-21!Futbol 11!Cancelado!0!6;123!36.6228636,-6.3599595!2.0!4!2!15:00!2023-03-28!00:00!2023-04-21!Futbol 11!Cancelado!0!7;Prueba!36.4210849486101, -6.13348387670698!15.2!4!2!15:00!2023-04-04!15:00!2023-04-19!Futbol 11!Cancelado!0!2;213!36.4210849486101, -6.13348387670698!123.0!4!2!15:00!2023-04-07!12:34!2023-04-13!Futbol 11!Cancelado!0!3;123!36.63479325,-6.38725705210204!123.0!4!2!15:00!2023-04-01!11:15!2023-04-05!Futbol 11!Cancelado!0!4;Prueba!36.63479325,-6.38725705210204!12.0!4!2!14:28!2023-04-05!17:28!2023-04-12!Futbol 11!Cancelado!0!5;
[14/05/2023 19:13:01] 1-123:CLI-TOURNAMENTS-ROUNDS;1
[14/05/2023 19:13:01] 1-123:SEV-TOURNAMENTS-ROUNDS;3/1/122/1/xa/2/1!4/1/Pa/5/Prueba/2/1!:5/2/122/5/xa/2/1!
[14/05/2023 19:13:01] 1-123:CLI-TOURNAMENTS-ROUNDS;1
[14/05/2023 19:13:01] 1-123:SEV-TOURNAMENTS-ROUNDS;3/1/122/1/xa/2/1!4/1/Pa/5/Prueba/2/1!:5/2/122/5/xa/2/1!
[14/05/2023 19:13:07] 1-123:CLI-EXIT
[14/05/2023 19:13:07] 1-123:SE HA DESCONECTADO
[14/05/2023 19:13:22] Se ha conectado un cliente
[14/05/2023 19:13:25] 0-:CLI-LOGIN;123;123;ORGANIZADOR
[14/05/2023 19:13:25] 1-123:SEV-LOGIN-OK-ORGANIZER;1;123
[14/05/2023 19:13:25] 1-123:CLI-GIVETOURNAMENTS-ORGANIZER
[14/05/2023 19:13:25] 1-123:SEV-SEND-YOUR-TOURNAMENTS;Prueba!36.4210849486101,-6.13348387670698!15.0!4!2!15:00!2023-04-04!15:00!2023-04-19!Futbol 11!Jugandose!4!1;x!36.6228636,-6.3599595!0.0!4!2!00:00!2023-06-11!00:00!2023-06-11!Voleibol Playa!Esperando Jugadores!1!9;21!36.294487399999994,-6.092790754888084!0.0!4!2!00:00!2023-05-19!00:00!2023-05-28!Futbol Sala!Esperando Jugadores!0!11;ADADA!36.7355451,-6.4348221!123.0!4!2!15:00!2023-04-12!21:07!2023-04-21!Futbol 11!Cancelado!0!6;123!36.6228636,-6.3599595!2.0!4!2!15:00!2023-03-28!00:00!2023-04-21!Futbol 11!Cancelado!0!7;Prueba!36.4210849486101, -6.13348387670698!15.2!4!2!15:00!2023-04-04!15:00!2023-04-19!Futbol 11!Cancelado!0!2;213!36.4210849486101, -6.13348387670698!123.0!4!2!15:00!2023-04-07!12:34!2023-04-13!Futbol 11!Cancelado!0!3;123!36.63479325,-6.38725705210204!123.0!4!2!15:00!2023-04-01!11:15!2023-04-05!Futbol 11!Cancelado!0!4;Prueba!36.63479325,-6.38725705210204!12.0!4!2!14:28!2023-04-05!17:28!2023-04-12!Futbol 11!Cancelado!0!5;
[14/05/2023 19:13:28] 1-123:CLI-TOURNAMENTS-ROUNDS;1
[14/05/2023 19:13:28] 1-123:SEV-TOURNAMENTS-ROUNDS;3/1/122/1/xa/2/1!4/1/Pa/5/Prueba/2/1!:5/2/122/5/xa/2/1!
[14/05/2023 19:13:29] 1-123:CLI-TEAMSTOURNAMENT;1
[14/05/2023 19:13:29] 1-123:SEV-YOURTEAMSTOURNAMENT;Prueba:x:124!x!;Pa:x:x!;xa:x:124!x!111!;122:111:x!111!;
[14/05/2023 19:13:33] 1-123:CLI-SAVE-ROUNDS;3;122;1;xa;3
[14/05/2023 19:13:33] 1-123:SEV-SAVE-ROUNDS-OK
[14/05/2023 19:13:34] 1-123:CLI-TEAMSTOURNAMENT;1
[14/05/2023 19:13:34] 1-123:SEV-YOURTEAMSTOURNAMENT;Prueba:x:124!x!;Pa:x:x!;xa:x:124!x!111!;122:111:x!111!;
[14/05/2023 19:13:36] 1-123:CLI-SAVE-ROUNDS;3;122;2;xa;3
[14/05/2023 19:13:36] 1-123:SEV-SAVE-ROUNDS-OK
[14/05/2023 19:13:39] 1-123:CLI-EXIT
[14/05/2023 19:13:39] 1-123:SE HA DESCONECTADO
---- [14/05/2023 19:16:04] Obteniendo todos los torneos pendientes a generar ----
---- [14/05/2023 19:16:04] Creado el hilo encargado de las tareas ----
---- [14/05/2023 19:16:04] Iniciado el hilo encargado de las tareas ----
---- [14/05/2023 19:16:12] Obteniendo todos los torneos pendientes a generar ----
---- [14/05/2023 19:16:12] Creado el hilo encargado de las tareas ----
---- [14/05/2023 19:16:12] Iniciado el hilo encargado de las tareas ----
---- [14/05/2023 19:16:12] SERVIDOR INICIADO ----
Esperando 1140227 segundos hasta la próxima tarea en: 2023-05-28T00:00
[14/05/2023 19:16:20] Se ha conectado un cliente
[14/05/2023 19:16:26] 0-:CLI-LOGIN;123;123;ORGANIZADOR
[14/05/2023 19:16:26] 1-123:SEV-LOGIN-OK-ORGANIZER;1;123
[14/05/2023 19:16:26] 1-123:CLI-GIVETOURNAMENTS-ORGANIZER
[14/05/2023 19:16:26] 1-123:SEV-SEND-YOUR-TOURNAMENTS;Prueba!36.4210849486101,-6.13348387670698!15.0!4!2!15:00!2023-04-04!15:00!2023-04-19!Futbol 11!Jugandose!4!1;x!36.6228636,-6.3599595!0.0!4!2!00:00!2023-06-11!00:00!2023-06-11!Voleibol Playa!Esperando Jugadores!1!9;21!36.294487399999994,-6.092790754888084!0.0!4!2!00:00!2023-05-19!00:00!2023-05-28!Futbol Sala!Esperando Jugadores!0!11;ADADA!36.7355451,-6.4348221!123.0!4!2!15:00!2023-04-12!21:07!2023-04-21!Futbol 11!Cancelado!0!6;123!36.6228636,-6.3599595!2.0!4!2!15:00!2023-03-28!00:00!2023-04-21!Futbol 11!Cancelado!0!7;Prueba!36.4210849486101, -6.13348387670698!15.2!4!2!15:00!2023-04-04!15:00!2023-04-19!Futbol 11!Cancelado!0!2;213!36.4210849486101, -6.13348387670698!123.0!4!2!15:00!2023-04-07!12:34!2023-04-13!Futbol 11!Cancelado!0!3;123!36.63479325,-6.38725705210204!123.0!4!2!15:00!2023-04-01!11:15!2023-04-05!Futbol 11!Cancelado!0!4;Prueba!36.63479325,-6.38725705210204!12.0!4!2!14:28!2023-04-05!17:28!2023-04-12!Futbol 11!Cancelado!0!5;
[14/05/2023 19:16:32] 1-123:CLI-GIVE-SPORTS
[14/05/2023 19:16:32] 1-123:SEV-SEND-SPORTS;Futbol 11:22;Futbol 7:14;Futbol Sala:10;Voleibol:12;Voleibol Playa:4;
[14/05/2023 19:17:15] 1-123:CLI-CREATETOURNAMENT;123!36.63479325,-6.38725705210204!0!4!2!19:20!2023-05-16!19:20!2023-05-15!Voleibol
[14/05/2023 19:17:15] 1-123:SEV-TOURNAMENT-CREATE-ERROR
[14/05/2023 19:17:28] 1-123:CLI-GIVETOURNAMENTS-ORGANIZER
[14/05/2023 19:17:28] 1-123:SEV-SEND-YOUR-TOURNAMENTS;Prueba!36.4210849486101,-6.13348387670698!15.0!4!2!15:00!2023-04-04!15:00!2023-04-19!Futbol 11!Jugandose!4!1;x!36.6228636,-6.3599595!0.0!4!2!00:00!2023-06-11!00:00!2023-06-11!Voleibol Playa!Esperando Jugadores!1!9;21!36.294487399999994,-6.092790754888084!0.0!4!2!00:00!2023-05-19!00:00!2023-05-28!Futbol Sala!Esperando Jugadores!0!11;123!36.63479325,-6.38725705210204!0.0!4!2!19:20!2023-05-16!19:20!2023-05-15!Voleibol!Esperando Jugadores!0!12;Prueba!36.4210849486101, -6.13348387670698!15.2!4!2!15:00!2023-04-04!15:00!2023-04-19!Futbol 11!Cancelado!0!2;213!36.4210849486101, -6.13348387670698!123.0!4!2!15:00!2023-04-07!12:34!2023-04-13!Futbol 11!Cancelado!0!3;123!36.63479325,-6.38725705210204!123.0!4!2!15:00!2023-04-01!11:15!2023-04-05!Futbol 11!Cancelado!0!4;Prueba!36.63479325,-6.38725705210204!12.0!4!2!14:28!2023-04-05!17:28!2023-04-12!Futbol 11!Cancelado!0!5;ADADA!36.7355451,-6.4348221!123.0!4!2!15:00!2023-04-12!21:07!2023-04-21!Futbol 11!Cancelado!0!6;123!36.6228636,-6.3599595!2.0!4!2!15:00!2023-03-28!00:00!2023-04-21!Futbol 11!Cancelado!0!7;
[14/05/2023 19:17:32] 1-123:CLI-GIVE-SPORTS
[14/05/2023 19:17:32] 1-123:SEV-SEND-SPORTS;Futbol 11:22;Futbol 7:14;Futbol Sala:10;Voleibol:12;Voleibol Playa:4;
[14/05/2023 19:18:23] 1-123:CLI-CREATETOURNAMENT;DE LOCOS!36.63479325,-6.38725705210204!0!4!2!08:00!2023-05-21!19:20!2023-05-14!Voleibol
[14/05/2023 19:18:23] 1-123:SEV-TOURNAMENT-CREATE-ERROR
[14/05/2023 19:18:36] 1-123:CLI-GIVETOURNAMENTS-ORGANIZER
[14/05/2023 19:18:36] 1-123:SEV-SEND-YOUR-TOURNAMENTS;Prueba!36.4210849486101,-6.13348387670698!15.0!4!2!15:00!2023-04-04!15:00!2023-04-19!Futbol 11!Jugandose!4!1;x!36.6228636,-6.3599595!0.0!4!2!00:00!2023-06-11!00:00!2023-06-11!Voleibol Playa!Esperando Jugadores!1!9;21!36.294487399999994,-6.092790754888084!0.0!4!2!00:00!2023-05-19!00:00!2023-05-28!Futbol Sala!Esperando Jugadores!0!11;123!36.63479325,-6.38725705210204!0.0!4!2!19:20!2023-05-16!19:20!2023-05-15!Voleibol!Esperando Jugadores!0!12;DE LOCOS!36.63479325,-6.38725705210204!0.0!4!2!08:00!2023-05-21!19:20!2023-05-14!Voleibol!Esperando Jugadores!0!13;Prueba!36.4210849486101, -6.13348387670698!15.2!4!2!15:00!2023-04-04!15:00!2023-04-19!Futbol 11!Cancelado!0!2;213!36.4210849486101, -6.13348387670698!123.0!4!2!15:00!2023-04-07!12:34!2023-04-13!Futbol 11!Cancelado!0!3;123!36.63479325,-6.38725705210204!123.0!4!2!15:00!2023-04-01!11:15!2023-04-05!Futbol 11!Cancelado!0!4;Prueba!36.63479325,-6.38725705210204!12.0!4!2!14:28!2023-04-05!17:28!2023-04-12!Futbol 11!Cancelado!0!5;ADADA!36.7355451,-6.4348221!123.0!4!2!15:00!2023-04-12!21:07!2023-04-21!Futbol 11!Cancelado!0!6;123!36.6228636,-6.3599595!2.0!4!2!15:00!2023-03-28!00:00!2023-04-21!Futbol 11!Cancelado!0!7;
[14/05/2023 19:18:38] 1-123:CLI-GIVETOURNAMENTS-ORGANIZER
[14/05/2023 19:18:38] 1-123:SEV-SEND-YOUR-TOURNAMENTS;Prueba!36.4210849486101,-6.13348387670698!15.0!4!2!15:00!2023-04-04!15:00!2023-04-19!Futbol 11!Jugandose!4!1;x!36.6228636,-6.3599595!0.0!4!2!00:00!2023-06-11!00:00!2023-06-11!Voleibol Playa!Esperando Jugadores!1!9;21!36.294487399999994,-6.092790754888084!0.0!4!2!00:00!2023-05-19!00:00!2023-05-28!Futbol Sala!Esperando Jugadores!0!11;123!36.63479325,-6.38725705210204!0.0!4!2!19:20!2023-05-16!19:20!2023-05-15!Voleibol!Esperando Jugadores!0!12;DE LOCOS!36.63479325,-6.38725705210204!0.0!4!2!08:00!2023-05-21!19:20!2023-05-14!Voleibol!Esperando Jugadores!0!13;Prueba!36.4210849486101, -6.13348387670698!15.2!4!2!15:00!2023-04-04!15:00!2023-04-19!Futbol 11!Cancelado!0!2;213!36.4210849486101, -6.13348387670698!123.0!4!2!15:00!2023-04-07!12:34!2023-04-13!Futbol 11!Cancelado!0!3;123!36.63479325,-6.38725705210204!123.0!4!2!15:00!2023-04-01!11:15!2023-04-05!Futbol 11!Cancelado!0!4;Prueba!36.63479325,-6.38725705210204!12.0!4!2!14:28!2023-04-05!17:28!2023-04-12!Futbol 11!Cancelado!0!5;ADADA!36.7355451,-6.4348221!123.0!4!2!15:00!2023-04-12!21:07!2023-04-21!Futbol 11!Cancelado!0!6;123!36.6228636,-6.3599595!2.0!4!2!15:00!2023-03-28!00:00!2023-04-21!Futbol 11!Cancelado!0!7;
[14/05/2023 19:19:32] Un usuario se ha desconectado de forma abrupta
---- [14/05/2023 19:19:36] Obteniendo todos los torneos pendientes a generar ----
---- [14/05/2023 19:19:37] Creado el hilo encargado de las tareas ----
---- [14/05/2023 19:19:37] Iniciado el hilo encargado de las tareas ----
---- [14/05/2023 19:19:37] SERVIDOR INICIADO ----
Esperando 22 segundos hasta la próxima tarea en: 2023-05-14T19:20
[14/05/2023 19:19:43] Se ha conectado un cliente
[14/05/2023 19:19:47] 0-:CLI-LOGIN;123;123;ORGANIZADOR
[14/05/2023 19:19:47] 1-123:SEV-LOGIN-OK-ORGANIZER;1;123
[14/05/2023 19:19:47] 1-123:CLI-GIVETOURNAMENTS-ORGANIZER
[14/05/2023 19:19:47] 1-123:SEV-SEND-YOUR-TOURNAMENTS;Prueba!36.4210849486101,-6.13348387670698!15.0!4!2!15:00!2023-04-04!15:00!2023-04-19!Futbol 11!Jugandose!4!1;x!36.6228636,-6.3599595!0.0!4!2!00:00!2023-06-11!00:00!2023-06-11!Voleibol Playa!Esperando Jugadores!1!9;21!36.294487399999994,-6.092790754888084!0.0!4!2!00:00!2023-05-19!00:00!2023-05-28!Futbol Sala!Esperando Jugadores!0!11;123!36.63479325,-6.38725705210204!0.0!4!2!19:20!2023-05-16!19:20!2023-05-15!Voleibol!Esperando Jugadores!0!12;DE LOCOS!36.63479325,-6.38725705210204!0.0!4!2!08:00!2023-05-21!19:20!2023-05-14!Voleibol!Esperando Jugadores!0!13;Prueba!36.4210849486101, -6.13348387670698!15.2!4!2!15:00!2023-04-04!15:00!2023-04-19!Futbol 11!Cancelado!0!2;213!36.4210849486101, -6.13348387670698!123.0!4!2!15:00!2023-04-07!12:34!2023-04-13!Futbol 11!Cancelado!0!3;123!36.63479325,-6.38725705210204!123.0!4!2!15:00!2023-04-01!11:15!2023-04-05!Futbol 11!Cancelado!0!4;Prueba!36.63479325,-6.38725705210204!12.0!4!2!14:28!2023-04-05!17:28!2023-04-12!Futbol 11!Cancelado!0!5;ADADA!36.7355451,-6.4348221!123.0!4!2!15:00!2023-04-12!21:07!2023-04-21!Futbol 11!Cancelado!0!6;123!36.6228636,-6.3599595!2.0!4!2!15:00!2023-03-28!00:00!2023-04-21!Futbol 11!Cancelado!0!7;
[14/05/2023 19:19:49] 1-123:CLI-GIVE-SPORTS
[14/05/2023 19:19:49] 1-123:SEV-SEND-SPORTS;Futbol 11:22;Futbol 7:14;Futbol Sala:10;Voleibol:12;Voleibol Playa:4;
Iniciando la tarea: GENERATE-FIGHT-TOURNAMENTS;13
[14/05/2023 19:20:15] GENERATE-FIGHT-TOURNAMENTS;13: GENERANDO ENFRENTAMIENTO DEL TORNEO
[14/05/2023 19:20:15] GENERATE-FIGHT-TOURNAMENTS;13: EL ESTADO DEL TORNEO ES ESPERANDO
[14/05/2023 19:20:15] GENERATE-FIGHT-TOURNAMENTS;13: COMPROBANDO QUE CUMPLE LOS MINIMOS INSCRITOS
[14/05/2023 19:20:15] GENERATE-FIGHT-TOURNAMENTS;13: EL TORNEO NO HA OBTENIDO LAS INSCRIPCCIONES SUFICIENTES
[14/05/2023 19:20:15] GENERATE-FIGHT-TOURNAMENTS;13: FINALIZADA LA GENRACION DE ENFRENTAMIENTOS

Esperando 86384 segundos hasta la próxima tarea en: 2023-05-15T19:20
[14/05/2023 19:20:41] 1-123:CLI-CREATETOURNAMENT;preuba!!!4!2!00:00!2023-05-21!19:22!2023-05-19!Futbol 11
---- [14/05/2023 19:22:09] Obteniendo todos los torneos pendientes a generar ----
---- [14/05/2023 19:22:10] Creado el hilo encargado de las tareas ----
---- [14/05/2023 19:22:10] Iniciado el hilo encargado de las tareas ----
---- [14/05/2023 19:22:10] SERVIDOR INICIADO ----
Esperando 86269 segundos hasta la próxima tarea en: 2023-05-15T19:20
[14/05/2023 19:22:15] Se ha conectado un cliente
[14/05/2023 19:22:19] 0-:CLI-LOGIN;123;123;ORGANIZADOR
[14/05/2023 19:22:19] 1-123:SEV-LOGIN-OK-ORGANIZER;1;123
[14/05/2023 19:22:19] 1-123:CLI-GIVETOURNAMENTS-ORGANIZER
[14/05/2023 19:22:19] 1-123:SEV-SEND-YOUR-TOURNAMENTS;Prueba!36.4210849486101,-6.13348387670698!15.0!4!2!15:00!2023-04-04!15:00!2023-04-19!Futbol 11!Jugandose!4!1;x!36.6228636,-6.3599595!0.0!4!2!00:00!2023-06-11!00:00!2023-06-11!Voleibol Playa!Esperando Jugadores!1!9;21!36.294487399999994,-6.092790754888084!0.0!4!2!00:00!2023-05-19!00:00!2023-05-28!Futbol Sala!Esperando Jugadores!0!11;123!36.63479325,-6.38725705210204!0.0!4!2!19:20!2023-05-16!19:20!2023-05-15!Voleibol!Esperando Jugadores!0!12;Prueba!36.4210849486101, -6.13348387670698!15.2!4!2!15:00!2023-04-04!15:00!2023-04-19!Futbol 11!Cancelado!0!2;213!36.4210849486101, -6.13348387670698!123.0!4!2!15:00!2023-04-07!12:34!2023-04-13!Futbol 11!Cancelado!0!3;123!36.63479325,-6.38725705210204!123.0!4!2!15:00!2023-04-01!11:15!2023-04-05!Futbol 11!Cancelado!0!4;Prueba!36.63479325,-6.38725705210204!12.0!4!2!14:28!2023-04-05!17:28!2023-04-12!Futbol 11!Cancelado!0!5;ADADA!36.7355451,-6.4348221!123.0!4!2!15:00!2023-04-12!21:07!2023-04-21!Futbol 11!Cancelado!0!6;123!36.6228636,-6.3599595!2.0!4!2!15:00!2023-03-28!00:00!2023-04-21!Futbol 11!Cancelado!0!7;DE LOCOS!36.63479325,-6.38725705210204!0.0!4!2!08:00!2023-05-21!19:20!2023-05-14!Voleibol!Cancelado!0!13;
[14/05/2023 19:22:22] 1-123:CLI-GIVETOURNAMENTS-ORGANIZER
[14/05/2023 19:22:22] 1-123:SEV-SEND-YOUR-TOURNAMENTS;Prueba!36.4210849486101,-6.13348387670698!15.0!4!2!15:00!2023-04-04!15:00!2023-04-19!Futbol 11!Jugandose!4!1;x!36.6228636,-6.3599595!0.0!4!2!00:00!2023-06-11!00:00!2023-06-11!Voleibol Playa!Esperando Jugadores!1!9;21!36.294487399999994,-6.092790754888084!0.0!4!2!00:00!2023-05-19!00:00!2023-05-28!Futbol Sala!Esperando Jugadores!0!11;123!36.63479325,-6.38725705210204!0.0!4!2!19:20!2023-05-16!19:20!2023-05-15!Voleibol!Esperando Jugadores!0!12;Prueba!36.4210849486101, -6.13348387670698!15.2!4!2!15:00!2023-04-04!15:00!2023-04-19!Futbol 11!Cancelado!0!2;213!36.4210849486101, -6.13348387670698!123.0!4!2!15:00!2023-04-07!12:34!2023-04-13!Futbol 11!Cancelado!0!3;123!36.63479325,-6.38725705210204!123.0!4!2!15:00!2023-04-01!11:15!2023-04-05!Futbol 11!Cancelado!0!4;Prueba!36.63479325,-6.38725705210204!12.0!4!2!14:28!2023-04-05!17:28!2023-04-12!Futbol 11!Cancelado!0!5;ADADA!36.7355451,-6.4348221!123.0!4!2!15:00!2023-04-12!21:07!2023-04-21!Futbol 11!Cancelado!0!6;123!36.6228636,-6.3599595!2.0!4!2!15:00!2023-03-28!00:00!2023-04-21!Futbol 11!Cancelado!0!7;DE LOCOS!36.63479325,-6.38725705210204!0.0!4!2!08:00!2023-05-21!19:20!2023-05-14!Voleibol!Cancelado!0!13;
[14/05/2023 19:22:24] 1-123:CLI-GIVE-SPORTS
[14/05/2023 19:22:24] 1-123:SEV-SEND-SPORTS;Futbol 11:22;Futbol 7:14;Futbol Sala:10;Voleibol:12;Voleibol Playa:4;
[14/05/2023 19:22:50] 1-123:CLI-CREATETOURNAMENT;prueba!36.67826185,-6.110059436817895!0!4!2!00:00!2023-05-15!19:34!2023-05-14!Futbol 11
---- [14/05/2023 19:23:24] Obteniendo todos los torneos pendientes a generar ----
---- [14/05/2023 19:23:25] Creado el hilo encargado de las tareas ----
---- [14/05/2023 19:23:25] Iniciado el hilo encargado de las tareas ----
---- [14/05/2023 19:23:25] SERVIDOR INICIADO ----
Esperando 634 segundos hasta la próxima tarea en: 2023-05-14T19:34
[14/05/2023 19:23:36] Se ha conectado un cliente
[14/05/2023 19:23:39] 0-:CLI-LOGIN;123;123;ORGANIZADOR
[14/05/2023 19:23:39] 1-123:SEV-LOGIN-OK-ORGANIZER;1;123
[14/05/2023 19:23:39] 1-123:CLI-GIVETOURNAMENTS-ORGANIZER
[14/05/2023 19:23:39] 1-123:SEV-SEND-YOUR-TOURNAMENTS;Prueba!36.4210849486101,-6.13348387670698!15.0!4!2!15:00!2023-04-04!15:00!2023-04-19!Futbol 11!Jugandose!4!1;x!36.6228636,-6.3599595!0.0!4!2!00:00!2023-06-11!00:00!2023-06-11!Voleibol Playa!Esperando Jugadores!1!9;21!36.294487399999994,-6.092790754888084!0.0!4!2!00:00!2023-05-19!00:00!2023-05-28!Futbol Sala!Esperando Jugadores!0!11;123!36.63479325,-6.38725705210204!0.0!4!2!19:20!2023-05-16!19:20!2023-05-15!Voleibol!Esperando Jugadores!0!12;prueba!36.67826185,-6.110059436817895!0.0!4!2!00:00!2023-05-15!19:34!2023-05-14!Futbol 11!Esperando Jugadores!0!14;Prueba!36.4210849486101, -6.13348387670698!15.2!4!2!15:00!2023-04-04!15:00!2023-04-19!Futbol 11!Cancelado!0!2;213!36.4210849486101, -6.13348387670698!123.0!4!2!15:00!2023-04-07!12:34!2023-04-13!Futbol 11!Cancelado!0!3;123!36.63479325,-6.38725705210204!123.0!4!2!15:00!2023-04-01!11:15!2023-04-05!Futbol 11!Cancelado!0!4;Prueba!36.63479325,-6.38725705210204!12.0!4!2!14:28!2023-04-05!17:28!2023-04-12!Futbol 11!Cancelado!0!5;ADADA!36.7355451,-6.4348221!123.0!4!2!15:00!2023-04-12!21:07!2023-04-21!Futbol 11!Cancelado!0!6;123!36.6228636,-6.3599595!2.0!4!2!15:00!2023-03-28!00:00!2023-04-21!Futbol 11!Cancelado!0!7;DE LOCOS!36.63479325,-6.38725705210204!0.0!4!2!08:00!2023-05-21!19:20!2023-05-14!Voleibol!Cancelado!0!13;
[14/05/2023 19:23:42] 1-123:CLI-GIVETOURNAMENTS-ORGANIZER
[14/05/2023 19:23:42] 1-123:SEV-SEND-YOUR-TOURNAMENTS;Prueba!36.4210849486101,-6.13348387670698!15.0!4!2!15:00!2023-04-04!15:00!2023-04-19!Futbol 11!Jugandose!4!1;x!36.6228636,-6.3599595!0.0!4!2!00:00!2023-06-11!00:00!2023-06-11!Voleibol Playa!Esperando Jugadores!1!9;21!36.294487399999994,-6.092790754888084!0.0!4!2!00:00!2023-05-19!00:00!2023-05-28!Futbol Sala!Esperando Jugadores!0!11;123!36.63479325,-6.38725705210204!0.0!4!2!19:20!2023-05-16!19:20!2023-05-15!Voleibol!Esperando Jugadores!0!12;prueba!36.67826185,-6.110059436817895!0.0!4!2!00:00!2023-05-15!19:34!2023-05-14!Futbol 11!Esperando Jugadores!0!14;Prueba!36.4210849486101, -6.13348387670698!15.2!4!2!15:00!2023-04-04!15:00!2023-04-19!Futbol 11!Cancelado!0!2;213!36.4210849486101, -6.13348387670698!123.0!4!2!15:00!2023-04-07!12:34!2023-04-13!Futbol 11!Cancelado!0!3;123!36.63479325,-6.38725705210204!123.0!4!2!15:00!2023-04-01!11:15!2023-04-05!Futbol 11!Cancelado!0!4;Prueba!36.63479325,-6.38725705210204!12.0!4!2!14:28!2023-04-05!17:28!2023-04-12!Futbol 11!Cancelado!0!5;ADADA!36.7355451,-6.4348221!123.0!4!2!15:00!2023-04-12!21:07!2023-04-21!Futbol 11!Cancelado!0!6;123!36.6228636,-6.3599595!2.0!4!2!15:00!2023-03-28!00:00!2023-04-21!Futbol 11!Cancelado!0!7;DE LOCOS!36.63479325,-6.38725705210204!0.0!4!2!08:00!2023-05-21!19:20!2023-05-14!Voleibol!Cancelado!0!13;
[14/05/2023 19:23:43] 1-123:CLI-GIVE-SPORTS
[14/05/2023 19:23:43] 1-123:SEV-SEND-SPORTS;Futbol 11:22;Futbol 7:14;Futbol Sala:10;Voleibol:12;Voleibol Playa:4;
[14/05/2023 19:23:55] 1-123:CLI-CREATETOURNAMENT;13!36.6228636,-6.3599595!0!4!2!00:00!2023-05-27!19:00!2023-05-14!Futbol 11
[14/05/2023 19:23:55] 1-123:SEV-TOURNAMENT-CREATE-ERROR
[14/05/2023 19:23:57] 1-123:CLI-GIVETOURNAMENTS-ORGANIZER
[14/05/2023 19:23:57] 1-123:SEV-SEND-YOUR-TOURNAMENTS;Prueba!36.4210849486101,-6.13348387670698!15.0!4!2!15:00!2023-04-04!15:00!2023-04-19!Futbol 11!Jugandose!4!1;x!36.6228636,-6.3599595!0.0!4!2!00:00!2023-06-11!00:00!2023-06-11!Voleibol Playa!Esperando Jugadores!1!9;21!36.294487399999994,-6.092790754888084!0.0!4!2!00:00!2023-05-19!00:00!2023-05-28!Futbol Sala!Esperando Jugadores!0!11;123!36.63479325,-6.38725705210204!0.0!4!2!19:20!2023-05-16!19:20!2023-05-15!Voleibol!Esperando Jugadores!0!12;prueba!36.67826185,-6.110059436817895!0.0!4!2!00:00!2023-05-15!19:34!2023-05-14!Futbol 11!Esperando Jugadores!0!14;13!36.6228636,-6.3599595!0.0!4!2!00:00!2023-05-27!19:00!2023-05-14!Futbol 11!Esperando Jugadores!0!15;Prueba!36.4210849486101, -6.13348387670698!15.2!4!2!15:00!2023-04-04!15:00!2023-04-19!Futbol 11!Cancelado!0!2;213!36.4210849486101, -6.13348387670698!123.0!4!2!15:00!2023-04-07!12:34!2023-04-13!Futbol 11!Cancelado!0!3;123!36.63479325,-6.38725705210204!123.0!4!2!15:00!2023-04-01!11:15!2023-04-05!Futbol 11!Cancelado!0!4;Prueba!36.63479325,-6.38725705210204!12.0!4!2!14:28!2023-04-05!17:28!2023-04-12!Futbol 11!Cancelado!0!5;ADADA!36.7355451,-6.4348221!123.0!4!2!15:00!2023-04-12!21:07!2023-04-21!Futbol 11!Cancelado!0!6;123!36.6228636,-6.3599595!2.0!4!2!15:00!2023-03-28!00:00!2023-04-21!Futbol 11!Cancelado!0!7;DE LOCOS!36.63479325,-6.38725705210204!0.0!4!2!08:00!2023-05-21!19:20!2023-05-14!Voleibol!Cancelado!0!13;
[14/05/2023 19:24:56] Un usuario se ha desconectado de forma abrupta
---- [14/05/2023 19:24:58] Obteniendo todos los torneos pendientes a generar ----
---- [14/05/2023 19:24:59] Creado el hilo encargado de las tareas ----
---- [14/05/2023 19:24:59] Iniciado el hilo encargado de las tareas ----
[14/05/2023 19:25:05] Se ha conectado un cliente
[14/05/2023 19:25:28] 0-:CLI-LOGIN;123;123;ORGANIZADOR
[14/05/2023 19:25:28] 1-123:SEV-LOGIN-OK-ORGANIZER;1;123
[14/05/2023 19:25:28] 1-123:CLI-GIVETOURNAMENTS-ORGANIZER
[14/05/2023 19:25:28] 1-123:SEV-SEND-YOUR-TOURNAMENTS;Prueba!36.4210849486101,-6.13348387670698!15.0!4!2!15:00!2023-04-04!15:00!2023-04-19!Futbol 11!Jugandose!4!1;x!36.6228636,-6.3599595!0.0!4!2!00:00!2023-06-11!00:00!2023-06-11!Voleibol Playa!Esperando Jugadores!1!9;21!36.294487399999994,-6.092790754888084!0.0!4!2!00:00!2023-05-19!00:00!2023-05-28!Futbol Sala!Esperando Jugadores!0!11;123!36.63479325,-6.38725705210204!0.0!4!2!19:20!2023-05-16!19:20!2023-05-15!Voleibol!Esperando Jugadores!0!12;prueba!36.67826185,-6.110059436817895!0.0!4!2!00:00!2023-05-15!19:34!2023-05-14!Futbol 11!Esperando Jugadores!0!14;13!36.6228636,-6.3599595!0.0!4!2!00:00!2023-05-27!19:00!2023-05-14!Futbol 11!Esperando Jugadores!0!15;Prueba!36.4210849486101, -6.13348387670698!15.2!4!2!15:00!2023-04-04!15:00!2023-04-19!Futbol 11!Cancelado!0!2;213!36.4210849486101, -6.13348387670698!123.0!4!2!15:00!2023-04-07!12:34!2023-04-13!Futbol 11!Cancelado!0!3;123!36.63479325,-6.38725705210204!123.0!4!2!15:00!2023-04-01!11:15!2023-04-05!Futbol 11!Cancelado!0!4;Prueba!36.63479325,-6.38725705210204!12.0!4!2!14:28!2023-04-05!17:28!2023-04-12!Futbol 11!Cancelado!0!5;ADADA!36.7355451,-6.4348221!123.0!4!2!15:00!2023-04-12!21:07!2023-04-21!Futbol 11!Cancelado!0!6;123!36.6228636,-6.3599595!2.0!4!2!15:00!2023-03-28!00:00!2023-04-21!Futbol 11!Cancelado!0!7;DE LOCOS!36.63479325,-6.38725705210204!0.0!4!2!08:00!2023-05-21!19:20!2023-05-14!Voleibol!Cancelado!0!13;
[14/05/2023 19:25:31] 1-123:CLI-TOURNAMENTS-ROUNDS;1
[14/05/2023 19:25:31] 1-123:SEV-TOURNAMENTS-ROUNDS;3/1/122/2/xa/3/1!4/1/Pa/5/Prueba/2/1!:5/2/122/5/xa/2/1!
[14/05/2023 19:25:32] 1-123:CLI-TEAMSTOURNAMENT;1
[14/05/2023 19:25:33] 1-123:SEV-YOURTEAMSTOURNAMENT;Prueba:x:124!x!;Pa:x:x!;xa:x:124!x!111!;122:111:x!111!;
[14/05/2023 19:25:37] 1-123:CLI-GIVETOURNAMENTS-ORGANIZER
[14/05/2023 19:25:38] 1-123:SEV-SEND-YOUR-TOURNAMENTS;Prueba!36.4210849486101,-6.13348387670698!15.0!4!2!15:00!2023-04-04!15:00!2023-04-19!Futbol 11!Jugandose!4!1;x!36.6228636,-6.3599595!0.0!4!2!00:00!2023-06-11!00:00!2023-06-11!Voleibol Playa!Esperando Jugadores!1!9;21!36.294487399999994,-6.092790754888084!0.0!4!2!00:00!2023-05-19!00:00!2023-05-28!Futbol Sala!Esperando Jugadores!0!11;123!36.63479325,-6.38725705210204!0.0!4!2!19:20!2023-05-16!19:20!2023-05-15!Voleibol!Esperando Jugadores!0!12;prueba!36.67826185,-6.110059436817895!0.0!4!2!00:00!2023-05-15!19:34!2023-05-14!Futbol 11!Esperando Jugadores!0!14;13!36.6228636,-6.3599595!0.0!4!2!00:00!2023-05-27!19:00!2023-05-14!Futbol 11!Esperando Jugadores!0!15;Prueba!36.4210849486101, -6.13348387670698!15.2!4!2!15:00!2023-04-04!15:00!2023-04-19!Futbol 11!Cancelado!0!2;213!36.4210849486101, -6.13348387670698!123.0!4!2!15:00!2023-04-07!12:34!2023-04-13!Futbol 11!Cancelado!0!3;123!36.63479325,-6.38725705210204!123.0!4!2!15:00!2023-04-01!11:15!2023-04-05!Futbol 11!Cancelado!0!4;Prueba!36.63479325,-6.38725705210204!12.0!4!2!14:28!2023-04-05!17:28!2023-04-12!Futbol 11!Cancelado!0!5;ADADA!36.7355451,-6.4348221!123.0!4!2!15:00!2023-04-12!21:07!2023-04-21!Futbol 11!Cancelado!0!6;123!36.6228636,-6.3599595!2.0!4!2!15:00!2023-03-28!00:00!2023-04-21!Futbol 11!Cancelado!0!7;DE LOCOS!36.63479325,-6.38725705210204!0.0!4!2!08:00!2023-05-21!19:20!2023-05-14!Voleibol!Cancelado!0!13;
[14/05/2023 19:25:38] 1-123:CLI-GIVE-SPORTS
[14/05/2023 19:25:38] 1-123:SEV-SEND-SPORTS;Futbol 11:22;Futbol 7:14;Futbol Sala:10;Voleibol:12;Voleibol Playa:4;
[14/05/2023 19:26:11] 1-123:CLI-CREATETOURNAMENT;23!36.67826185,-6.110059436817895!0!4!2!18:00!2023-05-16!19:28!2023-05-14!Futbol 7
[14/05/2023 19:26:11] 1-123:SEV-TOURNAMENT-CREATE-ERROR
[14/05/2023 19:26:26] Un usuario se ha desconectado de forma abrupta
---- [14/05/2023 19:26:33] Obteniendo todos los torneos pendientes a generar ----
---- [14/05/2023 19:26:33] Creado el hilo encargado de las tareas ----
---- [14/05/2023 19:26:33] Iniciado el hilo encargado de las tareas ----
Iniciando la tarea: GENERATE-FIGHT-TOURNAMENTS;15
---- [14/05/2023 19:27:00] Obteniendo todos los torneos pendientes a generar ----
---- [14/05/2023 19:27:01] Creado el hilo encargado de las tareas ----
---- [14/05/2023 19:27:01] Iniciado el hilo encargado de las tareas ----
Iniciando la tarea: GENERATE-FIGHT-TOURNAMENTS;15
---- [14/05/2023 19:27:01] SERVIDOR INICIADO ----
[14/05/2023 19:27:01] GENERATE-FIGHT-TOURNAMENTS;15: GENERANDO ENFRENTAMIENTO DEL TORNEO
[14/05/2023 19:27:01] GENERATE-FIGHT-TOURNAMENTS;15: EL ESTADO DEL TORNEO ES ESPERANDO
[14/05/2023 19:27:01] GENERATE-FIGHT-TOURNAMENTS;15: COMPROBANDO QUE CUMPLE LOS MINIMOS INSCRITOS
[14/05/2023 19:27:01] GENERATE-FIGHT-TOURNAMENTS;15: EL TORNEO NO HA OBTENIDO LAS INSCRIPCCIONES SUFICIENTES
[14/05/2023 19:27:01] GENERATE-FIGHT-TOURNAMENTS;15: FINALIZADA LA GENRACION DE ENFRENTAMIENTOS

Esperando 58 segundos hasta la próxima tarea en: 2023-05-14T19:28
[14/05/2023 19:27:06] Se ha conectado un cliente
[14/05/2023 19:27:10] 0-:CLI-LOGIN;123;123;ORGANIZADOR
[14/05/2023 19:27:10] 1-123:SEV-LOGIN-OK-ORGANIZER;1;123
[14/05/2023 19:27:10] 1-123:CLI-GIVETOURNAMENTS-ORGANIZER
[14/05/2023 19:27:10] 1-123:SEV-SEND-YOUR-TOURNAMENTS;Prueba!36.4210849486101,-6.13348387670698!15.0!4!2!15:00!2023-04-04!15:00!2023-04-19!Futbol 11!Jugandose!4!1;x!36.6228636,-6.3599595!0.0!4!2!00:00!2023-06-11!00:00!2023-06-11!Voleibol Playa!Esperando Jugadores!1!9;21!36.294487399999994,-6.092790754888084!0.0!4!2!00:00!2023-05-19!00:00!2023-05-28!Futbol Sala!Esperando Jugadores!0!11;123!36.63479325,-6.38725705210204!0.0!4!2!19:20!2023-05-16!19:20!2023-05-15!Voleibol!Esperando Jugadores!0!12;prueba!36.67826185,-6.110059436817895!0.0!4!2!00:00!2023-05-15!19:34!2023-05-14!Futbol 11!Esperando Jugadores!0!14;23!36.67826185,-6.110059436817895!0.0!4!2!18:00!2023-05-16!19:28!2023-05-14!Futbol 7!Esperando Jugadores!0!16;Prueba!36.4210849486101, -6.13348387670698!15.2!4!2!15:00!2023-04-04!15:00!2023-04-19!Futbol 11!Cancelado!0!2;213!36.4210849486101, -6.13348387670698!123.0!4!2!15:00!2023-04-07!12:34!2023-04-13!Futbol 11!Cancelado!0!3;123!36.63479325,-6.38725705210204!123.0!4!2!15:00!2023-04-01!11:15!2023-04-05!Futbol 11!Cancelado!0!4;Prueba!36.63479325,-6.38725705210204!12.0!4!2!14:28!2023-04-05!17:28!2023-04-12!Futbol 11!Cancelado!0!5;ADADA!36.7355451,-6.4348221!123.0!4!2!15:00!2023-04-12!21:07!2023-04-21!Futbol 11!Cancelado!0!6;123!36.6228636,-6.3599595!2.0!4!2!15:00!2023-03-28!00:00!2023-04-21!Futbol 11!Cancelado!0!7;DE LOCOS!36.63479325,-6.38725705210204!0.0!4!2!08:00!2023-05-21!19:20!2023-05-14!Voleibol!Cancelado!0!13;13!36.6228636,-6.3599595!0.0!4!2!00:00!2023-05-27!19:00!2023-05-14!Futbol 11!Cancelado!0!15;
[14/05/2023 19:27:11] 1-123:CLI-GIVE-SPORTS
[14/05/2023 19:27:11] 1-123:SEV-SEND-SPORTS;Futbol 11:22;Futbol 7:14;Futbol Sala:10;Voleibol:12;Voleibol Playa:4;
[14/05/2023 19:27:36] 1-123:CLI-CREATETOURNAMENT;123!36.67826185,-6.110059436817895!0!4!2!00:00!2023-05-21!19:28!2023-05-14!Futbol 11
Añadida la tarea: GENERATE-FIGHT-TOURNAMENTS;17
Esperando 23 segundos hasta la próxima tarea en: 2023-05-14T19:28
[14/05/2023 19:27:36] 1-123:SEV-TOURNAMENT-CREATE
[14/05/2023 19:27:36] 1-123:CLI-GIVETOURNAMENTS-ORGANIZER
[14/05/2023 19:27:36] 1-123:SEV-SEND-YOUR-TOURNAMENTS;Prueba!36.4210849486101,-6.13348387670698!15.0!4!2!15:00!2023-04-04!15:00!2023-04-19!Futbol 11!Jugandose!4!1;x!36.6228636,-6.3599595!0.0!4!2!00:00!2023-06-11!00:00!2023-06-11!Voleibol Playa!Esperando Jugadores!1!9;21!36.294487399999994,-6.092790754888084!0.0!4!2!00:00!2023-05-19!00:00!2023-05-28!Futbol Sala!Esperando Jugadores!0!11;123!36.63479325,-6.38725705210204!0.0!4!2!19:20!2023-05-16!19:20!2023-05-15!Voleibol!Esperando Jugadores!0!12;prueba!36.67826185,-6.110059436817895!0.0!4!2!00:00!2023-05-15!19:34!2023-05-14!Futbol 11!Esperando Jugadores!0!14;23!36.67826185,-6.110059436817895!0.0!4!2!18:00!2023-05-16!19:28!2023-05-14!Futbol 7!Esperando Jugadores!0!16;123!36.67826185,-6.110059436817895!0.0!4!2!00:00!2023-05-21!19:28!2023-05-14!Futbol 11!Esperando Jugadores!0!17;Prueba!36.4210849486101, -6.13348387670698!15.2!4!2!15:00!2023-04-04!15:00!2023-04-19!Futbol 11!Cancelado!0!2;213!36.4210849486101, -6.13348387670698!123.0!4!2!15:00!2023-04-07!12:34!2023-04-13!Futbol 11!Cancelado!0!3;123!36.63479325,-6.38725705210204!123.0!4!2!15:00!2023-04-01!11:15!2023-04-05!Futbol 11!Cancelado!0!4;Prueba!36.63479325,-6.38725705210204!12.0!4!2!14:28!2023-04-05!17:28!2023-04-12!Futbol 11!Cancelado!0!5;ADADA!36.7355451,-6.4348221!123.0!4!2!15:00!2023-04-12!21:07!2023-04-21!Futbol 11!Cancelado!0!6;123!36.6228636,-6.3599595!2.0!4!2!15:00!2023-03-28!00:00!2023-04-21!Futbol 11!Cancelado!0!7;DE LOCOS!36.63479325,-6.38725705210204!0.0!4!2!08:00!2023-05-21!19:20!2023-05-14!Voleibol!Cancelado!0!13;13!36.6228636,-6.3599595!0.0!4!2!00:00!2023-05-27!19:00!2023-05-14!Futbol 11!Cancelado!0!15;
Iniciando la tarea: GENERATE-FIGHT-TOURNAMENTS;16
[14/05/2023 19:27:59] GENERATE-FIGHT-TOURNAMENTS;16: GENERANDO ENFRENTAMIENTO DEL TORNEO
[14/05/2023 19:27:59] GENERATE-FIGHT-TOURNAMENTS;16: EL ESTADO DEL TORNEO ES ESPERANDO
[14/05/2023 19:27:59] GENERATE-FIGHT-TOURNAMENTS;16: COMPROBANDO QUE CUMPLE LOS MINIMOS INSCRITOS
[14/05/2023 19:27:59] GENERATE-FIGHT-TOURNAMENTS;16: EL TORNEO NO HA OBTENIDO LAS INSCRIPCCIONES SUFICIENTES
[14/05/2023 19:27:59] GENERATE-FIGHT-TOURNAMENTS;16: FINALIZADA LA GENRACION DE ENFRENTAMIENTOS

Iniciando la tarea: GENERATE-FIGHT-TOURNAMENTS;17
[14/05/2023 19:27:59] GENERATE-FIGHT-TOURNAMENTS;17: GENERANDO ENFRENTAMIENTO DEL TORNEO
[14/05/2023 19:27:59] GENERATE-FIGHT-TOURNAMENTS;17: EL ESTADO DEL TORNEO ES ESPERANDO
[14/05/2023 19:27:59] GENERATE-FIGHT-TOURNAMENTS;17: COMPROBANDO QUE CUMPLE LOS MINIMOS INSCRITOS
[14/05/2023 19:27:59] GENERATE-FIGHT-TOURNAMENTS;17: EL TORNEO NO HA OBTENIDO LAS INSCRIPCCIONES SUFICIENTES
[14/05/2023 19:27:59] GENERATE-FIGHT-TOURNAMENTS;17: FINALIZADA LA GENRACION DE ENFRENTAMIENTOS

Esperando 360 segundos hasta la próxima tarea en: 2023-05-14T19:34
[14/05/2023 19:28:22] 1-123:CLI-GIVE-SPORTS
[14/05/2023 19:28:22] 1-123:SEV-SEND-SPORTS;Futbol 11:22;Futbol 7:14;Futbol Sala:10;Voleibol:12;Voleibol Playa:4;
[14/05/2023 19:28:39] 1-123:CLI-CREATETOURNAMENT;123!36.6228636,-6.3599595!0!4!2!00:00!2023-05-20!19:29!2023-05-14!Futbol 11
Añadida la tarea: GENERATE-FIGHT-TOURNAMENTS;18
Esperando 20 segundos hasta la próxima tarea en: 2023-05-14T19:29
[14/05/2023 19:28:39] 1-123:SEV-TOURNAMENT-CREATE
[14/05/2023 19:28:39] 1-123:CLI-GIVETOURNAMENTS-ORGANIZER
[14/05/2023 19:28:39] 1-123:SEV-SEND-YOUR-TOURNAMENTS;Prueba!36.4210849486101,-6.13348387670698!15.0!4!2!15:00!2023-04-04!15:00!2023-04-19!Futbol 11!Jugandose!4!1;x!36.6228636,-6.3599595!0.0!4!2!00:00!2023-06-11!00:00!2023-06-11!Voleibol Playa!Esperando Jugadores!1!9;21!36.294487399999994,-6.092790754888084!0.0!4!2!00:00!2023-05-19!00:00!2023-05-28!Futbol Sala!Esperando Jugadores!0!11;123!36.63479325,-6.38725705210204!0.0!4!2!19:20!2023-05-16!19:20!2023-05-15!Voleibol!Esperando Jugadores!0!12;prueba!36.67826185,-6.110059436817895!0.0!4!2!00:00!2023-05-15!19:34!2023-05-14!Futbol 11!Esperando Jugadores!0!14;123!36.6228636,-6.3599595!0.0!4!2!00:00!2023-05-20!19:29!2023-05-14!Futbol 11!Esperando Jugadores!0!18;Prueba!36.4210849486101, -6.13348387670698!15.2!4!2!15:00!2023-04-04!15:00!2023-04-19!Futbol 11!Cancelado!0!2;213!36.4210849486101, -6.13348387670698!123.0!4!2!15:00!2023-04-07!12:34!2023-04-13!Futbol 11!Cancelado!0!3;123!36.63479325,-6.38725705210204!123.0!4!2!15:00!2023-04-01!11:15!2023-04-05!Futbol 11!Cancelado!0!4;Prueba!36.63479325,-6.38725705210204!12.0!4!2!14:28!2023-04-05!17:28!2023-04-12!Futbol 11!Cancelado!0!5;ADADA!36.7355451,-6.4348221!123.0!4!2!15:00!2023-04-12!21:07!2023-04-21!Futbol 11!Cancelado!0!6;123!36.6228636,-6.3599595!2.0!4!2!15:00!2023-03-28!00:00!2023-04-21!Futbol 11!Cancelado!0!7;DE LOCOS!36.63479325,-6.38725705210204!0.0!4!2!08:00!2023-05-21!19:20!2023-05-14!Voleibol!Cancelado!0!13;13!36.6228636,-6.3599595!0.0!4!2!00:00!2023-05-27!19:00!2023-05-14!Futbol 11!Cancelado!0!15;23!36.67826185,-6.110059436817895!0.0!4!2!18:00!2023-05-16!19:28!2023-05-14!Futbol 7!Cancelado!0!16;123!36.67826185,-6.110059436817895!0.0!4!2!00:00!2023-05-21!19:28!2023-05-14!Futbol 11!Cancelado!0!17;
Iniciando la tarea: GENERATE-FIGHT-TOURNAMENTS;18
[14/05/2023 19:28:59] GENERATE-FIGHT-TOURNAMENTS;18: GENERANDO ENFRENTAMIENTO DEL TORNEO
[14/05/2023 19:28:59] GENERATE-FIGHT-TOURNAMENTS;18: EL ESTADO DEL TORNEO ES ESPERANDO
[14/05/2023 19:28:59] GENERATE-FIGHT-TOURNAMENTS;18: COMPROBANDO QUE CUMPLE LOS MINIMOS INSCRITOS
[14/05/2023 19:28:59] GENERATE-FIGHT-TOURNAMENTS;18: EL TORNEO NO HA OBTENIDO LAS INSCRIPCCIONES SUFICIENTES
[14/05/2023 19:28:59] GENERATE-FIGHT-TOURNAMENTS;18: FINALIZADA LA GENRACION DE ENFRENTAMIENTOS

Esperando 300 segundos hasta la próxima tarea en: 2023-05-14T19:34
[14/05/2023 19:31:25] Se ha conectado un cliente
[14/05/2023 19:31:42] 0-:CLI-LOGIN;x;1;USUARIO
[14/05/2023 19:31:42] 14-x:SEV-LOGIN-OK-USER;14;x
[14/05/2023 19:31:50] 14-x:CLI-TOURNAMENTS-USER
[14/05/2023 19:31:50] 14-x:SEV-TOURNAMENTS-USER-OK;Prueba!36.4210849486101,-6.13348387670698!15.0!4!2!15:00!2023-04-04!15:00!2023-04-19!Futbol 11!Jugandose!4!1;Prueba!36.4210849486101,-6.13348387670698!15.0!4!2!15:00!2023-04-04!15:00!2023-04-19!Futbol 11!Jugandose!4!1;Prueba!36.4210849486101,-6.13348387670698!15.0!4!2!15:00!2023-04-04!15:00!2023-04-19!Futbol 11!Jugandose!4!1;Prueba!36.4210849486101,-6.13348387670698!15.0!4!2!15:00!2023-04-04!15:00!2023-04-19!Futbol 11!Jugandose!4!1;x!36.6228636,-6.3599595!0.0!4!2!00:00!2023-06-11!00:00!2023-06-11!Voleibol Playa!Esperando Jugadores!1!9;x!36.6228636,-6.3599595!0.0!4!2!00:00!2023-06-11!00:00!2023-06-11!Voleibol Playa!Esperando Jugadores!1!10;
[14/05/2023 19:31:58] 14-x:CLI-TOURNAMENTS-STATE-USER;1
[14/05/2023 19:31:58] 14-x:SEV-TOURNAMENTS-STATE-USER-OK;INSCRITO
[14/05/2023 19:32:00] 14-x:CLI-TOURNAMENTS-ROUNDS;1
[14/05/2023 19:32:00] 14-x:SEV-TOURNAMENTS-ROUNDS;3/1/122/2/xa/3/1!4/1/Pa/5/Prueba/2/1!:5/2/122/5/xa/2/1!
[14/05/2023 19:32:11] 14-x:SE HA DESCONECTADO
[14/05/2023 19:32:16] 1-123:CLI-EXIT
[14/05/2023 19:32:16] 1-123:SE HA DESCONECTADO
