---- [09/06/2023 13:58:53] Obteniendo todos los torneos pendientes a generar ----
---- [09/06/2023 13:58:54] Obteniendo todas las ligas pendientes a generar ----
---- [09/06/2023 13:58:58] Obteniendo los partidos por jugarse ----
---- [09/06/2023 13:58:58] Creado el hilo encargado de las tareas ----
---- [09/06/2023 13:58:58] Iniciado el hilo encargado de las tareas ----
No hay tareas en la cola. Esperando inserccion...
---- [09/06/2023 13:58:58] SERVIDOR INICIADO ----
---- [09/06/2023 14:03:15] Obteniendo todos los torneos pendientes a generar ----
---- [09/06/2023 14:03:16] Obteniendo todas las ligas pendientes a generar ----
---- [09/06/2023 14:03:19] Obteniendo los partidos por jugarse ----
---- [09/06/2023 14:03:19] Creado el hilo encargado de las tareas ----
---- [09/06/2023 14:03:19] Iniciado el hilo encargado de las tareas ----
No hay tareas en la cola. Esperando inserccion...
---- [09/06/2023 14:03:19] SERVIDOR INICIADO ----
---- [09/06/2023 14:04:20] Obteniendo todos los torneos pendientes a generar ----
---- [09/06/2023 14:04:21] Obteniendo todas las ligas pendientes a generar ----
---- [09/06/2023 14:04:21] Obteniendo los partidos por jugarse ----
---- [09/06/2023 14:04:21] Creado el hilo encargado de las tareas ----
---- [09/06/2023 14:04:21] Iniciado el hilo encargado de las tareas ----
---- [09/06/2023 14:04:21] SERVIDOR INICIADO ----
Esperando 35738 segundos hasta la próxima tarea en: 2023-06-10T00:00
[09/06/2023 14:25:14] Se ha conectado un cliente
[09/06/2023 14:25:23] 0-:SE HA DESCONECTADO
[09/06/2023 14:25:27] Se ha conectado un cliente
[09/06/2023 14:25:32] 0-:SE HA DESCONECTADO
[09/06/2023 14:25:35] Se ha conectado un cliente
[09/06/2023 14:25:39] 0-:CLI-LOGIN;x;1;USUARIO
[09/06/2023 14:25:39] 14-x:SEV-LOGIN-OK-USER;14;x
[09/06/2023 14:25:39] 14-x:CLI-GAMES-USER
[09/06/2023 14:25:39] 14-x:SEV-GAMES-USER-OK;36.6290774,-6.3701994!2023-06-30!00:00!2023-06-22!05:00!18.0!Futbol 11!Esperando Jugadores!22!1!5;36.62985513367301,-6.3755860179662704!2023-06-30!00:00!2023-06-22!00:00!12.54!Futbol 11!Esperando Jugadores!22!1!9;
[09/06/2023 14:25:42] 14-x:CLI-GAMES-USER
[09/06/2023 14:25:42] 14-x:SEV-GAMES-USER-OK;36.6290774,-6.3701994!2023-06-30!00:00!2023-06-22!05:00!18.0!Futbol 11!Esperando Jugadores!22!1!5;36.62985513367301,-6.3755860179662704!2023-06-30!00:00!2023-06-22!00:00!12.54!Futbol 11!Esperando Jugadores!22!1!9;
[09/06/2023 14:25:43] 14-x:CLI-USERTEAMS
[09/06/2023 14:25:43] 14-x:SEV-USERTEAMS_OK;122:Voleibol Playa:111:123!x!111!:36.508976,-4.88562:Publico;5:Futbol 11:x:x!miguel!:36.6292883,-6.3700189:Con Invitacion;x:Voleibol:x:123!x!:36.629294,-6.3700111:Publico;xa:Futbol Sala:x:x!:36.63436527684896,-6.367968209087849:Privado;playeo:Voleibol Playa:x:x!:36.6292917,-6.3700406:Publico;
[09/06/2023 14:25:44] 14-x:CLI-LIGUES-USER
[09/06/2023 14:25:44] 14-x:SEV-LIGUES-USER-OK;2!Jere!36.6816936,-6.1377402!12.0!5!3!02:00!2023-04-12!06:00!2023-03-29!Futbol 11!12!12!04:00!07:00!Jugandose!4;9!gratis!36.6228636,-6.3599595!0.0!4!2!00:00!2023-06-02!00:00!2023-06-10!Voleibol Playa!2!2!00:00!00:00!Esperando Jugadores!1;
[09/06/2023 14:25:44] 14-x:CLI-TOURNAMENTS-USER
[09/06/2023 14:25:45] 14-x:SEV-TOURNAMENTS-USER-OK;Prueba!36.6236874,-6.3601441!0.0!8!3!00:00!2023-07-01!00:00!2023-06-06!Voleibol!Jugandose!5!27;Prueba!36.6236874,-6.3601441!0.0!8!3!00:00!2023-07-01!00:00!2023-06-06!Voleibol!Jugandose!5!27;Prueba!36.6236874,-6.3601441!0.0!8!3!00:00!2023-07-01!00:00!2023-06-06!Voleibol!Jugandose!5!27;Rota!36.6228636,-6.3599595!0.0!4!3!00:00!2023-06-01!00:00!2023-06-11!Voleibol Playa!Esperando Jugadores!1!24;
[09/06/2023 14:25:47] 14-x:SE HA DESCONECTADO
[09/06/2023 14:34:09] Se ha conectado un cliente
[09/06/2023 14:34:12] 0-:CLI-LOGIN;x;1;USUARIO
[09/06/2023 14:34:12] 14-x:SEV-LOGIN-OK-USER;14;x
[09/06/2023 14:34:12] 14-x:CLI-GAMES-USER
[09/06/2023 14:34:12] 14-x:SEV-GAMES-USER-OK;36.6290774,-6.3701994!2023-06-30!00:00!2023-06-22!05:00!18.0!Futbol 11!Esperando Jugadores!22!1!5;36.62985513367301,-6.3755860179662704!2023-06-30!00:00!2023-06-22!00:00!12.54!Futbol 11!Esperando Jugadores!22!1!9;
[09/06/2023 14:34:34] 14-x:SE HA DESCONECTADO
[09/06/2023 14:35:16] Se ha conectado un cliente
[09/06/2023 14:35:18] 0-:SE HA DESCONECTADO
[09/06/2023 14:35:20] Se ha conectado un cliente
[09/06/2023 14:35:23] 0-:CLI-LOGIN;x;1;USUARIO
[09/06/2023 14:35:23] 14-x:SEV-LOGIN-OK-USER;14;x
[09/06/2023 14:35:23] 14-x:CLI-GAMES-USER
[09/06/2023 14:35:23] 14-x:SEV-GAMES-USER-OK;36.6290774,-6.3701994!2023-06-30!00:00!2023-06-22!05:00!18.0!Futbol 11!Esperando Jugadores!22!1!5;36.62985513367301,-6.3755860179662704!2023-06-30!00:00!2023-06-22!00:00!12.54!Futbol 11!Esperando Jugadores!22!1!9;
[09/06/2023 14:35:29] 14-x:CLI-GAMES-USER
[09/06/2023 14:35:29] 14-x:SEV-GAMES-USER-OK;36.6290774,-6.3701994!2023-06-30!00:00!2023-06-22!05:00!18.0!Futbol 11!Esperando Jugadores!22!1!5;36.62985513367301,-6.3755860179662704!2023-06-30!00:00!2023-06-22!00:00!12.54!Futbol 11!Esperando Jugadores!22!1!9;
[09/06/2023 14:35:30] 14-x:CLI-USERTEAMS
[09/06/2023 14:35:30] 14-x:SEV-USERTEAMS_OK;122:Voleibol Playa:111:123!x!111!:36.508976,-4.88562:Publico;5:Futbol 11:x:x!miguel!:36.6292883,-6.3700189:Con Invitacion;x:Voleibol:x:123!x!:36.629294,-6.3700111:Publico;xa:Futbol Sala:x:x!:36.63436527684896,-6.367968209087849:Privado;playeo:Voleibol Playa:x:x!:36.6292917,-6.3700406:Publico;
[09/06/2023 14:35:57] 14-x:SE HA DESCONECTADO
[09/06/2023 14:37:09] Se ha conectado un cliente
[09/06/2023 14:37:13] 0-:CLI-LOGIN;x;1;USUARIO
[09/06/2023 14:37:13] 14-x:SEV-LOGIN-OK-USER;14;x
[09/06/2023 14:37:13] 14-x:CLI-GAMES-USER
[09/06/2023 14:37:13] 14-x:SEV-GAMES-USER-OK;36.6290774,-6.3701994!2023-06-30!00:00!2023-06-22!05:00!18.0!Futbol 11!Esperando Jugadores!22!1!5;36.62985513367301,-6.3755860179662704!2023-06-30!00:00!2023-06-22!00:00!12.54!Futbol 11!Esperando Jugadores!22!1!9;
[09/06/2023 14:37:42] 14-x:SE HA DESCONECTADO
[09/06/2023 14:50:55] Se ha conectado un cliente
[09/06/2023 14:51:00] 0-:CLI-LOGIN;123;123;ORGANIZADOR
[09/06/2023 14:51:00] 2-123:SEV-LOGIN-OK-ADMIN;2;123
[09/06/2023 14:51:02] 2-123:CLI-GIVETOURNAMENTS-ORGANIZER
[09/06/2023 14:51:02] 2-123:SEV-SEND-YOUR-TOURNAMENTS;Prueba!36.4210849486101,-6.13348387670698!15.0!4!2!15:00!2023-04-04!15:00!2023-04-19!Futbol 11!Jugandose!3!1;Rota!36.6228636,-6.3599595!0.0!4!3!00:00!2023-06-01!00:00!2023-06-11!Voleibol Playa!Esperando Jugadores!1!24;ADADA!36.7355451,-6.4348221!123.0!4!2!15:00!2023-04-12!21:07!2023-04-21!Futbol 11!Cancelado!0!6;Pachangeo!36.6816936,-6.1377402!5.0!4!3!00:00!2023-05-31!00:00!2023-05-24!Voleibol Playa!Cancelado!0!22;123!36.6228636,-6.3599595!2.0!4!2!15:00!2023-03-28!00:00!2023-04-21!Futbol 11!Cancelado!0!7;Pachangeo !36.6816936,-6.1377402!5.0!4!3!00:00!2023-06-30!00:00!2023-06-09!Voleibol Playa!Cancelado!1!23;prueba!36.67826185,-6.110059436817895!0.0!4!2!00:00!2023-05-15!19:34!2023-05-14!Futbol 11!Cancelado!0!14;13!36.6228636,-6.3599595!0.0!4!2!00:00!2023-05-27!19:00!2023-05-14!Futbol 11!Cancelado!0!15;123!36.6228636,-6.3599595!0.0!4!2!00:00!2023-05-20!19:29!2023-05-14!Futbol 11!Cancelado!0!18;213!36.6228636,-6.3599595!0.0!4!3!00:00!2023-05-03!00:00!2023-05-25!Futbol 11!Cancelado!0!19;Prueba!36.7355451,-6.4348221!0.0!4!3!00:00!2023-05-31!00:00!2023-05-29!Futbol 11!Cancelado!0!21;Prueba!36.4210849486101, -6.13348387670698!15.2!4!2!15:00!2023-04-04!15:00!2023-04-19!Futbol 11!Cancelado!0!2;123!36.6204069,-6.3620778!123.3!4!3!00:00!2023-06-04!00:00!2023-06-03!Futbol 11!Cancelado!0!25;213!36.4210849486101, -6.13348387670698!123.0!4!2!15:00!2023-04-07!12:34!2023-04-13!Futbol 11!Cancelado!0!3;21!36.294487399999994,-6.092790754888084!0.0!4!2!00:00!2023-05-19!00:00!2023-05-28!Futbol Sala!Cancelado!0!11;123!36.63479325,-6.38725705210204!123.0!4!2!15:00!2023-04-01!11:15!2023-04-05!Futbol 11!Cancelado!0!4;123!36.63479325,-6.38725705210204!10.0!4!3!00:00!2023-05-22!00:00!2023-05-26!Futbol Sala!Cancelado!0!20;Prueba!36.63479325,-6.38725705210204!12.0!4!2!14:28!2023-04-05!17:28!2023-04-12!Futbol 11!Cancelado!0!5;123!36.63479325,-6.38725705210204!0.0!4!2!19:20!2023-05-16!19:20!2023-05-15!Voleibol!Cancelado!0!12;
[09/06/2023 14:51:05] 2-123:CLI-GIVELIGUES-ORGANIZER
[09/06/2023 14:51:05] 2-123:SEV-SEND-YOUR-LIGUES;2!Jere!36.6816936,-6.1377402!12.0!5!3!02:00!2023-04-12!06:00!2023-03-29!Futbol 11!12!12!04:00!07:00!Jugandose!4;9!gratis!36.6228636,-6.3599595!0.0!4!2!00:00!2023-06-02!00:00!2023-06-10!Voleibol Playa!2!2!00:00!00:00!Esperando Jugadores!1;6!Liguilla!36.7355451,-6.4348221!2.0!4!2!00:00!2023-06-11!00:00!2023-06-09!Voleibol!7!10!00:00!04:00!Cancelado!0;8!Gratis!36.6228636,-6.3599595!0.0!4!2!00:00!2023-06-01!00:00!2023-06-09!Futbol 11!2!2!00:00!00:00!Cancelado!0;10!Prueba liga!36.6228636,-6.3599595!157.5!4!2!00:00!2023-06-11!00:00!2023-06-04!Futbol 11!10!5!00:00!00:00!Cancelado!0;3!Liguilla!36.5286856,-6.1902161!0.0!4!2!00:00!2023-05-28!00:00!2023-05-27!Futbol 11!7!15!00:00!00:00!Cancelado!0;1!qed!36.6228636,-6.3599595!123.0!23!17!20:12!2023-04-05!07:03!2023-04-28!Voleibol!1!1!2:3!3:3!Cancelado!0;5!Playa!36.67826185,-6.110059436817895!0.0!4!2!00:00!2023-05-28!00:00!2023-05-27!Futbol 11!2!2!00:00!00:00!Cancelado!0;
[09/06/2023 14:51:07] 2-123:CLI-GIVELIGUES-ORGANIZER
[09/06/2023 14:51:07] 2-123:SEV-SEND-YOUR-LIGUES;2!Jere!36.6816936,-6.1377402!12.0!5!3!02:00!2023-04-12!06:00!2023-03-29!Futbol 11!12!12!04:00!07:00!Jugandose!4;9!gratis!36.6228636,-6.3599595!0.0!4!2!00:00!2023-06-02!00:00!2023-06-10!Voleibol Playa!2!2!00:00!00:00!Esperando Jugadores!1;3!Liguilla!36.5286856,-6.1902161!0.0!4!2!00:00!2023-05-28!00:00!2023-05-27!Futbol 11!7!15!00:00!00:00!Cancelado!0;1!qed!36.6228636,-6.3599595!123.0!23!17!20:12!2023-04-05!07:03!2023-04-28!Voleibol!1!1!2:3!3:3!Cancelado!0;5!Playa!36.67826185,-6.110059436817895!0.0!4!2!00:00!2023-05-28!00:00!2023-05-27!Futbol 11!2!2!00:00!00:00!Cancelado!0;6!Liguilla!36.7355451,-6.4348221!2.0!4!2!00:00!2023-06-11!00:00!2023-06-09!Voleibol!7!10!00:00!04:00!Cancelado!0;8!Gratis!36.6228636,-6.3599595!0.0!4!2!00:00!2023-06-01!00:00!2023-06-09!Futbol 11!2!2!00:00!00:00!Cancelado!0;10!Prueba liga!36.6228636,-6.3599595!157.5!4!2!00:00!2023-06-11!00:00!2023-06-04!Futbol 11!10!5!00:00!00:00!Cancelado!0;
[09/06/2023 14:51:10] 2-123:CLI-TEAMSLIGUE;2
[09/06/2023 14:51:10] 2-123:SEV-YOURTEAMSLIGUE;ELIMINADO:123:;ELIMINADO:124:;ELIMINADO3:124:;122:111:123!x!111!;
[09/06/2023 14:51:11] 2-123:CLI-LIGUES-NUMBER-ROUND;2
[09/06/2023 14:51:11] 2-123:SEV-LIGUES-NUMBER-ROUND-OK;6
[09/06/2023 14:51:11] 2-123:CLI-LIGUES-ROUND-DATE;2;1
[09/06/2023 14:51:11] 2-123:SEV-LIGUES-ROUND-DATE-OK;1/122/3/ELIMINADO/1/2023-04-12/04:00!2/ELIMINADO3/?/ELIMINADO/?/2023-04-12/04:12!
[09/06/2023 14:51:12] 2-123:CLI-LIGUES-SCORE;2
[09/06/2023 14:51:12] 2-123:SEV-LIGUES-SCORE-OK;ELIMINADO:3:3:6:9:-3;ELIMINADO:4:7:15:10:5;ELIMINADO3:2:3:25:9:16;122:4:7:10:28:-18;
[09/06/2023 14:51:16] 2-123:CLI-GIVETOURNAMENTS-ORGANIZER
[09/06/2023 14:51:16] 2-123:SEV-SEND-YOUR-TOURNAMENTS;Prueba!36.4210849486101,-6.13348387670698!15.0!4!2!15:00!2023-04-04!15:00!2023-04-19!Futbol 11!Jugandose!3!1;Rota!36.6228636,-6.3599595!0.0!4!3!00:00!2023-06-01!00:00!2023-06-11!Voleibol Playa!Esperando Jugadores!1!24;Prueba!36.4210849486101, -6.13348387670698!15.2!4!2!15:00!2023-04-04!15:00!2023-04-19!Futbol 11!Cancelado!0!2;123!36.6204069,-6.3620778!123.3!4!3!00:00!2023-06-04!00:00!2023-06-03!Futbol 11!Cancelado!0!25;213!36.4210849486101, -6.13348387670698!123.0!4!2!15:00!2023-04-07!12:34!2023-04-13!Futbol 11!Cancelado!0!3;21!36.294487399999994,-6.092790754888084!0.0!4!2!00:00!2023-05-19!00:00!2023-05-28!Futbol Sala!Cancelado!0!11;123!36.63479325,-6.38725705210204!123.0!4!2!15:00!2023-04-01!11:15!2023-04-05!Futbol 11!Cancelado!0!4;123!36.63479325,-6.38725705210204!10.0!4!3!00:00!2023-05-22!00:00!2023-05-26!Futbol Sala!Cancelado!0!20;Prueba!36.63479325,-6.38725705210204!12.0!4!2!14:28!2023-04-05!17:28!2023-04-12!Futbol 11!Cancelado!0!5;123!36.63479325,-6.38725705210204!0.0!4!2!19:20!2023-05-16!19:20!2023-05-15!Voleibol!Cancelado!0!12;ADADA!36.7355451,-6.4348221!123.0!4!2!15:00!2023-04-12!21:07!2023-04-21!Futbol 11!Cancelado!0!6;Pachangeo!36.6816936,-6.1377402!5.0!4!3!00:00!2023-05-31!00:00!2023-05-24!Voleibol Playa!Cancelado!0!22;123!36.6228636,-6.3599595!2.0!4!2!15:00!2023-03-28!00:00!2023-04-21!Futbol 11!Cancelado!0!7;Pachangeo !36.6816936,-6.1377402!5.0!4!3!00:00!2023-06-30!00:00!2023-06-09!Voleibol Playa!Cancelado!1!23;prueba!36.67826185,-6.110059436817895!0.0!4!2!00:00!2023-05-15!19:34!2023-05-14!Futbol 11!Cancelado!0!14;13!36.6228636,-6.3599595!0.0!4!2!00:00!2023-05-27!19:00!2023-05-14!Futbol 11!Cancelado!0!15;123!36.6228636,-6.3599595!0.0!4!2!00:00!2023-05-20!19:29!2023-05-14!Futbol 11!Cancelado!0!18;213!36.6228636,-6.3599595!0.0!4!3!00:00!2023-05-03!00:00!2023-05-25!Futbol 11!Cancelado!0!19;Prueba!36.7355451,-6.4348221!0.0!4!3!00:00!2023-05-31!00:00!2023-05-29!Futbol 11!Cancelado!0!21;
[09/06/2023 14:51:17] 2-123:CLI-GIVELIGUES-ORGANIZER
[09/06/2023 14:51:17] 2-123:SEV-SEND-YOUR-LIGUES;2!Jere!36.6816936,-6.1377402!12.0!5!3!02:00!2023-04-12!06:00!2023-03-29!Futbol 11!12!12!04:00!07:00!Jugandose!4;9!gratis!36.6228636,-6.3599595!0.0!4!2!00:00!2023-06-02!00:00!2023-06-10!Voleibol Playa!2!2!00:00!00:00!Esperando Jugadores!1;3!Liguilla!36.5286856,-6.1902161!0.0!4!2!00:00!2023-05-28!00:00!2023-05-27!Futbol 11!7!15!00:00!00:00!Cancelado!0;1!qed!36.6228636,-6.3599595!123.0!23!17!20:12!2023-04-05!07:03!2023-04-28!Voleibol!1!1!2:3!3:3!Cancelado!0;5!Playa!36.67826185,-6.110059436817895!0.0!4!2!00:00!2023-05-28!00:00!2023-05-27!Futbol 11!2!2!00:00!00:00!Cancelado!0;6!Liguilla!36.7355451,-6.4348221!2.0!4!2!00:00!2023-06-11!00:00!2023-06-09!Voleibol!7!10!00:00!04:00!Cancelado!0;8!Gratis!36.6228636,-6.3599595!0.0!4!2!00:00!2023-06-01!00:00!2023-06-09!Futbol 11!2!2!00:00!00:00!Cancelado!0;10!Prueba liga!36.6228636,-6.3599595!157.5!4!2!00:00!2023-06-11!00:00!2023-06-04!Futbol 11!10!5!00:00!00:00!Cancelado!0;
[09/06/2023 14:51:19] 2-123:CLI-TEAMSLIGUE;2
[09/06/2023 14:51:19] 2-123:SEV-YOURTEAMSLIGUE;ELIMINADO:123:;ELIMINADO:124:;ELIMINADO3:124:;122:111:123!x!111!;
[09/06/2023 14:51:20] 2-123:CLI-LIGUES-NUMBER-ROUND;2
[09/06/2023 14:51:20] 2-123:SEV-LIGUES-NUMBER-ROUND-OK;6
[09/06/2023 14:51:20] 2-123:CLI-LIGUES-ROUND-DATE;2;1
[09/06/2023 14:51:20] 2-123:SEV-LIGUES-ROUND-DATE-OK;1/122/3/ELIMINADO/1/2023-04-12/04:00!2/ELIMINADO3/?/ELIMINADO/?/2023-04-12/04:12!
[09/06/2023 14:51:21] 2-123:CLI-LIGUES-SCORE;2
[09/06/2023 14:51:21] 2-123:SEV-LIGUES-SCORE-OK;ELIMINADO:3:3:6:9:-3;ELIMINADO:4:7:15:10:5;ELIMINADO3:2:3:25:9:16;122:4:7:10:28:-18;
[09/06/2023 14:51:22] 2-123:CLI-EXIT
[09/06/2023 14:51:22] 2-123:SE HA DESCONECTADO
[09/06/2023 14:55:51] Se ha conectado un cliente
[09/06/2023 14:55:53] Un usuario se ha desconectado de forma abrupta
[09/06/2023 14:56:19] Se ha conectado un cliente
[09/06/2023 14:56:23] 0-:CLI-EXIT
[09/06/2023 14:56:23] 0-:SE HA DESCONECTADO
[09/06/2023 14:56:49] Se ha conectado un cliente
[09/06/2023 14:56:51] Un usuario se ha desconectado de forma abrupta
[09/06/2023 14:57:26] Se ha conectado un cliente
[09/06/2023 14:57:31] 0-:CLI-LOGIN;123;123;ORGANIZADOR
[09/06/2023 14:57:31] 2-123:SEV-LOGIN-OK-ADMIN;2;123
[09/06/2023 14:57:34] 2-123:CLI-GIVETOURNAMENTS-ORGANIZER
[09/06/2023 14:57:34] 2-123:SEV-SEND-YOUR-TOURNAMENTS;Prueba!36.4210849486101,-6.13348387670698!15.0!4!2!15:00!2023-04-04!15:00!2023-04-19!Futbol 11!Jugandose!3!1;Rota!36.6228636,-6.3599595!0.0!4!3!00:00!2023-06-01!00:00!2023-06-11!Voleibol Playa!Esperando Jugadores!1!24;Prueba!36.4210849486101, -6.13348387670698!15.2!4!2!15:00!2023-04-04!15:00!2023-04-19!Futbol 11!Cancelado!0!2;123!36.6204069,-6.3620778!123.3!4!3!00:00!2023-06-04!00:00!2023-06-03!Futbol 11!Cancelado!0!25;213!36.4210849486101, -6.13348387670698!123.0!4!2!15:00!2023-04-07!12:34!2023-04-13!Futbol 11!Cancelado!0!3;21!36.294487399999994,-6.092790754888084!0.0!4!2!00:00!2023-05-19!00:00!2023-05-28!Futbol Sala!Cancelado!0!11;123!36.63479325,-6.38725705210204!123.0!4!2!15:00!2023-04-01!11:15!2023-04-05!Futbol 11!Cancelado!0!4;123!36.63479325,-6.38725705210204!10.0!4!3!00:00!2023-05-22!00:00!2023-05-26!Futbol Sala!Cancelado!0!20;Prueba!36.63479325,-6.38725705210204!12.0!4!2!14:28!2023-04-05!17:28!2023-04-12!Futbol 11!Cancelado!0!5;123!36.63479325,-6.38725705210204!0.0!4!2!19:20!2023-05-16!19:20!2023-05-15!Voleibol!Cancelado!0!12;ADADA!36.7355451,-6.4348221!123.0!4!2!15:00!2023-04-12!21:07!2023-04-21!Futbol 11!Cancelado!0!6;Pachangeo!36.6816936,-6.1377402!5.0!4!3!00:00!2023-05-31!00:00!2023-05-24!Voleibol Playa!Cancelado!0!22;123!36.6228636,-6.3599595!2.0!4!2!15:00!2023-03-28!00:00!2023-04-21!Futbol 11!Cancelado!0!7;Pachangeo !36.6816936,-6.1377402!5.0!4!3!00:00!2023-06-30!00:00!2023-06-09!Voleibol Playa!Cancelado!1!23;prueba!36.67826185,-6.110059436817895!0.0!4!2!00:00!2023-05-15!19:34!2023-05-14!Futbol 11!Cancelado!0!14;13!36.6228636,-6.3599595!0.0!4!2!00:00!2023-05-27!19:00!2023-05-14!Futbol 11!Cancelado!0!15;123!36.6228636,-6.3599595!0.0!4!2!00:00!2023-05-20!19:29!2023-05-14!Futbol 11!Cancelado!0!18;213!36.6228636,-6.3599595!0.0!4!3!00:00!2023-05-03!00:00!2023-05-25!Futbol 11!Cancelado!0!19;Prueba!36.7355451,-6.4348221!0.0!4!3!00:00!2023-05-31!00:00!2023-05-29!Futbol 11!Cancelado!0!21;
[09/06/2023 14:57:35] 2-123:CLI-GIVE-SPORTS
[09/06/2023 14:57:35] 2-123:SEV-SEND-SPORTS;Futbol 11:22;Futbol 7:14;Futbol Sala:10;Tenis Pareja:4;Voleibol:12;Voleibol Playa:4;Waterpolo:10;
[09/06/2023 14:57:42] 2-123:CLI-GIVETOURNAMENTS-ORGANIZER
[09/06/2023 14:57:42] 2-123:SEV-SEND-YOUR-TOURNAMENTS;Prueba!36.4210849486101,-6.13348387670698!15.0!4!2!15:00!2023-04-04!15:00!2023-04-19!Futbol 11!Jugandose!3!1;Rota!36.6228636,-6.3599595!0.0!4!3!00:00!2023-06-01!00:00!2023-06-11!Voleibol Playa!Esperando Jugadores!1!24;Prueba!36.4210849486101, -6.13348387670698!15.2!4!2!15:00!2023-04-04!15:00!2023-04-19!Futbol 11!Cancelado!0!2;123!36.6204069,-6.3620778!123.3!4!3!00:00!2023-06-04!00:00!2023-06-03!Futbol 11!Cancelado!0!25;213!36.4210849486101, -6.13348387670698!123.0!4!2!15:00!2023-04-07!12:34!2023-04-13!Futbol 11!Cancelado!0!3;21!36.294487399999994,-6.092790754888084!0.0!4!2!00:00!2023-05-19!00:00!2023-05-28!Futbol Sala!Cancelado!0!11;123!36.63479325,-6.38725705210204!123.0!4!2!15:00!2023-04-01!11:15!2023-04-05!Futbol 11!Cancelado!0!4;123!36.63479325,-6.38725705210204!10.0!4!3!00:00!2023-05-22!00:00!2023-05-26!Futbol Sala!Cancelado!0!20;Prueba!36.63479325,-6.38725705210204!12.0!4!2!14:28!2023-04-05!17:28!2023-04-12!Futbol 11!Cancelado!0!5;123!36.63479325,-6.38725705210204!0.0!4!2!19:20!2023-05-16!19:20!2023-05-15!Voleibol!Cancelado!0!12;ADADA!36.7355451,-6.4348221!123.0!4!2!15:00!2023-04-12!21:07!2023-04-21!Futbol 11!Cancelado!0!6;Pachangeo!36.6816936,-6.1377402!5.0!4!3!00:00!2023-05-31!00:00!2023-05-24!Voleibol Playa!Cancelado!0!22;123!36.6228636,-6.3599595!2.0!4!2!15:00!2023-03-28!00:00!2023-04-21!Futbol 11!Cancelado!0!7;Pachangeo !36.6816936,-6.1377402!5.0!4!3!00:00!2023-06-30!00:00!2023-06-09!Voleibol Playa!Cancelado!1!23;prueba!36.67826185,-6.110059436817895!0.0!4!2!00:00!2023-05-15!19:34!2023-05-14!Futbol 11!Cancelado!0!14;13!36.6228636,-6.3599595!0.0!4!2!00:00!2023-05-27!19:00!2023-05-14!Futbol 11!Cancelado!0!15;123!36.6228636,-6.3599595!0.0!4!2!00:00!2023-05-20!19:29!2023-05-14!Futbol 11!Cancelado!0!18;213!36.6228636,-6.3599595!0.0!4!3!00:00!2023-05-03!00:00!2023-05-25!Futbol 11!Cancelado!0!19;Prueba!36.7355451,-6.4348221!0.0!4!3!00:00!2023-05-31!00:00!2023-05-29!Futbol 11!Cancelado!0!21;
[09/06/2023 14:57:45] 2-123:CLI-TOURNAMENTS-ROUNDS;1
[09/06/2023 14:57:45] 2-123:SEV-TOURNAMENTS-ROUNDS;123/1/ELIMINADO3/2/ELIMINADO/1/1!124/1/ELIMINADO/?/?/?/1!:125/2/?/?/?/?/1!
[09/06/2023 14:57:46] 2-123:CLI-GIVETOURNAMENTS-ORGANIZER
[09/06/2023 14:57:46] 2-123:SEV-SEND-YOUR-TOURNAMENTS;Prueba!36.4210849486101,-6.13348387670698!15.0!4!2!15:00!2023-04-04!15:00!2023-04-19!Futbol 11!Jugandose!3!1;Rota!36.6228636,-6.3599595!0.0!4!3!00:00!2023-06-01!00:00!2023-06-11!Voleibol Playa!Esperando Jugadores!1!24;ADADA!36.7355451,-6.4348221!123.0!4!2!15:00!2023-04-12!21:07!2023-04-21!Futbol 11!Cancelado!0!6;Pachangeo!36.6816936,-6.1377402!5.0!4!3!00:00!2023-05-31!00:00!2023-05-24!Voleibol Playa!Cancelado!0!22;123!36.6228636,-6.3599595!2.0!4!2!15:00!2023-03-28!00:00!2023-04-21!Futbol 11!Cancelado!0!7;Pachangeo !36.6816936,-6.1377402!5.0!4!3!00:00!2023-06-30!00:00!2023-06-09!Voleibol Playa!Cancelado!1!23;prueba!36.67826185,-6.110059436817895!0.0!4!2!00:00!2023-05-15!19:34!2023-05-14!Futbol 11!Cancelado!0!14;13!36.6228636,-6.3599595!0.0!4!2!00:00!2023-05-27!19:00!2023-05-14!Futbol 11!Cancelado!0!15;123!36.6228636,-6.3599595!0.0!4!2!00:00!2023-05-20!19:29!2023-05-14!Futbol 11!Cancelado!0!18;213!36.6228636,-6.3599595!0.0!4!3!00:00!2023-05-03!00:00!2023-05-25!Futbol 11!Cancelado!0!19;Prueba!36.7355451,-6.4348221!0.0!4!3!00:00!2023-05-31!00:00!2023-05-29!Futbol 11!Cancelado!0!21;Prueba!36.4210849486101, -6.13348387670698!15.2!4!2!15:00!2023-04-04!15:00!2023-04-19!Futbol 11!Cancelado!0!2;123!36.6204069,-6.3620778!123.3!4!3!00:00!2023-06-04!00:00!2023-06-03!Futbol 11!Cancelado!0!25;213!36.4210849486101, -6.13348387670698!123.0!4!2!15:00!2023-04-07!12:34!2023-04-13!Futbol 11!Cancelado!0!3;21!36.294487399999994,-6.092790754888084!0.0!4!2!00:00!2023-05-19!00:00!2023-05-28!Futbol Sala!Cancelado!0!11;123!36.63479325,-6.38725705210204!123.0!4!2!15:00!2023-04-01!11:15!2023-04-05!Futbol 11!Cancelado!0!4;123!36.63479325,-6.38725705210204!10.0!4!3!00:00!2023-05-22!00:00!2023-05-26!Futbol Sala!Cancelado!0!20;Prueba!36.63479325,-6.38725705210204!12.0!4!2!14:28!2023-04-05!17:28!2023-04-12!Futbol 11!Cancelado!0!5;123!36.63479325,-6.38725705210204!0.0!4!2!19:20!2023-05-16!19:20!2023-05-15!Voleibol!Cancelado!0!12;
[09/06/2023 14:57:47] 2-123:CLI-GIVELIGUES-ORGANIZER
[09/06/2023 14:57:47] 2-123:SEV-SEND-YOUR-LIGUES;2!Jere!36.6816936,-6.1377402!12.0!5!3!02:00!2023-04-12!06:00!2023-03-29!Futbol 11!12!12!04:00!07:00!Jugandose!4;9!gratis!36.6228636,-6.3599595!0.0!4!2!00:00!2023-06-02!00:00!2023-06-10!Voleibol Playa!2!2!00:00!00:00!Esperando Jugadores!1;3!Liguilla!36.5286856,-6.1902161!0.0!4!2!00:00!2023-05-28!00:00!2023-05-27!Futbol 11!7!15!00:00!00:00!Cancelado!0;1!qed!36.6228636,-6.3599595!123.0!23!17!20:12!2023-04-05!07:03!2023-04-28!Voleibol!1!1!2:3!3:3!Cancelado!0;5!Playa!36.67826185,-6.110059436817895!0.0!4!2!00:00!2023-05-28!00:00!2023-05-27!Futbol 11!2!2!00:00!00:00!Cancelado!0;6!Liguilla!36.7355451,-6.4348221!2.0!4!2!00:00!2023-06-11!00:00!2023-06-09!Voleibol!7!10!00:00!04:00!Cancelado!0;8!Gratis!36.6228636,-6.3599595!0.0!4!2!00:00!2023-06-01!00:00!2023-06-09!Futbol 11!2!2!00:00!00:00!Cancelado!0;10!Prueba liga!36.6228636,-6.3599595!157.5!4!2!00:00!2023-06-11!00:00!2023-06-04!Futbol 11!10!5!00:00!00:00!Cancelado!0;
[09/06/2023 14:57:48] 2-123:CLI-GIVETOURNAMENTS-ORGANIZER
[09/06/2023 14:57:48] 2-123:SEV-SEND-YOUR-TOURNAMENTS;Prueba!36.4210849486101,-6.13348387670698!15.0!4!2!15:00!2023-04-04!15:00!2023-04-19!Futbol 11!Jugandose!3!1;Rota!36.6228636,-6.3599595!0.0!4!3!00:00!2023-06-01!00:00!2023-06-11!Voleibol Playa!Esperando Jugadores!1!24;ADADA!36.7355451,-6.4348221!123.0!4!2!15:00!2023-04-12!21:07!2023-04-21!Futbol 11!Cancelado!0!6;Pachangeo!36.6816936,-6.1377402!5.0!4!3!00:00!2023-05-31!00:00!2023-05-24!Voleibol Playa!Cancelado!0!22;123!36.6228636,-6.3599595!2.0!4!2!15:00!2023-03-28!00:00!2023-04-21!Futbol 11!Cancelado!0!7;Pachangeo !36.6816936,-6.1377402!5.0!4!3!00:00!2023-06-30!00:00!2023-06-09!Voleibol Playa!Cancelado!1!23;prueba!36.67826185,-6.110059436817895!0.0!4!2!00:00!2023-05-15!19:34!2023-05-14!Futbol 11!Cancelado!0!14;13!36.6228636,-6.3599595!0.0!4!2!00:00!2023-05-27!19:00!2023-05-14!Futbol 11!Cancelado!0!15;123!36.6228636,-6.3599595!0.0!4!2!00:00!2023-05-20!19:29!2023-05-14!Futbol 11!Cancelado!0!18;213!36.6228636,-6.3599595!0.0!4!3!00:00!2023-05-03!00:00!2023-05-25!Futbol 11!Cancelado!0!19;Prueba!36.7355451,-6.4348221!0.0!4!3!00:00!2023-05-31!00:00!2023-05-29!Futbol 11!Cancelado!0!21;Prueba!36.4210849486101, -6.13348387670698!15.2!4!2!15:00!2023-04-04!15:00!2023-04-19!Futbol 11!Cancelado!0!2;123!36.6204069,-6.3620778!123.3!4!3!00:00!2023-06-04!00:00!2023-06-03!Futbol 11!Cancelado!0!25;213!36.4210849486101, -6.13348387670698!123.0!4!2!15:00!2023-04-07!12:34!2023-04-13!Futbol 11!Cancelado!0!3;21!36.294487399999994,-6.092790754888084!0.0!4!2!00:00!2023-05-19!00:00!2023-05-28!Futbol Sala!Cancelado!0!11;123!36.63479325,-6.38725705210204!123.0!4!2!15:00!2023-04-01!11:15!2023-04-05!Futbol 11!Cancelado!0!4;123!36.63479325,-6.38725705210204!10.0!4!3!00:00!2023-05-22!00:00!2023-05-26!Futbol Sala!Cancelado!0!20;Prueba!36.63479325,-6.38725705210204!12.0!4!2!14:28!2023-04-05!17:28!2023-04-12!Futbol 11!Cancelado!0!5;123!36.63479325,-6.38725705210204!0.0!4!2!19:20!2023-05-16!19:20!2023-05-15!Voleibol!Cancelado!0!12;
[09/06/2023 14:57:51] 2-123:CLI-EXIT
[09/06/2023 14:57:51] 2-123:SE HA DESCONECTADO
[09/06/2023 14:57:54] Se ha conectado un cliente
[09/06/2023 14:57:59] 0-:CLI-LOGIN;123;123;ORGANIZADOR
[09/06/2023 14:57:59] 2-123:SEV-LOGIN-OK-ADMIN;2;123
[09/06/2023 14:58:00] 2-123:CLI-SHOW-USER
[09/06/2023 14:58:00] 2-123:SEV-SHOW-USER-OK;1:admin:admin@admin.com:Administrador, Organizador;2:123:afafagagaga@gmail.comm:Administrador, Organizador, Usuario;13:124:hola:Administrador, Organizador, Usuario;14:x:1:Administrador, Organizador, Usuario;15:123456:nose:Administrador, Organizador, Usuario;16:147:47asd:Administrador, Usuario;17:111:111:Administrador, Usuario;19:miguel:miguelito:Usuario;30:nuevoo:dhidsbsjajjaaj:Usuario;31:miguelitro:Nosalfaf@gmail.com:Organizador;
[09/06/2023 14:58:01] 2-123:CLI-SHOW-TOURNAMENT
[09/06/2023 14:58:01] 2-123:SEV-SHOW-TOURNAMENT-OK;27!Prueba!Voleibol!x!36.6236874,-6.3601441!Jugandose;1!Prueba!Futbol 11!123!36.4210849486101,-6.13348387670698!Jugandose;24!Rota!Voleibol Playa!123!36.6228636,-6.3599595!Esperando Jugadores;8!x!Futbol 11!x!36.508976,-4.88562!Cancelado;20!123!Futbol Sala!123!36.63479325,-6.38725705210204!Cancelado;5!Prueba!Futbol 11!123!36.63479325,-6.38725705210204!Cancelado;21!Prueba!Futbol 11!123!36.7355451,-6.4348221!Cancelado;2!Prueba!Futbol 11!123!36.4210849486101, -6.13348387670698!Cancelado;15!13!Futbol 11!123!36.6228636,-6.3599595!Cancelado;7!123!Futbol 11!123!36.6228636,-6.3599595!Cancelado;11!21!Futbol Sala!123!36.294487399999994,-6.092790754888084!Cancelado;23!Pachangeo !Voleibol Playa!123!36.6816936,-6.1377402!Cancelado;4!123!Futbol 11!123!36.63479325,-6.38725705210204!Cancelado;19!213!Futbol 11!123!36.6228636,-6.3599595!Cancelado;14!prueba!Futbol 11!123!36.67826185,-6.110059436817895!Cancelado;12!123!Voleibol!123!36.63479325,-6.38725705210204!Cancelado;6!ADADA!Futbol 11!123!36.7355451,-6.4348221!Cancelado;25!123!Futbol 11!123!36.6204069,-6.3620778!Cancelado;22!Pachangeo!Voleibol Playa!123!36.6816936,-6.1377402!Cancelado;3!213!Futbol 11!123!36.4210849486101, -6.13348387670698!Cancelado;18!123!Futbol 11!123!36.6228636,-6.3599595!Cancelado;
[09/06/2023 14:58:05] 2-123:CLI-SHOW-LIGUE
[09/06/2023 14:58:05] 2-123:SEV-SHOW-LIGUE-OK;2!Jere!Futbol 11!123!36.6816936,-6.1377402!Jugandose;9!gratis!Voleibol Playa!123!36.6228636,-6.3599595!Esperando Jugadores;3!Liguilla!Futbol 11!123!36.5286856,-6.1902161!Cancelado;1!qed!Voleibol!123!36.6228636,-6.3599595!Cancelado;8!Gratis!Futbol 11!123!36.6228636,-6.3599595!Cancelado;11!Prueba!Futbol 11!x!36.67826185,-6.110059436817895!Cancelado;5!Playa!Futbol 11!123!36.67826185,-6.110059436817895!Cancelado;6!Liguilla!Voleibol!123!36.7355451,-6.4348221!Cancelado;10!Prueba liga!Futbol 11!123!36.6228636,-6.3599595!Cancelado;
[09/06/2023 14:58:56] 2-123:CLI-EXIT
[09/06/2023 14:58:56] 2-123:SE HA DESCONECTADO
[09/06/2023 14:59:38] Se ha conectado un cliente
[09/06/2023 14:59:42] 0-:CLI-EXIT
[09/06/2023 14:59:42] 0-:SE HA DESCONECTADO
[09/06/2023 15:01:10] Se ha conectado un cliente
[09/06/2023 15:01:14] 0-:CLI-LOGIN;123;123;ORGANIZADOR
[09/06/2023 15:01:14] 2-123:SEV-LOGIN-OK-ADMIN;2;123
[09/06/2023 15:01:16] 2-123:CLI-GIVETOURNAMENTS-ORGANIZER
[09/06/2023 15:01:16] 2-123:SEV-SEND-YOUR-TOURNAMENTS;Prueba!36.4210849486101,-6.13348387670698!15.0!4!2!15:00!2023-04-04!15:00!2023-04-19!Futbol 11!Jugandose!3!1;Rota!36.6228636,-6.3599595!0.0!4!3!00:00!2023-06-01!00:00!2023-06-11!Voleibol Playa!Esperando Jugadores!1!24;123!36.6228636,-6.3599595!2.0!4!2!15:00!2023-03-28!00:00!2023-04-21!Futbol 11!Cancelado!0!7;Pachangeo !36.6816936,-6.1377402!5.0!4!3!00:00!2023-06-30!00:00!2023-06-09!Voleibol Playa!Cancelado!1!23;prueba!36.67826185,-6.110059436817895!0.0!4!2!00:00!2023-05-15!19:34!2023-05-14!Futbol 11!Cancelado!0!14;13!36.6228636,-6.3599595!0.0!4!2!00:00!2023-05-27!19:00!2023-05-14!Futbol 11!Cancelado!0!15;123!36.6228636,-6.3599595!0.0!4!2!00:00!2023-05-20!19:29!2023-05-14!Futbol 11!Cancelado!0!18;213!36.6228636,-6.3599595!0.0!4!3!00:00!2023-05-03!00:00!2023-05-25!Futbol 11!Cancelado!0!19;Prueba!36.7355451,-6.4348221!0.0!4!3!00:00!2023-05-31!00:00!2023-05-29!Futbol 11!Cancelado!0!21;Prueba!36.4210849486101, -6.13348387670698!15.2!4!2!15:00!2023-04-04!15:00!2023-04-19!Futbol 11!Cancelado!0!2;123!36.6204069,-6.3620778!123.3!4!3!00:00!2023-06-04!00:00!2023-06-03!Futbol 11!Cancelado!0!25;213!36.4210849486101, -6.13348387670698!123.0!4!2!15:00!2023-04-07!12:34!2023-04-13!Futbol 11!Cancelado!0!3;21!36.294487399999994,-6.092790754888084!0.0!4!2!00:00!2023-05-19!00:00!2023-05-28!Futbol Sala!Cancelado!0!11;123!36.63479325,-6.38725705210204!123.0!4!2!15:00!2023-04-01!11:15!2023-04-05!Futbol 11!Cancelado!0!4;123!36.63479325,-6.38725705210204!10.0!4!3!00:00!2023-05-22!00:00!2023-05-26!Futbol Sala!Cancelado!0!20;Prueba!36.63479325,-6.38725705210204!12.0!4!2!14:28!2023-04-05!17:28!2023-04-12!Futbol 11!Cancelado!0!5;123!36.63479325,-6.38725705210204!0.0!4!2!19:20!2023-05-16!19:20!2023-05-15!Voleibol!Cancelado!0!12;ADADA!36.7355451,-6.4348221!123.0!4!2!15:00!2023-04-12!21:07!2023-04-21!Futbol 11!Cancelado!0!6;Pachangeo!36.6816936,-6.1377402!5.0!4!3!00:00!2023-05-31!00:00!2023-05-24!Voleibol Playa!Cancelado!0!22;
[09/06/2023 15:01:17] 2-123:CLI-GIVE-SPORTS
[09/06/2023 15:01:17] 2-123:SEV-SEND-SPORTS;Futbol 11:22;Futbol 7:14;Futbol Sala:10;Tenis Pareja:4;Voleibol:12;Voleibol Playa:4;Waterpolo:10;
[09/06/2023 15:01:19] 2-123:CLI-GIVETOURNAMENTS-ORGANIZER
[09/06/2023 15:01:19] 2-123:SEV-SEND-YOUR-TOURNAMENTS;Prueba!36.4210849486101,-6.13348387670698!15.0!4!2!15:00!2023-04-04!15:00!2023-04-19!Futbol 11!Jugandose!3!1;Rota!36.6228636,-6.3599595!0.0!4!3!00:00!2023-06-01!00:00!2023-06-11!Voleibol Playa!Esperando Jugadores!1!24;123!36.6228636,-6.3599595!2.0!4!2!15:00!2023-03-28!00:00!2023-04-21!Futbol 11!Cancelado!0!7;Pachangeo !36.6816936,-6.1377402!5.0!4!3!00:00!2023-06-30!00:00!2023-06-09!Voleibol Playa!Cancelado!1!23;prueba!36.67826185,-6.110059436817895!0.0!4!2!00:00!2023-05-15!19:34!2023-05-14!Futbol 11!Cancelado!0!14;13!36.6228636,-6.3599595!0.0!4!2!00:00!2023-05-27!19:00!2023-05-14!Futbol 11!Cancelado!0!15;123!36.6228636,-6.3599595!0.0!4!2!00:00!2023-05-20!19:29!2023-05-14!Futbol 11!Cancelado!0!18;213!36.6228636,-6.3599595!0.0!4!3!00:00!2023-05-03!00:00!2023-05-25!Futbol 11!Cancelado!0!19;Prueba!36.7355451,-6.4348221!0.0!4!3!00:00!2023-05-31!00:00!2023-05-29!Futbol 11!Cancelado!0!21;Prueba!36.4210849486101, -6.13348387670698!15.2!4!2!15:00!2023-04-04!15:00!2023-04-19!Futbol 11!Cancelado!0!2;123!36.6204069,-6.3620778!123.3!4!3!00:00!2023-06-04!00:00!2023-06-03!Futbol 11!Cancelado!0!25;213!36.4210849486101, -6.13348387670698!123.0!4!2!15:00!2023-04-07!12:34!2023-04-13!Futbol 11!Cancelado!0!3;21!36.294487399999994,-6.092790754888084!0.0!4!2!00:00!2023-05-19!00:00!2023-05-28!Futbol Sala!Cancelado!0!11;123!36.63479325,-6.38725705210204!123.0!4!2!15:00!2023-04-01!11:15!2023-04-05!Futbol 11!Cancelado!0!4;123!36.63479325,-6.38725705210204!10.0!4!3!00:00!2023-05-22!00:00!2023-05-26!Futbol Sala!Cancelado!0!20;Prueba!36.63479325,-6.38725705210204!12.0!4!2!14:28!2023-04-05!17:28!2023-04-12!Futbol 11!Cancelado!0!5;123!36.63479325,-6.38725705210204!0.0!4!2!19:20!2023-05-16!19:20!2023-05-15!Voleibol!Cancelado!0!12;ADADA!36.7355451,-6.4348221!123.0!4!2!15:00!2023-04-12!21:07!2023-04-21!Futbol 11!Cancelado!0!6;Pachangeo!36.6816936,-6.1377402!5.0!4!3!00:00!2023-05-31!00:00!2023-05-24!Voleibol Playa!Cancelado!0!22;
[09/06/2023 15:01:20] 2-123:CLI-EXIT
[09/06/2023 15:01:20] 2-123:SE HA DESCONECTADO
---- [09/06/2023 22:47:16] Obteniendo todos los torneos pendientes a generar ----
---- [09/06/2023 22:47:17] Obteniendo todas las ligas pendientes a generar ----
---- [09/06/2023 22:47:18] Obteniendo los partidos por jugarse ----
---- [09/06/2023 22:47:19] Creado el hilo encargado de las tareas ----
---- [09/06/2023 22:47:19] Iniciado el hilo encargado de las tareas ----
No hay tareas en la cola. Esperando inserccion...
---- [09/06/2023 22:47:19] SERVIDOR INICIADO ----
---- [09/06/2023 22:49:30] Obteniendo todos los torneos pendientes a generar ----
---- [09/06/2023 22:49:30] Obteniendo todas las ligas pendientes a generar ----
---- [09/06/2023 22:49:30] Obteniendo los partidos por jugarse ----
---- [09/06/2023 22:49:31] Creado el hilo encargado de las tareas ----
---- [09/06/2023 22:49:31] Iniciado el hilo encargado de las tareas ----
No hay tareas en la cola. Esperando inserccion...
---- [09/06/2023 22:49:31] SERVIDOR INICIADO ----
---- [09/06/2023 22:49:46] Obteniendo todos los torneos pendientes a generar ----
---- [09/06/2023 22:49:47] Obteniendo todas las ligas pendientes a generar ----
---- [09/06/2023 22:49:47] Obteniendo los partidos por jugarse ----
---- [09/06/2023 22:49:47] Creado el hilo encargado de las tareas ----
---- [09/06/2023 22:49:47] Iniciado el hilo encargado de las tareas ----
---- [09/06/2023 22:49:47] SERVIDOR INICIADO ----
Esperando 4212 segundos hasta la próxima tarea en: 2023-06-10T00:00
[09/06/2023 22:49:47] Se ha conectado un cliente
[09/06/2023 22:49:53] 0-:CLI-LOGIN;123;123;ORGANIZADOR
[09/06/2023 22:49:53] 2-123:SEV-LOGIN-OK-ADMIN;2;123
[09/06/2023 22:49:54] 2-123:CLI-SHOW-USER
[09/06/2023 22:49:54] 2-123:SEV-SHOW-USER-OK;1:admin:admin@admin.com:Administrador, Organizador;2:123:afafagagaga@gmail.comm:Administrador, Organizador, Usuario;13:124:hola:Administrador, Organizador, Usuario;14:x:1:Administrador, Organizador, Usuario;15:123456:nose:Administrador, Organizador, Usuario;16:147:47asd:Administrador, Usuario;17:111:111:Administrador, Usuario;19:miguel:miguelito:Usuario;30:nuevoo:dhidsbsjajjaaj:Usuario;31:miguelitro:Nosalfaf@gmail.com:Organizador;
[09/06/2023 22:49:58] 2-123:CLI-SHOW-GAME
[09/06/2023 22:49:58] 2-123:SEV-SHOW-GAME-OK;5!Futbol 11!x!36.6290774,-6.3701994!Esperando Jugadores!2023-06-30;9!Futbol 11!x!36.62985513367301,-6.3755860179662704!Esperando Jugadores!2023-06-30;2!Voleibol!x!36.73606212449951,-6.433982066810131!Cancelado!2023-06-28;
[09/06/2023 22:50:03] 2-123:CLI-GET-SPORT
[09/06/2023 22:50:03] 2-123:SEV-GET-SPORT-OK;1:Futbol 11:22:11;2:Futbol 7:14:7;3:Futbol Sala:10:5;4:Voleibol:12:6;5:Voleibol Playa:4:2;6:Waterpolo:10:5;7:Tenis Pareja:4:2;
[09/06/2023 23:23:19] 2-123:CLI-GET-SPORT
[09/06/2023 23:23:19] 2-123:SEV-GET-SPORT-OK;1:Futbol 11:22:11;2:Futbol 7:14:7;3:Futbol Sala:10:5;4:Voleibol:12:6;5:Voleibol Playa:4:2;6:Waterpolo:10:5;7:Tenis Pareja:4:2;
[09/06/2023 23:23:23] 2-123:CLI-EXIT
[09/06/2023 23:23:23] 2-123:SE HA DESCONECTADO
