---- [25/05/2023 09:12:59] Obteniendo todos los torneos pendientes a generar ----
---- [25/05/2023 09:13:01] Obteniendo todas las ligas pendientes a generar ----
---- [25/05/2023 09:13:01] Creado el hilo encargado de las tareas ----
---- [25/05/2023 09:13:01] Iniciado el hilo encargado de las tareas ----
---- [25/05/2023 09:13:01] SERVIDOR INICIADO ----
Esperando 139618 segundos hasta la próxima tarea en: 2023-05-27T00:00
[25/05/2023 09:13:42] Se ha conectado un cliente
[25/05/2023 09:16:58] Se ha conectado un cliente
[25/05/2023 09:17:06] 0-:CLI-LOGIN;x;1;USUARIO
[25/05/2023 09:17:07] 14-x:SEV-LOGIN-OK-USER;14;x
[25/05/2023 09:17:07] 14-x:CLI-GAMES-USER
[25/05/2023 09:17:07] 14-x:SEV-GAMES-USER-OK;36.625305172189016,-6.3505710661411285!2023-05-24!12:00!2023-05-22!05:00!5.6!Futbol 11!Esperando Jugadores!22!2!1;
[25/05/2023 09:17:21] 14-x:CLI-USERTEAMS
[25/05/2023 09:17:21] 14-x:SEV-USERTEAMS_OK;Prueba:Futbol 7:x:124!x!;Pa:Futbol 11:x:x!;xa:Futbol Sala:x:124!x!111!;122:Voleibol Playa:111:x!111!;:Futbol 11:x:x!;
[25/05/2023 09:17:23] 14-x:CLI-GIVE-SPORTS
[25/05/2023 09:17:23] 14-x:SEV-SEND-SPORTS;Futbol 11:22;Futbol 7:14;Futbol Sala:10;Voleibol:12;Voleibol Playa:4;
[25/05/2023 09:17:26] 14-x:CLI-GAMES-USER
[25/05/2023 09:17:26] 14-x:SEV-GAMES-USER-OK;36.625305172189016,-6.3505710661411285!2023-05-24!12:00!2023-05-22!05:00!5.6!Futbol 11!Esperando Jugadores!22!2!1;
[25/05/2023 09:17:27] 14-x:CLI-GAMES-AVAILABLE;36.6354983,-6.3881667;10
[25/05/2023 09:17:27] 14-x:SEV-GAMES-AVAILABLE-OK;36.625305172189016,-6.3505710661411285!2023-05-24!12:00!2023-05-22!05:00!5.6!Futbol 11!Esperando Jugadores!22!2!1;
[25/05/2023 09:17:29] 14-x:CLI-GAMES-AVAILABLE;36.6354983,-6.3881667;25
[25/05/2023 09:17:29] 14-x:SEV-GAMES-AVAILABLE-OK;36.625305172189016,-6.3505710661411285!2023-05-24!12:00!2023-05-22!05:00!5.6!Futbol 11!Esperando Jugadores!22!2!1;
[25/05/2023 09:17:29] 14-x:CLI-GAMES-AVAILABLE;36.6354983,-6.3881667;50
[25/05/2023 09:17:29] 14-x:SEV-GAMES-AVAILABLE-OK;36.625305172189016,-6.3505710661411285!2023-05-24!12:00!2023-05-22!05:00!5.6!Futbol 11!Esperando Jugadores!22!2!1;
[25/05/2023 09:17:29] 14-x:CLI-GAMES-AVAILABLE;36.6354983,-6.3881667;100
[25/05/2023 09:17:29] 14-x:SEV-GAMES-AVAILABLE-OK;36.625305172189016,-6.3505710661411285!2023-05-24!12:00!2023-05-22!05:00!5.6!Futbol 11!Esperando Jugadores!22!2!1;
[25/05/2023 09:17:30] 14-x:CLI-GAMES-AVAILABLE;36.6354983,-6.3881667;-1
[25/05/2023 09:17:30] 14-x:SEV-GAMES-AVAILABLE-OK;36.625305172189016,-6.3505710661411285!2023-05-24!12:00!2023-05-22!05:00!5.6!Futbol 11!Esperando Jugadores!22!2!1;
[25/05/2023 09:17:30] 14-x:CLI-GAMES-AVAILABLE;36.6354983,-6.3881667;100
[25/05/2023 09:17:30] 14-x:SEV-GAMES-AVAILABLE-OK;36.625305172189016,-6.3505710661411285!2023-05-24!12:00!2023-05-22!05:00!5.6!Futbol 11!Esperando Jugadores!22!2!1;
[25/05/2023 09:17:30] 14-x:CLI-GAMES-AVAILABLE;36.6354983,-6.3881667;50
[25/05/2023 09:17:30] 14-x:SEV-GAMES-AVAILABLE-OK;36.625305172189016,-6.3505710661411285!2023-05-24!12:00!2023-05-22!05:00!5.6!Futbol 11!Esperando Jugadores!22!2!1;
[25/05/2023 09:17:30] 14-x:CLI-GAMES-AVAILABLE;36.6354983,-6.3881667;25
[25/05/2023 09:17:30] 14-x:SEV-GAMES-AVAILABLE-OK;36.625305172189016,-6.3505710661411285!2023-05-24!12:00!2023-05-22!05:00!5.6!Futbol 11!Esperando Jugadores!22!2!1;
[25/05/2023 09:17:31] 14-x:CLI-GAMES-AVAILABLE;36.6354983,-6.3881667;2
[25/05/2023 09:17:31] 14-x:SEV-GAMES-AVAILABLE-OK;
[25/05/2023 09:17:31] 14-x:CLI-GAMES-AVAILABLE;36.6354983,-6.3881667;2
[25/05/2023 09:17:31] 14-x:SEV-GAMES-AVAILABLE-OK;
[25/05/2023 09:17:33] 14-x:CLI-GAMES-AVAILABLE;36.6354983,-6.3881667;5
[25/05/2023 09:17:33] 14-x:SEV-GAMES-AVAILABLE-OK;36.625305172189016,-6.3505710661411285!2023-05-24!12:00!2023-05-22!05:00!5.6!Futbol 11!Esperando Jugadores!22!2!1;
[25/05/2023 09:17:34] 14-x:CLI-GAMES-AVAILABLE;36.6354983,-6.3881667;10
[25/05/2023 09:17:34] 14-x:SEV-GAMES-AVAILABLE-OK;36.625305172189016,-6.3505710661411285!2023-05-24!12:00!2023-05-22!05:00!5.6!Futbol 11!Esperando Jugadores!22!2!1;
[25/05/2023 09:17:34] 14-x:CLI-GAMES-AVAILABLE;36.6354983,-6.3881667;25
[25/05/2023 09:17:34] 14-x:SEV-GAMES-AVAILABLE-OK;36.625305172189016,-6.3505710661411285!2023-05-24!12:00!2023-05-22!05:00!5.6!Futbol 11!Esperando Jugadores!22!2!1;
[25/05/2023 09:17:34] 14-x:CLI-GAMES-AVAILABLE;36.6354983,-6.3881667;50
[25/05/2023 09:17:34] 14-x:SEV-GAMES-AVAILABLE-OK;36.625305172189016,-6.3505710661411285!2023-05-24!12:00!2023-05-22!05:00!5.6!Futbol 11!Esperando Jugadores!22!2!1;
[25/05/2023 09:17:35] 14-x:CLI-GAMES-AVAILABLE;36.6354983,-6.3881667;100
[25/05/2023 09:17:35] 14-x:SEV-GAMES-AVAILABLE-OK;36.625305172189016,-6.3505710661411285!2023-05-24!12:00!2023-05-22!05:00!5.6!Futbol 11!Esperando Jugadores!22!2!1;
[25/05/2023 09:17:35] 14-x:CLI-GAMES-AVAILABLE;36.6354983,-6.3881667;50
[25/05/2023 09:17:35] 14-x:SEV-GAMES-AVAILABLE-OK;36.625305172189016,-6.3505710661411285!2023-05-24!12:00!2023-05-22!05:00!5.6!Futbol 11!Esperando Jugadores!22!2!1;
[25/05/2023 09:17:35] 14-x:CLI-GAMES-AVAILABLE;36.6354983,-6.3881667;25
[25/05/2023 09:17:35] 14-x:SEV-GAMES-AVAILABLE-OK;36.625305172189016,-6.3505710661411285!2023-05-24!12:00!2023-05-22!05:00!5.6!Futbol 11!Esperando Jugadores!22!2!1;
[25/05/2023 09:17:35] 14-x:CLI-GAMES-AVAILABLE;36.6354983,-6.3881667;10
[25/05/2023 09:17:35] 14-x:SEV-GAMES-AVAILABLE-OK;36.625305172189016,-6.3505710661411285!2023-05-24!12:00!2023-05-22!05:00!5.6!Futbol 11!Esperando Jugadores!22!2!1;
[25/05/2023 09:17:36] 14-x:CLI-GAMES-AVAILABLE;36.6354983,-6.3881667;25
[25/05/2023 09:17:36] 14-x:SEV-GAMES-AVAILABLE-OK;36.625305172189016,-6.3505710661411285!2023-05-24!12:00!2023-05-22!05:00!5.6!Futbol 11!Esperando Jugadores!22!2!1;
[25/05/2023 09:17:36] 14-x:CLI-GAMES-AVAILABLE;36.6354983,-6.3881667;50
[25/05/2023 09:17:36] 14-x:SEV-GAMES-AVAILABLE-OK;36.625305172189016,-6.3505710661411285!2023-05-24!12:00!2023-05-22!05:00!5.6!Futbol 11!Esperando Jugadores!22!2!1;
[25/05/2023 09:17:36] 14-x:CLI-GAMES-AVAILABLE;36.6354983,-6.3881667;100
[25/05/2023 09:17:36] 14-x:SEV-GAMES-AVAILABLE-OK;36.625305172189016,-6.3505710661411285!2023-05-24!12:00!2023-05-22!05:00!5.6!Futbol 11!Esperando Jugadores!22!2!1;
[25/05/2023 09:17:36] 14-x:CLI-GAMES-AVAILABLE;36.6354983,-6.3881667;-1
[25/05/2023 09:17:36] 14-x:SEV-GAMES-AVAILABLE-OK;36.625305172189016,-6.3505710661411285!2023-05-24!12:00!2023-05-22!05:00!5.6!Futbol 11!Esperando Jugadores!22!2!1;
[25/05/2023 09:17:36] 14-x:CLI-GAMES-AVAILABLE;36.6354983,-6.3881667;100
[25/05/2023 09:17:36] 14-x:SEV-GAMES-AVAILABLE-OK;36.625305172189016,-6.3505710661411285!2023-05-24!12:00!2023-05-22!05:00!5.6!Futbol 11!Esperando Jugadores!22!2!1;
[25/05/2023 09:17:36] 14-x:CLI-GAMES-AVAILABLE;36.6354983,-6.3881667;50
[25/05/2023 09:17:36] 14-x:SEV-GAMES-AVAILABLE-OK;36.625305172189016,-6.3505710661411285!2023-05-24!12:00!2023-05-22!05:00!5.6!Futbol 11!Esperando Jugadores!22!2!1;
[25/05/2023 09:17:37] 14-x:CLI-GAMES-AVAILABLE;36.6354983,-6.3881667;25
[25/05/2023 09:17:37] 14-x:SEV-GAMES-AVAILABLE-OK;36.625305172189016,-6.3505710661411285!2023-05-24!12:00!2023-05-22!05:00!5.6!Futbol 11!Esperando Jugadores!22!2!1;
[25/05/2023 09:17:37] 14-x:CLI-GAMES-AVAILABLE;36.6354983,-6.3881667;10
[25/05/2023 09:17:37] 14-x:SEV-GAMES-AVAILABLE-OK;36.625305172189016,-6.3505710661411285!2023-05-24!12:00!2023-05-22!05:00!5.6!Futbol 11!Esperando Jugadores!22!2!1;
[25/05/2023 09:17:37] 14-x:CLI-GAMES-AVAILABLE;36.6354983,-6.3881667;5
[25/05/2023 09:17:37] 14-x:SEV-GAMES-AVAILABLE-OK;36.625305172189016,-6.3505710661411285!2023-05-24!12:00!2023-05-22!05:00!5.6!Futbol 11!Esperando Jugadores!22!2!1;
[25/05/2023 09:17:37] 14-x:CLI-GAMES-AVAILABLE;36.6354983,-6.3881667;10
[25/05/2023 09:17:38] 14-x:SEV-GAMES-AVAILABLE-OK;36.625305172189016,-6.3505710661411285!2023-05-24!12:00!2023-05-22!05:00!5.6!Futbol 11!Esperando Jugadores!22!2!1;
[25/05/2023 09:17:38] 14-x:CLI-GAMES-AVAILABLE;36.6354983,-6.3881667;25
[25/05/2023 09:17:38] 14-x:SEV-GAMES-AVAILABLE-OK;36.625305172189016,-6.3505710661411285!2023-05-24!12:00!2023-05-22!05:00!5.6!Futbol 11!Esperando Jugadores!22!2!1;
[25/05/2023 09:17:38] 14-x:CLI-GAMES-AVAILABLE;36.6354983,-6.3881667;50
[25/05/2023 09:17:38] 14-x:SEV-GAMES-AVAILABLE-OK;36.625305172189016,-6.3505710661411285!2023-05-24!12:00!2023-05-22!05:00!5.6!Futbol 11!Esperando Jugadores!22!2!1;
[25/05/2023 09:17:38] 14-x:CLI-GAMES-AVAILABLE;36.6354983,-6.3881667;100
[25/05/2023 09:17:38] 14-x:SEV-GAMES-AVAILABLE-OK;36.625305172189016,-6.3505710661411285!2023-05-24!12:00!2023-05-22!05:00!5.6!Futbol 11!Esperando Jugadores!22!2!1;
[25/05/2023 09:17:38] 14-x:CLI-GAMES-AVAILABLE;36.6354983,-6.3881667;-1
[25/05/2023 09:17:38] 14-x:SEV-GAMES-AVAILABLE-OK;36.625305172189016,-6.3505710661411285!2023-05-24!12:00!2023-05-22!05:00!5.6!Futbol 11!Esperando Jugadores!22!2!1;
[25/05/2023 09:17:38] 14-x:CLI-GAMES-AVAILABLE;36.6354983,-6.3881667;100
[25/05/2023 09:17:38] 14-x:SEV-GAMES-AVAILABLE-OK;36.625305172189016,-6.3505710661411285!2023-05-24!12:00!2023-05-22!05:00!5.6!Futbol 11!Esperando Jugadores!22!2!1;
[25/05/2023 09:17:40] 14-x:CLI-USERTEAMS
[25/05/2023 09:17:40] 14-x:SEV-USERTEAMS_OK;Prueba:Futbol 7:x:124!x!;Pa:Futbol 11:x:x!;xa:Futbol Sala:x:124!x!111!;122:Voleibol Playa:111:x!111!;:Futbol 11:x:x!;
[25/05/2023 09:17:40] 14-x:CLI-LIGUES-USER
[25/05/2023 09:17:40] 14-x:SEV-LIGUES-USER-OK;2!Jere!36.6816936,-6.1377402!12.0!5!3!02:00!2023-04-12!06:00!2023-03-29!Futbol 11!12!12!04:00!07:00!Jugandose!4;2!Jere!36.6816936,-6.1377402!12.0!5!3!02:00!2023-04-12!06:00!2023-03-29!Futbol 11!12!12!04:00!07:00!Jugandose!4;2!Jere!36.6816936,-6.1377402!12.0!5!3!02:00!2023-04-12!06:00!2023-03-29!Futbol 11!12!12!04:00!07:00!Jugandose!4;2!Jere!36.6816936,-6.1377402!12.0!5!3!02:00!2023-04-12!06:00!2023-03-29!Futbol 11!12!12!04:00!07:00!Jugandose!4;4!Volei!36.7355451,-6.4348221!0.0!4!2!00:00!2023-05-28!00:00!2023-05-27!Voleibol Playa!5!5!00:00!00:00!Esperando Jugadores!1;
[25/05/2023 09:17:43] 14-x:CLI-LIGUES-STATE-USER;2
[25/05/2023 09:17:43] 14-x:SEV-LIGUES-STATE-USER-OK;INSCRITO
[25/05/2023 09:17:45] 14-x:CLI-TEAMSLIGUE;2
[25/05/2023 09:17:45] 14-x:SEV-YOURTEAMSLIGUE;Prueba:x:Futbol 7;Pa:x:Futbol 11;xa:x:Futbol Sala;122:111:Voleibol Playa;
[25/05/2023 09:17:46] 14-x:CLI-LIGUES-NUMBER-ROUND;2
[25/05/2023 09:17:46] 14-x:SEV-LIGUES-NUMBER-ROUND-OK;6
[25/05/2023 09:17:46] 14-x:CLI-LIGUES-ROUND-DATE;2;1
[25/05/2023 09:17:46] 14-x:SEV-LIGUES-ROUND-DATE-OK;1/122/?/Prueba/?/2023-04-12/04:00!2/xa/?/Pa/?/2023-04-12/04:12!
[25/05/2023 09:17:49] 14-x:CLI-LIGUES-ROUND-DATE;2;5
[25/05/2023 09:17:49] 14-x:SEV-LIGUES-ROUND-DATE-OK;9/xa/?/Prueba/?/2023-05-30/04:00!10/Pa/2/122/2/2023-05-30/04:12!
[25/05/2023 09:17:54] 14-x:CLI-LIGUES-SCORE;2
[25/05/2023 09:17:54] 14-x:SEV-LIGUES-SCORE-OK;Prueba:1:0:2:3:-1;Pa:4:7:15:10:5;xa:2:3:25:9:16;122:3:4:7:27:-20;
[25/05/2023 09:17:58] 14-x:CLI-TOURNAMENTS-USER
[25/05/2023 09:17:58] 14-x:SEV-TOURNAMENTS-USER-OK;x!36.6228636,-6.3599595!0.0!4!2!00:00!2023-06-11!00:00!2023-06-11!Voleibol Playa!Esperando Jugadores!1!10;
[25/05/2023 09:18:00] 14-x:CLI-TOURNAMENTS-STATE-USER;10
[25/05/2023 09:18:00] 14-x:SEV-TOURNAMENTS-STATE-USER-OK;INSCRITO
[25/05/2023 09:18:02] 14-x:CLI-TOURNAMENTS-ROUNDS;10
[25/05/2023 09:18:02] 14-x:SEV-TOURNAMENTS-ROUNDS;
[25/05/2023 09:18:07] 14-x:CLI-TEAMSTOURNAMENT;10
[25/05/2023 09:18:07] 14-x:SEV-YOURTEAMSTOURNAMENT;122:111:Voleibol Playa;
[25/05/2023 09:18:09] 14-x:CLI-TOURNAMENTS-USER
[25/05/2023 09:18:09] 14-x:SEV-TOURNAMENTS-USER-OK;x!36.6228636,-6.3599595!0.0!4!2!00:00!2023-06-11!00:00!2023-06-11!Voleibol Playa!Esperando Jugadores!1!10;
[25/05/2023 09:18:11] 14-x:CLI-TOURNAMENTS-AVAILABLE;36.6354983,-6.3881667;10
[25/05/2023 09:18:11] 14-x:SEV-TOURNAMENTS-AVAILABLE-OK;x!36.6228636,-6.3599595!0.0!4!2!00:00!2023-06-11!00:00!2023-06-11!Voleibol Playa!Esperando Jugadores!1!10;
[25/05/2023 09:18:13] 14-x:CLI-TOURNAMENTS-AVAILABLE;36.6354983,-6.3881667;25
[25/05/2023 09:18:13] 14-x:SEV-TOURNAMENTS-AVAILABLE-OK;x!36.6228636,-6.3599595!0.0!4!2!00:00!2023-06-11!00:00!2023-06-11!Voleibol Playa!Esperando Jugadores!1!10;
[25/05/2023 09:18:13] 14-x:CLI-TOURNAMENTS-AVAILABLE;36.6354983,-6.3881667;10
[25/05/2023 09:18:13] 14-x:SEV-TOURNAMENTS-AVAILABLE-OK;x!36.6228636,-6.3599595!0.0!4!2!00:00!2023-06-11!00:00!2023-06-11!Voleibol Playa!Esperando Jugadores!1!10;
[25/05/2023 09:18:14] 14-x:CLI-TOURNAMENTS-USER
[25/05/2023 09:18:14] 14-x:SEV-TOURNAMENTS-USER-OK;x!36.6228636,-6.3599595!0.0!4!2!00:00!2023-06-11!00:00!2023-06-11!Voleibol Playa!Esperando Jugadores!1!10;
[25/05/2023 09:21:40] 14-x:CLI-TOURNAMENTS-USER
[25/05/2023 09:21:40] 14-x:SEV-TOURNAMENTS-USER-OK;Prueba!36.4210849486101,-6.13348387670698!15.0!4!2!15:00!2023-04-04!15:00!2023-04-19!Futbol 11!Jugandose!4!1;Prueba!36.4210849486101,-6.13348387670698!15.0!4!2!15:00!2023-04-04!15:00!2023-04-19!Futbol 11!Jugandose!4!1;Prueba!36.4210849486101,-6.13348387670698!15.0!4!2!15:00!2023-04-04!15:00!2023-04-19!Futbol 11!Jugandose!4!1;Prueba!36.4210849486101,-6.13348387670698!15.0!4!2!15:00!2023-04-04!15:00!2023-04-19!Futbol 11!Jugandose!4!1;x!36.6228636,-6.3599595!0.0!4!2!00:00!2023-06-11!00:00!2023-06-11!Voleibol Playa!Esperando Jugadores!1!10;
[25/05/2023 09:21:46] 14-x:CLI-LIGUES-USER
[25/05/2023 09:21:46] 14-x:SEV-LIGUES-USER-OK;2!Jere!36.6816936,-6.1377402!12.0!5!3!02:00!2023-04-12!06:00!2023-03-29!Futbol 11!12!12!04:00!07:00!Jugandose!4;2!Jere!36.6816936,-6.1377402!12.0!5!3!02:00!2023-04-12!06:00!2023-03-29!Futbol 11!12!12!04:00!07:00!Jugandose!4;2!Jere!36.6816936,-6.1377402!12.0!5!3!02:00!2023-04-12!06:00!2023-03-29!Futbol 11!12!12!04:00!07:00!Jugandose!4;2!Jere!36.6816936,-6.1377402!12.0!5!3!02:00!2023-04-12!06:00!2023-03-29!Futbol 11!12!12!04:00!07:00!Jugandose!4;4!Volei!36.7355451,-6.4348221!0.0!4!2!00:00!2023-05-28!00:00!2023-05-27!Voleibol Playa!5!5!00:00!00:00!Esperando Jugadores!1;
[25/05/2023 09:21:47] 14-x:CLI-TOURNAMENTS-USER
[25/05/2023 09:21:47] 14-x:SEV-TOURNAMENTS-USER-OK;Prueba!36.4210849486101,-6.13348387670698!15.0!4!2!15:00!2023-04-04!15:00!2023-04-19!Futbol 11!Jugandose!4!1;Prueba!36.4210849486101,-6.13348387670698!15.0!4!2!15:00!2023-04-04!15:00!2023-04-19!Futbol 11!Jugandose!4!1;Prueba!36.4210849486101,-6.13348387670698!15.0!4!2!15:00!2023-04-04!15:00!2023-04-19!Futbol 11!Jugandose!4!1;Prueba!36.4210849486101,-6.13348387670698!15.0!4!2!15:00!2023-04-04!15:00!2023-04-19!Futbol 11!Jugandose!4!1;x!36.6228636,-6.3599595!0.0!4!2!00:00!2023-06-11!00:00!2023-06-11!Voleibol Playa!Esperando Jugadores!1!10;
[25/05/2023 09:21:50] 14-x:CLI-TOURNAMENTS-STATE-USER;1
[25/05/2023 09:21:50] 14-x:SEV-TOURNAMENTS-STATE-USER-OK;INSCRITO
[25/05/2023 09:21:53] 14-x:CLI-TOURNAMENTS-ROUNDS;1
[25/05/2023 09:21:53] 14-x:SEV-TOURNAMENTS-ROUNDS;3/1/122/2/xa/3/1!4/1/xa/3/Prueba/2/1!:5/2/Pa/5/xa/2/1!
[25/05/2023 09:22:19] 14-x:CLI-USERTEAMS
[25/05/2023 09:22:19] 14-x:SEV-USERTEAMS_OK;Prueba:Futbol 7:x:124!x!;Pa:Futbol 11:x:x!;xa:Futbol Sala:x:124!x!111!;122:Voleibol Playa:111:x!111!;:Futbol 11:x:x!;
[25/05/2023 09:22:20] 14-x:CLI-USERTEAMS
[25/05/2023 09:22:20] 14-x:SEV-USERTEAMS_OK;Prueba:Futbol 7:x:124!x!;Pa:Futbol 11:x:x!;xa:Futbol Sala:x:124!x!111!;122:Voleibol Playa:111:x!111!;:Futbol 11:x:x!;
[25/05/2023 09:29:32] 0-:CLI-LOGIN;123;123;ORGANIZADOR
[25/05/2023 09:29:32] 1-123:SEV-LOGIN-OK-ORGANIZER;1;123
[25/05/2023 09:29:32] 1-123:CLI-GIVETOURNAMENTS-ORGANIZER
[25/05/2023 09:29:32] 1-123:SEV-SEND-YOUR-TOURNAMENTS;Prueba!36.4210849486101,-6.13348387670698!15.0!4!2!15:00!2023-04-04!15:00!2023-04-19!Futbol 11!Jugandose!4!1;123!36.67826185,-6.110059436817895!0.0!4!2!00:00!2023-05-21!19:28!2023-05-14!Futbol 11!Cancelado!0!17;123!36.6228636,-6.3599595!0.0!4!2!00:00!2023-05-20!19:29!2023-05-14!Futbol 11!Cancelado!0!18;213!36.6228636,-6.3599595!0.0!4!3!00:00!2023-05-03!00:00!2023-05-25!Futbol 11!Cancelado!0!19;Prueba!36.4210849486101, -6.13348387670698!15.2!4!2!15:00!2023-04-04!15:00!2023-04-19!Futbol 11!Cancelado!0!2;23!36.67826185,-6.110059436817895!0.0!4!2!18:00!2023-05-16!19:28!2023-05-14!Futbol 7!Cancelado!0!16;213!36.4210849486101, -6.13348387670698!123.0!4!2!15:00!2023-04-07!12:34!2023-04-13!Futbol 11!Cancelado!0!3;21!36.294487399999994,-6.092790754888084!0.0!4!2!00:00!2023-05-19!00:00!2023-05-28!Futbol Sala!Cancelado!0!11;123!36.63479325,-6.38725705210204!123.0!4!2!15:00!2023-04-01!11:15!2023-04-05!Futbol 11!Cancelado!0!4;123!36.63479325,-6.38725705210204!10.0!4!3!00:00!2023-05-22!00:00!2023-05-26!Futbol Sala!Cancelado!0!20;Prueba!36.63479325,-6.38725705210204!12.0!4!2!14:28!2023-04-05!17:28!2023-04-12!Futbol 11!Cancelado!0!5;123!36.63479325,-6.38725705210204!0.0!4!2!19:20!2023-05-16!19:20!2023-05-15!Voleibol!Cancelado!0!12;ADADA!36.7355451,-6.4348221!123.0!4!2!15:00!2023-04-12!21:07!2023-04-21!Futbol 11!Cancelado!0!6;DE LOCOS!36.63479325,-6.38725705210204!0.0!4!2!08:00!2023-05-21!19:20!2023-05-14!Voleibol!Cancelado!0!13;123!36.6228636,-6.3599595!2.0!4!2!15:00!2023-03-28!00:00!2023-04-21!Futbol 11!Cancelado!0!7;x!36.6228636,-6.3599595!0.0!4!2!00:00!2023-06-11!00:00!2023-06-11!Voleibol Playa!Cancelado!1!9;prueba!36.67826185,-6.110059436817895!0.0!4!2!00:00!2023-05-15!19:34!2023-05-14!Futbol 11!Cancelado!0!14;13!36.6228636,-6.3599595!0.0!4!2!00:00!2023-05-27!19:00!2023-05-14!Futbol 11!Cancelado!0!15;
[25/05/2023 09:32:10] 1-123:CLI-TEAMSTOURNAMENT;1
[25/05/2023 09:32:10] 1-123:SEV-YOURTEAMSTOURNAMENT;Prueba:x:124!x!;Pa:x:x!;xa:x:124!x!111!;122:111:x!111!;
[25/05/2023 09:32:22] 1-123:CLI-TOURNAMENTS-ROUNDS;1
[25/05/2023 09:32:22] 1-123:SEV-TOURNAMENTS-ROUNDS;3/1/122/2/xa/3/1!4/1/xa/3/Prueba/2/1!:5/2/Pa/5/xa/2/1!
[25/05/2023 09:32:36] 1-123:CLI-TEAMSTOURNAMENT;1
[25/05/2023 09:32:36] 1-123:SEV-YOURTEAMSTOURNAMENT;Prueba:x:124!x!;Pa:x:x!;xa:x:124!x!111!;122:111:x!111!;
[25/05/2023 09:32:50] 1-123:CLI-TOURNAMENTS-END;1
[25/05/2023 09:32:50] 1-123:SEV-TOURNAMENTS-END-OK
[25/05/2023 09:32:52] 1-123:CLI-GIVETOURNAMENTS-ORGANIZER
[25/05/2023 09:32:52] 1-123:SEV-SEND-YOUR-TOURNAMENTS;123!36.6228636,-6.3599595!0.0!4!2!00:00!2023-05-20!19:29!2023-05-14!Futbol 11!Cancelado!0!18;213!36.6228636,-6.3599595!0.0!4!3!00:00!2023-05-03!00:00!2023-05-25!Futbol 11!Cancelado!0!19;Prueba!36.4210849486101, -6.13348387670698!15.2!4!2!15:00!2023-04-04!15:00!2023-04-19!Futbol 11!Cancelado!0!2;23!36.67826185,-6.110059436817895!0.0!4!2!18:00!2023-05-16!19:28!2023-05-14!Futbol 7!Cancelado!0!16;213!36.4210849486101, -6.13348387670698!123.0!4!2!15:00!2023-04-07!12:34!2023-04-13!Futbol 11!Cancelado!0!3;21!36.294487399999994,-6.092790754888084!0.0!4!2!00:00!2023-05-19!00:00!2023-05-28!Futbol Sala!Cancelado!0!11;123!36.63479325,-6.38725705210204!123.0!4!2!15:00!2023-04-01!11:15!2023-04-05!Futbol 11!Cancelado!0!4;123!36.63479325,-6.38725705210204!10.0!4!3!00:00!2023-05-22!00:00!2023-05-26!Futbol Sala!Cancelado!0!20;Prueba!36.63479325,-6.38725705210204!12.0!4!2!14:28!2023-04-05!17:28!2023-04-12!Futbol 11!Cancelado!0!5;123!36.63479325,-6.38725705210204!0.0!4!2!19:20!2023-05-16!19:20!2023-05-15!Voleibol!Cancelado!0!12;ADADA!36.7355451,-6.4348221!123.0!4!2!15:00!2023-04-12!21:07!2023-04-21!Futbol 11!Cancelado!0!6;DE LOCOS!36.63479325,-6.38725705210204!0.0!4!2!08:00!2023-05-21!19:20!2023-05-14!Voleibol!Cancelado!0!13;123!36.6228636,-6.3599595!2.0!4!2!15:00!2023-03-28!00:00!2023-04-21!Futbol 11!Cancelado!0!7;x!36.6228636,-6.3599595!0.0!4!2!00:00!2023-06-11!00:00!2023-06-11!Voleibol Playa!Cancelado!1!9;prueba!36.67826185,-6.110059436817895!0.0!4!2!00:00!2023-05-15!19:34!2023-05-14!Futbol 11!Cancelado!0!14;13!36.6228636,-6.3599595!0.0!4!2!00:00!2023-05-27!19:00!2023-05-14!Futbol 11!Cancelado!0!15;123!36.67826185,-6.110059436817895!0.0!4!2!00:00!2023-05-21!19:28!2023-05-14!Futbol 11!Cancelado!0!17;Prueba!36.4210849486101,-6.13348387670698!15.0!4!2!15:00!2023-04-04!15:00!2023-04-19!Futbol 11!Finalizado!4!1;
[25/05/2023 09:32:57] 1-123:CLI-GIVE-SPORTS
[25/05/2023 09:32:57] 1-123:SEV-SEND-SPORTS;Futbol 11:22;Futbol 7:14;Futbol Sala:10;Voleibol:12;Voleibol Playa:4;
[25/05/2023 09:33:08] 1-123:CLI-GIVETOURNAMENTS-ORGANIZER
[25/05/2023 09:33:09] 1-123:SEV-SEND-YOUR-TOURNAMENTS;123!36.6228636,-6.3599595!0.0!4!2!00:00!2023-05-20!19:29!2023-05-14!Futbol 11!Cancelado!0!18;213!36.6228636,-6.3599595!0.0!4!3!00:00!2023-05-03!00:00!2023-05-25!Futbol 11!Cancelado!0!19;Prueba!36.4210849486101, -6.13348387670698!15.2!4!2!15:00!2023-04-04!15:00!2023-04-19!Futbol 11!Cancelado!0!2;23!36.67826185,-6.110059436817895!0.0!4!2!18:00!2023-05-16!19:28!2023-05-14!Futbol 7!Cancelado!0!16;213!36.4210849486101, -6.13348387670698!123.0!4!2!15:00!2023-04-07!12:34!2023-04-13!Futbol 11!Cancelado!0!3;21!36.294487399999994,-6.092790754888084!0.0!4!2!00:00!2023-05-19!00:00!2023-05-28!Futbol Sala!Cancelado!0!11;123!36.63479325,-6.38725705210204!123.0!4!2!15:00!2023-04-01!11:15!2023-04-05!Futbol 11!Cancelado!0!4;123!36.63479325,-6.38725705210204!10.0!4!3!00:00!2023-05-22!00:00!2023-05-26!Futbol Sala!Cancelado!0!20;Prueba!36.63479325,-6.38725705210204!12.0!4!2!14:28!2023-04-05!17:28!2023-04-12!Futbol 11!Cancelado!0!5;123!36.63479325,-6.38725705210204!0.0!4!2!19:20!2023-05-16!19:20!2023-05-15!Voleibol!Cancelado!0!12;ADADA!36.7355451,-6.4348221!123.0!4!2!15:00!2023-04-12!21:07!2023-04-21!Futbol 11!Cancelado!0!6;DE LOCOS!36.63479325,-6.38725705210204!0.0!4!2!08:00!2023-05-21!19:20!2023-05-14!Voleibol!Cancelado!0!13;123!36.6228636,-6.3599595!2.0!4!2!15:00!2023-03-28!00:00!2023-04-21!Futbol 11!Cancelado!0!7;x!36.6228636,-6.3599595!0.0!4!2!00:00!2023-06-11!00:00!2023-06-11!Voleibol Playa!Cancelado!1!9;prueba!36.67826185,-6.110059436817895!0.0!4!2!00:00!2023-05-15!19:34!2023-05-14!Futbol 11!Cancelado!0!14;13!36.6228636,-6.3599595!0.0!4!2!00:00!2023-05-27!19:00!2023-05-14!Futbol 11!Cancelado!0!15;123!36.67826185,-6.110059436817895!0.0!4!2!00:00!2023-05-21!19:28!2023-05-14!Futbol 11!Cancelado!0!17;Prueba!36.4210849486101,-6.13348387670698!15.0!4!2!15:00!2023-04-04!15:00!2023-04-19!Futbol 11!Finalizado!4!1;
[25/05/2023 09:33:10] 1-123:CLI-GIVELIGUES-ORGANIZER
[25/05/2023 09:33:10] 1-123:SEV-SEND-YOUR-LIGUES;2!Jere!36.6816936,-6.1377402!12.0!5!3!02:00!2023-04-12!06:00!2023-03-29!Futbol 11!12!12!04:00!07:00!Jugandose!4;5!Playa!36.67826185,-6.110059436817895!0.0!4!2!00:00!2023-05-28!00:00!2023-05-27!Futbol 11!2!2!00:00!00:00!Esperando Jugadores!0;3!Liguilla!36.5286856,-6.1902161!0.0!4!2!00:00!2023-05-28!00:00!2023-05-27!Futbol 11!7!15!00:00!00:00!Esperando Jugadores!0;4!Volei!36.7355451,-6.4348221!0.0!4!2!00:00!2023-05-28!00:00!2023-05-27!Voleibol Playa!5!5!00:00!00:00!Esperando Jugadores!1;1!qed!36.6228636,-6.3599595!123.0!23!17!20:12!2023-04-05!07:03!2023-04-28!Voleibol!1!1!2:3!3:3!Cancelado!0;
[25/05/2023 09:33:30] 1-123:CLI-LIGUES-NUMBER-ROUND;2
[25/05/2023 09:33:30] 1-123:SEV-LIGUES-NUMBER-ROUND-OK;6
[25/05/2023 09:33:30] 1-123:CLI-LIGUES-ROUND-DATE;2;1
[25/05/2023 09:33:30] 1-123:SEV-LIGUES-ROUND-DATE-OK;1/122/?/Prueba/?/2023-04-12/04:00!2/xa/?/Pa/?/2023-04-12/04:12!
[25/05/2023 09:34:00] 1-123:CLI-LIGUES-NUMBER-ROUND;2
[25/05/2023 09:34:00] 1-123:SEV-LIGUES-NUMBER-ROUND-OK;6
[25/05/2023 09:34:00] 1-123:CLI-LIGUES-ROUND-DATE;2;1
[25/05/2023 09:34:00] 1-123:SEV-LIGUES-ROUND-DATE-OK;1/122/?/Prueba/?/2023-04-12/04:00!2/xa/?/Pa/?/2023-04-12/04:12!
[25/05/2023 09:34:27] 1-123:CLI-LIGUES-NUMBER-ROUND;2
[25/05/2023 09:34:27] 1-123:SEV-LIGUES-NUMBER-ROUND-OK;6
[25/05/2023 09:34:27] 1-123:CLI-LIGUES-ROUND-DATE;2;1
[25/05/2023 09:34:27] 1-123:SEV-LIGUES-ROUND-DATE-OK;1/122/?/Prueba/?/2023-04-12/04:00!2/xa/?/Pa/?/2023-04-12/04:12!
[25/05/2023 09:34:30] 1-123:CLI-TEAMSLIGUE;2
[25/05/2023 09:34:30] 1-123:SEV-YOURTEAMSLIGUE;Prueba:x:124!x!;Pa:x:x!;xa:x:124!x!111!;122:111:x!111!;
[25/05/2023 09:34:39] 1-123:CLI-GIVELIGUES-ORGANIZER
[25/05/2023 09:34:39] 1-123:SEV-SEND-YOUR-LIGUES;2!Jere!36.6816936,-6.1377402!12.0!5!3!02:00!2023-04-12!06:00!2023-03-29!Futbol 11!12!12!04:00!07:00!Jugandose!4;5!Playa!36.67826185,-6.110059436817895!0.0!4!2!00:00!2023-05-28!00:00!2023-05-27!Futbol 11!2!2!00:00!00:00!Esperando Jugadores!0;3!Liguilla!36.5286856,-6.1902161!0.0!4!2!00:00!2023-05-28!00:00!2023-05-27!Futbol 11!7!15!00:00!00:00!Esperando Jugadores!0;4!Volei!36.7355451,-6.4348221!0.0!4!2!00:00!2023-05-28!00:00!2023-05-27!Voleibol Playa!5!5!00:00!00:00!Esperando Jugadores!1;1!qed!36.6228636,-6.3599595!123.0!23!17!20:12!2023-04-05!07:03!2023-04-28!Voleibol!1!1!2:3!3:3!Cancelado!0;
[25/05/2023 09:35:52] 1-123:CLI-TEAMSLIGUE;2
[25/05/2023 09:35:52] 1-123:SEV-YOURTEAMSLIGUE;Prueba:x:124!x!;Pa:x:x!;xa:x:124!x!111!;122:111:x!111!;
[25/05/2023 09:35:58] 1-123:CLI-LIGUES-NUMBER-ROUND;2
[25/05/2023 09:35:58] 1-123:SEV-LIGUES-NUMBER-ROUND-OK;6
[25/05/2023 09:35:58] 1-123:CLI-LIGUES-ROUND-DATE;2;1
[25/05/2023 09:35:58] 1-123:SEV-LIGUES-ROUND-DATE-OK;1/122/?/Prueba/?/2023-04-12/04:00!2/xa/?/Pa/?/2023-04-12/04:12!
[25/05/2023 09:36:03] 1-123:CLI-TEAMSLIGUE;2
[25/05/2023 09:36:03] 1-123:SEV-YOURTEAMSLIGUE;Prueba:x:124!x!;Pa:x:x!;xa:x:124!x!111!;122:111:x!111!;
[25/05/2023 09:36:07] 1-123:CLI-LIGUES-NUMBER-ROUND;2
[25/05/2023 09:36:07] 1-123:SEV-LIGUES-NUMBER-ROUND-OK;6
[25/05/2023 09:36:07] 1-123:CLI-LIGUES-ROUND-DATE;2;1
[25/05/2023 09:36:07] 1-123:SEV-LIGUES-ROUND-DATE-OK;1/122/?/Prueba/?/2023-04-12/04:00!2/xa/?/Pa/?/2023-04-12/04:12!
[25/05/2023 09:36:16] 1-123:CLI-LIGUES-ROUND-DATE;2;2
[25/05/2023 09:36:16] 1-123:SEV-LIGUES-ROUND-DATE-OK;3/xa/?/Prueba/?/2023-04-24/04:00!4/Pa/2/122/4/2023-04-24/04:12!
[25/05/2023 09:36:20] 1-123:CLI-LIGUES-ROUND-DATE;2;1
[25/05/2023 09:36:20] 1-123:SEV-LIGUES-ROUND-DATE-OK;1/122/?/Prueba/?/2023-04-12/04:00!2/xa/?/Pa/?/2023-04-12/04:12!
[25/05/2023 09:36:27] 1-123:CLI-LIGUES-ROUND-DATE;2;2
[25/05/2023 09:36:27] 1-123:SEV-LIGUES-ROUND-DATE-OK;3/xa/?/Prueba/?/2023-04-24/04:00!4/Pa/2/122/4/2023-04-24/04:12!
[25/05/2023 09:36:31] 1-123:CLI-LIGUES-ROUND-DATE;2;4
[25/05/2023 09:36:31] 1-123:SEV-LIGUES-ROUND-DATE-OK;7/122/?/Prueba/?/2023-05-18/04:00!8/xa/2/Pa/8/2023-05-18/04:12!
[25/05/2023 09:36:33] 1-123:CLI-LIGUES-SCORE;2
[25/05/2023 09:36:33] 1-123:SEV-LIGUES-SCORE-OK;Prueba:1:0:2:3:-1;Pa:4:7:15:10:5;xa:2:3:25:9:16;122:3:4:7:27:-20;
[25/05/2023 09:36:47] 1-123:CLI-GIVELIGUES-ORGANIZER
[25/05/2023 09:36:47] 1-123:SEV-SEND-YOUR-LIGUES;2!Jere!36.6816936,-6.1377402!12.0!5!3!02:00!2023-04-12!06:00!2023-03-29!Futbol 11!12!12!04:00!07:00!Jugandose!4;5!Playa!36.67826185,-6.110059436817895!0.0!4!2!00:00!2023-05-28!00:00!2023-05-27!Futbol 11!2!2!00:00!00:00!Esperando Jugadores!0;3!Liguilla!36.5286856,-6.1902161!0.0!4!2!00:00!2023-05-28!00:00!2023-05-27!Futbol 11!7!15!00:00!00:00!Esperando Jugadores!0;4!Volei!36.7355451,-6.4348221!0.0!4!2!00:00!2023-05-28!00:00!2023-05-27!Voleibol Playa!5!5!00:00!00:00!Esperando Jugadores!1;1!qed!36.6228636,-6.3599595!123.0!23!17!20:12!2023-04-05!07:03!2023-04-28!Voleibol!1!1!2:3!3:3!Cancelado!0;
[25/05/2023 09:37:44] 14-x:SE HA DESCONECTADO
[25/05/2023 09:38:05] Se ha conectado un cliente
[25/05/2023 09:38:09] 0-:CLI-LOGIN;x;1;USUARIO
[25/05/2023 09:38:09] 14-x:SEV-LOGIN-OK-USER;14;x
[25/05/2023 09:38:10] 14-x:CLI-GAMES-USER
[25/05/2023 09:38:10] 14-x:SEV-GAMES-USER-OK;36.625305172189016,-6.3505710661411285!2023-05-24!12:00!2023-05-22!05:00!5.6!Futbol 11!Esperando Jugadores!22!2!1;
[25/05/2023 09:38:18] 14-x:CLI-GIVE-SPORTS
[25/05/2023 09:38:18] 14-x:SEV-SEND-SPORTS;Futbol 11:22;Futbol 7:14;Futbol Sala:10;Voleibol:12;Voleibol Playa:4;
[25/05/2023 09:38:23] 14-x:CLI-GAMES-USER
[25/05/2023 09:38:23] 14-x:SEV-GAMES-USER-OK;36.625305172189016,-6.3505710661411285!2023-05-24!12:00!2023-05-22!05:00!5.6!Futbol 11!Esperando Jugadores!22!2!1;
[25/05/2023 09:38:25] 14-x:CLI-LOGOUT
[25/05/2023 09:38:25] 0-:SEV-LOGOUT-OK
[25/05/2023 09:38:32] 0-:CLI-LOGIN;x;1;USUARIO
[25/05/2023 09:38:32] 14-x:SEV-LOGIN-OK-USER;14;x
[25/05/2023 09:38:33] 14-x:CLI-GAMES-USER
[25/05/2023 09:38:33] 14-x:SEV-GAMES-USER-OK;36.625305172189016,-6.3505710661411285!2023-05-24!12:00!2023-05-22!05:00!5.6!Futbol 11!Esperando Jugadores!22!2!1;
[25/05/2023 09:38:41] 14-x:CLI-GAMES-AVAILABLE;36.6354983,-6.3881667;10
[25/05/2023 09:38:41] 14-x:SEV-GAMES-AVAILABLE-OK;36.625305172189016,-6.3505710661411285!2023-05-24!12:00!2023-05-22!05:00!5.6!Futbol 11!Esperando Jugadores!22!2!1;
[25/05/2023 09:38:43] 14-x:CLI-GAMES-STATE-USER;1
[25/05/2023 09:38:43] 14-x:SEV-GAMES-STATE-USER-OK;INSCRITO
[25/05/2023 09:38:47] 14-x:CLI-GAMES-AVAILABLE;36.6354983,-6.3881667;10
[25/05/2023 09:38:47] 14-x:SEV-GAMES-AVAILABLE-OK;36.625305172189016,-6.3505710661411285!2023-05-24!12:00!2023-05-22!05:00!5.6!Futbol 11!Esperando Jugadores!22!2!1;
[25/05/2023 09:38:49] 14-x:CLI-GAMES-USER
[25/05/2023 09:38:49] 14-x:SEV-GAMES-USER-OK;36.625305172189016,-6.3505710661411285!2023-05-24!12:00!2023-05-22!05:00!5.6!Futbol 11!Esperando Jugadores!22!2!1;
[25/05/2023 09:38:50] 14-x:CLI-GIVE-SPORTS
[25/05/2023 09:38:50] 14-x:SEV-SEND-SPORTS;Futbol 11:22;Futbol 7:14;Futbol Sala:10;Voleibol:12;Voleibol Playa:4;
[25/05/2023 09:39:21] 14-x:CLI-GAMES-USER
[25/05/2023 09:39:21] 14-x:SEV-GAMES-USER-OK;36.625305172189016,-6.3505710661411285!2023-05-24!12:00!2023-05-22!05:00!5.6!Futbol 11!Esperando Jugadores!22!2!1;
[25/05/2023 09:39:23] 14-x:CLI-USERTEAMS
[25/05/2023 09:39:23] 14-x:SEV-USERTEAMS_OK;Prueba:Futbol 7:x:124!x!;Pa:Futbol 11:x:x!;xa:Futbol Sala:x:124!x!111!;122:Voleibol Playa:111:x!111!;:Futbol 11:x:x!;
[25/05/2023 09:39:30] 14-x:CLI-GIVE-SPORTS
[25/05/2023 09:39:30] 14-x:SEV-SEND-SPORTS;Futbol 11:22;Futbol 7:14;Futbol Sala:10;Voleibol:12;Voleibol Playa:4;
[25/05/2023 09:39:38] 14-x:CLI-USERTEAMS
[25/05/2023 09:39:38] 14-x:SEV-USERTEAMS_OK;Prueba:Futbol 7:x:124!x!;Pa:Futbol 11:x:x!;xa:Futbol Sala:x:124!x!111!;122:Voleibol Playa:111:x!111!;:Futbol 11:x:x!;
[25/05/2023 09:40:36] 14-x:CLI-USERTEAMS
[25/05/2023 09:40:36] 14-x:SEV-USERTEAMS_OK;Prueba:Futbol 7:x:124!x!;Pa:Futbol 11:x:x!;xa:Futbol Sala:x:124!x!111!;122:Voleibol Playa:111:x!111!;:Futbol 11:x:x!;
[25/05/2023 09:41:15] 14-x:CLI-LIGUES-USER
[25/05/2023 09:41:15] 14-x:SEV-LIGUES-USER-OK;2!Jere!36.6816936,-6.1377402!12.0!5!3!02:00!2023-04-12!06:00!2023-03-29!Futbol 11!12!12!04:00!07:00!Jugandose!4;2!Jere!36.6816936,-6.1377402!12.0!5!3!02:00!2023-04-12!06:00!2023-03-29!Futbol 11!12!12!04:00!07:00!Jugandose!4;2!Jere!36.6816936,-6.1377402!12.0!5!3!02:00!2023-04-12!06:00!2023-03-29!Futbol 11!12!12!04:00!07:00!Jugandose!4;2!Jere!36.6816936,-6.1377402!12.0!5!3!02:00!2023-04-12!06:00!2023-03-29!Futbol 11!12!12!04:00!07:00!Jugandose!4;4!Volei!36.7355451,-6.4348221!0.0!4!2!00:00!2023-05-28!00:00!2023-05-27!Voleibol Playa!5!5!00:00!00:00!Esperando Jugadores!1;
[25/05/2023 09:41:17] 14-x:CLI-LIGUES-STATE-USER;2
[25/05/2023 09:41:17] 14-x:SEV-LIGUES-STATE-USER-OK;INSCRITO
[25/05/2023 09:41:21] 14-x:CLI-TEAMSLIGUE;2
[25/05/2023 09:41:21] 14-x:SEV-YOURTEAMSLIGUE;Prueba:x:Futbol 7;Pa:x:Futbol 11;xa:x:Futbol Sala;122:111:Voleibol Playa;
[25/05/2023 09:41:23] 14-x:CLI-LIGUES-NUMBER-ROUND;2
[25/05/2023 09:41:23] 14-x:SEV-LIGUES-NUMBER-ROUND-OK;6
[25/05/2023 09:41:23] 14-x:CLI-LIGUES-ROUND-DATE;2;1
[25/05/2023 09:41:23] 14-x:SEV-LIGUES-ROUND-DATE-OK;1/122/?/Prueba/?/2023-04-12/04:00!2/xa/?/Pa/?/2023-04-12/04:12!
[25/05/2023 09:41:25] 14-x:CLI-LIGUES-ROUND-DATE;2;4
[25/05/2023 09:41:25] 14-x:SEV-LIGUES-ROUND-DATE-OK;7/122/?/Prueba/?/2023-05-18/04:00!8/xa/2/Pa/8/2023-05-18/04:12!
[25/05/2023 09:41:28] 14-x:CLI-LIGUES-SCORE;2
[25/05/2023 09:41:28] 14-x:SEV-LIGUES-SCORE-OK;Prueba:1:0:2:3:-1;Pa:4:7:15:10:5;xa:2:3:25:9:16;122:3:4:7:27:-20;
[25/05/2023 09:41:30] 14-x:CLI-LIGUES-USER
[25/05/2023 09:41:30] 14-x:SEV-LIGUES-USER-OK;2!Jere!36.6816936,-6.1377402!12.0!5!3!02:00!2023-04-12!06:00!2023-03-29!Futbol 11!12!12!04:00!07:00!Jugandose!4;2!Jere!36.6816936,-6.1377402!12.0!5!3!02:00!2023-04-12!06:00!2023-03-29!Futbol 11!12!12!04:00!07:00!Jugandose!4;2!Jere!36.6816936,-6.1377402!12.0!5!3!02:00!2023-04-12!06:00!2023-03-29!Futbol 11!12!12!04:00!07:00!Jugandose!4;2!Jere!36.6816936,-6.1377402!12.0!5!3!02:00!2023-04-12!06:00!2023-03-29!Futbol 11!12!12!04:00!07:00!Jugandose!4;4!Volei!36.7355451,-6.4348221!0.0!4!2!00:00!2023-05-28!00:00!2023-05-27!Voleibol Playa!5!5!00:00!00:00!Esperando Jugadores!1;
[25/05/2023 09:41:31] 14-x:CLI-LIGUES-AVAILABLE;36.6354983,-6.3881667;10
[25/05/2023 09:41:31] 14-x:SEV-LIGUES-AVAILABLE-OK;
[25/05/2023 09:41:34] 14-x:CLI-LIGUES-AVAILABLE;36.6354983,-6.3881667;25
[25/05/2023 09:41:34] 14-x:SEV-LIGUES-AVAILABLE-OK;4!Volei!36.7355451,-6.4348221!0.0!4!2!00:00!2023-05-28!00:00!2023-05-27!Voleibol Playa!5!5!00:00!00:00!Esperando Jugadores!1;3!Liguilla!36.5286856,-6.1902161!0.0!4!2!00:00!2023-05-28!00:00!2023-05-27!Futbol 11!7!15!00:00!00:00!Esperando Jugadores!0;
[25/05/2023 09:41:36] 14-x:CLI-LIGUES-AVAILABLE;36.6354983,-6.3881667;10
[25/05/2023 09:41:36] 14-x:SEV-LIGUES-AVAILABLE-OK;
[25/05/2023 09:41:38] 14-x:CLI-LIGUES-AVAILABLE;36.6354983,-6.3881667;25
[25/05/2023 09:41:38] 14-x:SEV-LIGUES-AVAILABLE-OK;4!Volei!36.7355451,-6.4348221!0.0!4!2!00:00!2023-05-28!00:00!2023-05-27!Voleibol Playa!5!5!00:00!00:00!Esperando Jugadores!1;3!Liguilla!36.5286856,-6.1902161!0.0!4!2!00:00!2023-05-28!00:00!2023-05-27!Futbol 11!7!15!00:00!00:00!Esperando Jugadores!0;
[25/05/2023 09:41:42] 14-x:CLI-LIGUES-AVAILABLE;36.6354983,-6.3881667;50
[25/05/2023 09:41:42] 14-x:SEV-LIGUES-AVAILABLE-OK;4!Volei!36.7355451,-6.4348221!0.0!4!2!00:00!2023-05-28!00:00!2023-05-27!Voleibol Playa!5!5!00:00!00:00!Esperando Jugadores!1;3!Liguilla!36.5286856,-6.1902161!0.0!4!2!00:00!2023-05-28!00:00!2023-05-27!Futbol 11!7!15!00:00!00:00!Esperando Jugadores!0;5!Playa!36.67826185,-6.110059436817895!0.0!4!2!00:00!2023-05-28!00:00!2023-05-27!Futbol 11!2!2!00:00!00:00!Esperando Jugadores!0;
[25/05/2023 09:41:44] 14-x:CLI-LIGUES-AVAILABLE;36.6354983,-6.3881667;100
[25/05/2023 09:41:44] 14-x:SEV-LIGUES-AVAILABLE-OK;4!Volei!36.7355451,-6.4348221!0.0!4!2!00:00!2023-05-28!00:00!2023-05-27!Voleibol Playa!5!5!00:00!00:00!Esperando Jugadores!1;3!Liguilla!36.5286856,-6.1902161!0.0!4!2!00:00!2023-05-28!00:00!2023-05-27!Futbol 11!7!15!00:00!00:00!Esperando Jugadores!0;5!Playa!36.67826185,-6.110059436817895!0.0!4!2!00:00!2023-05-28!00:00!2023-05-27!Futbol 11!2!2!00:00!00:00!Esperando Jugadores!0;
[25/05/2023 09:41:47] 14-x:CLI-LIGUES-AVAILABLE;36.6354983,-6.3881667;-1
[25/05/2023 09:41:47] 14-x:SEV-LIGUES-AVAILABLE-OK;4!Volei!36.7355451,-6.4348221!0.0!4!2!00:00!2023-05-28!00:00!2023-05-27!Voleibol Playa!5!5!00:00!00:00!Esperando Jugadores!1;3!Liguilla!36.5286856,-6.1902161!0.0!4!2!00:00!2023-05-28!00:00!2023-05-27!Futbol 11!7!15!00:00!00:00!Esperando Jugadores!0;5!Playa!36.67826185,-6.110059436817895!0.0!4!2!00:00!2023-05-28!00:00!2023-05-27!Futbol 11!2!2!00:00!00:00!Esperando Jugadores!0;
[25/05/2023 09:41:48] 14-x:CLI-TOURNAMENTS-USER
[25/05/2023 09:41:48] 14-x:SEV-TOURNAMENTS-USER-OK;x!36.6228636,-6.3599595!0.0!4!2!00:00!2023-06-11!00:00!2023-06-11!Voleibol Playa!Esperando Jugadores!1!10;
[25/05/2023 09:41:52] 14-x:CLI-TOURNAMENTS-AVAILABLE;36.6354983,-6.3881667;10
[25/05/2023 09:41:52] 14-x:SEV-TOURNAMENTS-AVAILABLE-OK;x!36.6228636,-6.3599595!0.0!4!2!00:00!2023-06-11!00:00!2023-06-11!Voleibol Playa!Esperando Jugadores!1!10;
[25/05/2023 09:41:54] 14-x:CLI-TOURNAMENTS-AVAILABLE;36.6354983,-6.3881667;100
[25/05/2023 09:41:54] 14-x:SEV-TOURNAMENTS-AVAILABLE-OK;x!36.6228636,-6.3599595!0.0!4!2!00:00!2023-06-11!00:00!2023-06-11!Voleibol Playa!Esperando Jugadores!1!10;
[25/05/2023 09:41:59] 14-x:CLI-LIGUES-USER
[25/05/2023 09:41:59] 14-x:SEV-LIGUES-USER-OK;2!Jere!36.6816936,-6.1377402!12.0!5!3!02:00!2023-04-12!06:00!2023-03-29!Futbol 11!12!12!04:00!07:00!Jugandose!4;2!Jere!36.6816936,-6.1377402!12.0!5!3!02:00!2023-04-12!06:00!2023-03-29!Futbol 11!12!12!04:00!07:00!Jugandose!4;2!Jere!36.6816936,-6.1377402!12.0!5!3!02:00!2023-04-12!06:00!2023-03-29!Futbol 11!12!12!04:00!07:00!Jugandose!4;2!Jere!36.6816936,-6.1377402!12.0!5!3!02:00!2023-04-12!06:00!2023-03-29!Futbol 11!12!12!04:00!07:00!Jugandose!4;4!Volei!36.7355451,-6.4348221!0.0!4!2!00:00!2023-05-28!00:00!2023-05-27!Voleibol Playa!5!5!00:00!00:00!Esperando Jugadores!1;
[25/05/2023 09:42:00] 14-x:CLI-TOURNAMENTS-USER
[25/05/2023 09:42:00] 14-x:SEV-TOURNAMENTS-USER-OK;x!36.6228636,-6.3599595!0.0!4!2!00:00!2023-06-11!00:00!2023-06-11!Voleibol Playa!Esperando Jugadores!1!10;
[25/05/2023 09:42:02] 14-x:CLI-TOURNAMENTS-STATE-USER;10
[25/05/2023 09:42:02] 14-x:SEV-TOURNAMENTS-STATE-USER-OK;INSCRITO
[25/05/2023 09:42:05] 14-x:CLI-TEAMSTOURNAMENT;10
[25/05/2023 09:42:05] 14-x:SEV-YOURTEAMSTOURNAMENT;122:111:Voleibol Playa;
[25/05/2023 09:42:09] 14-x:CLI-TOURNAMENTS-ROUNDS;10
[25/05/2023 09:42:09] 14-x:SEV-TOURNAMENTS-ROUNDS;
[25/05/2023 09:47:58] 14-x:CLI-TOURNAMENTS-USER
[25/05/2023 09:47:58] 14-x:SEV-TOURNAMENTS-USER-OK;Prueba!36.4210849486101,-6.13348387670698!15.0!4!2!15:00!2023-04-04!15:00!2023-04-19!Futbol 11!Esperando Jugadores!4!1;Prueba!36.4210849486101,-6.13348387670698!15.0!4!2!15:00!2023-04-04!15:00!2023-04-19!Futbol 11!Esperando Jugadores!4!1;Prueba!36.4210849486101,-6.13348387670698!15.0!4!2!15:00!2023-04-04!15:00!2023-04-19!Futbol 11!Esperando Jugadores!4!1;Prueba!36.4210849486101,-6.13348387670698!15.0!4!2!15:00!2023-04-04!15:00!2023-04-19!Futbol 11!Esperando Jugadores!4!1;x!36.6228636,-6.3599595!0.0!4!2!00:00!2023-06-11!00:00!2023-06-11!Voleibol Playa!Esperando Jugadores!1!10;
[25/05/2023 09:48:03] 14-x:CLI-TOURNAMENTS-USER
[25/05/2023 09:48:04] 14-x:SEV-TOURNAMENTS-USER-OK;Prueba!36.4210849486101,-6.13348387670698!15.0!4!2!15:00!2023-04-04!15:00!2023-04-19!Futbol 11!Esperando Jugadores!4!1;Prueba!36.4210849486101,-6.13348387670698!15.0!4!2!15:00!2023-04-04!15:00!2023-04-19!Futbol 11!Esperando Jugadores!4!1;Prueba!36.4210849486101,-6.13348387670698!15.0!4!2!15:00!2023-04-04!15:00!2023-04-19!Futbol 11!Esperando Jugadores!4!1;Prueba!36.4210849486101,-6.13348387670698!15.0!4!2!15:00!2023-04-04!15:00!2023-04-19!Futbol 11!Esperando Jugadores!4!1;x!36.6228636,-6.3599595!0.0!4!2!00:00!2023-06-11!00:00!2023-06-11!Voleibol Playa!Esperando Jugadores!1!10;
[25/05/2023 09:48:07] 14-x:CLI-TOURNAMENTS-STATE-USER;1
[25/05/2023 09:48:07] 14-x:SEV-TOURNAMENTS-STATE-USER-OK;INSCRITO
[25/05/2023 09:48:11] 14-x:CLI-TOURNAMENTS-ROUNDS;1
[25/05/2023 09:48:11] 14-x:SEV-TOURNAMENTS-ROUNDS;3/1/122/2/xa/3/1!4/1/xa/3/Prueba/2/1!:5/2/Pa/5/xa/2/1!
[25/05/2023 09:48:37] 14-x:SE HA DESCONECTADO
