[24/05/2023 00:00:34] Se ha conectado un cliente
[24/05/2023 00:00:56] 0-:CLI-LOGIN;123;123;ORGANIZADOR
[24/05/2023 00:00:56] 1-123:SEV-LOGIN-OK-ORGANIZER;1;123
[24/05/2023 00:00:56] 1-123:CLI-GIVETOURNAMENTS-ORGANIZER
[24/05/2023 00:00:56] 1-123:SEV-SEND-YOUR-TOURNAMENTS;123!36.67826185,-6.110059436817895!0.0!4!2!00:00!2023-05-21!19:28!2023-05-14!Futbol 11!Cancelado!0!17;123!36.6228636,-6.3599595!0.0!4!2!00:00!2023-05-20!19:29!2023-05-14!Futbol 11!Cancelado!0!18;213!36.6228636,-6.3599595!0.0!4!3!00:00!2023-05-03!00:00!2023-05-25!Futbol 11!Cancelado!0!19;Prueba!36.4210849486101, -6.13348387670698!15.2!4!2!15:00!2023-04-04!15:00!2023-04-19!Futbol 11!Cancelado!0!2;23!36.67826185,-6.110059436817895!0.0!4!2!18:00!2023-05-16!19:28!2023-05-14!Futbol 7!Cancelado!0!16;213!36.4210849486101, -6.13348387670698!123.0!4!2!15:00!2023-04-07!12:34!2023-04-13!Futbol 11!Cancelado!0!3;21!36.294487399999994,-6.092790754888084!0.0!4!2!00:00!2023-05-19!00:00!2023-05-28!Futbol Sala!Cancelado!0!11;123!36.63479325,-6.38725705210204!123.0!4!2!15:00!2023-04-01!11:15!2023-04-05!Futbol 11!Cancelado!0!4;123!36.63479325,-6.38725705210204!10.0!4!3!00:00!2023-05-22!00:00!2023-05-26!Futbol Sala!Cancelado!0!20;Prueba!36.63479325,-6.38725705210204!12.0!4!2!14:28!2023-04-05!17:28!2023-04-12!Futbol 11!Cancelado!0!5;123!36.63479325,-6.38725705210204!0.0!4!2!19:20!2023-05-16!19:20!2023-05-15!Voleibol!Cancelado!0!12;ADADA!36.7355451,-6.4348221!123.0!4!2!15:00!2023-04-12!21:07!2023-04-21!Futbol 11!Cancelado!0!6;DE LOCOS!36.63479325,-6.38725705210204!0.0!4!2!08:00!2023-05-21!19:20!2023-05-14!Voleibol!Cancelado!0!13;123!36.6228636,-6.3599595!2.0!4!2!15:00!2023-03-28!00:00!2023-04-21!Futbol 11!Cancelado!0!7;x!36.6228636,-6.3599595!0.0!4!2!00:00!2023-06-11!00:00!2023-06-11!Voleibol Playa!Cancelado!1!9;prueba!36.67826185,-6.110059436817895!0.0!4!2!00:00!2023-05-15!19:34!2023-05-14!Futbol 11!Cancelado!0!14;13!36.6228636,-6.3599595!0.0!4!2!00:00!2023-05-27!19:00!2023-05-14!Futbol 11!Cancelado!0!15;Prueba!36.4210849486101,-6.13348387670698!15.0!4!2!15:00!2023-04-04!15:00!2023-04-19!Futbol 11!Finalizado!4!1;
[24/05/2023 00:01:03] 1-123:CLI-TOURNAMENTS-ROUNDS;1
[24/05/2023 00:01:03] 1-123:SEV-TOURNAMENTS-ROUNDS;3/1/122/2/xa/3/1!4/1/xa/3/Prueba/2/1!:5/2/Pa/5/xa/2/1!
[24/05/2023 00:01:05] 1-123:CLI-GIVELIGUES-ORGANIZER
[24/05/2023 00:01:05] 1-123:SEV-SEND-YOUR-LIGUES;2!Jere!36.6816936,-6.1377402!12.0!5!3!02:00!2023-04-12!06:00!2023-03-29!Futbol 11!12!12!04:00!07:00!Jugandose!4;1!qed!36.6228636,-6.3599595!123.0!23!17!20:12!2023-04-05!07:03!2023-04-28!Voleibol!1!1!2:3!3:3!Cancelado!0;
[24/05/2023 00:01:07] 1-123:CLI-LIGUES-SCORE;2
[24/05/2023 00:01:07] 1-123:SEV-LIGUES-SCORE-OK;Prueba:1:0:2:3:-1;Pa:4:7:15:10:5;xa:2:3:25:9:16;122:3:4:7:27:-20;
[24/05/2023 00:01:13] 1-123:CLI-GIVELIGUES-ORGANIZER
[24/05/2023 00:01:13] 1-123:SEV-SEND-YOUR-LIGUES;2!Jere!36.6816936,-6.1377402!12.0!5!3!02:00!2023-04-12!06:00!2023-03-29!Futbol 11!12!12!04:00!07:00!Jugandose!4;1!qed!36.6228636,-6.3599595!123.0!23!17!20:12!2023-04-05!07:03!2023-04-28!Voleibol!1!1!2:3!3:3!Cancelado!0;
[24/05/2023 00:01:20] 1-123:CLI-GIVELIGUES-ORGANIZER
[24/05/2023 00:01:20] 1-123:SEV-SEND-YOUR-LIGUES;2!Jere!36.6816936,-6.1377402!12.0!5!3!02:00!2023-04-12!06:00!2023-03-29!Futbol 11!12!12!04:00!07:00!Jugandose!4;1!qed!36.6228636,-6.3599595!123.0!23!17!20:12!2023-04-05!07:03!2023-04-28!Voleibol!1!1!2:3!3:3!Esperando Jugadores!0;
[24/05/2023 00:01:22] 1-123:CLI-LIGUES-SCORE;1
[24/05/2023 00:01:22] 1-123:SEV-LIGUES-SCORE-OK;
[24/05/2023 00:01:24] 1-123:CLI-LIGUES-CANCEL;1
[24/05/2023 00:01:24] 1-123:SEV-LIGUES-CANCEL-OK
[24/05/2023 00:01:26] 1-123:CLI-LIGUES-SCORE;1
[24/05/2023 00:01:26] 1-123:SEV-LIGUES-SCORE-OK;
[24/05/2023 00:01:26] 1-123:CLI-GIVELIGUES-ORGANIZER
[24/05/2023 00:01:26] 1-123:SEV-SEND-YOUR-LIGUES;2!Jere!36.6816936,-6.1377402!12.0!5!3!02:00!2023-04-12!06:00!2023-03-29!Futbol 11!12!12!04:00!07:00!Jugandose!4;1!qed!36.6228636,-6.3599595!123.0!23!17!20:12!2023-04-05!07:03!2023-04-28!Voleibol!1!1!2:3!3:3!Finalizado!0;
[24/05/2023 00:01:29] 1-123:CLI-GIVELIGUES-ORGANIZER
[24/05/2023 00:01:29] 1-123:SEV-SEND-YOUR-LIGUES;2!Jere!36.6816936,-6.1377402!12.0!5!3!02:00!2023-04-12!06:00!2023-03-29!Futbol 11!12!12!04:00!07:00!Jugandose!4;1!qed!36.6228636,-6.3599595!123.0!23!17!20:12!2023-04-05!07:03!2023-04-28!Voleibol!1!1!2:3!3:3!Finalizado!0;
[24/05/2023 00:01:53] Un usuario se ha desconectado de forma abrupta
---- [24/05/2023 00:01:57] Obteniendo todos los torneos pendientes a generar ----
---- [24/05/2023 00:01:58] Creado el hilo encargado de las tareas ----
---- [24/05/2023 00:01:58] Iniciado el hilo encargado de las tareas ----
---- [24/05/2023 00:01:58] SERVIDOR INICIADO ----
Esperando 1555081 segundos hasta la próxima tarea en: 2023-06-11T00:00
[24/05/2023 00:02:08] Se ha conectado un cliente
[24/05/2023 00:02:15] 0-:CLI-LOGIN;123;123;ORGANIZADOR
[24/05/2023 00:02:15] 1-123:SEV-LOGIN-OK-ORGANIZER;1;123
[24/05/2023 00:02:15] 1-123:CLI-GIVETOURNAMENTS-ORGANIZER
[24/05/2023 00:02:15] 1-123:SEV-SEND-YOUR-TOURNAMENTS;123!36.67826185,-6.110059436817895!0.0!4!2!00:00!2023-05-21!19:28!2023-05-14!Futbol 11!Cancelado!0!17;123!36.6228636,-6.3599595!0.0!4!2!00:00!2023-05-20!19:29!2023-05-14!Futbol 11!Cancelado!0!18;213!36.6228636,-6.3599595!0.0!4!3!00:00!2023-05-03!00:00!2023-05-25!Futbol 11!Cancelado!0!19;Prueba!36.4210849486101, -6.13348387670698!15.2!4!2!15:00!2023-04-04!15:00!2023-04-19!Futbol 11!Cancelado!0!2;23!36.67826185,-6.110059436817895!0.0!4!2!18:00!2023-05-16!19:28!2023-05-14!Futbol 7!Cancelado!0!16;213!36.4210849486101, -6.13348387670698!123.0!4!2!15:00!2023-04-07!12:34!2023-04-13!Futbol 11!Cancelado!0!3;21!36.294487399999994,-6.092790754888084!0.0!4!2!00:00!2023-05-19!00:00!2023-05-28!Futbol Sala!Cancelado!0!11;123!36.63479325,-6.38725705210204!123.0!4!2!15:00!2023-04-01!11:15!2023-04-05!Futbol 11!Cancelado!0!4;123!36.63479325,-6.38725705210204!10.0!4!3!00:00!2023-05-22!00:00!2023-05-26!Futbol Sala!Cancelado!0!20;Prueba!36.63479325,-6.38725705210204!12.0!4!2!14:28!2023-04-05!17:28!2023-04-12!Futbol 11!Cancelado!0!5;123!36.63479325,-6.38725705210204!0.0!4!2!19:20!2023-05-16!19:20!2023-05-15!Voleibol!Cancelado!0!12;ADADA!36.7355451,-6.4348221!123.0!4!2!15:00!2023-04-12!21:07!2023-04-21!Futbol 11!Cancelado!0!6;DE LOCOS!36.63479325,-6.38725705210204!0.0!4!2!08:00!2023-05-21!19:20!2023-05-14!Voleibol!Cancelado!0!13;123!36.6228636,-6.3599595!2.0!4!2!15:00!2023-03-28!00:00!2023-04-21!Futbol 11!Cancelado!0!7;x!36.6228636,-6.3599595!0.0!4!2!00:00!2023-06-11!00:00!2023-06-11!Voleibol Playa!Cancelado!1!9;prueba!36.67826185,-6.110059436817895!0.0!4!2!00:00!2023-05-15!19:34!2023-05-14!Futbol 11!Cancelado!0!14;13!36.6228636,-6.3599595!0.0!4!2!00:00!2023-05-27!19:00!2023-05-14!Futbol 11!Cancelado!0!15;Prueba!36.4210849486101,-6.13348387670698!15.0!4!2!15:00!2023-04-04!15:00!2023-04-19!Futbol 11!Finalizado!4!1;
[24/05/2023 00:02:20] 1-123:CLI-GIVELIGUES-ORGANIZER
[24/05/2023 00:02:20] 1-123:SEV-SEND-YOUR-LIGUES;2!Jere!36.6816936,-6.1377402!12.0!5!3!02:00!2023-04-12!06:00!2023-03-29!Futbol 11!12!12!04:00!07:00!Jugandose!4;1!qed!36.6228636,-6.3599595!123.0!23!17!20:12!2023-04-05!07:03!2023-04-28!Voleibol!1!1!2:3!3:3!Esperando Jugadores!0;
[24/05/2023 00:02:21] 1-123:CLI-GIVETOURNAMENTS-ORGANIZER
[24/05/2023 00:02:21] 1-123:SEV-SEND-YOUR-TOURNAMENTS;123!36.67826185,-6.110059436817895!0.0!4!2!00:00!2023-05-21!19:28!2023-05-14!Futbol 11!Cancelado!0!17;123!36.6228636,-6.3599595!0.0!4!2!00:00!2023-05-20!19:29!2023-05-14!Futbol 11!Cancelado!0!18;213!36.6228636,-6.3599595!0.0!4!3!00:00!2023-05-03!00:00!2023-05-25!Futbol 11!Cancelado!0!19;Prueba!36.4210849486101, -6.13348387670698!15.2!4!2!15:00!2023-04-04!15:00!2023-04-19!Futbol 11!Cancelado!0!2;23!36.67826185,-6.110059436817895!0.0!4!2!18:00!2023-05-16!19:28!2023-05-14!Futbol 7!Cancelado!0!16;213!36.4210849486101, -6.13348387670698!123.0!4!2!15:00!2023-04-07!12:34!2023-04-13!Futbol 11!Cancelado!0!3;21!36.294487399999994,-6.092790754888084!0.0!4!2!00:00!2023-05-19!00:00!2023-05-28!Futbol Sala!Cancelado!0!11;123!36.63479325,-6.38725705210204!123.0!4!2!15:00!2023-04-01!11:15!2023-04-05!Futbol 11!Cancelado!0!4;123!36.63479325,-6.38725705210204!10.0!4!3!00:00!2023-05-22!00:00!2023-05-26!Futbol Sala!Cancelado!0!20;Prueba!36.63479325,-6.38725705210204!12.0!4!2!14:28!2023-04-05!17:28!2023-04-12!Futbol 11!Cancelado!0!5;123!36.63479325,-6.38725705210204!0.0!4!2!19:20!2023-05-16!19:20!2023-05-15!Voleibol!Cancelado!0!12;ADADA!36.7355451,-6.4348221!123.0!4!2!15:00!2023-04-12!21:07!2023-04-21!Futbol 11!Cancelado!0!6;DE LOCOS!36.63479325,-6.38725705210204!0.0!4!2!08:00!2023-05-21!19:20!2023-05-14!Voleibol!Cancelado!0!13;123!36.6228636,-6.3599595!2.0!4!2!15:00!2023-03-28!00:00!2023-04-21!Futbol 11!Cancelado!0!7;x!36.6228636,-6.3599595!0.0!4!2!00:00!2023-06-11!00:00!2023-06-11!Voleibol Playa!Cancelado!1!9;prueba!36.67826185,-6.110059436817895!0.0!4!2!00:00!2023-05-15!19:34!2023-05-14!Futbol 11!Cancelado!0!14;13!36.6228636,-6.3599595!0.0!4!2!00:00!2023-05-27!19:00!2023-05-14!Futbol 11!Cancelado!0!15;Prueba!36.4210849486101,-6.13348387670698!15.0!4!2!15:00!2023-04-04!15:00!2023-04-19!Futbol 11!Finalizado!4!1;
[24/05/2023 00:02:24] 1-123:CLI-TOURNAMENTS-ROUNDS;17
[24/05/2023 00:02:24] 1-123:SEV-TOURNAMENTS-ROUNDS;
[24/05/2023 00:02:24] 1-123:CLI-TEAMSTOURNAMENT;17
[24/05/2023 00:02:24] 1-123:SEV-YOURTEAMSTOURNAMENT;
[24/05/2023 00:02:26] 1-123:CLI-GIVELIGUES-ORGANIZER
[24/05/2023 00:02:26] 1-123:SEV-SEND-YOUR-LIGUES;2!Jere!36.6816936,-6.1377402!12.0!5!3!02:00!2023-04-12!06:00!2023-03-29!Futbol 11!12!12!04:00!07:00!Jugandose!4;1!qed!36.6228636,-6.3599595!123.0!23!17!20:12!2023-04-05!07:03!2023-04-28!Voleibol!1!1!2:3!3:3!Esperando Jugadores!0;
[24/05/2023 00:02:28] 1-123:CLI-LIGUES-SCORE;1
[24/05/2023 00:02:28] 1-123:SEV-LIGUES-SCORE-OK;
[24/05/2023 00:02:30] 1-123:CLI-LIGUES-CANCEL;1
[24/05/2023 00:02:30] 1-123:SEV-LIGUES-CANCEL-OK
[24/05/2023 00:02:31] 1-123:CLI-GIVELIGUES-ORGANIZER
[24/05/2023 00:02:31] 1-123:SEV-SEND-YOUR-LIGUES;2!Jere!36.6816936,-6.1377402!12.0!5!3!02:00!2023-04-12!06:00!2023-03-29!Futbol 11!12!12!04:00!07:00!Jugandose!4;1!qed!36.6228636,-6.3599595!123.0!23!17!20:12!2023-04-05!07:03!2023-04-28!Voleibol!1!1!2:3!3:3!Cancelado!0;
[24/05/2023 00:02:32] 1-123:CLI-GIVETOURNAMENTS-ORGANIZER
[24/05/2023 00:02:32] 1-123:SEV-SEND-YOUR-TOURNAMENTS;123!36.67826185,-6.110059436817895!0.0!4!2!00:00!2023-05-21!19:28!2023-05-14!Futbol 11!Cancelado!0!17;123!36.6228636,-6.3599595!0.0!4!2!00:00!2023-05-20!19:29!2023-05-14!Futbol 11!Cancelado!0!18;213!36.6228636,-6.3599595!0.0!4!3!00:00!2023-05-03!00:00!2023-05-25!Futbol 11!Cancelado!0!19;Prueba!36.4210849486101, -6.13348387670698!15.2!4!2!15:00!2023-04-04!15:00!2023-04-19!Futbol 11!Cancelado!0!2;23!36.67826185,-6.110059436817895!0.0!4!2!18:00!2023-05-16!19:28!2023-05-14!Futbol 7!Cancelado!0!16;213!36.4210849486101, -6.13348387670698!123.0!4!2!15:00!2023-04-07!12:34!2023-04-13!Futbol 11!Cancelado!0!3;21!36.294487399999994,-6.092790754888084!0.0!4!2!00:00!2023-05-19!00:00!2023-05-28!Futbol Sala!Cancelado!0!11;123!36.63479325,-6.38725705210204!123.0!4!2!15:00!2023-04-01!11:15!2023-04-05!Futbol 11!Cancelado!0!4;123!36.63479325,-6.38725705210204!10.0!4!3!00:00!2023-05-22!00:00!2023-05-26!Futbol Sala!Cancelado!0!20;Prueba!36.63479325,-6.38725705210204!12.0!4!2!14:28!2023-04-05!17:28!2023-04-12!Futbol 11!Cancelado!0!5;123!36.63479325,-6.38725705210204!0.0!4!2!19:20!2023-05-16!19:20!2023-05-15!Voleibol!Cancelado!0!12;ADADA!36.7355451,-6.4348221!123.0!4!2!15:00!2023-04-12!21:07!2023-04-21!Futbol 11!Cancelado!0!6;DE LOCOS!36.63479325,-6.38725705210204!0.0!4!2!08:00!2023-05-21!19:20!2023-05-14!Voleibol!Cancelado!0!13;123!36.6228636,-6.3599595!2.0!4!2!15:00!2023-03-28!00:00!2023-04-21!Futbol 11!Cancelado!0!7;x!36.6228636,-6.3599595!0.0!4!2!00:00!2023-06-11!00:00!2023-06-11!Voleibol Playa!Cancelado!1!9;prueba!36.67826185,-6.110059436817895!0.0!4!2!00:00!2023-05-15!19:34!2023-05-14!Futbol 11!Cancelado!0!14;13!36.6228636,-6.3599595!0.0!4!2!00:00!2023-05-27!19:00!2023-05-14!Futbol 11!Cancelado!0!15;Prueba!36.4210849486101,-6.13348387670698!15.0!4!2!15:00!2023-04-04!15:00!2023-04-19!Futbol 11!Finalizado!4!1;
[24/05/2023 00:02:34] 1-123:CLI-TOURNAMENTS-ROUNDS;15
[24/05/2023 00:02:34] 1-123:SEV-TOURNAMENTS-ROUNDS;
[24/05/2023 00:02:34] 1-123:CLI-EXIT
[24/05/2023 00:02:34] 1-123:SE HA DESCONECTADO
---- [24/05/2023 19:40:14] Obteniendo todos los torneos pendientes a generar ----
---- [24/05/2023 19:40:15] Obteniendo todas las ligas pendientes a generar ----
---- [24/05/2023 19:40:15] Creado el hilo encargado de las tareas ----
---- [24/05/2023 19:40:15] Iniciado el hilo encargado de las tareas ----
---- [24/05/2023 19:40:15] SERVIDOR INICIADO ----
Esperando 1484384 segundos hasta la próxima tarea en: 2023-06-11T00:00
[24/05/2023 19:51:28] Se ha conectado un cliente
[24/05/2023 19:51:34] 0-:CLI-LOGIN;x;1;USUARIO
[24/05/2023 19:51:35] 14-x:SEV-LOGIN-OK-USER;14;x
[24/05/2023 19:51:37] 14-x:CLI-GAMES-USER
[24/05/2023 19:51:37] 14-x:SEV-GAMES-USER-OK;36.625305172189016,-6.3505710661411285!2023-05-24!12:00!2023-05-22!05:00!5.6!Futbol 11!Esperando Jugadores!22!2!1;
[24/05/2023 19:52:20] 14-x:CLI-GAMES-USER
[24/05/2023 19:52:20] 14-x:SEV-GAMES-USER-OK;36.625305172189016,-6.3505710661411285!2023-05-24!12:00!2023-05-22!05:00!5.6!Futbol 11!Esperando Jugadores!22!2!1;
[24/05/2023 19:54:09] 14-x:CLI-GAMES-USER
[24/05/2023 19:54:09] 14-x:SEV-GAMES-USER-OK;36.625305172189016,-6.3505710661411285!2023-05-24!12:00!2023-05-22!05:00!5.6!Futbol 11!Esperando Jugadores!22!2!1;
[24/05/2023 19:54:17] 14-x:CLI-USERTEAMS
[24/05/2023 19:54:18] 14-x:SEV-USERTEAMS_OK;Prueba:Futbol 7:x:124!x!;Pa:Futbol 11:x:x!;xa:Futbol Sala:x:124!x!111!;122:Voleibol Playa:111:x!111!;:Futbol 11:x:x!;
[24/05/2023 19:54:19] 14-x:CLI-LIGUES-USER
[24/05/2023 19:54:19] 14-x:SEV-LIGUES-USER-OK;2!Jere!36.6816936,-6.1377402!12.0!5!3!02:00!2023-04-12!06:00!2023-03-29!Futbol 11!12!12!04:00!07:00!Jugandose!4;2!Jere!36.6816936,-6.1377402!12.0!5!3!02:00!2023-04-12!06:00!2023-03-29!Futbol 11!12!12!04:00!07:00!Jugandose!4;2!Jere!36.6816936,-6.1377402!12.0!5!3!02:00!2023-04-12!06:00!2023-03-29!Futbol 11!12!12!04:00!07:00!Jugandose!4;2!Jere!36.6816936,-6.1377402!12.0!5!3!02:00!2023-04-12!06:00!2023-03-29!Futbol 11!12!12!04:00!07:00!Jugandose!4;
[24/05/2023 19:54:26] 14-x:CLI-TOURNAMENTS-USER
[24/05/2023 19:54:26] 14-x:SEV-TOURNAMENTS-USER-OK;x!36.6228636,-6.3599595!0.0!4!2!00:00!2023-06-11!00:00!2023-06-11!Voleibol Playa!Esperando Jugadores!1!10;
[24/05/2023 19:54:28] 14-x:CLI-LIGUES-USER
[24/05/2023 19:54:28] 14-x:SEV-LIGUES-USER-OK;2!Jere!36.6816936,-6.1377402!12.0!5!3!02:00!2023-04-12!06:00!2023-03-29!Futbol 11!12!12!04:00!07:00!Jugandose!4;2!Jere!36.6816936,-6.1377402!12.0!5!3!02:00!2023-04-12!06:00!2023-03-29!Futbol 11!12!12!04:00!07:00!Jugandose!4;2!Jere!36.6816936,-6.1377402!12.0!5!3!02:00!2023-04-12!06:00!2023-03-29!Futbol 11!12!12!04:00!07:00!Jugandose!4;2!Jere!36.6816936,-6.1377402!12.0!5!3!02:00!2023-04-12!06:00!2023-03-29!Futbol 11!12!12!04:00!07:00!Jugandose!4;
[24/05/2023 19:54:57] 14-x:CLI-TOURNAMENTS-USER
[24/05/2023 19:54:57] 14-x:SEV-TOURNAMENTS-USER-OK;x!36.6228636,-6.3599595!0.0!4!2!00:00!2023-06-11!00:00!2023-06-11!Voleibol Playa!Esperando Jugadores!1!10;
[24/05/2023 19:54:59] 14-x:CLI-TOURNAMENTS-STATE-USER;10
[24/05/2023 19:54:59] 14-x:SEV-TOURNAMENTS-STATE-USER-OK;INSCRITO
[24/05/2023 19:55:02] 14-x:CLI-TOURNAMENTS-USER
[24/05/2023 19:55:02] 14-x:SEV-TOURNAMENTS-USER-OK;x!36.6228636,-6.3599595!0.0!4!2!00:00!2023-06-11!00:00!2023-06-11!Voleibol Playa!Esperando Jugadores!1!10;
[24/05/2023 19:55:07] 14-x:CLI-LIGUES-USER
[24/05/2023 19:55:07] 14-x:SEV-LIGUES-USER-OK;2!Jere!36.6816936,-6.1377402!12.0!5!3!02:00!2023-04-12!06:00!2023-03-29!Futbol 11!12!12!04:00!07:00!Jugandose!4;2!Jere!36.6816936,-6.1377402!12.0!5!3!02:00!2023-04-12!06:00!2023-03-29!Futbol 11!12!12!04:00!07:00!Jugandose!4;2!Jere!36.6816936,-6.1377402!12.0!5!3!02:00!2023-04-12!06:00!2023-03-29!Futbol 11!12!12!04:00!07:00!Jugandose!4;2!Jere!36.6816936,-6.1377402!12.0!5!3!02:00!2023-04-12!06:00!2023-03-29!Futbol 11!12!12!04:00!07:00!Jugandose!4;
[24/05/2023 19:56:43] 14-x:SE HA DESCONECTADO
[24/05/2023 19:57:44] Se ha conectado un cliente
[24/05/2023 19:57:49] 0-:CLI-LOGIN;x;1;USUARIO
[24/05/2023 19:57:49] 14-x:SEV-LOGIN-OK-USER;14;x
[24/05/2023 19:57:50] 14-x:CLI-GAMES-USER
[24/05/2023 19:57:50] 14-x:SEV-GAMES-USER-OK;36.625305172189016,-6.3505710661411285!2023-05-24!12:00!2023-05-22!05:00!5.6!Futbol 11!Esperando Jugadores!22!2!1;
[24/05/2023 19:57:52] 14-x:CLI-TOURNAMENTS-USER
[24/05/2023 19:57:53] 14-x:SEV-TOURNAMENTS-USER-OK;x!36.6228636,-6.3599595!0.0!4!2!00:00!2023-06-11!00:00!2023-06-11!Voleibol Playa!Esperando Jugadores!1!10;
[24/05/2023 19:57:54] 14-x:CLI-LIGUES-USER
[24/05/2023 19:57:54] 14-x:SEV-LIGUES-USER-OK;2!Jere!36.6816936,-6.1377402!12.0!5!3!02:00!2023-04-12!06:00!2023-03-29!Futbol 11!12!12!04:00!07:00!Jugandose!4;2!Jere!36.6816936,-6.1377402!12.0!5!3!02:00!2023-04-12!06:00!2023-03-29!Futbol 11!12!12!04:00!07:00!Jugandose!4;2!Jere!36.6816936,-6.1377402!12.0!5!3!02:00!2023-04-12!06:00!2023-03-29!Futbol 11!12!12!04:00!07:00!Jugandose!4;2!Jere!36.6816936,-6.1377402!12.0!5!3!02:00!2023-04-12!06:00!2023-03-29!Futbol 11!12!12!04:00!07:00!Jugandose!4;
[24/05/2023 19:58:04] 14-x:CLI-USERTEAMS
[24/05/2023 19:58:04] 14-x:SEV-USERTEAMS_OK;Prueba:Futbol 7:x:124!x!;Pa:Futbol 11:x:x!;xa:Futbol Sala:x:124!x!111!;122:Voleibol Playa:111:x!111!;:Futbol 11:x:x!;
[24/05/2023 19:58:10] 14-x:CLI-LIGUES-USER
[24/05/2023 19:58:10] 14-x:SEV-LIGUES-USER-OK;2!Jere!36.6816936,-6.1377402!12.0!5!3!02:00!2023-04-12!06:00!2023-03-29!Futbol 11!12!12!04:00!07:00!Jugandose!4;2!Jere!36.6816936,-6.1377402!12.0!5!3!02:00!2023-04-12!06:00!2023-03-29!Futbol 11!12!12!04:00!07:00!Jugandose!4;2!Jere!36.6816936,-6.1377402!12.0!5!3!02:00!2023-04-12!06:00!2023-03-29!Futbol 11!12!12!04:00!07:00!Jugandose!4;2!Jere!36.6816936,-6.1377402!12.0!5!3!02:00!2023-04-12!06:00!2023-03-29!Futbol 11!12!12!04:00!07:00!Jugandose!4;
[24/05/2023 19:58:57] 14-x:CLI-TOURNAMENTS-USER
[24/05/2023 19:58:57] 14-x:SEV-TOURNAMENTS-USER-OK;x!36.6228636,-6.3599595!0.0!4!2!00:00!2023-06-11!00:00!2023-06-11!Voleibol Playa!Esperando Jugadores!1!10;
[24/05/2023 19:58:59] 14-x:CLI-TOURNAMENTS-STATE-USER;10
[24/05/2023 19:58:59] 14-x:SEV-TOURNAMENTS-STATE-USER-OK;INSCRITO
[24/05/2023 19:59:02] 14-x:CLI-TOURNAMENTS-USER
[24/05/2023 19:59:02] 14-x:SEV-TOURNAMENTS-USER-OK;x!36.6228636,-6.3599595!0.0!4!2!00:00!2023-06-11!00:00!2023-06-11!Voleibol Playa!Esperando Jugadores!1!10;
[24/05/2023 19:59:04] 14-x:CLI-TOURNAMENTS-STATE-USER;10
[24/05/2023 19:59:04] 14-x:SEV-TOURNAMENTS-STATE-USER-OK;INSCRITO
[24/05/2023 19:59:06] 14-x:CLI-LIGUES-USER
[24/05/2023 19:59:06] 14-x:SEV-LIGUES-USER-OK;2!Jere!36.6816936,-6.1377402!12.0!5!3!02:00!2023-04-12!06:00!2023-03-29!Futbol 11!12!12!04:00!07:00!Jugandose!4;2!Jere!36.6816936,-6.1377402!12.0!5!3!02:00!2023-04-12!06:00!2023-03-29!Futbol 11!12!12!04:00!07:00!Jugandose!4;2!Jere!36.6816936,-6.1377402!12.0!5!3!02:00!2023-04-12!06:00!2023-03-29!Futbol 11!12!12!04:00!07:00!Jugandose!4;2!Jere!36.6816936,-6.1377402!12.0!5!3!02:00!2023-04-12!06:00!2023-03-29!Futbol 11!12!12!04:00!07:00!Jugandose!4;
[24/05/2023 20:00:13] 14-x:SE HA DESCONECTADO
[24/05/2023 20:01:10] Se ha conectado un cliente
[24/05/2023 20:01:13] 0-:CLI-LOGIN;x;1;USUARIO
[24/05/2023 20:01:13] 14-x:SEV-LOGIN-OK-USER;14;x
[24/05/2023 20:01:14] 14-x:CLI-GAMES-USER
[24/05/2023 20:01:14] 14-x:SEV-GAMES-USER-OK;36.625305172189016,-6.3505710661411285!2023-05-24!12:00!2023-05-22!05:00!5.6!Futbol 11!Esperando Jugadores!22!2!1;
[24/05/2023 20:01:16] 14-x:CLI-LIGUES-USER
[24/05/2023 20:01:16] 14-x:SEV-LIGUES-USER-OK;2!Jere!36.6816936,-6.1377402!12.0!5!3!02:00!2023-04-12!06:00!2023-03-29!Futbol 11!12!12!04:00!07:00!Jugandose!4;2!Jere!36.6816936,-6.1377402!12.0!5!3!02:00!2023-04-12!06:00!2023-03-29!Futbol 11!12!12!04:00!07:00!Jugandose!4;2!Jere!36.6816936,-6.1377402!12.0!5!3!02:00!2023-04-12!06:00!2023-03-29!Futbol 11!12!12!04:00!07:00!Jugandose!4;2!Jere!36.6816936,-6.1377402!12.0!5!3!02:00!2023-04-12!06:00!2023-03-29!Futbol 11!12!12!04:00!07:00!Jugandose!4;
[24/05/2023 20:01:51] 14-x:SE HA DESCONECTADO
[24/05/2023 20:07:41] Se ha conectado un cliente
[24/05/2023 20:07:49] 0-:CLI-LOGIN;x;1;USUARIO
[24/05/2023 20:07:49] 14-x:SEV-LOGIN-OK-USER;14;x
[24/05/2023 20:07:51] 14-x:CLI-GAMES-USER
[24/05/2023 20:07:51] 14-x:SEV-GAMES-USER-OK;36.625305172189016,-6.3505710661411285!2023-05-24!12:00!2023-05-22!05:00!5.6!Futbol 11!Esperando Jugadores!22!2!1;
[24/05/2023 20:08:15] 14-x:CLI-GAMES-USER
[24/05/2023 20:08:15] 14-x:SEV-GAMES-USER-OK;36.625305172189016,-6.3505710661411285!2023-05-24!12:00!2023-05-22!05:00!5.6!Futbol 11!Esperando Jugadores!22!2!1;
[24/05/2023 20:08:25] 14-x:CLI-LIGUES-USER
[24/05/2023 20:08:25] 14-x:SEV-LIGUES-USER-OK;2!Jere!36.6816936,-6.1377402!12.0!5!3!02:00!2023-04-12!06:00!2023-03-29!Futbol 11!12!12!04:00!07:00!Jugandose!4;2!Jere!36.6816936,-6.1377402!12.0!5!3!02:00!2023-04-12!06:00!2023-03-29!Futbol 11!12!12!04:00!07:00!Jugandose!4;2!Jere!36.6816936,-6.1377402!12.0!5!3!02:00!2023-04-12!06:00!2023-03-29!Futbol 11!12!12!04:00!07:00!Jugandose!4;2!Jere!36.6816936,-6.1377402!12.0!5!3!02:00!2023-04-12!06:00!2023-03-29!Futbol 11!12!12!04:00!07:00!Jugandose!4;
[24/05/2023 20:08:42] 14-x:CLI-USERTEAMS
[24/05/2023 20:08:42] 14-x:SEV-USERTEAMS_OK;Prueba:Futbol 7:x:124!x!;Pa:Futbol 11:x:x!;xa:Futbol Sala:x:124!x!111!;122:Voleibol Playa:111:x!111!;:Futbol 11:x:x!;
[24/05/2023 20:08:43] 14-x:CLI-LIGUES-USER
[24/05/2023 20:08:43] 14-x:SEV-LIGUES-USER-OK;2!Jere!36.6816936,-6.1377402!12.0!5!3!02:00!2023-04-12!06:00!2023-03-29!Futbol 11!12!12!04:00!07:00!Jugandose!4;2!Jere!36.6816936,-6.1377402!12.0!5!3!02:00!2023-04-12!06:00!2023-03-29!Futbol 11!12!12!04:00!07:00!Jugandose!4;2!Jere!36.6816936,-6.1377402!12.0!5!3!02:00!2023-04-12!06:00!2023-03-29!Futbol 11!12!12!04:00!07:00!Jugandose!4;2!Jere!36.6816936,-6.1377402!12.0!5!3!02:00!2023-04-12!06:00!2023-03-29!Futbol 11!12!12!04:00!07:00!Jugandose!4;
[24/05/2023 20:08:51] 14-x:SE HA DESCONECTADO
[24/05/2023 20:12:46] Se ha conectado un cliente
[24/05/2023 20:12:53] 0-:CLI-LOGIN;x;1;USUARIO
[24/05/2023 20:12:53] 14-x:SEV-LOGIN-OK-USER;14;x
[24/05/2023 20:12:55] 14-x:CLI-GAMES-USER
[24/05/2023 20:12:55] 14-x:SEV-GAMES-USER-OK;36.625305172189016,-6.3505710661411285!2023-05-24!12:00!2023-05-22!05:00!5.6!Futbol 11!Esperando Jugadores!22!2!1;
[24/05/2023 20:12:58] 14-x:CLI-LIGUES-USER
[24/05/2023 20:12:58] 14-x:SEV-LIGUES-USER-OK;2!Jere!36.6816936,-6.1377402!12.0!5!3!02:00!2023-04-12!06:00!2023-03-29!Futbol 11!12!12!04:00!07:00!Jugandose!4;2!Jere!36.6816936,-6.1377402!12.0!5!3!02:00!2023-04-12!06:00!2023-03-29!Futbol 11!12!12!04:00!07:00!Jugandose!4;2!Jere!36.6816936,-6.1377402!12.0!5!3!02:00!2023-04-12!06:00!2023-03-29!Futbol 11!12!12!04:00!07:00!Jugandose!4;2!Jere!36.6816936,-6.1377402!12.0!5!3!02:00!2023-04-12!06:00!2023-03-29!Futbol 11!12!12!04:00!07:00!Jugandose!4;
[24/05/2023 20:13:04] 14-x:CLI-LIGUES-STATE-USER;2
[24/05/2023 20:13:04] 14-x:SEV-LIGUES-STATE-USER-OK;INSCRIBIRSE
[24/05/2023 20:13:14] 14-x:CLI-TEAMSLIGUE;2
[24/05/2023 20:13:14] 14-x:SEV-YOURTEAMSLIGUE;Prueba:x:Futbol 7;Pa:x:Futbol 11;xa:x:Futbol Sala;122:111:Voleibol Playa;
[24/05/2023 20:13:21] 14-x:CLI-TEAMSLIGUE;2
[24/05/2023 20:13:21] 14-x:SEV-YOURTEAMSLIGUE;Prueba:x:Futbol 7;Pa:x:Futbol 11;xa:x:Futbol Sala;122:111:Voleibol Playa;
[24/05/2023 20:13:48] 14-x:CLI-LIGUES-TEAMS-INSCRIBE-USER;2
[24/05/2023 20:13:48] 14-x:SEV-LIGUES-TEAMS-INSCRIBE-USER-OK;
[24/05/2023 20:14:45] 14-x:SE HA DESCONECTADO
---- [24/05/2023 21:26:13] Obteniendo todos los torneos pendientes a generar ----
---- [24/05/2023 21:26:14] Obteniendo todas las ligas pendientes a generar ----
---- [24/05/2023 21:26:14] Creado el hilo encargado de las tareas ----
---- [24/05/2023 21:26:14] Iniciado el hilo encargado de las tareas ----
---- [24/05/2023 21:26:14] SERVIDOR INICIADO ----
Esperando 1478025 segundos hasta la próxima tarea en: 2023-06-11T00:00
[24/05/2023 21:27:52] Se ha conectado un cliente
[24/05/2023 21:27:59] 0-:CLI-LOGIN;x;1;USUARIO
[24/05/2023 21:27:59] 14-x:SEV-LOGIN-OK-USER;14;x
[24/05/2023 21:27:59] 14-x:CLI-GAMES-USER
[24/05/2023 21:27:59] 14-x:SEV-GAMES-USER-OK;36.625305172189016,-6.3505710661411285!2023-05-24!12:00!2023-05-22!05:00!5.6!Futbol 11!Esperando Jugadores!22!2!1;
[24/05/2023 21:28:06] 14-x:CLI-TOURNAMENTS-USER
[24/05/2023 21:28:06] 14-x:SEV-TOURNAMENTS-USER-OK;x!36.6228636,-6.3599595!0.0!4!2!00:00!2023-06-11!00:00!2023-06-11!Voleibol Playa!Esperando Jugadores!1!10;
[24/05/2023 21:28:09] 14-x:CLI-LIGUES-USER
[24/05/2023 21:28:09] 14-x:SEV-LIGUES-USER-OK;2!Jere!36.6816936,-6.1377402!12.0!5!3!02:00!2023-04-12!06:00!2023-03-29!Futbol 11!12!12!04:00!07:00!Jugandose!4;2!Jere!36.6816936,-6.1377402!12.0!5!3!02:00!2023-04-12!06:00!2023-03-29!Futbol 11!12!12!04:00!07:00!Jugandose!4;2!Jere!36.6816936,-6.1377402!12.0!5!3!02:00!2023-04-12!06:00!2023-03-29!Futbol 11!12!12!04:00!07:00!Jugandose!4;2!Jere!36.6816936,-6.1377402!12.0!5!3!02:00!2023-04-12!06:00!2023-03-29!Futbol 11!12!12!04:00!07:00!Jugandose!4;
[24/05/2023 21:28:13] 14-x:CLI-LIGUES-STATE-USER;2
[24/05/2023 21:28:13] 14-x:SEV-LIGUES-STATE-USER-OK;INSCRITO
[24/05/2023 21:28:16] 14-x:CLI-TEAMSLIGUE;2
[24/05/2023 21:28:16] 14-x:SEV-YOURTEAMSLIGUE;Prueba:x:Futbol 7;Pa:x:Futbol 11;xa:x:Futbol Sala;122:111:Voleibol Playa;
[24/05/2023 21:28:17] 14-x:CLI-LIGUES-NUMBER-ROUND;2
[24/05/2023 21:28:17] 14-x:SEV-LIGUES-NUMBER-ROUND-OK;6
[24/05/2023 21:28:17] 14-x:CLI-LIGUES-ROUND-DATE;2;Jornada 1
---- [24/05/2023 21:30:28] Obteniendo todos los torneos pendientes a generar ----
---- [24/05/2023 21:30:29] Obteniendo todas las ligas pendientes a generar ----
---- [24/05/2023 21:30:29] Creado el hilo encargado de las tareas ----
---- [24/05/2023 21:30:29] Iniciado el hilo encargado de las tareas ----
---- [24/05/2023 21:30:29] SERVIDOR INICIADO ----
Esperando 1477770 segundos hasta la próxima tarea en: 2023-06-11T00:00
[24/05/2023 21:31:17] Se ha conectado un cliente
[24/05/2023 21:31:22] 0-:CLI-LOGIN;x;1;USUARIO
[24/05/2023 21:31:22] 14-x:SEV-LOGIN-OK-USER;14;x
[24/05/2023 21:31:23] 14-x:CLI-GAMES-USER
[24/05/2023 21:31:23] 14-x:SEV-GAMES-USER-OK;36.625305172189016,-6.3505710661411285!2023-05-24!12:00!2023-05-22!05:00!5.6!Futbol 11!Esperando Jugadores!22!2!1;
[24/05/2023 21:31:26] 14-x:CLI-LIGUES-USER
[24/05/2023 21:31:26] 14-x:SEV-LIGUES-USER-OK;2!Jere!36.6816936,-6.1377402!12.0!5!3!02:00!2023-04-12!06:00!2023-03-29!Futbol 11!12!12!04:00!07:00!Jugandose!4;2!Jere!36.6816936,-6.1377402!12.0!5!3!02:00!2023-04-12!06:00!2023-03-29!Futbol 11!12!12!04:00!07:00!Jugandose!4;2!Jere!36.6816936,-6.1377402!12.0!5!3!02:00!2023-04-12!06:00!2023-03-29!Futbol 11!12!12!04:00!07:00!Jugandose!4;2!Jere!36.6816936,-6.1377402!12.0!5!3!02:00!2023-04-12!06:00!2023-03-29!Futbol 11!12!12!04:00!07:00!Jugandose!4;
[24/05/2023 21:31:32] 14-x:CLI-LIGUES-STATE-USER;2
[24/05/2023 21:31:32] 14-x:SEV-LIGUES-STATE-USER-OK;INSCRITO
[24/05/2023 21:31:33] 14-x:CLI-LIGUES-NUMBER-ROUND;2
[24/05/2023 21:31:33] 14-x:SEV-LIGUES-NUMBER-ROUND-OK;6
[24/05/2023 21:31:33] 14-x:CLI-LIGUES-ROUND-DATE;2;1
[24/05/2023 21:31:33] 14-x:SEV-LIGUES-ROUND-DATE-OK;1/122/?/Prueba/?/2023-04-12/04:00!2/xa/?/Pa/?/2023-04-12/04:12!
[24/05/2023 21:31:40] 14-x:CLI-LIGUES-ROUND-DATE;2;4
[24/05/2023 21:31:40] 14-x:SEV-LIGUES-ROUND-DATE-OK;7/122/?/Prueba/?/2023-05-18/04:00!8/xa/2/Pa/8/2023-05-18/04:12!
[24/05/2023 21:31:54] 14-x:CLI-LIGUES-SCORE;2
[24/05/2023 21:31:54] 14-x:SEV-LIGUES-SCORE-OK;Prueba:1:0:2:3:-1;Pa:4:7:15:10:5;xa:2:3:25:9:16;122:3:4:7:27:-20;
[24/05/2023 21:32:08] 14-x:CLI-LIGUES-USER
[24/05/2023 21:32:08] 14-x:SEV-LIGUES-USER-OK;2!Jere!36.6816936,-6.1377402!12.0!5!3!02:00!2023-04-12!06:00!2023-03-29!Futbol 11!12!12!04:00!07:00!Jugandose!4;2!Jere!36.6816936,-6.1377402!12.0!5!3!02:00!2023-04-12!06:00!2023-03-29!Futbol 11!12!12!04:00!07:00!Jugandose!4;2!Jere!36.6816936,-6.1377402!12.0!5!3!02:00!2023-04-12!06:00!2023-03-29!Futbol 11!12!12!04:00!07:00!Jugandose!4;2!Jere!36.6816936,-6.1377402!12.0!5!3!02:00!2023-04-12!06:00!2023-03-29!Futbol 11!12!12!04:00!07:00!Jugandose!4;
[24/05/2023 21:32:10] 14-x:CLI-LIGUES-STATE-USER;2
[24/05/2023 21:32:10] 14-x:SEV-LIGUES-STATE-USER-OK;INSCRITO
[24/05/2023 21:32:11] 14-x:CLI-LIGUES-SCORE;2
[24/05/2023 21:32:11] 14-x:SEV-LIGUES-SCORE-OK;Prueba:1:0:2:3:-1;Pa:4:7:15:10:5;xa:2:3:25:9:16;122:3:4:7:27:-20;
[24/05/2023 21:32:18] 14-x:CLI-LIGUES-NUMBER-ROUND;2
[24/05/2023 21:32:18] 14-x:SEV-LIGUES-NUMBER-ROUND-OK;6
[24/05/2023 21:32:18] 14-x:CLI-LIGUES-ROUND-DATE;2;1
[24/05/2023 21:32:18] 14-x:SEV-LIGUES-ROUND-DATE-OK;1/122/?/Prueba/?/2023-04-12/04:00!2/xa/?/Pa/?/2023-04-12/04:12!
[24/05/2023 21:32:19] 14-x:CLI-LIGUES-SCORE;2
[24/05/2023 21:32:19] 14-x:SEV-LIGUES-SCORE-OK;Prueba:1:0:2:3:-1;Pa:4:7:15:10:5;xa:2:3:25:9:16;122:3:4:7:27:-20;
[24/05/2023 21:33:57] 14-x:SE HA DESCONECTADO
[24/05/2023 21:34:48] Se ha conectado un cliente
[24/05/2023 21:34:56] 0-:CLI-LOGIN;x;1;USUARIO
[24/05/2023 21:34:56] 14-x:SEV-LOGIN-OK-USER;14;x
[24/05/2023 21:34:57] 14-x:CLI-GAMES-USER
[24/05/2023 21:34:57] 14-x:SEV-GAMES-USER-OK;36.625305172189016,-6.3505710661411285!2023-05-24!12:00!2023-05-22!05:00!5.6!Futbol 11!Esperando Jugadores!22!2!1;
[24/05/2023 21:34:59] 14-x:CLI-LIGUES-USER
[24/05/2023 21:34:59] 14-x:SEV-LIGUES-USER-OK;2!Jere!36.6816936,-6.1377402!12.0!5!3!02:00!2023-04-12!06:00!2023-03-29!Futbol 11!12!12!04:00!07:00!Jugandose!4;2!Jere!36.6816936,-6.1377402!12.0!5!3!02:00!2023-04-12!06:00!2023-03-29!Futbol 11!12!12!04:00!07:00!Jugandose!4;2!Jere!36.6816936,-6.1377402!12.0!5!3!02:00!2023-04-12!06:00!2023-03-29!Futbol 11!12!12!04:00!07:00!Jugandose!4;2!Jere!36.6816936,-6.1377402!12.0!5!3!02:00!2023-04-12!06:00!2023-03-29!Futbol 11!12!12!04:00!07:00!Jugandose!4;
[24/05/2023 21:35:00] 14-x:CLI-LIGUES-STATE-USER;2
[24/05/2023 21:35:00] 14-x:SEV-LIGUES-STATE-USER-OK;INSCRITO
[24/05/2023 21:35:02] 14-x:CLI-LIGUES-SCORE;2
[24/05/2023 21:35:02] 14-x:SEV-LIGUES-SCORE-OK;Prueba:1:0:2:3:-1;Pa:4:7:15:10:5;xa:2:3:25:9:16;122:3:4:7:27:-20;
[24/05/2023 21:35:03] 14-x:CLI-LIGUES-NUMBER-ROUND;2
[24/05/2023 21:35:03] 14-x:SEV-LIGUES-NUMBER-ROUND-OK;6
[24/05/2023 21:35:03] 14-x:CLI-LIGUES-ROUND-DATE;2;1
[24/05/2023 21:35:03] 14-x:SEV-LIGUES-ROUND-DATE-OK;1/122/?/Prueba/?/2023-04-12/04:00!2/xa/?/Pa/?/2023-04-12/04:12!
[24/05/2023 21:35:04] 14-x:CLI-LIGUES-SCORE;2
[24/05/2023 21:35:05] 14-x:SEV-LIGUES-SCORE-OK;Prueba:1:0:2:3:-1;Pa:4:7:15:10:5;xa:2:3:25:9:16;122:3:4:7:27:-20;
[24/05/2023 21:35:10] 14-x:CLI-LIGUES-STATE-USER;2
[24/05/2023 21:35:10] 14-x:SEV-LIGUES-STATE-USER-OK;INSCRITO
[24/05/2023 21:35:11] 14-x:CLI-TEAMSLIGUE;2
[24/05/2023 21:35:11] 14-x:SEV-YOURTEAMSLIGUE;Prueba:x:Futbol 7;Pa:x:Futbol 11;xa:x:Futbol Sala;122:111:Voleibol Playa;
[24/05/2023 21:35:12] 14-x:CLI-LIGUES-NUMBER-ROUND;2
[24/05/2023 21:35:12] 14-x:SEV-LIGUES-NUMBER-ROUND-OK;6
[24/05/2023 21:35:12] 14-x:CLI-LIGUES-ROUND-DATE;2;1
[24/05/2023 21:35:13] 14-x:SEV-LIGUES-ROUND-DATE-OK;1/122/?/Prueba/?/2023-04-12/04:00!2/xa/?/Pa/?/2023-04-12/04:12!
[24/05/2023 21:35:15] 14-x:CLI-LIGUES-ROUND-DATE;2;6
[24/05/2023 21:35:15] 14-x:SEV-LIGUES-ROUND-DATE-OK;11/Pa/?/Prueba/?/2023-06-11/04:00!12/122/?/xa/?/2023-06-11/04:12!
[24/05/2023 21:35:20] 14-x:CLI-LIGUES-ROUND-DATE;2;4
[24/05/2023 21:35:20] 14-x:SEV-LIGUES-ROUND-DATE-OK;7/122/?/Prueba/?/2023-05-18/04:00!8/xa/2/Pa/8/2023-05-18/04:12!
[24/05/2023 21:37:14] 14-x:CLI-LIGUES-SCORE;2
[24/05/2023 21:37:15] 14-x:SEV-LIGUES-SCORE-OK;Prueba:1:0:2:3:-1;Pa:4:7:15:10:5;xa:2:3:25:9:16;122:3:4:7:27:-20;
[24/05/2023 21:38:35] 14-x:CLI-LIGUES-STATE-USER;2
[24/05/2023 21:38:35] 14-x:SEV-LIGUES-STATE-USER-OK;INSCRITO
[24/05/2023 21:38:51] 14-x:SE HA DESCONECTADO
[24/05/2023 21:39:08] Se ha conectado un cliente
[24/05/2023 21:39:12] 0-:CLI-LOGIN;x;1;USUARIO
[24/05/2023 21:39:12] 14-x:SEV-LOGIN-OK-USER;14;x
[24/05/2023 21:39:13] 14-x:CLI-GAMES-USER
[24/05/2023 21:39:13] 14-x:SEV-GAMES-USER-OK;36.625305172189016,-6.3505710661411285!2023-05-24!12:00!2023-05-22!05:00!5.6!Futbol 11!Esperando Jugadores!22!2!1;
[24/05/2023 21:39:15] 14-x:CLI-LIGUES-USER
[24/05/2023 21:39:15] 14-x:SEV-LIGUES-USER-OK;2!Jere!36.6816936,-6.1377402!12.0!5!3!02:00!2023-04-12!06:00!2023-03-29!Futbol 11!12!12!04:00!07:00!Jugandose!4;2!Jere!36.6816936,-6.1377402!12.0!5!3!02:00!2023-04-12!06:00!2023-03-29!Futbol 11!12!12!04:00!07:00!Jugandose!4;2!Jere!36.6816936,-6.1377402!12.0!5!3!02:00!2023-04-12!06:00!2023-03-29!Futbol 11!12!12!04:00!07:00!Jugandose!4;2!Jere!36.6816936,-6.1377402!12.0!5!3!02:00!2023-04-12!06:00!2023-03-29!Futbol 11!12!12!04:00!07:00!Jugandose!4;
[24/05/2023 21:39:19] 14-x:CLI-LIGUES-STATE-USER;2
[24/05/2023 21:39:19] 14-x:SEV-LIGUES-STATE-USER-OK;INSCRITO
[24/05/2023 21:39:20] 14-x:CLI-LIGUES-NUMBER-ROUND;2
[24/05/2023 21:39:20] 14-x:SEV-LIGUES-NUMBER-ROUND-OK;6
[24/05/2023 21:39:20] 14-x:CLI-LIGUES-ROUND-DATE;2;1
[24/05/2023 21:39:20] 14-x:SEV-LIGUES-ROUND-DATE-OK;1/122/?/Prueba/?/2023-04-12/04:00!2/xa/?/Pa/?/2023-04-12/04:12!
[24/05/2023 21:39:23] 14-x:CLI-LIGUES-SCORE;2
[24/05/2023 21:39:23] 14-x:SEV-LIGUES-SCORE-OK;Prueba:1:0:2:3:-1;Pa:4:7:15:10:5;xa:2:3:25:9:16;122:3:4:7:27:-20;
[24/05/2023 21:39:35] 14-x:CLI-LIGUES-NUMBER-ROUND;2
[24/05/2023 21:39:35] 14-x:SEV-LIGUES-NUMBER-ROUND-OK;6
[24/05/2023 21:39:35] 14-x:CLI-LIGUES-ROUND-DATE;2;1
[24/05/2023 21:39:35] 14-x:SEV-LIGUES-ROUND-DATE-OK;1/122/?/Prueba/?/2023-04-12/04:00!2/xa/?/Pa/?/2023-04-12/04:12!
[24/05/2023 21:39:39] 14-x:SE HA DESCONECTADO
[24/05/2023 21:41:04] Se ha conectado un cliente
[24/05/2023 21:41:09] 0-:CLI-LOGIN;x;1;USUARIO
[24/05/2023 21:41:09] 14-x:SEV-LOGIN-OK-USER;14;x
[24/05/2023 21:41:09] 14-x:CLI-GAMES-USER
[24/05/2023 21:41:09] 14-x:SEV-GAMES-USER-OK;36.625305172189016,-6.3505710661411285!2023-05-24!12:00!2023-05-22!05:00!5.6!Futbol 11!Esperando Jugadores!22!2!1;
[24/05/2023 21:41:11] 14-x:CLI-LIGUES-USER
[24/05/2023 21:41:11] 14-x:SEV-LIGUES-USER-OK;2!Jere!36.6816936,-6.1377402!12.0!5!3!02:00!2023-04-12!06:00!2023-03-29!Futbol 11!12!12!04:00!07:00!Jugandose!4;2!Jere!36.6816936,-6.1377402!12.0!5!3!02:00!2023-04-12!06:00!2023-03-29!Futbol 11!12!12!04:00!07:00!Jugandose!4;2!Jere!36.6816936,-6.1377402!12.0!5!3!02:00!2023-04-12!06:00!2023-03-29!Futbol 11!12!12!04:00!07:00!Jugandose!4;2!Jere!36.6816936,-6.1377402!12.0!5!3!02:00!2023-04-12!06:00!2023-03-29!Futbol 11!12!12!04:00!07:00!Jugandose!4;
[24/05/2023 21:41:13] 14-x:CLI-LIGUES-STATE-USER;2
[24/05/2023 21:41:13] 14-x:SEV-LIGUES-STATE-USER-OK;INSCRITO
[24/05/2023 21:41:14] 14-x:CLI-LIGUES-SCORE;2
[24/05/2023 21:41:14] 14-x:SEV-LIGUES-SCORE-OK;Prueba:1:0:2:3:-1;Pa:4:7:15:10:5;xa:2:3:25:9:16;122:3:4:7:27:-20;
[24/05/2023 21:41:15] 14-x:CLI-LIGUES-NUMBER-ROUND;2
[24/05/2023 21:41:15] 14-x:SEV-LIGUES-NUMBER-ROUND-OK;6
[24/05/2023 21:41:15] 14-x:CLI-LIGUES-ROUND-DATE;2;1
[24/05/2023 21:41:15] 14-x:SEV-LIGUES-ROUND-DATE-OK;1/122/?/Prueba/?/2023-04-12/04:00!2/xa/?/Pa/?/2023-04-12/04:12!
[24/05/2023 21:41:17] 14-x:CLI-LIGUES-ROUND-DATE;2;2
[24/05/2023 21:41:17] 14-x:SEV-LIGUES-ROUND-DATE-OK;3/xa/?/Prueba/?/2023-04-24/04:00!4/Pa/2/122/4/2023-04-24/04:12!
[24/05/2023 21:41:20] 14-x:CLI-LIGUES-ROUND-DATE;2;6
[24/05/2023 21:41:20] 14-x:SEV-LIGUES-ROUND-DATE-OK;11/Pa/?/Prueba/?/2023-06-11/04:00!12/122/?/xa/?/2023-06-11/04:12!
[24/05/2023 21:41:24] 14-x:CLI-LIGUES-ROUND-DATE;2;4
[24/05/2023 21:41:24] 14-x:SEV-LIGUES-ROUND-DATE-OK;7/122/?/Prueba/?/2023-05-18/04:00!8/xa/2/Pa/8/2023-05-18/04:12!
[24/05/2023 21:41:30] 14-x:CLI-LIGUES-ROUND-DATE;2;2
[24/05/2023 21:41:30] 14-x:SEV-LIGUES-ROUND-DATE-OK;3/xa/?/Prueba/?/2023-04-24/04:00!4/Pa/2/122/4/2023-04-24/04:12!
[24/05/2023 21:41:35] 14-x:CLI-LIGUES-ROUND-DATE;2;5
[24/05/2023 21:41:35] 14-x:SEV-LIGUES-ROUND-DATE-OK;9/xa/?/Prueba/?/2023-05-30/04:00!10/Pa/2/122/2/2023-05-30/04:12!
[24/05/2023 21:41:58] 14-x:CLI-LIGUES-SCORE;2
[24/05/2023 21:41:58] 14-x:SEV-LIGUES-SCORE-OK;Prueba:1:0:2:3:-1;Pa:4:7:15:10:5;xa:2:3:25:9:16;122:3:4:7:27:-20;
[24/05/2023 21:42:23] 14-x:CLI-LIGUES-NUMBER-ROUND;2
[24/05/2023 21:42:24] 14-x:SEV-LIGUES-NUMBER-ROUND-OK;6
[24/05/2023 21:42:24] 14-x:CLI-LIGUES-ROUND-DATE;2;1
[24/05/2023 21:42:24] 14-x:SEV-LIGUES-ROUND-DATE-OK;1/122/?/Prueba/?/2023-04-12/04:00!2/xa/?/Pa/?/2023-04-12/04:12!
[24/05/2023 21:44:56] 14-x:CLI-USERTEAMS
[24/05/2023 21:44:56] 14-x:SEV-USERTEAMS_OK;Prueba:Futbol 7:x:124!x!;Pa:Futbol 11:x:x!;xa:Futbol Sala:x:124!x!111!;122:Voleibol Playa:111:x!111!;:Futbol 11:x:x!;
[24/05/2023 21:44:57] 14-x:CLI-GIVE-SPORTS
[24/05/2023 21:44:57] 14-x:SEV-SEND-SPORTS;Futbol 11:22;Futbol 7:14;Futbol Sala:10;Voleibol:12;Voleibol Playa:4;
[24/05/2023 21:45:06] 14-x:CLI-USERTEAMS
[24/05/2023 21:45:06] 14-x:SEV-USERTEAMS_OK;Prueba:Futbol 7:x:124!x!;Pa:Futbol 11:x:x!;xa:Futbol Sala:x:124!x!111!;122:Voleibol Playa:111:x!111!;:Futbol 11:x:x!;
[24/05/2023 21:45:07] 14-x:CLI-GAMES-USER
[24/05/2023 21:45:07] 14-x:SEV-GAMES-USER-OK;36.625305172189016,-6.3505710661411285!2023-05-24!12:00!2023-05-22!05:00!5.6!Futbol 11!Esperando Jugadores!22!2!1;
[24/05/2023 21:45:10] 14-x:CLI-GAMES-STATE-USER;1
[24/05/2023 21:45:10] 14-x:SEV-GAMES-STATE-USER-OK;INSCRITO
[24/05/2023 21:45:16] 14-x:CLI-GAMES-USER
[24/05/2023 21:45:16] 14-x:SEV-GAMES-USER-OK;36.625305172189016,-6.3505710661411285!2023-05-24!12:00!2023-05-22!05:00!5.6!Futbol 11!Esperando Jugadores!22!2!1;
[24/05/2023 21:46:37] 14-x:SE HA DESCONECTADO
[24/05/2023 21:46:51] Se ha conectado un cliente
[24/05/2023 21:46:58] 0-:CLI-LOGIN;x;1;USUARIO
[24/05/2023 21:46:58] 14-x:SEV-LOGIN-OK-USER;14;x
[24/05/2023 21:46:59] 14-x:CLI-GAMES-USER
[24/05/2023 21:46:59] 14-x:SEV-GAMES-USER-OK;36.625305172189016,-6.3505710661411285!2023-05-24!12:00!2023-05-22!05:00!5.6!Futbol 11!Esperando Jugadores!22!2!1;
[24/05/2023 21:47:01] 14-x:CLI-TOURNAMENTS-USER
[24/05/2023 21:47:01] 14-x:SEV-TOURNAMENTS-USER-OK;x!36.6228636,-6.3599595!0.0!4!2!00:00!2023-06-11!00:00!2023-06-11!Voleibol Playa!Esperando Jugadores!1!10;
[24/05/2023 21:47:02] 14-x:CLI-LIGUES-USER
[24/05/2023 21:47:02] 14-x:SEV-LIGUES-USER-OK;2!Jere!36.6816936,-6.1377402!12.0!5!3!02:00!2023-04-12!06:00!2023-03-29!Futbol 11!12!12!04:00!07:00!Jugandose!4;2!Jere!36.6816936,-6.1377402!12.0!5!3!02:00!2023-04-12!06:00!2023-03-29!Futbol 11!12!12!04:00!07:00!Jugandose!4;2!Jere!36.6816936,-6.1377402!12.0!5!3!02:00!2023-04-12!06:00!2023-03-29!Futbol 11!12!12!04:00!07:00!Jugandose!4;2!Jere!36.6816936,-6.1377402!12.0!5!3!02:00!2023-04-12!06:00!2023-03-29!Futbol 11!12!12!04:00!07:00!Jugandose!4;
[24/05/2023 21:47:07] 14-x:CLI-TOURNAMENTS-USER
[24/05/2023 21:47:07] 14-x:SEV-TOURNAMENTS-USER-OK;x!36.6228636,-6.3599595!0.0!4!2!00:00!2023-06-11!00:00!2023-06-11!Voleibol Playa!Esperando Jugadores!1!10;
[24/05/2023 21:47:08] 14-x:CLI-LIGUES-USER
[24/05/2023 21:47:08] 14-x:SEV-LIGUES-USER-OK;2!Jere!36.6816936,-6.1377402!12.0!5!3!02:00!2023-04-12!06:00!2023-03-29!Futbol 11!12!12!04:00!07:00!Jugandose!4;2!Jere!36.6816936,-6.1377402!12.0!5!3!02:00!2023-04-12!06:00!2023-03-29!Futbol 11!12!12!04:00!07:00!Jugandose!4;2!Jere!36.6816936,-6.1377402!12.0!5!3!02:00!2023-04-12!06:00!2023-03-29!Futbol 11!12!12!04:00!07:00!Jugandose!4;2!Jere!36.6816936,-6.1377402!12.0!5!3!02:00!2023-04-12!06:00!2023-03-29!Futbol 11!12!12!04:00!07:00!Jugandose!4;
[24/05/2023 21:47:09] 14-x:CLI-LIGUES-STATE-USER;2
[24/05/2023 21:47:09] 14-x:SEV-LIGUES-STATE-USER-OK;INSCRITO
[24/05/2023 21:47:10] 14-x:CLI-LIGUES-SCORE;2
[24/05/2023 21:47:10] 14-x:SEV-LIGUES-SCORE-OK;Prueba:1:0:2:3:-1;Pa:4:7:15:10:5;xa:2:3:25:9:16;122:3:4:7:27:-20;
[24/05/2023 21:47:12] 14-x:CLI-LIGUES-NUMBER-ROUND;2
[24/05/2023 21:47:12] 14-x:SEV-LIGUES-NUMBER-ROUND-OK;6
[24/05/2023 21:47:12] 14-x:CLI-LIGUES-ROUND-DATE;2;1
[24/05/2023 21:47:12] 14-x:SEV-LIGUES-ROUND-DATE-OK;1/122/?/Prueba/?/2023-04-12/04:00!2/xa/?/Pa/?/2023-04-12/04:12!
[24/05/2023 21:47:16] 14-x:CLI-LIGUES-ROUND-DATE;2;4
[24/05/2023 21:47:16] 14-x:SEV-LIGUES-ROUND-DATE-OK;7/122/?/Prueba/?/2023-05-18/04:00!8/xa/2/Pa/8/2023-05-18/04:12!
[24/05/2023 21:47:20] 14-x:CLI-LIGUES-STATE-USER;2
[24/05/2023 21:47:20] 14-x:SEV-LIGUES-STATE-USER-OK;INSCRITO
[24/05/2023 21:47:20] 14-x:CLI-TEAMSLIGUE;2
[24/05/2023 21:47:20] 14-x:SEV-YOURTEAMSLIGUE;Prueba:x:Futbol 7;Pa:x:Futbol 11;xa:x:Futbol Sala;122:111:Voleibol Playa;
[24/05/2023 21:47:25] 14-x:CLI-GAMES-USER
[24/05/2023 21:47:25] 14-x:SEV-GAMES-USER-OK;36.625305172189016,-6.3505710661411285!2023-05-24!12:00!2023-05-22!05:00!5.6!Futbol 11!Esperando Jugadores!22!2!1;
[24/05/2023 21:47:27] 14-x:CLI-GIVE-SPORTS
[24/05/2023 21:47:27] 14-x:SEV-SEND-SPORTS;Futbol 11:22;Futbol 7:14;Futbol Sala:10;Voleibol:12;Voleibol Playa:4;
[24/05/2023 21:48:00] 14-x:CLI-GAMES-USER
[24/05/2023 21:48:00] 14-x:SEV-GAMES-USER-OK;36.625305172189016,-6.3505710661411285!2023-05-24!12:00!2023-05-22!05:00!5.6!Futbol 11!Esperando Jugadores!22!2!1;
[24/05/2023 21:48:02] 14-x:CLI-GIVE-SPORTS
[24/05/2023 21:48:02] 14-x:SEV-SEND-SPORTS;Futbol 11:22;Futbol 7:14;Futbol Sala:10;Voleibol:12;Voleibol Playa:4;
[24/05/2023 21:48:28] 14-x:CLI-GAMES-USER
[24/05/2023 21:48:28] 14-x:SEV-GAMES-USER-OK;36.625305172189016,-6.3505710661411285!2023-05-24!12:00!2023-05-22!05:00!5.6!Futbol 11!Esperando Jugadores!22!2!1;
[24/05/2023 21:48:29] 14-x:CLI-USERTEAMS
[24/05/2023 21:48:29] 14-x:SEV-USERTEAMS_OK;Prueba:Futbol 7:x:124!x!;Pa:Futbol 11:x:x!;xa:Futbol Sala:x:124!x!111!;122:Voleibol Playa:111:x!111!;:Futbol 11:x:x!;
[24/05/2023 21:48:36] 14-x:CLI-USERTEAMS
[24/05/2023 21:48:36] 14-x:SEV-USERTEAMS_OK;Prueba:Futbol 7:x:124!x!;Pa:Futbol 11:x:x!;xa:Futbol Sala:x:124!x!111!;122:Voleibol Playa:111:x!111!;:Futbol 11:x:x!;
[24/05/2023 21:48:37] 14-x:CLI-GIVE-SPORTS
[24/05/2023 21:48:37] 14-x:SEV-SEND-SPORTS;Futbol 11:22;Futbol 7:14;Futbol Sala:10;Voleibol:12;Voleibol Playa:4;
[24/05/2023 21:48:41] 14-x:CLI-LIGUES-USER
[24/05/2023 21:48:41] 14-x:SEV-LIGUES-USER-OK;2!Jere!36.6816936,-6.1377402!12.0!5!3!02:00!2023-04-12!06:00!2023-03-29!Futbol 11!12!12!04:00!07:00!Jugandose!4;2!Jere!36.6816936,-6.1377402!12.0!5!3!02:00!2023-04-12!06:00!2023-03-29!Futbol 11!12!12!04:00!07:00!Jugandose!4;2!Jere!36.6816936,-6.1377402!12.0!5!3!02:00!2023-04-12!06:00!2023-03-29!Futbol 11!12!12!04:00!07:00!Jugandose!4;2!Jere!36.6816936,-6.1377402!12.0!5!3!02:00!2023-04-12!06:00!2023-03-29!Futbol 11!12!12!04:00!07:00!Jugandose!4;
[24/05/2023 21:48:42] 14-x:CLI-TOURNAMENTS-USER
[24/05/2023 21:48:42] 14-x:SEV-TOURNAMENTS-USER-OK;x!36.6228636,-6.3599595!0.0!4!2!00:00!2023-06-11!00:00!2023-06-11!Voleibol Playa!Esperando Jugadores!1!10;
[24/05/2023 21:48:48] 14-x:SE HA DESCONECTADO
---- [24/05/2023 22:47:53] Obteniendo todos los torneos pendientes a generar ----
---- [24/05/2023 22:47:54] Obteniendo todas las ligas pendientes a generar ----
---- [24/05/2023 22:47:54] Creado el hilo encargado de las tareas ----
---- [24/05/2023 22:47:54] Iniciado el hilo encargado de las tareas ----
---- [24/05/2023 22:47:54] SERVIDOR INICIADO ----
Esperando 1473125 segundos hasta la próxima tarea en: 2023-06-11T00:00
[24/05/2023 22:50:06] Se ha conectado un cliente
[24/05/2023 22:50:25] 0-:CLI-LOGIN;x;1;USUARIO
[24/05/2023 22:50:25] 14-x:SEV-LOGIN-OK-USER;14;x
[24/05/2023 22:50:26] 14-x:CLI-GAMES-USER
[24/05/2023 22:50:26] 14-x:SEV-GAMES-USER-OK;36.625305172189016,-6.3505710661411285!2023-05-24!12:00!2023-05-22!05:00!5.6!Futbol 11!Esperando Jugadores!22!2!1;
[24/05/2023 22:50:34] 14-x:CLI-GIVE-SPORTS
[24/05/2023 22:50:34] 14-x:SEV-SEND-SPORTS;Futbol 11:22;Futbol 7:14;Futbol Sala:10;Voleibol:12;Voleibol Playa:4;
[24/05/2023 22:51:08] 14-x:CLI-LOGOUT
[24/05/2023 22:51:08] 0-:SEV-LOGOUT-OK
[24/05/2023 22:51:56] Se ha conectado un cliente
[24/05/2023 22:52:03] 0-:CLI-LOGIN;x;1;USUARIO
[24/05/2023 22:52:03] 14-x:SEV-LOGIN-OK-USER;14;x
[24/05/2023 22:52:04] 14-x:CLI-GAMES-USER
[24/05/2023 22:52:04] 14-x:SEV-GAMES-USER-OK;36.625305172189016,-6.3505710661411285!2023-05-24!12:00!2023-05-22!05:00!5.6!Futbol 11!Esperando Jugadores!22!2!1;
[24/05/2023 22:52:07] 14-x:CLI-GIVE-SPORTS
[24/05/2023 22:52:07] 14-x:SEV-SEND-SPORTS;Futbol 11:22;Futbol 7:14;Futbol Sala:10;Voleibol:12;Voleibol Playa:4;
[24/05/2023 22:52:13] 0-:SE HA DESCONECTADO
[24/05/2023 22:52:17] 14-x:CLI-LIGUES-USER
[24/05/2023 22:52:17] 14-x:SEV-LIGUES-USER-OK;2!Jere!36.6816936,-6.1377402!12.0!5!3!02:00!2023-04-12!06:00!2023-03-29!Futbol 11!12!12!04:00!07:00!Jugandose!4;2!Jere!36.6816936,-6.1377402!12.0!5!3!02:00!2023-04-12!06:00!2023-03-29!Futbol 11!12!12!04:00!07:00!Jugandose!4;2!Jere!36.6816936,-6.1377402!12.0!5!3!02:00!2023-04-12!06:00!2023-03-29!Futbol 11!12!12!04:00!07:00!Jugandose!4;2!Jere!36.6816936,-6.1377402!12.0!5!3!02:00!2023-04-12!06:00!2023-03-29!Futbol 11!12!12!04:00!07:00!Jugandose!4;
[24/05/2023 22:53:02] 14-x:SE HA DESCONECTADO
[24/05/2023 22:53:17] Se ha conectado un cliente
[24/05/2023 22:53:28] 0-:CLI-LOGIN;123;123;ORGANIZADOR
[24/05/2023 22:53:28] 1-123:SEV-LOGIN-OK-ORGANIZER;1;123
[24/05/2023 22:53:28] 1-123:CLI-GIVETOURNAMENTS-ORGANIZER
[24/05/2023 22:53:28] 1-123:SEV-SEND-YOUR-TOURNAMENTS;13!36.6228636,-6.3599595!0.0!4!2!00:00!2023-05-27!19:00!2023-05-14!Futbol 11!Cancelado!0!15;123!36.67826185,-6.110059436817895!0.0!4!2!00:00!2023-05-21!19:28!2023-05-14!Futbol 11!Cancelado!0!17;123!36.6228636,-6.3599595!0.0!4!2!00:00!2023-05-20!19:29!2023-05-14!Futbol 11!Cancelado!0!18;213!36.6228636,-6.3599595!0.0!4!3!00:00!2023-05-03!00:00!2023-05-25!Futbol 11!Cancelado!0!19;Prueba!36.4210849486101, -6.13348387670698!15.2!4!2!15:00!2023-04-04!15:00!2023-04-19!Futbol 11!Cancelado!0!2;23!36.67826185,-6.110059436817895!0.0!4!2!18:00!2023-05-16!19:28!2023-05-14!Futbol 7!Cancelado!0!16;213!36.4210849486101, -6.13348387670698!123.0!4!2!15:00!2023-04-07!12:34!2023-04-13!Futbol 11!Cancelado!0!3;21!36.294487399999994,-6.092790754888084!0.0!4!2!00:00!2023-05-19!00:00!2023-05-28!Futbol Sala!Cancelado!0!11;123!36.63479325,-6.38725705210204!123.0!4!2!15:00!2023-04-01!11:15!2023-04-05!Futbol 11!Cancelado!0!4;123!36.63479325,-6.38725705210204!10.0!4!3!00:00!2023-05-22!00:00!2023-05-26!Futbol Sala!Cancelado!0!20;Prueba!36.63479325,-6.38725705210204!12.0!4!2!14:28!2023-04-05!17:28!2023-04-12!Futbol 11!Cancelado!0!5;123!36.63479325,-6.38725705210204!0.0!4!2!19:20!2023-05-16!19:20!2023-05-15!Voleibol!Cancelado!0!12;ADADA!36.7355451,-6.4348221!123.0!4!2!15:00!2023-04-12!21:07!2023-04-21!Futbol 11!Cancelado!0!6;DE LOCOS!36.63479325,-6.38725705210204!0.0!4!2!08:00!2023-05-21!19:20!2023-05-14!Voleibol!Cancelado!0!13;123!36.6228636,-6.3599595!2.0!4!2!15:00!2023-03-28!00:00!2023-04-21!Futbol 11!Cancelado!0!7;x!36.6228636,-6.3599595!0.0!4!2!00:00!2023-06-11!00:00!2023-06-11!Voleibol Playa!Cancelado!1!9;prueba!36.67826185,-6.110059436817895!0.0!4!2!00:00!2023-05-15!19:34!2023-05-14!Futbol 11!Cancelado!0!14;Prueba!36.4210849486101,-6.13348387670698!15.0!4!2!15:00!2023-04-04!15:00!2023-04-19!Futbol 11!Finalizado!4!1;
[24/05/2023 22:53:32] Se ha conectado un cliente
[24/05/2023 22:53:34] 1-123:CLI-GIVELIGUES-ORGANIZER
[24/05/2023 22:53:34] 1-123:SEV-SEND-YOUR-LIGUES;2!Jere!36.6816936,-6.1377402!12.0!5!3!02:00!2023-04-12!06:00!2023-03-29!Futbol 11!12!12!04:00!07:00!Jugandose!4;1!qed!36.6228636,-6.3599595!123.0!23!17!20:12!2023-04-05!07:03!2023-04-28!Voleibol!1!1!2:3!3:3!Cancelado!0;
[24/05/2023 22:53:35] 1-123:CLI-GIVE-SPORTS
[24/05/2023 22:53:35] 1-123:SEV-SEND-SPORTS;Futbol 11:22;Futbol 7:14;Futbol Sala:10;Voleibol:12;Voleibol Playa:4;
[24/05/2023 22:54:08] 1-123:CLI-CREATELIGUE;Liguilla!36.5286856,-6.1902161!0!4!2!0:0!2023-05-28!0:0!2023-05-27!Futbol 11!7!15!0:0!0:0
[24/05/2023 22:54:08] 1-123:SEV-LIGUE-CREATE
[24/05/2023 22:54:08] 1-123:CLI-GIVELIGUES-ORGANIZER
[24/05/2023 22:54:08] 1-123:SEV-SEND-YOUR-LIGUES;2!Jere!36.6816936,-6.1377402!12.0!5!3!02:00!2023-04-12!06:00!2023-03-29!Futbol 11!12!12!04:00!07:00!Jugandose!4;3!Liguilla!36.5286856,-6.1902161!0.0!4!2!0:0!2023-05-28!0:0!2023-05-27!Futbol 11!7!15!0:0!0:0!Esperando Jugadores!0;1!qed!36.6228636,-6.3599595!123.0!23!17!20:12!2023-04-05!07:03!2023-04-28!Voleibol!1!1!2:3!3:3!Cancelado!0;
[24/05/2023 22:54:12] 1-123:CLI-GIVE-SPORTS
[24/05/2023 22:54:12] 1-123:SEV-SEND-SPORTS;Futbol 11:22;Futbol 7:14;Futbol Sala:10;Voleibol:12;Voleibol Playa:4;
[24/05/2023 22:54:37] 1-123:CLI-CREATELIGUE;Volei!36.7355451,-6.4348221!0!4!2!0:0!2023-05-28!0:0!2023-05-27!Voleibol Playa!5!5!0:0!0:0
[24/05/2023 22:54:37] 1-123:SEV-LIGUE-CREATE
[24/05/2023 22:54:37] 1-123:CLI-GIVELIGUES-ORGANIZER
[24/05/2023 22:54:37] 1-123:SEV-SEND-YOUR-LIGUES;2!Jere!36.6816936,-6.1377402!12.0!5!3!02:00!2023-04-12!06:00!2023-03-29!Futbol 11!12!12!04:00!07:00!Jugandose!4;3!Liguilla!36.5286856,-6.1902161!0.0!4!2!0:0!2023-05-28!0:0!2023-05-27!Futbol 11!7!15!0:0!0:0!Esperando Jugadores!0;4!Volei!36.7355451,-6.4348221!0.0!4!2!0:0!2023-05-28!0:0!2023-05-27!Voleibol Playa!5!5!0:0!0:0!Esperando Jugadores!0;1!qed!36.6228636,-6.3599595!123.0!23!17!20:12!2023-04-05!07:03!2023-04-28!Voleibol!1!1!2:3!3:3!Cancelado!0;
[24/05/2023 22:57:57] 0-:CLI-LOGIN;x;1;USUARIO
[24/05/2023 22:57:57] 14-x:SEV-LOGIN-OK-USER;14;x
[24/05/2023 22:57:58] 14-x:CLI-GAMES-USER
[24/05/2023 22:57:58] 14-x:SEV-GAMES-USER-OK;36.625305172189016,-6.3505710661411285!2023-05-24!12:00!2023-05-22!05:00!5.6!Futbol 11!Esperando Jugadores!22!2!1;
[24/05/2023 22:58:01] 14-x:CLI-LIGUES-USER
[24/05/2023 22:58:01] 14-x:SEV-LIGUES-USER-OK;2!Jere!36.6816936,-6.1377402!12.0!5!3!02:00!2023-04-12!06:00!2023-03-29!Futbol 11!12!12!04:00!07:00!Jugandose!4;2!Jere!36.6816936,-6.1377402!12.0!5!3!02:00!2023-04-12!06:00!2023-03-29!Futbol 11!12!12!04:00!07:00!Jugandose!4;2!Jere!36.6816936,-6.1377402!12.0!5!3!02:00!2023-04-12!06:00!2023-03-29!Futbol 11!12!12!04:00!07:00!Jugandose!4;2!Jere!36.6816936,-6.1377402!12.0!5!3!02:00!2023-04-12!06:00!2023-03-29!Futbol 11!12!12!04:00!07:00!Jugandose!4;
[24/05/2023 22:58:04] 14-x:CLI-LIGUES-AVAILABLE;36.6354983,-6.3881667;10
[24/05/2023 22:58:05] 14-x:SEV-LIGUES-AVAILABLE-OK;
[24/05/2023 22:58:22] 14-x:CLI-LIGUES-AVAILABLE;36.6354983,-6.3881667;50
[24/05/2023 22:58:22] 14-x:SEV-LIGUES-AVAILABLE-OK;
[24/05/2023 22:58:28] 14-x:CLI-LIGUES-AVAILABLE;36.6354983,-6.3881667;-1
[24/05/2023 22:58:28] 14-x:SEV-LIGUES-AVAILABLE-OK;
[24/05/2023 22:58:41] 1-123:CLI-EXIT
[24/05/2023 22:58:41] 1-123:SE HA DESCONECTADO
---- [24/05/2023 23:02:17] Obteniendo todos los torneos pendientes a generar ----
---- [24/05/2023 23:02:18] Obteniendo todas las ligas pendientes a generar ----
---- [24/05/2023 23:04:41] Obteniendo todos los torneos pendientes a generar ----
---- [24/05/2023 23:04:42] Obteniendo todas las ligas pendientes a generar ----
---- [24/05/2023 23:04:42] Creado el hilo encargado de las tareas ----
---- [24/05/2023 23:04:42] Iniciado el hilo encargado de las tareas ----
---- [24/05/2023 23:04:42] SERVIDOR INICIADO ----
Esperando 176117 segundos hasta la próxima tarea en: 2023-05-27T00:00
[24/05/2023 23:04:50] Se ha conectado un cliente
[24/05/2023 23:04:57] 0-:CLI-LOGIN;123;123;ORGANIZADOR
[24/05/2023 23:04:57] 1-123:SEV-LOGIN-OK-ORGANIZER;1;123
[24/05/2023 23:04:58] 1-123:CLI-GIVETOURNAMENTS-ORGANIZER
[24/05/2023 23:04:58] 1-123:SEV-SEND-YOUR-TOURNAMENTS;prueba!36.67826185,-6.110059436817895!0.0!4!2!00:00!2023-05-15!19:34!2023-05-14!Futbol 11!Cancelado!0!14;13!36.6228636,-6.3599595!0.0!4!2!00:00!2023-05-27!19:00!2023-05-14!Futbol 11!Cancelado!0!15;123!36.67826185,-6.110059436817895!0.0!4!2!00:00!2023-05-21!19:28!2023-05-14!Futbol 11!Cancelado!0!17;123!36.6228636,-6.3599595!0.0!4!2!00:00!2023-05-20!19:29!2023-05-14!Futbol 11!Cancelado!0!18;213!36.6228636,-6.3599595!0.0!4!3!00:00!2023-05-03!00:00!2023-05-25!Futbol 11!Cancelado!0!19;Prueba!36.4210849486101, -6.13348387670698!15.2!4!2!15:00!2023-04-04!15:00!2023-04-19!Futbol 11!Cancelado!0!2;23!36.67826185,-6.110059436817895!0.0!4!2!18:00!2023-05-16!19:28!2023-05-14!Futbol 7!Cancelado!0!16;213!36.4210849486101, -6.13348387670698!123.0!4!2!15:00!2023-04-07!12:34!2023-04-13!Futbol 11!Cancelado!0!3;21!36.294487399999994,-6.092790754888084!0.0!4!2!00:00!2023-05-19!00:00!2023-05-28!Futbol Sala!Cancelado!0!11;123!36.63479325,-6.38725705210204!123.0!4!2!15:00!2023-04-01!11:15!2023-04-05!Futbol 11!Cancelado!0!4;123!36.63479325,-6.38725705210204!10.0!4!3!00:00!2023-05-22!00:00!2023-05-26!Futbol Sala!Cancelado!0!20;Prueba!36.63479325,-6.38725705210204!12.0!4!2!14:28!2023-04-05!17:28!2023-04-12!Futbol 11!Cancelado!0!5;123!36.63479325,-6.38725705210204!0.0!4!2!19:20!2023-05-16!19:20!2023-05-15!Voleibol!Cancelado!0!12;ADADA!36.7355451,-6.4348221!123.0!4!2!15:00!2023-04-12!21:07!2023-04-21!Futbol 11!Cancelado!0!6;DE LOCOS!36.63479325,-6.38725705210204!0.0!4!2!08:00!2023-05-21!19:20!2023-05-14!Voleibol!Cancelado!0!13;123!36.6228636,-6.3599595!2.0!4!2!15:00!2023-03-28!00:00!2023-04-21!Futbol 11!Cancelado!0!7;x!36.6228636,-6.3599595!0.0!4!2!00:00!2023-06-11!00:00!2023-06-11!Voleibol Playa!Cancelado!1!9;Prueba!36.4210849486101,-6.13348387670698!15.0!4!2!15:00!2023-04-04!15:00!2023-04-19!Futbol 11!Finalizado!4!1;
[24/05/2023 23:05:00] 1-123:CLI-GIVELIGUES-ORGANIZER
[24/05/2023 23:05:00] 1-123:SEV-SEND-YOUR-LIGUES;2!Jere!36.6816936,-6.1377402!12.0!5!3!02:00!2023-04-12!06:00!2023-03-29!Futbol 11!12!12!04:00!07:00!Jugandose!4;3!Liguilla!36.5286856,-6.1902161!0.0!4!2!00:00!2023-05-28!00:00!2023-05-27!Futbol 11!7!15!00:00!00:00!Esperando Jugadores!0;4!Volei!36.7355451,-6.4348221!0.0!4!2!00:00!2023-05-28!00:00!2023-05-27!Voleibol Playa!5!5!00:00!00:00!Esperando Jugadores!0;1!qed!36.6228636,-6.3599595!123.0!23!17!20:12!2023-04-05!07:03!2023-04-28!Voleibol!1!1!2:3!3:3!Cancelado!0;
[24/05/2023 23:05:03] 1-123:CLI-GIVE-SPORTS
[24/05/2023 23:05:03] 1-123:SEV-SEND-SPORTS;Futbol 11:22;Futbol 7:14;Futbol Sala:10;Voleibol:12;Voleibol Playa:4;
[24/05/2023 23:05:28] 1-123:CLI-CREATELIGUE;Playa!36.67826185,-6.110059436817895!0!4!2!00:00!2023-05-28!00:00!2023-05-27!Futbol 11!2!2!00:00!00:00
Añadida la tarea: GENERATE-FIGHT-LEAGUES;5
[24/05/2023 23:05:28] 1-123:SEV-LIGUE-CREATE
Esperando 176071 segundos hasta la próxima tarea en: 2023-05-27T00:00
[24/05/2023 23:05:28] 1-123:CLI-GIVELIGUES-ORGANIZER
[24/05/2023 23:05:28] 1-123:SEV-SEND-YOUR-LIGUES;2!Jere!36.6816936,-6.1377402!12.0!5!3!02:00!2023-04-12!06:00!2023-03-29!Futbol 11!12!12!04:00!07:00!Jugandose!4;5!Playa!36.67826185,-6.110059436817895!0.0!4!2!00:00!2023-05-28!00:00!2023-05-27!Futbol 11!2!2!00:00!00:00!Esperando Jugadores!0;3!Liguilla!36.5286856,-6.1902161!0.0!4!2!00:00!2023-05-28!00:00!2023-05-27!Futbol 11!7!15!00:00!00:00!Esperando Jugadores!0;4!Volei!36.7355451,-6.4348221!0.0!4!2!00:00!2023-05-28!00:00!2023-05-27!Voleibol Playa!5!5!00:00!00:00!Esperando Jugadores!0;1!qed!36.6228636,-6.3599595!123.0!23!17!20:12!2023-04-05!07:03!2023-04-28!Voleibol!1!1!2:3!3:3!Cancelado!0;
[24/05/2023 23:06:06] 1-123:CLI-GIVETOURNAMENTS-ORGANIZER
[24/05/2023 23:06:06] 1-123:SEV-SEND-YOUR-TOURNAMENTS;123!36.67826185,-6.110059436817895!0.0!4!2!00:00!2023-05-21!19:28!2023-05-14!Futbol 11!Cancelado!0!17;123!36.6228636,-6.3599595!0.0!4!2!00:00!2023-05-20!19:29!2023-05-14!Futbol 11!Cancelado!0!18;213!36.6228636,-6.3599595!0.0!4!3!00:00!2023-05-03!00:00!2023-05-25!Futbol 11!Cancelado!0!19;Prueba!36.4210849486101, -6.13348387670698!15.2!4!2!15:00!2023-04-04!15:00!2023-04-19!Futbol 11!Cancelado!0!2;23!36.67826185,-6.110059436817895!0.0!4!2!18:00!2023-05-16!19:28!2023-05-14!Futbol 7!Cancelado!0!16;213!36.4210849486101, -6.13348387670698!123.0!4!2!15:00!2023-04-07!12:34!2023-04-13!Futbol 11!Cancelado!0!3;21!36.294487399999994,-6.092790754888084!0.0!4!2!00:00!2023-05-19!00:00!2023-05-28!Futbol Sala!Cancelado!0!11;123!36.63479325,-6.38725705210204!123.0!4!2!15:00!2023-04-01!11:15!2023-04-05!Futbol 11!Cancelado!0!4;123!36.63479325,-6.38725705210204!10.0!4!3!00:00!2023-05-22!00:00!2023-05-26!Futbol Sala!Cancelado!0!20;Prueba!36.63479325,-6.38725705210204!12.0!4!2!14:28!2023-04-05!17:28!2023-04-12!Futbol 11!Cancelado!0!5;123!36.63479325,-6.38725705210204!0.0!4!2!19:20!2023-05-16!19:20!2023-05-15!Voleibol!Cancelado!0!12;ADADA!36.7355451,-6.4348221!123.0!4!2!15:00!2023-04-12!21:07!2023-04-21!Futbol 11!Cancelado!0!6;DE LOCOS!36.63479325,-6.38725705210204!0.0!4!2!08:00!2023-05-21!19:20!2023-05-14!Voleibol!Cancelado!0!13;123!36.6228636,-6.3599595!2.0!4!2!15:00!2023-03-28!00:00!2023-04-21!Futbol 11!Cancelado!0!7;x!36.6228636,-6.3599595!0.0!4!2!00:00!2023-06-11!00:00!2023-06-11!Voleibol Playa!Cancelado!1!9;prueba!36.67826185,-6.110059436817895!0.0!4!2!00:00!2023-05-15!19:34!2023-05-14!Futbol 11!Cancelado!0!14;13!36.6228636,-6.3599595!0.0!4!2!00:00!2023-05-27!19:00!2023-05-14!Futbol 11!Cancelado!0!15;Prueba!36.4210849486101,-6.13348387670698!15.0!4!2!15:00!2023-04-04!15:00!2023-04-19!Futbol 11!Finalizado!4!1;
[24/05/2023 23:06:07] 1-123:CLI-GIVE-SPORTS
[24/05/2023 23:06:07] 1-123:SEV-SEND-SPORTS;Futbol 11:22;Futbol 7:14;Futbol Sala:10;Voleibol:12;Voleibol Playa:4;
[24/05/2023 23:06:23] 1-123:CLI-GIVETOURNAMENTS-ORGANIZER
[24/05/2023 23:06:23] 1-123:SEV-SEND-YOUR-TOURNAMENTS;123!36.67826185,-6.110059436817895!0.0!4!2!00:00!2023-05-21!19:28!2023-05-14!Futbol 11!Cancelado!0!17;123!36.6228636,-6.3599595!0.0!4!2!00:00!2023-05-20!19:29!2023-05-14!Futbol 11!Cancelado!0!18;213!36.6228636,-6.3599595!0.0!4!3!00:00!2023-05-03!00:00!2023-05-25!Futbol 11!Cancelado!0!19;Prueba!36.4210849486101, -6.13348387670698!15.2!4!2!15:00!2023-04-04!15:00!2023-04-19!Futbol 11!Cancelado!0!2;23!36.67826185,-6.110059436817895!0.0!4!2!18:00!2023-05-16!19:28!2023-05-14!Futbol 7!Cancelado!0!16;213!36.4210849486101, -6.13348387670698!123.0!4!2!15:00!2023-04-07!12:34!2023-04-13!Futbol 11!Cancelado!0!3;21!36.294487399999994,-6.092790754888084!0.0!4!2!00:00!2023-05-19!00:00!2023-05-28!Futbol Sala!Cancelado!0!11;123!36.63479325,-6.38725705210204!123.0!4!2!15:00!2023-04-01!11:15!2023-04-05!Futbol 11!Cancelado!0!4;123!36.63479325,-6.38725705210204!10.0!4!3!00:00!2023-05-22!00:00!2023-05-26!Futbol Sala!Cancelado!0!20;Prueba!36.63479325,-6.38725705210204!12.0!4!2!14:28!2023-04-05!17:28!2023-04-12!Futbol 11!Cancelado!0!5;123!36.63479325,-6.38725705210204!0.0!4!2!19:20!2023-05-16!19:20!2023-05-15!Voleibol!Cancelado!0!12;ADADA!36.7355451,-6.4348221!123.0!4!2!15:00!2023-04-12!21:07!2023-04-21!Futbol 11!Cancelado!0!6;DE LOCOS!36.63479325,-6.38725705210204!0.0!4!2!08:00!2023-05-21!19:20!2023-05-14!Voleibol!Cancelado!0!13;123!36.6228636,-6.3599595!2.0!4!2!15:00!2023-03-28!00:00!2023-04-21!Futbol 11!Cancelado!0!7;x!36.6228636,-6.3599595!0.0!4!2!00:00!2023-06-11!00:00!2023-06-11!Voleibol Playa!Cancelado!1!9;prueba!36.67826185,-6.110059436817895!0.0!4!2!00:00!2023-05-15!19:34!2023-05-14!Futbol 11!Cancelado!0!14;13!36.6228636,-6.3599595!0.0!4!2!00:00!2023-05-27!19:00!2023-05-14!Futbol 11!Cancelado!0!15;Prueba!36.4210849486101,-6.13348387670698!15.0!4!2!15:00!2023-04-04!15:00!2023-04-19!Futbol 11!Finalizado!4!1;
[24/05/2023 23:06:45] Se ha conectado un cliente
[24/05/2023 23:06:51] 0-:CLI-LOGIN;x;1;USUARIO
[24/05/2023 23:06:51] 14-x:SEV-LOGIN-OK-USER;14;x
[24/05/2023 23:06:51] 14-x:CLI-GAMES-USER
[24/05/2023 23:06:51] 14-x:SEV-GAMES-USER-OK;36.625305172189016,-6.3505710661411285!2023-05-24!12:00!2023-05-22!05:00!5.6!Futbol 11!Esperando Jugadores!22!2!1;
[24/05/2023 23:06:56] 14-x:CLI-LIGUES-USER
[24/05/2023 23:06:56] 14-x:SEV-LIGUES-USER-OK;2!Jere!36.6816936,-6.1377402!12.0!5!3!02:00!2023-04-12!06:00!2023-03-29!Futbol 11!12!12!04:00!07:00!Jugandose!4;2!Jere!36.6816936,-6.1377402!12.0!5!3!02:00!2023-04-12!06:00!2023-03-29!Futbol 11!12!12!04:00!07:00!Jugandose!4;2!Jere!36.6816936,-6.1377402!12.0!5!3!02:00!2023-04-12!06:00!2023-03-29!Futbol 11!12!12!04:00!07:00!Jugandose!4;2!Jere!36.6816936,-6.1377402!12.0!5!3!02:00!2023-04-12!06:00!2023-03-29!Futbol 11!12!12!04:00!07:00!Jugandose!4;
[24/05/2023 23:06:59] 14-x:CLI-LIGUES-AVAILABLE;36.6354983,-6.3881667;10
[24/05/2023 23:06:59] 14-x:SEV-LIGUES-AVAILABLE-OK;
[24/05/2023 23:07:00] 14-x:CLI-LIGUES-AVAILABLE;36.6354983,-6.3881667;25
[24/05/2023 23:07:00] 14-x:SEV-LIGUES-AVAILABLE-OK;4!Volei!36.7355451,-6.4348221!0.0!4!2!00:00!2023-05-28!00:00!2023-05-27!Voleibol Playa!5!5!00:00!00:00!Esperando Jugadores!0;3!Liguilla!36.5286856,-6.1902161!0.0!4!2!00:00!2023-05-28!00:00!2023-05-27!Futbol 11!7!15!00:00!00:00!Esperando Jugadores!0;
[24/05/2023 23:07:03] 14-x:CLI-LIGUES-AVAILABLE;36.6354983,-6.3881667;50
[24/05/2023 23:07:03] 14-x:SEV-LIGUES-AVAILABLE-OK;4!Volei!36.7355451,-6.4348221!0.0!4!2!00:00!2023-05-28!00:00!2023-05-27!Voleibol Playa!5!5!00:00!00:00!Esperando Jugadores!0;3!Liguilla!36.5286856,-6.1902161!0.0!4!2!00:00!2023-05-28!00:00!2023-05-27!Futbol 11!7!15!00:00!00:00!Esperando Jugadores!0;5!Playa!36.67826185,-6.110059436817895!0.0!4!2!00:00!2023-05-28!00:00!2023-05-27!Futbol 11!2!2!00:00!00:00!Esperando Jugadores!0;
[24/05/2023 23:07:23] 14-x:CLI-LIGUES-AVAILABLE;36.6354983,-6.3881667;-1
[24/05/2023 23:07:23] 14-x:SEV-LIGUES-AVAILABLE-OK;4!Volei!36.7355451,-6.4348221!0.0!4!2!00:00!2023-05-28!00:00!2023-05-27!Voleibol Playa!5!5!00:00!00:00!Esperando Jugadores!0;3!Liguilla!36.5286856,-6.1902161!0.0!4!2!00:00!2023-05-28!00:00!2023-05-27!Futbol 11!7!15!00:00!00:00!Esperando Jugadores!0;5!Playa!36.67826185,-6.110059436817895!0.0!4!2!00:00!2023-05-28!00:00!2023-05-27!Futbol 11!2!2!00:00!00:00!Esperando Jugadores!0;
[24/05/2023 23:07:30] 14-x:CLI-LIGUES-STATE-USER;4
[24/05/2023 23:07:30] 14-x:SEV-LIGUES-STATE-USER-OK;INSCRIBIRSE
[24/05/2023 23:07:34] 14-x:CLI-LIGUES-TEAMS-INSCRIBE-USER;4
[24/05/2023 23:07:34] 14-x:SEV-LIGUES-TEAMS-INSCRIBE-USER-OK;
[24/05/2023 23:07:41] 14-x:CLI-LIGUES-AVAILABLE;36.6354983,-6.3881667;-1
[24/05/2023 23:07:41] 14-x:SEV-LIGUES-AVAILABLE-OK;4!Volei!36.7355451,-6.4348221!0.0!4!2!00:00!2023-05-28!00:00!2023-05-27!Voleibol Playa!5!5!00:00!00:00!Esperando Jugadores!0;3!Liguilla!36.5286856,-6.1902161!0.0!4!2!00:00!2023-05-28!00:00!2023-05-27!Futbol 11!7!15!00:00!00:00!Esperando Jugadores!0;5!Playa!36.67826185,-6.110059436817895!0.0!4!2!00:00!2023-05-28!00:00!2023-05-27!Futbol 11!2!2!00:00!00:00!Esperando Jugadores!0;
[24/05/2023 23:07:41] 14-x:CLI-LIGUES-AVAILABLE;36.6354983,-6.3881667;-1
[24/05/2023 23:07:41] 14-x:SEV-LIGUES-AVAILABLE-OK;4!Volei!36.7355451,-6.4348221!0.0!4!2!00:00!2023-05-28!00:00!2023-05-27!Voleibol Playa!5!5!00:00!00:00!Esperando Jugadores!0;3!Liguilla!36.5286856,-6.1902161!0.0!4!2!00:00!2023-05-28!00:00!2023-05-27!Futbol 11!7!15!00:00!00:00!Esperando Jugadores!0;5!Playa!36.67826185,-6.110059436817895!0.0!4!2!00:00!2023-05-28!00:00!2023-05-27!Futbol 11!2!2!00:00!00:00!Esperando Jugadores!0;
[24/05/2023 23:07:49] 14-x:CLI-LIGUES-STATE-USER;5
[24/05/2023 23:07:49] 14-x:SEV-LIGUES-STATE-USER-OK;INSCRIBIRSE
[24/05/2023 23:07:52] 14-x:CLI-TEAMSLIGUE;5
[24/05/2023 23:07:52] 14-x:SEV-YOURTEAMSLIGUE;
[24/05/2023 23:07:55] 14-x:CLI-LIGUES-TEAMS-INSCRIBE-USER;5
[24/05/2023 23:07:55] 14-x:SEV-LIGUES-TEAMS-INSCRIBE-USER-OK;
[24/05/2023 23:08:00] 14-x:CLI-USERTEAMS
[24/05/2023 23:08:00] 14-x:SEV-USERTEAMS_OK;Prueba:Futbol 7:x:124!x!;Pa:Futbol 11:x:x!;xa:Futbol Sala:x:124!x!111!;122:Voleibol Playa:111:x!111!;:Futbol 11:x:x!;
[24/05/2023 23:08:04] 14-x:CLI-USERTEAMS
[24/05/2023 23:08:04] 14-x:SEV-USERTEAMS_OK;Prueba:Futbol 7:x:124!x!;Pa:Futbol 11:x:x!;xa:Futbol Sala:x:124!x!111!;122:Voleibol Playa:111:x!111!;:Futbol 11:x:x!;
[24/05/2023 23:08:09] 14-x:CLI-USERTEAMS
[24/05/2023 23:08:09] 14-x:SEV-USERTEAMS_OK;Prueba:Futbol 7:x:124!x!;Pa:Futbol 11:x:x!;xa:Futbol Sala:x:124!x!111!;122:Voleibol Playa:111:x!111!;:Futbol 11:x:x!;
[24/05/2023 23:08:10] 14-x:CLI-LIGUES-AVAILABLE;36.6354983,-6.3881667;-1
[24/05/2023 23:08:10] 14-x:SEV-LIGUES-AVAILABLE-OK;4!Volei!36.7355451,-6.4348221!0.0!4!2!00:00!2023-05-28!00:00!2023-05-27!Voleibol Playa!5!5!00:00!00:00!Esperando Jugadores!0;3!Liguilla!36.5286856,-6.1902161!0.0!4!2!00:00!2023-05-28!00:00!2023-05-27!Futbol 11!7!15!00:00!00:00!Esperando Jugadores!0;5!Playa!36.67826185,-6.110059436817895!0.0!4!2!00:00!2023-05-28!00:00!2023-05-27!Futbol 11!2!2!00:00!00:00!Esperando Jugadores!0;
[24/05/2023 23:08:10] 14-x:CLI-LIGUES-AVAILABLE;36.6354983,-6.3881667;-1
[24/05/2023 23:08:10] 14-x:SEV-LIGUES-AVAILABLE-OK;4!Volei!36.7355451,-6.4348221!0.0!4!2!00:00!2023-05-28!00:00!2023-05-27!Voleibol Playa!5!5!00:00!00:00!Esperando Jugadores!0;3!Liguilla!36.5286856,-6.1902161!0.0!4!2!00:00!2023-05-28!00:00!2023-05-27!Futbol 11!7!15!00:00!00:00!Esperando Jugadores!0;5!Playa!36.67826185,-6.110059436817895!0.0!4!2!00:00!2023-05-28!00:00!2023-05-27!Futbol 11!2!2!00:00!00:00!Esperando Jugadores!0;
[24/05/2023 23:08:11] 14-x:CLI-LIGUES-USER
[24/05/2023 23:08:11] 14-x:SEV-LIGUES-USER-OK;2!Jere!36.6816936,-6.1377402!12.0!5!3!02:00!2023-04-12!06:00!2023-03-29!Futbol 11!12!12!04:00!07:00!Jugandose!4;2!Jere!36.6816936,-6.1377402!12.0!5!3!02:00!2023-04-12!06:00!2023-03-29!Futbol 11!12!12!04:00!07:00!Jugandose!4;2!Jere!36.6816936,-6.1377402!12.0!5!3!02:00!2023-04-12!06:00!2023-03-29!Futbol 11!12!12!04:00!07:00!Jugandose!4;2!Jere!36.6816936,-6.1377402!12.0!5!3!02:00!2023-04-12!06:00!2023-03-29!Futbol 11!12!12!04:00!07:00!Jugandose!4;
[24/05/2023 23:08:13] 14-x:CLI-LOGOUT
[24/05/2023 23:08:13] 0-:SEV-LOGOUT-OK
[24/05/2023 23:08:21] 0-:CLI-LOGIN;111;123;USUARIO
[24/05/2023 23:08:21] 17-111:SEV-LOGIN-OK-USER;17;111
[24/05/2023 23:08:21] 17-111:CLI-GAMES-USER
[24/05/2023 23:08:21] 17-111:SEV-GAMES-USER-OK;
[24/05/2023 23:08:24] 17-111:CLI-USERTEAMS
[24/05/2023 23:08:24] 17-111:SEV-USERTEAMS_OK;xa:Futbol Sala:x:124!x!111!;122:Voleibol Playa:111:x!111!;
[24/05/2023 23:08:25] 17-111:CLI-LIGUES-USER
[24/05/2023 23:08:25] 17-111:SEV-LIGUES-USER-OK;2!Jere!36.6816936,-6.1377402!12.0!5!3!02:00!2023-04-12!06:00!2023-03-29!Futbol 11!12!12!04:00!07:00!Jugandose!4;2!Jere!36.6816936,-6.1377402!12.0!5!3!02:00!2023-04-12!06:00!2023-03-29!Futbol 11!12!12!04:00!07:00!Jugandose!4;
[24/05/2023 23:08:28] 17-111:CLI-LIGUES-AVAILABLE;36.6354983,-6.3881667;10
[24/05/2023 23:08:28] 17-111:SEV-LIGUES-AVAILABLE-OK;
[24/05/2023 23:08:30] 17-111:CLI-LIGUES-AVAILABLE;36.6354983,-6.3881667;25
[24/05/2023 23:08:30] 17-111:SEV-LIGUES-AVAILABLE-OK;4!Volei!36.7355451,-6.4348221!0.0!4!2!00:00!2023-05-28!00:00!2023-05-27!Voleibol Playa!5!5!00:00!00:00!Esperando Jugadores!0;3!Liguilla!36.5286856,-6.1902161!0.0!4!2!00:00!2023-05-28!00:00!2023-05-27!Futbol 11!7!15!00:00!00:00!Esperando Jugadores!0;
[24/05/2023 23:08:32] 17-111:CLI-LIGUES-AVAILABLE;36.6354983,-6.3881667;50
[24/05/2023 23:08:32] 17-111:SEV-LIGUES-AVAILABLE-OK;4!Volei!36.7355451,-6.4348221!0.0!4!2!00:00!2023-05-28!00:00!2023-05-27!Voleibol Playa!5!5!00:00!00:00!Esperando Jugadores!0;3!Liguilla!36.5286856,-6.1902161!0.0!4!2!00:00!2023-05-28!00:00!2023-05-27!Futbol 11!7!15!00:00!00:00!Esperando Jugadores!0;5!Playa!36.67826185,-6.110059436817895!0.0!4!2!00:00!2023-05-28!00:00!2023-05-27!Futbol 11!2!2!00:00!00:00!Esperando Jugadores!0;
[24/05/2023 23:08:35] 17-111:CLI-LIGUES-AVAILABLE;36.6354983,-6.3881667;100
[24/05/2023 23:08:35] 17-111:SEV-LIGUES-AVAILABLE-OK;4!Volei!36.7355451,-6.4348221!0.0!4!2!00:00!2023-05-28!00:00!2023-05-27!Voleibol Playa!5!5!00:00!00:00!Esperando Jugadores!0;3!Liguilla!36.5286856,-6.1902161!0.0!4!2!00:00!2023-05-28!00:00!2023-05-27!Futbol 11!7!15!00:00!00:00!Esperando Jugadores!0;5!Playa!36.67826185,-6.110059436817895!0.0!4!2!00:00!2023-05-28!00:00!2023-05-27!Futbol 11!2!2!00:00!00:00!Esperando Jugadores!0;
[24/05/2023 23:08:39] 17-111:CLI-LIGUES-AVAILABLE;36.6354983,-6.3881667;50
[24/05/2023 23:08:39] 17-111:SEV-LIGUES-AVAILABLE-OK;4!Volei!36.7355451,-6.4348221!0.0!4!2!00:00!2023-05-28!00:00!2023-05-27!Voleibol Playa!5!5!00:00!00:00!Esperando Jugadores!0;3!Liguilla!36.5286856,-6.1902161!0.0!4!2!00:00!2023-05-28!00:00!2023-05-27!Futbol 11!7!15!00:00!00:00!Esperando Jugadores!0;5!Playa!36.67826185,-6.110059436817895!0.0!4!2!00:00!2023-05-28!00:00!2023-05-27!Futbol 11!2!2!00:00!00:00!Esperando Jugadores!0;
[24/05/2023 23:08:40] 17-111:CLI-LIGUES-STATE-USER;4
[24/05/2023 23:08:40] 17-111:SEV-LIGUES-STATE-USER-OK;INSCRIBIRSE
[24/05/2023 23:08:42] 17-111:CLI-LIGUES-TEAMS-INSCRIBE-USER;4
[24/05/2023 23:08:42] 17-111:SEV-LIGUES-TEAMS-INSCRIBE-USER-OK;
[24/05/2023 23:08:47] 17-111:CLI-LIGUES-USER
[24/05/2023 23:08:47] 17-111:SEV-LIGUES-USER-OK;2!Jere!36.6816936,-6.1377402!12.0!5!3!02:00!2023-04-12!06:00!2023-03-29!Futbol 11!12!12!04:00!07:00!Jugandose!4;2!Jere!36.6816936,-6.1377402!12.0!5!3!02:00!2023-04-12!06:00!2023-03-29!Futbol 11!12!12!04:00!07:00!Jugandose!4;
[24/05/2023 23:08:49] 17-111:CLI-LIGUES-AVAILABLE;36.6354983,-6.3881667;50
[24/05/2023 23:08:49] 17-111:SEV-LIGUES-AVAILABLE-OK;4!Volei!36.7355451,-6.4348221!0.0!4!2!00:00!2023-05-28!00:00!2023-05-27!Voleibol Playa!5!5!00:00!00:00!Esperando Jugadores!0;3!Liguilla!36.5286856,-6.1902161!0.0!4!2!00:00!2023-05-28!00:00!2023-05-27!Futbol 11!7!15!00:00!00:00!Esperando Jugadores!0;5!Playa!36.67826185,-6.110059436817895!0.0!4!2!00:00!2023-05-28!00:00!2023-05-27!Futbol 11!2!2!00:00!00:00!Esperando Jugadores!0;
[24/05/2023 23:08:49] 17-111:CLI-LIGUES-AVAILABLE;36.6354983,-6.3881667;50
[24/05/2023 23:08:49] 17-111:SEV-LIGUES-AVAILABLE-OK;4!Volei!36.7355451,-6.4348221!0.0!4!2!00:00!2023-05-28!00:00!2023-05-27!Voleibol Playa!5!5!00:00!00:00!Esperando Jugadores!0;3!Liguilla!36.5286856,-6.1902161!0.0!4!2!00:00!2023-05-28!00:00!2023-05-27!Futbol 11!7!15!00:00!00:00!Esperando Jugadores!0;5!Playa!36.67826185,-6.110059436817895!0.0!4!2!00:00!2023-05-28!00:00!2023-05-27!Futbol 11!2!2!00:00!00:00!Esperando Jugadores!0;
[24/05/2023 23:08:50] 17-111:CLI-USERTEAMS
[24/05/2023 23:08:50] 17-111:SEV-USERTEAMS_OK;xa:Futbol Sala:x:124!x!111!;122:Voleibol Playa:111:x!111!;
[24/05/2023 23:08:53] 17-111:CLI-USERTEAMS
[24/05/2023 23:08:53] 17-111:SEV-USERTEAMS_OK;xa:Futbol Sala:x:124!x!111!;122:Voleibol Playa:111:x!111!;
[24/05/2023 23:09:13] 17-111:CLI-TOURNAMENTS-USER
[24/05/2023 23:09:13] 17-111:SEV-TOURNAMENTS-USER-OK;x!36.6228636,-6.3599595!0.0!4!2!00:00!2023-06-11!00:00!2023-06-11!Voleibol Playa!Esperando Jugadores!1!10;
[24/05/2023 23:09:14] 17-111:CLI-LIGUES-USER
[24/05/2023 23:09:14] 17-111:SEV-LIGUES-USER-OK;2!Jere!36.6816936,-6.1377402!12.0!5!3!02:00!2023-04-12!06:00!2023-03-29!Futbol 11!12!12!04:00!07:00!Jugandose!4;2!Jere!36.6816936,-6.1377402!12.0!5!3!02:00!2023-04-12!06:00!2023-03-29!Futbol 11!12!12!04:00!07:00!Jugandose!4;
[24/05/2023 23:09:14] 17-111:CLI-LIGUES-AVAILABLE;36.6354983,-6.3881667;10
[24/05/2023 23:09:14] 17-111:SEV-LIGUES-AVAILABLE-OK;
[24/05/2023 23:09:15] 17-111:CLI-LIGUES-AVAILABLE;36.6354983,-6.3881667;100
[24/05/2023 23:09:15] 17-111:SEV-LIGUES-AVAILABLE-OK;4!Volei!36.7355451,-6.4348221!0.0!4!2!00:00!2023-05-28!00:00!2023-05-27!Voleibol Playa!5!5!00:00!00:00!Esperando Jugadores!0;3!Liguilla!36.5286856,-6.1902161!0.0!4!2!00:00!2023-05-28!00:00!2023-05-27!Futbol 11!7!15!00:00!00:00!Esperando Jugadores!0;5!Playa!36.67826185,-6.110059436817895!0.0!4!2!00:00!2023-05-28!00:00!2023-05-27!Futbol 11!2!2!00:00!00:00!Esperando Jugadores!0;
[24/05/2023 23:09:16] 17-111:CLI-LIGUES-STATE-USER;4
[24/05/2023 23:09:16] 17-111:SEV-LIGUES-STATE-USER-OK;INSCRIBIRSE
[24/05/2023 23:09:38] 17-111:CLI-LIGUES-TEAMS-INSCRIBE-USER;4
[24/05/2023 23:09:38] 17-111:SEV-LIGUES-TEAMS-INSCRIBE-USER-OK;
[24/05/2023 23:09:59] 1-123:CLI-EXIT
[24/05/2023 23:09:59] 1-123:SE HA DESCONECTADO
---- [24/05/2023 23:11:32] Obteniendo todos los torneos pendientes a generar ----
---- [24/05/2023 23:11:33] Obteniendo todas las ligas pendientes a generar ----
---- [24/05/2023 23:11:33] Creado el hilo encargado de las tareas ----
---- [24/05/2023 23:11:33] Iniciado el hilo encargado de las tareas ----
---- [24/05/2023 23:11:33] SERVIDOR INICIADO ----
Esperando 175706 segundos hasta la próxima tarea en: 2023-05-27T00:00
[24/05/2023 23:12:13] Se ha conectado un cliente
[24/05/2023 23:12:26] 0-:CLI-LOGIN;x;1;USUARIO
[24/05/2023 23:12:27] 14-x:SEV-LOGIN-OK-USER;14;x
[24/05/2023 23:12:28] 14-x:CLI-GAMES-USER
[24/05/2023 23:12:28] 14-x:SEV-GAMES-USER-OK;36.625305172189016,-6.3505710661411285!2023-05-24!12:00!2023-05-22!05:00!5.6!Futbol 11!Esperando Jugadores!22!2!1;
[24/05/2023 23:12:30] 14-x:CLI-LIGUES-USER
[24/05/2023 23:12:30] 14-x:SEV-LIGUES-USER-OK;2!Jere!36.6816936,-6.1377402!12.0!5!3!02:00!2023-04-12!06:00!2023-03-29!Futbol 11!12!12!04:00!07:00!Jugandose!4;2!Jere!36.6816936,-6.1377402!12.0!5!3!02:00!2023-04-12!06:00!2023-03-29!Futbol 11!12!12!04:00!07:00!Jugandose!4;2!Jere!36.6816936,-6.1377402!12.0!5!3!02:00!2023-04-12!06:00!2023-03-29!Futbol 11!12!12!04:00!07:00!Jugandose!4;2!Jere!36.6816936,-6.1377402!12.0!5!3!02:00!2023-04-12!06:00!2023-03-29!Futbol 11!12!12!04:00!07:00!Jugandose!4;
[24/05/2023 23:12:32] 14-x:CLI-LIGUES-AVAILABLE;36.6354983,-6.3881667;10
[24/05/2023 23:12:32] 14-x:SEV-LIGUES-AVAILABLE-OK;
[24/05/2023 23:12:34] 14-x:CLI-LIGUES-AVAILABLE;36.6354983,-6.3881667;25
[24/05/2023 23:12:34] 14-x:SEV-LIGUES-AVAILABLE-OK;4!Volei!36.7355451,-6.4348221!0.0!4!2!00:00!2023-05-28!00:00!2023-05-27!Voleibol Playa!5!5!00:00!00:00!Esperando Jugadores!0;3!Liguilla!36.5286856,-6.1902161!0.0!4!2!00:00!2023-05-28!00:00!2023-05-27!Futbol 11!7!15!00:00!00:00!Esperando Jugadores!0;
[24/05/2023 23:12:50] 14-x:CLI-LIGUES-STATE-USER;4
[24/05/2023 23:12:50] 14-x:SEV-LIGUES-STATE-USER-OK;INSCRIBIRSE
[24/05/2023 23:12:53] 14-x:CLI-LIGUES-TEAMS-INSCRIBE-USER;4
[24/05/2023 23:12:53] 14-x:SEV-LIGUES-TEAMS-INSCRIBE-USER-OK;
[24/05/2023 23:13:00] 14-x:CLI-LIGUES-AVAILABLE;36.6354983,-6.3881667;25
[24/05/2023 23:13:00] 14-x:SEV-LIGUES-AVAILABLE-OK;4!Volei!36.7355451,-6.4348221!0.0!4!2!00:00!2023-05-28!00:00!2023-05-27!Voleibol Playa!5!5!00:00!00:00!Esperando Jugadores!0;3!Liguilla!36.5286856,-6.1902161!0.0!4!2!00:00!2023-05-28!00:00!2023-05-27!Futbol 11!7!15!00:00!00:00!Esperando Jugadores!0;
[24/05/2023 23:13:00] 14-x:CLI-LIGUES-AVAILABLE;36.6354983,-6.3881667;25
[24/05/2023 23:13:00] 14-x:SEV-LIGUES-AVAILABLE-OK;4!Volei!36.7355451,-6.4348221!0.0!4!2!00:00!2023-05-28!00:00!2023-05-27!Voleibol Playa!5!5!00:00!00:00!Esperando Jugadores!0;3!Liguilla!36.5286856,-6.1902161!0.0!4!2!00:00!2023-05-28!00:00!2023-05-27!Futbol 11!7!15!00:00!00:00!Esperando Jugadores!0;
[24/05/2023 23:13:03] 14-x:CLI-LIGUES-USER
[24/05/2023 23:13:03] 14-x:SEV-LIGUES-USER-OK;2!Jere!36.6816936,-6.1377402!12.0!5!3!02:00!2023-04-12!06:00!2023-03-29!Futbol 11!12!12!04:00!07:00!Jugandose!4;2!Jere!36.6816936,-6.1377402!12.0!5!3!02:00!2023-04-12!06:00!2023-03-29!Futbol 11!12!12!04:00!07:00!Jugandose!4;2!Jere!36.6816936,-6.1377402!12.0!5!3!02:00!2023-04-12!06:00!2023-03-29!Futbol 11!12!12!04:00!07:00!Jugandose!4;2!Jere!36.6816936,-6.1377402!12.0!5!3!02:00!2023-04-12!06:00!2023-03-29!Futbol 11!12!12!04:00!07:00!Jugandose!4;
[24/05/2023 23:13:04] 14-x:CLI-LIGUES-USER
[24/05/2023 23:13:04] 14-x:SEV-LIGUES-USER-OK;2!Jere!36.6816936,-6.1377402!12.0!5!3!02:00!2023-04-12!06:00!2023-03-29!Futbol 11!12!12!04:00!07:00!Jugandose!4;2!Jere!36.6816936,-6.1377402!12.0!5!3!02:00!2023-04-12!06:00!2023-03-29!Futbol 11!12!12!04:00!07:00!Jugandose!4;2!Jere!36.6816936,-6.1377402!12.0!5!3!02:00!2023-04-12!06:00!2023-03-29!Futbol 11!12!12!04:00!07:00!Jugandose!4;2!Jere!36.6816936,-6.1377402!12.0!5!3!02:00!2023-04-12!06:00!2023-03-29!Futbol 11!12!12!04:00!07:00!Jugandose!4;
[24/05/2023 23:13:06] 14-x:CLI-LOGOUT
[24/05/2023 23:13:06] 0-:SEV-LOGOUT-OK
[24/05/2023 23:13:17] 0-:CLI-LOGIN;111;123;USUARIO
[24/05/2023 23:13:17] 17-111:SEV-LOGIN-OK-USER;17;111
[24/05/2023 23:13:17] 17-111:CLI-GAMES-USER
[24/05/2023 23:13:17] 17-111:SEV-GAMES-USER-OK;
[24/05/2023 23:13:19] 17-111:CLI-LIGUES-USER
[24/05/2023 23:13:19] 17-111:SEV-LIGUES-USER-OK;2!Jere!36.6816936,-6.1377402!12.0!5!3!02:00!2023-04-12!06:00!2023-03-29!Futbol 11!12!12!04:00!07:00!Jugandose!4;2!Jere!36.6816936,-6.1377402!12.0!5!3!02:00!2023-04-12!06:00!2023-03-29!Futbol 11!12!12!04:00!07:00!Jugandose!4;
[24/05/2023 23:13:20] 17-111:CLI-LIGUES-AVAILABLE;36.6354983,-6.3881667;10
[24/05/2023 23:13:20] 17-111:SEV-LIGUES-AVAILABLE-OK;
[24/05/2023 23:13:22] 17-111:CLI-LIGUES-AVAILABLE;36.6354983,-6.3881667;50
[24/05/2023 23:13:22] 17-111:SEV-LIGUES-AVAILABLE-OK;4!Volei!36.7355451,-6.4348221!0.0!4!2!00:00!2023-05-28!00:00!2023-05-27!Voleibol Playa!5!5!00:00!00:00!Esperando Jugadores!0;3!Liguilla!36.5286856,-6.1902161!0.0!4!2!00:00!2023-05-28!00:00!2023-05-27!Futbol 11!7!15!00:00!00:00!Esperando Jugadores!0;5!Playa!36.67826185,-6.110059436817895!0.0!4!2!00:00!2023-05-28!00:00!2023-05-27!Futbol 11!2!2!00:00!00:00!Esperando Jugadores!0;
[24/05/2023 23:13:23] 17-111:CLI-LIGUES-STATE-USER;4
[24/05/2023 23:13:23] 17-111:SEV-LIGUES-STATE-USER-OK;INSCRIBIRSE
[24/05/2023 23:13:24] 17-111:CLI-LIGUES-TEAMS-INSCRIBE-USER;4
[24/05/2023 23:13:25] 17-111:SEV-LIGUES-TEAMS-INSCRIBE-USER-OK;122:
[24/05/2023 23:13:29] 17-111:CLI-LIGUES-USER
[24/05/2023 23:13:29] 17-111:SEV-LIGUES-USER-OK;2!Jere!36.6816936,-6.1377402!12.0!5!3!02:00!2023-04-12!06:00!2023-03-29!Futbol 11!12!12!04:00!07:00!Jugandose!4;2!Jere!36.6816936,-6.1377402!12.0!5!3!02:00!2023-04-12!06:00!2023-03-29!Futbol 11!12!12!04:00!07:00!Jugandose!4;
[24/05/2023 23:13:32] 17-111:CLI-LIGUES-AVAILABLE;36.6354983,-6.3881667;10
[24/05/2023 23:13:32] 17-111:SEV-LIGUES-AVAILABLE-OK;
[24/05/2023 23:13:33] 17-111:CLI-LIGUES-AVAILABLE;36.6354983,-6.3881667;50
[24/05/2023 23:13:33] 17-111:SEV-LIGUES-AVAILABLE-OK;4!Volei!36.7355451,-6.4348221!0.0!4!2!00:00!2023-05-28!00:00!2023-05-27!Voleibol Playa!5!5!00:00!00:00!Esperando Jugadores!0;3!Liguilla!36.5286856,-6.1902161!0.0!4!2!00:00!2023-05-28!00:00!2023-05-27!Futbol 11!7!15!00:00!00:00!Esperando Jugadores!0;5!Playa!36.67826185,-6.110059436817895!0.0!4!2!00:00!2023-05-28!00:00!2023-05-27!Futbol 11!2!2!00:00!00:00!Esperando Jugadores!0;
[24/05/2023 23:13:36] 17-111:CLI-LIGUES-STATE-USER;5
[24/05/2023 23:13:36] 17-111:SEV-LIGUES-STATE-USER-OK;INSCRIBIRSE
[24/05/2023 23:13:39] 17-111:CLI-LIGUES-AVAILABLE;36.6354983,-6.3881667;50
[24/05/2023 23:13:39] 17-111:SEV-LIGUES-AVAILABLE-OK;4!Volei!36.7355451,-6.4348221!0.0!4!2!00:00!2023-05-28!00:00!2023-05-27!Voleibol Playa!5!5!00:00!00:00!Esperando Jugadores!0;3!Liguilla!36.5286856,-6.1902161!0.0!4!2!00:00!2023-05-28!00:00!2023-05-27!Futbol 11!7!15!00:00!00:00!Esperando Jugadores!0;5!Playa!36.67826185,-6.110059436817895!0.0!4!2!00:00!2023-05-28!00:00!2023-05-27!Futbol 11!2!2!00:00!00:00!Esperando Jugadores!0;
[24/05/2023 23:13:39] 17-111:CLI-LIGUES-AVAILABLE;36.6354983,-6.3881667;50
[24/05/2023 23:13:39] 17-111:SEV-LIGUES-AVAILABLE-OK;4!Volei!36.7355451,-6.4348221!0.0!4!2!00:00!2023-05-28!00:00!2023-05-27!Voleibol Playa!5!5!00:00!00:00!Esperando Jugadores!0;3!Liguilla!36.5286856,-6.1902161!0.0!4!2!00:00!2023-05-28!00:00!2023-05-27!Futbol 11!7!15!00:00!00:00!Esperando Jugadores!0;5!Playa!36.67826185,-6.110059436817895!0.0!4!2!00:00!2023-05-28!00:00!2023-05-27!Futbol 11!2!2!00:00!00:00!Esperando Jugadores!0;
[24/05/2023 23:13:45] 17-111:CLI-LIGUES-AVAILABLE;36.6354983,-6.3881667;100
[24/05/2023 23:13:45] 17-111:SEV-LIGUES-AVAILABLE-OK;4!Volei!36.7355451,-6.4348221!0.0!4!2!00:00!2023-05-28!00:00!2023-05-27!Voleibol Playa!5!5!00:00!00:00!Esperando Jugadores!0;3!Liguilla!36.5286856,-6.1902161!0.0!4!2!00:00!2023-05-28!00:00!2023-05-27!Futbol 11!7!15!00:00!00:00!Esperando Jugadores!0;5!Playa!36.67826185,-6.110059436817895!0.0!4!2!00:00!2023-05-28!00:00!2023-05-27!Futbol 11!2!2!00:00!00:00!Esperando Jugadores!0;
[24/05/2023 23:13:50] 17-111:CLI-LIGUES-STATE-USER;4
[24/05/2023 23:13:50] 17-111:SEV-LIGUES-STATE-USER-OK;INSCRIBIRSE
[24/05/2023 23:13:52] 17-111:CLI-LIGUES-TEAMS-INSCRIBE-USER;4
[24/05/2023 23:13:52] 17-111:SEV-LIGUES-TEAMS-INSCRIBE-USER-OK;122:
[24/05/2023 23:13:54] 17-111:CLI-LIGUES-INSCRIBE-TEAM-USER;4;122
[24/05/2023 23:13:54] 17-111:SEV-LIGUES-INSCRIBE-TEAM-USER-OK
[24/05/2023 23:14:07] 17-111:CLI-TEAMSLIGUE;4
[24/05/2023 23:14:07] 17-111:SEV-YOURTEAMSLIGUE;122:111:Voleibol Playa;
[24/05/2023 23:14:09] 17-111:CLI-LIGUES-NUMBER-ROUND;4
[24/05/2023 23:14:09] 17-111:SEV-LIGUES-NUMBER-ROUND-ERROR
[24/05/2023 23:14:12] 17-111:CLI-TEAMSLIGUE;4
[24/05/2023 23:14:12] 17-111:SEV-YOURTEAMSLIGUE;122:111:Voleibol Playa;
[24/05/2023 23:14:12] 17-111:CLI-LIGUES-STATE-USER;4
[24/05/2023 23:14:12] 17-111:SEV-LIGUES-STATE-USER-OK;INSCRITO
[24/05/2023 23:14:13] 17-111:CLI-LIGUES-NUMBER-ROUND;4
[24/05/2023 23:14:13] 17-111:SEV-LIGUES-NUMBER-ROUND-ERROR
[24/05/2023 23:14:14] 17-111:CLI-LIGUES-SCORE;4
[24/05/2023 23:14:14] 17-111:SEV-LIGUES-SCORE-OK;122:0:0:0:0:0;
[24/05/2023 23:14:16] 17-111:CLI-LIGUES-NUMBER-ROUND;4
[24/05/2023 23:14:16] 17-111:SEV-LIGUES-NUMBER-ROUND-ERROR
[24/05/2023 23:14:50] 17-111:CLI-LIGUES-SCORE;4
[24/05/2023 23:14:50] 17-111:SEV-LIGUES-SCORE-OK;122:0:0:0:0:0;
[24/05/2023 23:14:50] 17-111:CLI-LIGUES-NUMBER-ROUND;4
[24/05/2023 23:14:50] 17-111:SEV-LIGUES-NUMBER-ROUND-ERROR
[24/05/2023 23:14:54] 17-111:CLI-LIGUES-STATE-USER;4
[24/05/2023 23:14:54] 17-111:SEV-LIGUES-STATE-USER-OK;INSCRITO
[24/05/2023 23:14:56] 17-111:CLI-USERTEAMS
[24/05/2023 23:14:56] 17-111:SEV-USERTEAMS_OK;xa:Futbol Sala:x:124!x!111!;122:Voleibol Playa:111:x!111!;
[24/05/2023 23:14:57] 17-111:CLI-LIGUES-USER
[24/05/2023 23:14:57] 17-111:SEV-LIGUES-USER-OK;2!Jere!36.6816936,-6.1377402!12.0!5!3!02:00!2023-04-12!06:00!2023-03-29!Futbol 11!12!12!04:00!07:00!Jugandose!4;2!Jere!36.6816936,-6.1377402!12.0!5!3!02:00!2023-04-12!06:00!2023-03-29!Futbol 11!12!12!04:00!07:00!Jugandose!4;4!Volei!36.7355451,-6.4348221!0.0!4!2!00:00!2023-05-28!00:00!2023-05-27!Voleibol Playa!5!5!00:00!00:00!Esperando Jugadores!1;
[24/05/2023 23:15:00] 17-111:CLI-LIGUES-STATE-USER;4
[24/05/2023 23:15:00] 17-111:SEV-LIGUES-STATE-USER-OK;INSCRITO
[24/05/2023 23:15:06] 17-111:CLI-TEAMSLIGUE;4
[24/05/2023 23:15:06] 17-111:SEV-YOURTEAMSLIGUE;122:111:Voleibol Playa;
[24/05/2023 23:15:08] 17-111:CLI-USERTEAMS
[24/05/2023 23:15:08] 17-111:SEV-USERTEAMS_OK;xa:Futbol Sala:x:124!x!111!;122:Voleibol Playa:111:x!111!;
[24/05/2023 23:15:11] 17-111:CLI-USERTEAMS
[24/05/2023 23:15:11] 17-111:SEV-USERTEAMS_OK;xa:Futbol Sala:x:124!x!111!;122:Voleibol Playa:111:x!111!;
[24/05/2023 23:15:13] 17-111:CLI-LIGUES-USER
[24/05/2023 23:15:13] 17-111:SEV-LIGUES-USER-OK;2!Jere!36.6816936,-6.1377402!12.0!5!3!02:00!2023-04-12!06:00!2023-03-29!Futbol 11!12!12!04:00!07:00!Jugandose!4;2!Jere!36.6816936,-6.1377402!12.0!5!3!02:00!2023-04-12!06:00!2023-03-29!Futbol 11!12!12!04:00!07:00!Jugandose!4;4!Volei!36.7355451,-6.4348221!0.0!4!2!00:00!2023-05-28!00:00!2023-05-27!Voleibol Playa!5!5!00:00!00:00!Esperando Jugadores!1;
[24/05/2023 23:15:14] 17-111:CLI-LIGUES-AVAILABLE;36.6354983,-6.3881667;100
[24/05/2023 23:15:14] 17-111:SEV-LIGUES-AVAILABLE-OK;4!Volei!36.7355451,-6.4348221!0.0!4!2!00:00!2023-05-28!00:00!2023-05-27!Voleibol Playa!5!5!00:00!00:00!Esperando Jugadores!1;3!Liguilla!36.5286856,-6.1902161!0.0!4!2!00:00!2023-05-28!00:00!2023-05-27!Futbol 11!7!15!00:00!00:00!Esperando Jugadores!0;5!Playa!36.67826185,-6.110059436817895!0.0!4!2!00:00!2023-05-28!00:00!2023-05-27!Futbol 11!2!2!00:00!00:00!Esperando Jugadores!0;
[24/05/2023 23:15:14] 17-111:CLI-LIGUES-AVAILABLE;36.6354983,-6.3881667;100
[24/05/2023 23:15:14] 17-111:SEV-LIGUES-AVAILABLE-OK;4!Volei!36.7355451,-6.4348221!0.0!4!2!00:00!2023-05-28!00:00!2023-05-27!Voleibol Playa!5!5!00:00!00:00!Esperando Jugadores!1;3!Liguilla!36.5286856,-6.1902161!0.0!4!2!00:00!2023-05-28!00:00!2023-05-27!Futbol 11!7!15!00:00!00:00!Esperando Jugadores!0;5!Playa!36.67826185,-6.110059436817895!0.0!4!2!00:00!2023-05-28!00:00!2023-05-27!Futbol 11!2!2!00:00!00:00!Esperando Jugadores!0;
[24/05/2023 23:15:16] 17-111:CLI-LIGUES-USER
[24/05/2023 23:15:16] 17-111:SEV-LIGUES-USER-OK;2!Jere!36.6816936,-6.1377402!12.0!5!3!02:00!2023-04-12!06:00!2023-03-29!Futbol 11!12!12!04:00!07:00!Jugandose!4;2!Jere!36.6816936,-6.1377402!12.0!5!3!02:00!2023-04-12!06:00!2023-03-29!Futbol 11!12!12!04:00!07:00!Jugandose!4;4!Volei!36.7355451,-6.4348221!0.0!4!2!00:00!2023-05-28!00:00!2023-05-27!Voleibol Playa!5!5!00:00!00:00!Esperando Jugadores!1;
[24/05/2023 23:15:17] 17-111:CLI-LIGUES-AVAILABLE;36.6354983,-6.3881667;50
[24/05/2023 23:15:17] 17-111:SEV-LIGUES-AVAILABLE-OK;4!Volei!36.7355451,-6.4348221!0.0!4!2!00:00!2023-05-28!00:00!2023-05-27!Voleibol Playa!5!5!00:00!00:00!Esperando Jugadores!1;3!Liguilla!36.5286856,-6.1902161!0.0!4!2!00:00!2023-05-28!00:00!2023-05-27!Futbol 11!7!15!00:00!00:00!Esperando Jugadores!0;5!Playa!36.67826185,-6.110059436817895!0.0!4!2!00:00!2023-05-28!00:00!2023-05-27!Futbol 11!2!2!00:00!00:00!Esperando Jugadores!0;
[24/05/2023 23:15:17] 17-111:CLI-LIGUES-AVAILABLE;36.6354983,-6.3881667;50
[24/05/2023 23:15:17] 17-111:SEV-LIGUES-AVAILABLE-OK;4!Volei!36.7355451,-6.4348221!0.0!4!2!00:00!2023-05-28!00:00!2023-05-27!Voleibol Playa!5!5!00:00!00:00!Esperando Jugadores!1;3!Liguilla!36.5286856,-6.1902161!0.0!4!2!00:00!2023-05-28!00:00!2023-05-27!Futbol 11!7!15!00:00!00:00!Esperando Jugadores!0;5!Playa!36.67826185,-6.110059436817895!0.0!4!2!00:00!2023-05-28!00:00!2023-05-27!Futbol 11!2!2!00:00!00:00!Esperando Jugadores!0;
[24/05/2023 23:15:19] 17-111:CLI-LIGUES-USER
[24/05/2023 23:15:19] 17-111:SEV-LIGUES-USER-OK;2!Jere!36.6816936,-6.1377402!12.0!5!3!02:00!2023-04-12!06:00!2023-03-29!Futbol 11!12!12!04:00!07:00!Jugandose!4;2!Jere!36.6816936,-6.1377402!12.0!5!3!02:00!2023-04-12!06:00!2023-03-29!Futbol 11!12!12!04:00!07:00!Jugandose!4;4!Volei!36.7355451,-6.4348221!0.0!4!2!00:00!2023-05-28!00:00!2023-05-27!Voleibol Playa!5!5!00:00!00:00!Esperando Jugadores!1;
[24/05/2023 23:15:20] 17-111:CLI-GAMES-USER
[24/05/2023 23:15:20] 17-111:SEV-GAMES-USER-OK;
[24/05/2023 23:15:22] 17-111:CLI-LOGOUT
[24/05/2023 23:15:22] 0-:SEV-LOGOUT-OK
[24/05/2023 23:15:28] 0-:CLI-LOGIN;x;1;USUARIO
[24/05/2023 23:15:28] 14-x:SEV-LOGIN-OK-USER;14;x
[24/05/2023 23:15:28] 14-x:CLI-GAMES-USER
[24/05/2023 23:15:28] 14-x:SEV-GAMES-USER-OK;36.625305172189016,-6.3505710661411285!2023-05-24!12:00!2023-05-22!05:00!5.6!Futbol 11!Esperando Jugadores!22!2!1;
[24/05/2023 23:15:30] 14-x:CLI-LIGUES-USER
[24/05/2023 23:15:30] 14-x:SEV-LIGUES-USER-OK;2!Jere!36.6816936,-6.1377402!12.0!5!3!02:00!2023-04-12!06:00!2023-03-29!Futbol 11!12!12!04:00!07:00!Jugandose!4;2!Jere!36.6816936,-6.1377402!12.0!5!3!02:00!2023-04-12!06:00!2023-03-29!Futbol 11!12!12!04:00!07:00!Jugandose!4;2!Jere!36.6816936,-6.1377402!12.0!5!3!02:00!2023-04-12!06:00!2023-03-29!Futbol 11!12!12!04:00!07:00!Jugandose!4;2!Jere!36.6816936,-6.1377402!12.0!5!3!02:00!2023-04-12!06:00!2023-03-29!Futbol 11!12!12!04:00!07:00!Jugandose!4;4!Volei!36.7355451,-6.4348221!0.0!4!2!00:00!2023-05-28!00:00!2023-05-27!Voleibol Playa!5!5!00:00!00:00!Esperando Jugadores!1;
[24/05/2023 23:15:34] 14-x:CLI-LIGUES-STATE-USER;4
[24/05/2023 23:15:34] 14-x:SEV-LIGUES-STATE-USER-OK;INSCRITO
[24/05/2023 23:15:39] 14-x:CLI-LIGUES-USER
[24/05/2023 23:15:39] 14-x:SEV-LIGUES-USER-OK;2!Jere!36.6816936,-6.1377402!12.0!5!3!02:00!2023-04-12!06:00!2023-03-29!Futbol 11!12!12!04:00!07:00!Jugandose!4;2!Jere!36.6816936,-6.1377402!12.0!5!3!02:00!2023-04-12!06:00!2023-03-29!Futbol 11!12!12!04:00!07:00!Jugandose!4;2!Jere!36.6816936,-6.1377402!12.0!5!3!02:00!2023-04-12!06:00!2023-03-29!Futbol 11!12!12!04:00!07:00!Jugandose!4;2!Jere!36.6816936,-6.1377402!12.0!5!3!02:00!2023-04-12!06:00!2023-03-29!Futbol 11!12!12!04:00!07:00!Jugandose!4;4!Volei!36.7355451,-6.4348221!0.0!4!2!00:00!2023-05-28!00:00!2023-05-27!Voleibol Playa!5!5!00:00!00:00!Esperando Jugadores!1;
[24/05/2023 23:15:40] 14-x:CLI-LIGUES-AVAILABLE;36.6354983,-6.3881667;10
[24/05/2023 23:15:41] 14-x:SEV-LIGUES-AVAILABLE-OK;
[24/05/2023 23:15:42] 14-x:CLI-LIGUES-AVAILABLE;36.6354983,-6.3881667;100
[24/05/2023 23:15:42] 14-x:SEV-LIGUES-AVAILABLE-OK;4!Volei!36.7355451,-6.4348221!0.0!4!2!00:00!2023-05-28!00:00!2023-05-27!Voleibol Playa!5!5!00:00!00:00!Esperando Jugadores!1;3!Liguilla!36.5286856,-6.1902161!0.0!4!2!00:00!2023-05-28!00:00!2023-05-27!Futbol 11!7!15!00:00!00:00!Esperando Jugadores!0;5!Playa!36.67826185,-6.110059436817895!0.0!4!2!00:00!2023-05-28!00:00!2023-05-27!Futbol 11!2!2!00:00!00:00!Esperando Jugadores!0;
[24/05/2023 23:15:43] 14-x:CLI-LIGUES-STATE-USER;4
[24/05/2023 23:15:43] 14-x:SEV-LIGUES-STATE-USER-OK;INSCRITO
[24/05/2023 23:15:46] 14-x:CLI-LIGUES-AVAILABLE;36.6354983,-6.3881667;100
[24/05/2023 23:15:46] 14-x:SEV-LIGUES-AVAILABLE-OK;4!Volei!36.7355451,-6.4348221!0.0!4!2!00:00!2023-05-28!00:00!2023-05-27!Voleibol Playa!5!5!00:00!00:00!Esperando Jugadores!1;3!Liguilla!36.5286856,-6.1902161!0.0!4!2!00:00!2023-05-28!00:00!2023-05-27!Futbol 11!7!15!00:00!00:00!Esperando Jugadores!0;5!Playa!36.67826185,-6.110059436817895!0.0!4!2!00:00!2023-05-28!00:00!2023-05-27!Futbol 11!2!2!00:00!00:00!Esperando Jugadores!0;
[24/05/2023 23:15:46] 14-x:CLI-LIGUES-AVAILABLE;36.6354983,-6.3881667;100
[24/05/2023 23:15:46] 14-x:SEV-LIGUES-AVAILABLE-OK;4!Volei!36.7355451,-6.4348221!0.0!4!2!00:00!2023-05-28!00:00!2023-05-27!Voleibol Playa!5!5!00:00!00:00!Esperando Jugadores!1;3!Liguilla!36.5286856,-6.1902161!0.0!4!2!00:00!2023-05-28!00:00!2023-05-27!Futbol 11!7!15!00:00!00:00!Esperando Jugadores!0;5!Playa!36.67826185,-6.110059436817895!0.0!4!2!00:00!2023-05-28!00:00!2023-05-27!Futbol 11!2!2!00:00!00:00!Esperando Jugadores!0;
[24/05/2023 23:15:47] 14-x:CLI-LIGUES-STATE-USER;3
[24/05/2023 23:15:47] 14-x:SEV-LIGUES-STATE-USER-OK;INSCRIBIRSE
[24/05/2023 23:15:49] 14-x:CLI-LIGUES-SCORE;3
[24/05/2023 23:15:49] 14-x:SEV-LIGUES-SCORE-OK;
[24/05/2023 23:15:49] 14-x:CLI-LIGUES-NUMBER-ROUND;3
[24/05/2023 23:15:49] 14-x:SEV-LIGUES-NUMBER-ROUND-ERROR
[24/05/2023 23:15:51] 14-x:CLI-LIGUES-AVAILABLE;36.6354983,-6.3881667;100
[24/05/2023 23:15:51] 14-x:SEV-LIGUES-AVAILABLE-OK;4!Volei!36.7355451,-6.4348221!0.0!4!2!00:00!2023-05-28!00:00!2023-05-27!Voleibol Playa!5!5!00:00!00:00!Esperando Jugadores!1;3!Liguilla!36.5286856,-6.1902161!0.0!4!2!00:00!2023-05-28!00:00!2023-05-27!Futbol 11!7!15!00:00!00:00!Esperando Jugadores!0;5!Playa!36.67826185,-6.110059436817895!0.0!4!2!00:00!2023-05-28!00:00!2023-05-27!Futbol 11!2!2!00:00!00:00!Esperando Jugadores!0;
[24/05/2023 23:15:51] 14-x:CLI-LIGUES-AVAILABLE;36.6354983,-6.3881667;100
[24/05/2023 23:15:51] 14-x:SEV-LIGUES-AVAILABLE-OK;4!Volei!36.7355451,-6.4348221!0.0!4!2!00:00!2023-05-28!00:00!2023-05-27!Voleibol Playa!5!5!00:00!00:00!Esperando Jugadores!1;3!Liguilla!36.5286856,-6.1902161!0.0!4!2!00:00!2023-05-28!00:00!2023-05-27!Futbol 11!7!15!00:00!00:00!Esperando Jugadores!0;5!Playa!36.67826185,-6.110059436817895!0.0!4!2!00:00!2023-05-28!00:00!2023-05-27!Futbol 11!2!2!00:00!00:00!Esperando Jugadores!0;
[24/05/2023 23:15:55] 14-x:CLI-LIGUES-STATE-USER;5
[24/05/2023 23:15:55] 14-x:SEV-LIGUES-STATE-USER-OK;INSCRIBIRSE
[24/05/2023 23:15:57] 14-x:CLI-LIGUES-TEAMS-INSCRIBE-USER;5
[24/05/2023 23:15:57] 14-x:SEV-LIGUES-TEAMS-INSCRIBE-USER-OK;
[24/05/2023 23:15:59] 14-x:CLI-USERTEAMS
[24/05/2023 23:15:59] 14-x:SEV-USERTEAMS_OK;Prueba:Futbol 7:x:124!x!;Pa:Futbol 11:x:x!;xa:Futbol Sala:x:124!x!111!;122:Voleibol Playa:111:x!111!;:Futbol 11:x:x!;
[24/05/2023 23:16:01] 14-x:CLI-LIGUES-USER
[24/05/2023 23:16:01] 14-x:SEV-LIGUES-USER-OK;2!Jere!36.6816936,-6.1377402!12.0!5!3!02:00!2023-04-12!06:00!2023-03-29!Futbol 11!12!12!04:00!07:00!Jugandose!4;2!Jere!36.6816936,-6.1377402!12.0!5!3!02:00!2023-04-12!06:00!2023-03-29!Futbol 11!12!12!04:00!07:00!Jugandose!4;2!Jere!36.6816936,-6.1377402!12.0!5!3!02:00!2023-04-12!06:00!2023-03-29!Futbol 11!12!12!04:00!07:00!Jugandose!4;2!Jere!36.6816936,-6.1377402!12.0!5!3!02:00!2023-04-12!06:00!2023-03-29!Futbol 11!12!12!04:00!07:00!Jugandose!4;4!Volei!36.7355451,-6.4348221!0.0!4!2!00:00!2023-05-28!00:00!2023-05-27!Voleibol Playa!5!5!00:00!00:00!Esperando Jugadores!1;
[24/05/2023 23:16:02] 14-x:CLI-LIGUES-STATE-USER;2
[24/05/2023 23:16:02] 14-x:SEV-LIGUES-STATE-USER-OK;INSCRITO
[24/05/2023 23:16:03] 14-x:CLI-LIGUES-SCORE;2
[24/05/2023 23:16:04] 14-x:SEV-LIGUES-SCORE-OK;Prueba:1:0:2:3:-1;Pa:4:7:15:10:5;xa:2:3:25:9:16;122:3:4:7:27:-20;
[24/05/2023 23:16:07] 14-x:SE HA DESCONECTADO
