---- [11/05/2023 09:40:43] Obteniendo todos los torneos pendientes a generar ----
---- [11/05/2023 09:40:43] Creado el hilo encargado de las tareas ----
---- [11/05/2023 09:40:43] Iniciado el hilo encargado de las tareas ----
---- [11/05/2023 09:40:43] SERVIDOR INICIADO ----
[11/05/2023 09:40:43] GENERATE-FIGHT-TOURNAMENTS;8: GENERANDO ENFRENTAMIENTO DEL TORNEO
[11/05/2023 09:40:43] GENERATE-FIGHT-TOURNAMENTS;8: EL ESTADO DEL TORNEO ES ESPERANDO
[11/05/2023 09:40:43] GENERATE-FIGHT-TOURNAMENTS;8: COMPROBANDO QUE CUMPLE LOS MINIMOS INSCRITOS
[11/05/2023 09:40:43] GENERATE-FIGHT-TOURNAMENTS;8: EL TORNEO NO HA OBTENIDO LAS INSCRIPCCIONES SUFICIENTES
[11/05/2023 09:40:43] GENERATE-FIGHT-TOURNAMENTS;8: FINALIZADA LA GENRACION DE ENFRENTAMIENTOS
Iniciando la tarea: GENERATE-FIGHT-TOURNAMENTS;8
Esperando 2643556 segundos hasta la próxima tarea en: 2023-06-11T00:00
[11/05/2023 09:40:52] Se ha conectado un cliente
[11/05/2023 09:40:58] 0-:CLI-LOGIN;x;1;USUARIO
[11/05/2023 09:40:58] 14-x:SEV-LOGIN-OK-USER;14;x
[11/05/2023 09:41:08] 14-x:CLI-USERTEAMS
[11/05/2023 09:41:09] 14-x:SEV-USERTEAMS_OK;Prueba:Futbol 7:x:124!x!;Pa:Futbol 11:x:x!;xa:Futbol Sala:x:124!x!111!;122:Voleibol Playa:111:x!111!;
[11/05/2023 09:41:17] 14-x:CLI-USERTEAMS
[11/05/2023 09:41:17] 14-x:SEV-USERTEAMS_OK;Prueba:Futbol 7:x:124!x!;Pa:Futbol 11:x:x!;xa:Futbol Sala:x:124!x!111!;122:Voleibol Playa:111:x!111!;
[11/05/2023 09:41:18] 14-x:CLI-GIVE-SPORTS
[11/05/2023 09:41:18] 14-x:SEV-SEND-SPORTS;Futbol 11:22;Futbol 7:14;Futbol Sala:10;Voleibol:12;Voleibol Playa:4;
[11/05/2023 09:41:22] 14-x:CLI-USERTEAMS
[11/05/2023 09:41:22] 14-x:SEV-USERTEAMS_OK;Prueba:Futbol 7:x:124!x!;Pa:Futbol 11:x:x!;xa:Futbol Sala:x:124!x!111!;122:Voleibol Playa:111:x!111!;
[11/05/2023 09:41:25] 14-x:CLI-TOURNAMENTS-USER
[11/05/2023 09:41:25] 14-x:SEV-TOURNAMENTS-USER-OK;x!36.6228636,-6.3599595!0.0!4!2!00:00!2023-06-11!00:00!2023-06-11!Voleibol Playa!Esperando Jugadores!1!9;
[11/05/2023 09:41:32] 14-x:CLI-TOURNAMENTS-AVAILABLE;36.6236867,-6.3601433;10
[11/05/2023 09:41:32] 14-x:SEV-TOURNAMENTS-AVAILABLE-OK;x!36.6228636,-6.3599595!0.0!4!2!00:00!2023-06-11!00:00!2023-06-11!Voleibol Playa!Esperando Jugadores!1!9;
[11/05/2023 09:41:36] 14-x:CLI-TOURNAMENTS-AVAILABLE;36.6236867,-6.3601433;2
[11/05/2023 09:41:36] 14-x:SEV-TOURNAMENTS-AVAILABLE-OK;x!36.6228636,-6.3599595!0.0!4!2!00:00!2023-06-11!00:00!2023-06-11!Voleibol Playa!Esperando Jugadores!1!9;
[11/05/2023 09:41:38] 14-x:CLI-TOURNAMENTS-AVAILABLE;36.6236867,-6.3601433;5
[11/05/2023 09:41:38] 14-x:SEV-TOURNAMENTS-AVAILABLE-OK;x!36.6228636,-6.3599595!0.0!4!2!00:00!2023-06-11!00:00!2023-06-11!Voleibol Playa!Esperando Jugadores!1!9;
[11/05/2023 09:41:39] 14-x:CLI-TOURNAMENTS-AVAILABLE;36.6236867,-6.3601433;10
[11/05/2023 09:41:39] 14-x:SEV-TOURNAMENTS-AVAILABLE-OK;x!36.6228636,-6.3599595!0.0!4!2!00:00!2023-06-11!00:00!2023-06-11!Voleibol Playa!Esperando Jugadores!1!9;
[11/05/2023 09:41:40] 14-x:CLI-TOURNAMENTS-AVAILABLE;36.6236867,-6.3601433;25
[11/05/2023 09:41:40] 14-x:SEV-TOURNAMENTS-AVAILABLE-OK;x!36.6228636,-6.3599595!0.0!4!2!00:00!2023-06-11!00:00!2023-06-11!Voleibol Playa!Esperando Jugadores!1!9;
[11/05/2023 09:41:41] 14-x:CLI-TOURNAMENTS-AVAILABLE;36.6236867,-6.3601433;50
[11/05/2023 09:41:41] 14-x:SEV-TOURNAMENTS-AVAILABLE-OK;x!36.6228636,-6.3599595!0.0!4!2!00:00!2023-06-11!00:00!2023-06-11!Voleibol Playa!Esperando Jugadores!1!9;
[11/05/2023 09:41:42] 14-x:CLI-TOURNAMENTS-AVAILABLE;36.6236867,-6.3601433;100
[11/05/2023 09:41:42] 14-x:SEV-TOURNAMENTS-AVAILABLE-OK;x!36.6228636,-6.3599595!0.0!4!2!00:00!2023-06-11!00:00!2023-06-11!Voleibol Playa!Esperando Jugadores!1!9;
[11/05/2023 09:41:43] 14-x:CLI-TOURNAMENTS-AVAILABLE;36.6236867,-6.3601433;-1
[11/05/2023 09:41:43] 14-x:SEV-TOURNAMENTS-AVAILABLE-OK;x!36.6228636,-6.3599595!0.0!4!2!00:00!2023-06-11!00:00!2023-06-11!Voleibol Playa!Esperando Jugadores!1!9;
[11/05/2023 09:41:58] Se ha conectado un cliente
[11/05/2023 09:42:03] 0-:CLI-LOGIN;x;1;ORGANIZADOR
[11/05/2023 09:42:03] 14-x:SEV-LOGIN-OK-ORGANIZER;14;x
[11/05/2023 09:42:03] 14-x:CLI-GIVETOURNAMENTS-ORGANIZER
[11/05/2023 09:42:03] 14-x:SEV-SEND-YOUR-TOURNAMENTS;x!36.508976,-4.88562!2.0!8!6!11:08!2023-06-11!06:04!2023-05-11!Futbol 11!Cancelado!0!8;
[11/05/2023 09:42:05] 14-x:CLI-GIVE-SPORTS
[11/05/2023 09:42:05] 14-x:SEV-SEND-SPORTS;Futbol 11:22;Futbol 7:14;Futbol Sala:10;Voleibol:12;Voleibol Playa:4;
[11/05/2023 09:42:24] 14-x:CLI-CREATETOURNAMENT;x!36.6228636,-6.3599595!0!4!2!00:00!2023-06-11!00:00!2023-06-11!Voleibol Playa
[11/05/2023 09:42:24] 14-x:SEV-TOURNAMENT-CREATE
[11/05/2023 09:42:24] 14-x:CLI-GIVETOURNAMENTS-ORGANIZER
[11/05/2023 09:42:24] 14-x:SEV-SEND-YOUR-TOURNAMENTS;x!36.508976,-4.88562!2.0!8!6!11:08!2023-06-11!06:04!2023-05-11!Futbol 11!Cancelado!0!8;x!36.6228636,-6.3599595!0.0!4!2!00:00!2023-06-11!00:00!2023-06-11!Voleibol Playa!Esperando Jugadores!0!10;
[11/05/2023 09:42:31] 14-x:CLI-TOURNAMENTS-AVAILABLE;36.6236867,-6.3601433;100
[11/05/2023 09:42:31] 14-x:SEV-TOURNAMENTS-AVAILABLE-OK;x!36.6228636,-6.3599595!0.0!4!2!00:00!2023-06-11!00:00!2023-06-11!Voleibol Playa!Esperando Jugadores!1!9;x!36.6228636,-6.3599595!0.0!4!2!00:00!2023-06-11!00:00!2023-06-11!Voleibol Playa!Esperando Jugadores!0!10;
[11/05/2023 09:42:35] 14-x:CLI-TOURNAMENTS-STATE-USER;10
[11/05/2023 09:42:35] 14-x:SEV-TOURNAMENTS-STATE-USER-OK;INSCRIBIRSE
[11/05/2023 09:42:37] 14-x:CLI-TOURNAMENTS-TEAMS-INSCRIBE-USER;10
[11/05/2023 09:42:37] 14-x:SEV-TOURNAMENTS-TEAMS-INSCRIBE-USER-OK;
[11/05/2023 09:43:07] 14-x:CLI-TEAMSTOURNAMENT;10
[11/05/2023 09:43:07] 14-x:SEV-YOURTEAMSTOURNAMENT;
[11/05/2023 09:43:11] 14-x:CLI-TOURNAMENTS-AVAILABLE;36.6236867,-6.3601433;100
[11/05/2023 09:43:11] 14-x:SEV-TOURNAMENTS-AVAILABLE-OK;x!36.6228636,-6.3599595!0.0!4!2!00:00!2023-06-11!00:00!2023-06-11!Voleibol Playa!Esperando Jugadores!1!9;x!36.6228636,-6.3599595!0.0!4!2!00:00!2023-06-11!00:00!2023-06-11!Voleibol Playa!Esperando Jugadores!0!10;
[11/05/2023 09:43:11] 14-x:CLI-TOURNAMENTS-AVAILABLE;36.6236867,-6.3601433;100
[11/05/2023 09:43:11] 14-x:SEV-TOURNAMENTS-AVAILABLE-OK;x!36.6228636,-6.3599595!0.0!4!2!00:00!2023-06-11!00:00!2023-06-11!Voleibol Playa!Esperando Jugadores!1!9;x!36.6228636,-6.3599595!0.0!4!2!00:00!2023-06-11!00:00!2023-06-11!Voleibol Playa!Esperando Jugadores!0!10;
[11/05/2023 09:43:12] 14-x:CLI-USERTEAMS
[11/05/2023 09:43:12] 14-x:SEV-USERTEAMS_OK;Prueba:Futbol 7:x:124!x!;Pa:Futbol 11:x:x!;xa:Futbol Sala:x:124!x!111!;122:Voleibol Playa:111:x!111!;
[11/05/2023 09:43:18] 14-x:CLI-USERTEAMS
[11/05/2023 09:43:18] 14-x:SEV-USERTEAMS_OK;Prueba:Futbol 7:x:124!x!;Pa:Futbol 11:x:x!;xa:Futbol Sala:x:124!x!111!;122:Voleibol Playa:111:x!111!;
[11/05/2023 09:43:22] 14-x:CLI-USERTEAMS
[11/05/2023 09:43:22] 14-x:SEV-USERTEAMS_OK;Prueba:Futbol 7:x:124!x!;Pa:Futbol 11:x:x!;xa:Futbol Sala:x:124!x!111!;122:Voleibol Playa:111:x!111!;
[11/05/2023 09:43:23] 14-x:CLI-TOURNAMENTS-USER
[11/05/2023 09:43:23] 14-x:SEV-TOURNAMENTS-USER-OK;x!36.6228636,-6.3599595!0.0!4!2!00:00!2023-06-11!00:00!2023-06-11!Voleibol Playa!Esperando Jugadores!1!9;
[11/05/2023 09:43:25] 14-x:CLI-LOGOUT
[11/05/2023 09:43:25] 0-:SEV-LOGOUT-OK
[11/05/2023 09:43:32] 0-:CLI-LOGIN;111;123;USUARIO
[11/05/2023 09:43:32] 17-111:SEV-LOGIN-OK-USER;17;111
[11/05/2023 09:43:34] 17-111:CLI-TOURNAMENTS-USER
[11/05/2023 09:43:34] 17-111:SEV-TOURNAMENTS-USER-OK;x!36.6228636,-6.3599595!0.0!4!2!00:00!2023-06-11!00:00!2023-06-11!Voleibol Playa!Esperando Jugadores!1!9;
[11/05/2023 09:43:36] 17-111:CLI-TOURNAMENTS-AVAILABLE;36.6236867,-6.3601433;10
[11/05/2023 09:43:36] 17-111:SEV-TOURNAMENTS-AVAILABLE-OK;x!36.6228636,-6.3599595!0.0!4!2!00:00!2023-06-11!00:00!2023-06-11!Voleibol Playa!Esperando Jugadores!1!9;x!36.6228636,-6.3599595!0.0!4!2!00:00!2023-06-11!00:00!2023-06-11!Voleibol Playa!Esperando Jugadores!0!10;
[11/05/2023 09:43:39] 17-111:CLI-TOURNAMENTS-STATE-USER;10
[11/05/2023 09:43:39] 17-111:SEV-TOURNAMENTS-STATE-USER-OK;INSCRIBIRSE
[11/05/2023 09:43:44] 17-111:CLI-TOURNAMENTS-AVAILABLE;36.6236867,-6.3601433;10
[11/05/2023 09:43:44] 17-111:SEV-TOURNAMENTS-AVAILABLE-OK;x!36.6228636,-6.3599595!0.0!4!2!00:00!2023-06-11!00:00!2023-06-11!Voleibol Playa!Esperando Jugadores!1!9;x!36.6228636,-6.3599595!0.0!4!2!00:00!2023-06-11!00:00!2023-06-11!Voleibol Playa!Esperando Jugadores!0!10;
[11/05/2023 09:43:44] 17-111:CLI-TOURNAMENTS-STATE-USER;9
[11/05/2023 09:43:44] 17-111:SEV-TOURNAMENTS-STATE-USER-OK;INSCRITO
[11/05/2023 09:43:49] 17-111:CLI-TEAMSTOURNAMENT;9
[11/05/2023 09:43:49] 17-111:SEV-YOURTEAMSTOURNAMENT;122:111:Voleibol Playa;
[11/05/2023 09:43:51] 17-111:CLI-TOURNAMENTS-AVAILABLE;36.6236867,-6.3601433;10
[11/05/2023 09:43:51] 17-111:SEV-TOURNAMENTS-AVAILABLE-OK;x!36.6228636,-6.3599595!0.0!4!2!00:00!2023-06-11!00:00!2023-06-11!Voleibol Playa!Esperando Jugadores!1!9;x!36.6228636,-6.3599595!0.0!4!2!00:00!2023-06-11!00:00!2023-06-11!Voleibol Playa!Esperando Jugadores!0!10;
[11/05/2023 09:43:53] 17-111:CLI-TOURNAMENTS-STATE-USER;10
[11/05/2023 09:43:53] 17-111:SEV-TOURNAMENTS-STATE-USER-OK;INSCRIBIRSE
[11/05/2023 09:44:00] 17-111:CLI-TOURNAMENTS-TEAMS-INSCRIBE-USER;10
[11/05/2023 09:44:00] 17-111:SEV-TOURNAMENTS-TEAMS-INSCRIBE-USER-OK;122:
[11/05/2023 09:44:06] 17-111:CLI-TOURNAMENTS-INSCRIBE-TEAM-USER;10;122
[11/05/2023 09:44:06] 17-111:SEV-TOURNAMENTS-INSCRIBE-TEAM-USER-OK
[11/05/2023 09:44:08] 17-111:CLI-TEAMSTOURNAMENT;10
[11/05/2023 09:44:08] 17-111:SEV-YOURTEAMSTOURNAMENT;122:111:Voleibol Playa;
[11/05/2023 09:44:12] 17-111:CLI-TOURNAMENTS-USER
[11/05/2023 09:44:12] 17-111:SEV-TOURNAMENTS-USER-OK;x!36.6228636,-6.3599595!0.0!4!2!00:00!2023-06-11!00:00!2023-06-11!Voleibol Playa!Esperando Jugadores!1!9;x!36.6228636,-6.3599595!0.0!4!2!00:00!2023-06-11!00:00!2023-06-11!Voleibol Playa!Esperando Jugadores!1!10;
[11/05/2023 09:44:15] 17-111:CLI-TOURNAMENTS-AVAILABLE;36.6236867,-6.3601433;10
[11/05/2023 09:44:15] 17-111:SEV-TOURNAMENTS-AVAILABLE-OK;x!36.6228636,-6.3599595!0.0!4!2!00:00!2023-06-11!00:00!2023-06-11!Voleibol Playa!Esperando Jugadores!1!9;x!36.6228636,-6.3599595!0.0!4!2!00:00!2023-06-11!00:00!2023-06-11!Voleibol Playa!Esperando Jugadores!1!10;
[11/05/2023 09:44:16] 17-111:CLI-TOURNAMENTS-STATE-USER;9
[11/05/2023 09:44:16] 17-111:SEV-TOURNAMENTS-STATE-USER-OK;INSCRITO
[11/05/2023 09:44:26] 17-111:CLI-TOURNAMENTS-USER
[11/05/2023 09:44:26] 17-111:SEV-TOURNAMENTS-USER-OK;x!36.6228636,-6.3599595!0.0!4!2!00:00!2023-06-11!00:00!2023-06-11!Voleibol Playa!Esperando Jugadores!1!9;x!36.6228636,-6.3599595!0.0!4!2!00:00!2023-06-11!00:00!2023-06-11!Voleibol Playa!Esperando Jugadores!1!10;
[11/05/2023 09:44:27] 17-111:CLI-TOURNAMENTS-AVAILABLE;36.6236867,-6.3601433;10
[11/05/2023 09:44:27] 17-111:SEV-TOURNAMENTS-AVAILABLE-OK;x!36.6228636,-6.3599595!0.0!4!2!00:00!2023-06-11!00:00!2023-06-11!Voleibol Playa!Esperando Jugadores!1!9;x!36.6228636,-6.3599595!0.0!4!2!00:00!2023-06-11!00:00!2023-06-11!Voleibol Playa!Esperando Jugadores!1!10;
[11/05/2023 09:44:28] 17-111:CLI-TOURNAMENTS-AVAILABLE;36.6236867,-6.3601433;25
[11/05/2023 09:44:28] 17-111:SEV-TOURNAMENTS-AVAILABLE-OK;x!36.6228636,-6.3599595!0.0!4!2!00:00!2023-06-11!00:00!2023-06-11!Voleibol Playa!Esperando Jugadores!1!9;x!36.6228636,-6.3599595!0.0!4!2!00:00!2023-06-11!00:00!2023-06-11!Voleibol Playa!Esperando Jugadores!1!10;
[11/05/2023 09:44:28] 17-111:CLI-TOURNAMENTS-AVAILABLE;36.6236867,-6.3601433;50
[11/05/2023 09:44:28] 17-111:SEV-TOURNAMENTS-AVAILABLE-OK;x!36.6228636,-6.3599595!0.0!4!2!00:00!2023-06-11!00:00!2023-06-11!Voleibol Playa!Esperando Jugadores!1!9;x!36.6228636,-6.3599595!0.0!4!2!00:00!2023-06-11!00:00!2023-06-11!Voleibol Playa!Esperando Jugadores!1!10;
[11/05/2023 09:44:28] 17-111:CLI-TOURNAMENTS-AVAILABLE;36.6236867,-6.3601433;100
[11/05/2023 09:44:28] 17-111:SEV-TOURNAMENTS-AVAILABLE-OK;x!36.6228636,-6.3599595!0.0!4!2!00:00!2023-06-11!00:00!2023-06-11!Voleibol Playa!Esperando Jugadores!1!9;x!36.6228636,-6.3599595!0.0!4!2!00:00!2023-06-11!00:00!2023-06-11!Voleibol Playa!Esperando Jugadores!1!10;
[11/05/2023 09:44:29] 17-111:CLI-TOURNAMENTS-AVAILABLE;36.6236867,-6.3601433;-1
[11/05/2023 09:44:29] 17-111:SEV-TOURNAMENTS-AVAILABLE-OK;x!36.6228636,-6.3599595!0.0!4!2!00:00!2023-06-11!00:00!2023-06-11!Voleibol Playa!Esperando Jugadores!1!9;x!36.6228636,-6.3599595!0.0!4!2!00:00!2023-06-11!00:00!2023-06-11!Voleibol Playa!Esperando Jugadores!1!10;
[11/05/2023 09:44:29] 17-111:CLI-TOURNAMENTS-AVAILABLE;36.6236867,-6.3601433;100
[11/05/2023 09:44:29] 17-111:SEV-TOURNAMENTS-AVAILABLE-OK;x!36.6228636,-6.3599595!0.0!4!2!00:00!2023-06-11!00:00!2023-06-11!Voleibol Playa!Esperando Jugadores!1!9;x!36.6228636,-6.3599595!0.0!4!2!00:00!2023-06-11!00:00!2023-06-11!Voleibol Playa!Esperando Jugadores!1!10;
[11/05/2023 09:44:29] 17-111:CLI-TOURNAMENTS-AVAILABLE;36.6236867,-6.3601433;50
[11/05/2023 09:44:29] 17-111:SEV-TOURNAMENTS-AVAILABLE-OK;x!36.6228636,-6.3599595!0.0!4!2!00:00!2023-06-11!00:00!2023-06-11!Voleibol Playa!Esperando Jugadores!1!9;x!36.6228636,-6.3599595!0.0!4!2!00:00!2023-06-11!00:00!2023-06-11!Voleibol Playa!Esperando Jugadores!1!10;
[11/05/2023 09:44:29] 17-111:CLI-TOURNAMENTS-AVAILABLE;36.6236867,-6.3601433;25
[11/05/2023 09:44:29] 17-111:SEV-TOURNAMENTS-AVAILABLE-OK;x!36.6228636,-6.3599595!0.0!4!2!00:00!2023-06-11!00:00!2023-06-11!Voleibol Playa!Esperando Jugadores!1!9;x!36.6228636,-6.3599595!0.0!4!2!00:00!2023-06-11!00:00!2023-06-11!Voleibol Playa!Esperando Jugadores!1!10;
[11/05/2023 09:45:22] 14-x:CLI-EXIT
[11/05/2023 09:45:22] 14-x:SE HA DESCONECTADO
[11/05/2023 09:45:29] 17-111:SE HA DESCONECTADO
---- [11/05/2023 10:05:22] Obteniendo todos los torneos pendientes a generar ----
---- [11/05/2023 10:05:22] Creado el hilo encargado de las tareas ----
---- [11/05/2023 10:05:22] Iniciado el hilo encargado de las tareas ----
